Log file open, 10/30/19 17:42:54
LogWindows: Failed to load 'aqProf.dll' (GetLastError=126)
LogWindows: File 'aqProf.dll' does not exist
LogWindows: Failed to load 'VtuneApi.dll' (GetLastError=126)
LogWindows: File 'VtuneApi.dll' does not exist
LogWindows: Failed to load 'VtuneApi32e.dll' (GetLastError=126)
LogWindows: File 'VtuneApi32e.dll' does not exist
LogConsoleResponse: Display: Failed to find resolution value strings in scalability ini. Falling back to default.
LogInit: Display: Running engine for game: TheRageRace
LogPakFile: Registered encryption key '00000000000000000000000000000000': 0 pak files mounted, 0 remain pending
LogPlatformFile: Not using cached read wrapper
LogTaskGraph: Started task graph with 5 named threads and 23 total threads with 3 sets of task threads.
LogStats: Stats thread started at 0.362575
LogD3D11RHI: Loaded GFSDK_Aftermath_Lib.x64.dll
LogICUInternationalization: ICU TimeZone Detection - Raw Offset: -5:00, Platform Override: ''
LogPluginManager: Mounting plugin Paper2D
LogPluginManager: Mounting plugin AdvancedSessions
LogPluginManager: Mounting plugin AdvancedSteamSessions
LogPluginManager: Mounting plugin AISupport
LogPluginManager: Mounting plugin LightPropagationVolume
LogPluginManager: Mounting plugin ActorLayerUtilities
LogPluginManager: Mounting plugin AnimationSharing
LogPluginManager: Mounting plugin CLionSourceCodeAccess
LogPluginManager: Mounting plugin CodeLiteSourceCodeAccess
LogPluginManager: Mounting plugin GitSourceControl
LogPluginManager: Mounting plugin KDevelopSourceCodeAccess
LogPluginManager: Mounting plugin NullSourceCodeAccess
LogPluginManager: Mounting plugin PerforceSourceControl
LogPluginManager: Mounting plugin SubversionSourceControl
LogPluginManager: Mounting plugin UObjectPlugin
LogPluginManager: Mounting plugin VisualStudioCodeSourceCodeAccess
LogPluginManager: Mounting plugin VisualStudioSourceCodeAccess
LogPluginManager: Mounting plugin XCodeSourceCodeAccess
LogPluginManager: Mounting plugin AssetManagerEditor
LogPluginManager: Mounting plugin CryptoKeys
LogPluginManager: Mounting plugin DataValidation
LogPluginManager: Mounting plugin FacialAnimation
LogPluginManager: Mounting plugin GameplayTagsEditor
LogPluginManager: Mounting plugin MacGraphicsSwitching
LogPluginManager: Mounting plugin MaterialAnalyzer
LogPluginManager: Mounting plugin MobileLauncherProfileWizard
LogPluginManager: Mounting plugin PluginBrowser
LogPluginManager: Mounting plugin SpeedTreeImporter
LogPluginManager: Mounting plugin DatasmithContent
LogPluginManager: Mounting plugin VariantManagerContent
LogPluginManager: Mounting plugin AlembicImporter
LogPluginManager: Mounting plugin AppleImageUtils
LogPluginManager: Mounting plugin AppleVision
LogPluginManager: Mounting plugin BackChannel
LogPluginManager: Mounting plugin CharacterAI
LogPluginManager: Mounting plugin GeometryCache
LogPluginManager: Mounting plugin HTML5Networking
LogPluginManager: Mounting plugin ProxyLODPlugin
LogPluginManager: Mounting plugin SkeletalReduction
LogPluginManager: Mounting plugin MagicLeap
LogPluginManager: Mounting plugin MagicLeapMedia
LogPluginManager: Mounting plugin AndroidMedia
LogPluginManager: Mounting plugin AvfMedia
LogPluginManager: Mounting plugin ImgMedia
LogPluginManager: Mounting plugin LinearTimecode
LogPluginManager: Mounting plugin MediaCompositing
LogPluginManager: Mounting plugin MediaPlayerEditor
LogPluginManager: Mounting plugin WebMMedia
LogPluginManager: Mounting plugin WmfMedia
LogPluginManager: Mounting plugin TcpMessaging
LogPluginManager: Mounting plugin UdpMessaging
LogPluginManager: Mounting plugin ActorSequence
LogPluginManager: Mounting plugin LevelSequenceEditor
LogPluginManager: Mounting plugin MatineeToLevelSequence
LogPluginManager: Mounting plugin NetcodeUnitTest
LogPluginManager: Mounting plugin NUTUnrealEngine4
LogPluginManager: Mounting plugin OnlineSubsystemGooglePlay
LogPluginManager: Mounting plugin OnlineSubsystemIOS
LogPluginManager: Mounting plugin OnlineSubsystem
LogPluginManager: Mounting plugin OnlineSubsystemNull
LogPluginManager: Mounting plugin OnlineSubsystemSteam
LogPluginManager: Mounting plugin OnlineSubsystemUtils
LogPluginManager: Mounting plugin LauncherChunkInstaller
LogPluginManager: Mounting plugin AndroidDeviceProfileSelector
LogPluginManager: Mounting plugin AndroidMoviePlayer
LogPluginManager: Mounting plugin AndroidPermission
LogPluginManager: Mounting plugin AppleMoviePlayer
LogPluginManager: Mounting plugin ArchVisCharacter
LogPluginManager: Mounting plugin AudioCapture
LogPluginManager: Mounting plugin CableComponent
LogPluginManager: Mounting plugin CustomMeshComponent
LogPluginManager: Mounting plugin EditableMesh
LogPluginManager: Mounting plugin ExampleDeviceProfileSelector
LogPluginManager: Mounting plugin Firebase
LogPluginManager: Mounting plugin GoogleCloudMessaging
LogPluginManager: Mounting plugin IOSDeviceProfileSelector
LogPluginManager: Mounting plugin LinuxDeviceProfileSelector
LogPluginManager: Mounting plugin LocationServicesBPLibrary
LogPluginManager: Mounting plugin MobilePatchingUtils
LogPluginManager: Mounting plugin OculusVR
LogPluginManager: Mounting plugin PhysXVehicles
LogPluginManager: Mounting plugin ProceduralMeshComponent
LogPluginManager: Mounting plugin RuntimePhysXCooking
LogPluginManager: Mounting plugin SignificanceManager
LogPluginManager: Mounting plugin SteamVR
LogPluginManager: Mounting plugin WebMMoviePlayer
LogPluginManager: Mounting plugin WindowsMoviePlayer
LogInit: Using libcurl 7.55.1-DEV
LogInit:  - built for x86_64-pc-win32
LogInit:  - supports SSL with OpenSSL/1.1.1
LogInit:  - supports HTTP deflate (compression) using libz 1.2.8
LogInit:  - other features:
LogInit:      CURL_VERSION_SSL
LogInit:      CURL_VERSION_LIBZ
LogInit:      CURL_VERSION_IPV6
LogInit:      CURL_VERSION_ASYNCHDNS
LogInit:      CURL_VERSION_LARGEFILE
LogInit:      CURL_VERSION_IDN
LogInit:  CurlRequestOptions (configurable via config and command line):
LogInit:  - bVerifyPeer = true  - Libcurl will verify peer certificate
LogInit:  - bUseHttpProxy = false  - Libcurl will NOT use HTTP proxy
LogInit:  - bDontReuseConnections = false  - Libcurl will reuse connections
LogInit:  - MaxHostConnections = 16  - Libcurl will limit the number of connections to a host
LogInit:  - LocalHostAddr = Default
LogInit:  - BufferSize = 65536
LogOnline: Display: STEAM: Loading Steam SDK 1.39
LogOnline: Warning: STEAM: Steamworks: SteamUtils() failed!
LogOnline: Warning: STEAM: Steamworks: SteamUser() failed!
LogOnline: Warning: STEAM: Steamworks: SteamFriends() failed!
LogOnline: Warning: STEAM: Steamworks: SteamRemoteStorage() failed!
LogOnline: Warning: STEAM: Steamworks: SteamUserStats() failed!
LogOnline: Warning: STEAM: Steamworks: SteamMatchmakingServers() failed!
LogOnline: Warning: STEAM: Steamworks: SteamApps() failed!
LogOnline: Warning: STEAM: Steamworks: SteamNetworking() failed!
LogOnline: Warning: STEAM: Steamworks: SteamMatchmaking() failed!
LogOnline: STEAM: [AppId: 0] Client API initialized 0
LogOnline: Display: STEAM: OnlineSubsystemSteam::Shutdown()
LogOnline: Warning: STEAM: Steam API failed to initialize!
LogOnline: Display: STEAM: OnlineSubsystemSteam::Shutdown()
LogOnline: OSS: Unable to create OnlineSubsystem module Steam
LogInit: WinSock: version 1.1 (2.2), MaxSocks=32767, MaxUdp=65467
LogInit: Build: ++UE4+Release-4.22-CL-7053642
LogInit: Engine Version: 4.22.3-7053642+++UE4+Release-4.22
LogInit: Compatible Engine Version: 4.22.0-5660361+++UE4+Release-4.22
LogInit: Net CL: 5660361
LogInit: OS: Windows 10 (Release 1903) (), CPU: Intel(R) Core(TM) i7-4710HQ CPU @ 2.50GHz, GPU: Intel(R) HD Graphics 4600
LogInit: Compiled (64-bit): Jun 18 2019 03:09:11
LogInit: Compiled with Visual C++: 19.16.27025.01
LogInit: Build Configuration: Development
LogInit: Branch Name: ++UE4+Release-4.22
LogInit: Command Line:  /Game/Maps/Menu -game -PIEVIACONSOLE -ResX=1280 -ResY=720 -Multiprocess -messaging -SessionName="Play in Standalone Game" -windowed
LogInit: Base Directory: C:/Program Files/Epic Games/UE_4.22/Engine/Binaries/Win64/
LogInit: Installed Engine Build: 1
LogDevObjectVersion: Number of dev versions registered: 23
LogDevObjectVersion:   Dev-Blueprints (B0D832E4-1F89-4F0D-ACCF-7EB736FD4AA2): 10
LogDevObjectVersion:   Dev-Build (E1C64328-A22C-4D53-A36C-8E866417BD8C): 0
LogDevObjectVersion:   Dev-Core (375EC13C-06E4-48FB-B500-84F0262A717E): 3
LogDevObjectVersion:   Dev-Editor (E4B068ED-F494-42E9-A231-DA0B2E46BB41): 30
LogDevObjectVersion:   Dev-Framework (CFFC743F-43B0-4480-9391-14DF171D2073): 35
LogDevObjectVersion:   Dev-Mobile (B02B49B5-BB20-44E9-A304-32B752E40360): 2
LogDevObjectVersion:   Dev-Networking (A4E4105C-59A1-49B5-A7C5-40C4547EDFEE): 0
LogDevObjectVersion:   Dev-Online (39C831C9-5AE6-47DC-9A44-9C173E1C8E7C): 0
LogDevObjectVersion:   Dev-Physics (78F01B33-EBEA-4F98-B9B4-84EACCB95AA2): 0
LogDevObjectVersion:   Dev-Platform (6631380F-2D4D-43E0-8009-CF276956A95A): 0
LogDevObjectVersion:   Dev-Rendering (12F88B9F-8875-4AFC-A67C-D90C383ABD29): 28
LogDevObjectVersion:   Dev-Sequencer (7B5AE74C-D270-4C10-A958-57980B212A5A): 11
LogDevObjectVersion:   Dev-VR (D7296918-1DD6-4BDD-9DE2-64A83CC13884): 2
LogDevObjectVersion:   Dev-LoadTimes (C2A15278-BFE7-4AFE-6C17-90FF531DF755): 1
LogDevObjectVersion:   Private-Geometry (6EACA3D4-40EC-4CC1-B786-8BED09428FC5): 3
LogDevObjectVersion:   Dev-AnimPhys (29E575DD-E0A3-4627-9D10-D276232CDCEA): 17
LogDevObjectVersion:   Dev-Anim (AF43A65D-7FD3-4947-9873-3E8ED9C1BB05): 2
LogDevObjectVersion:   Dev-ReflectionCapture (6B266CEC-1EC7-4B8F-A30B-E4D90942FC07): 1
LogDevObjectVersion:   Dev-Automation (0DF73D61-A23F-47EA-B727-89E90C41499A): 1
LogDevObjectVersion:   FortniteMain (601D1886-AC64-4F84-AA16-D3DE0DEAC7D6): 25
LogDevObjectVersion:   Dev-Enterprise (9DFFBCD6-494F-0158-E221-12823C92A888): 6
LogDevObjectVersion:   Dev-Niagara (F2AED0AC-9AFE-416F-8664-AA7FFA26D6FC): 1
LogDevObjectVersion:   Dev-Destruction (174F1F0B-B4C6-45A5-B13F-2EE8D0FB917D): 2
LogInit: Presizing for max 16777216 objects, including 0 objects not considered by GC, pre-allocating 0 bytes for permanent pool.
LogInit: Object subsystem initialized
LogConfig: Setting CVar [[con.DebugEarlyDefault:1]]
LogConfig: Setting CVar [[r.setres:1280x720]]
[2019.10.30-22.42.54:928][  0]LogConfig: Setting CVar [[con.DebugEarlyDefault:1]]
[2019.10.30-22.42.54:928][  0]LogConfig: Setting CVar [[r.setres:1280x720]]
[2019.10.30-22.42.54:929][  0]LogConfig: Applying CVar settings from Section [/Script/Engine.RendererSettings] File [C:/Users/maxim/OneDrive/Documents/UnrealProjects/RageRace/Saved/Config/Windows/Engine.ini]
[2019.10.30-22.42.54:929][  0]LogConfig: Setting CVar [[r.GPUCrashDebugging:0]]
[2019.10.30-22.42.54:929][  0]LogConfig: Applying CVar settings from Section [/Script/Engine.RendererOverrideSettings] File [C:/Users/maxim/OneDrive/Documents/UnrealProjects/RageRace/Saved/Config/Windows/Engine.ini]
[2019.10.30-22.42.54:929][  0]LogConfig: Applying CVar settings from Section [/Script/Engine.StreamingSettings] File [C:/Users/maxim/OneDrive/Documents/UnrealProjects/RageRace/Saved/Config/Windows/Engine.ini]
[2019.10.30-22.42.54:929][  0]LogConfig: Setting CVar [[s.MinBulkDataSizeForAsyncLoading:131072]]
[2019.10.30-22.42.54:929][  0]LogConfig: Setting CVar [[s.AsyncLoadingThreadEnabled:0]]
[2019.10.30-22.42.54:929][  0]LogConfig: Setting CVar [[s.EventDrivenLoaderEnabled:1]]
[2019.10.30-22.42.54:929][  0]LogConfig: Setting CVar [[s.WarnIfTimeLimitExceeded:0]]
[2019.10.30-22.42.54:929][  0]LogConfig: Setting CVar [[s.TimeLimitExceededMultiplier:1.5]]
[2019.10.30-22.42.54:929][  0]LogConfig: Setting CVar [[s.TimeLimitExceededMinTime:0.005]]
[2019.10.30-22.42.54:929][  0]LogConfig: Setting CVar [[s.UseBackgroundLevelStreaming:1]]
[2019.10.30-22.42.54:929][  0]LogConfig: Setting CVar [[s.PriorityAsyncLoadingExtraTime:15.0]]
[2019.10.30-22.42.54:929][  0]LogConfig: Setting CVar [[s.LevelStreamingActorsUpdateTimeLimit:5.0]]
[2019.10.30-22.42.54:929][  0]LogConfig: Setting CVar [[s.PriorityLevelStreamingActorsUpdateExtraTime:5.0]]
[2019.10.30-22.42.54:929][  0]LogConfig: Setting CVar [[s.LevelStreamingComponentsRegistrationGranularity:10]]
[2019.10.30-22.42.54:929][  0]LogConfig: Setting CVar [[s.UnregisterComponentsTimeLimit:1.0]]
[2019.10.30-22.42.54:929][  0]LogConfig: Setting CVar [[s.LevelStreamingComponentsUnregistrationGranularity:5]]
[2019.10.30-22.42.54:929][  0]LogConfig: Applying CVar settings from Section [/Script/Engine.GarbageCollectionSettings] File [C:/Users/maxim/OneDrive/Documents/UnrealProjects/RageRace/Saved/Config/Windows/Engine.ini]
[2019.10.30-22.42.54:929][  0]LogConfig: Setting CVar [[gc.MaxObjectsNotConsideredByGC:1]]
[2019.10.30-22.42.54:929][  0]LogConfig: Setting CVar [[gc.SizeOfPermanentObjectPool:0]]
[2019.10.30-22.42.54:929][  0]LogConfig: Setting CVar [[gc.FlushStreamingOnGC:0]]
[2019.10.30-22.42.54:929][  0]LogConfig: Setting CVar [[gc.NumRetriesBeforeForcingGC:10]]
[2019.10.30-22.42.54:929][  0]LogConfig: Setting CVar [[gc.AllowParallelGC:1]]
[2019.10.30-22.42.54:929][  0]LogConfig: Setting CVar [[gc.TimeBetweenPurgingPendingKillObjects:61.1]]
[2019.10.30-22.42.54:929][  0]LogConfig: Setting CVar [[gc.MaxObjectsInEditor:16777216]]
[2019.10.30-22.42.54:929][  0]LogConfig: Setting CVar [[gc.IncrementalBeginDestroyEnabled:1]]
[2019.10.30-22.42.54:929][  0]LogConfig: Setting CVar [[gc.CreateGCClusters:1]]
[2019.10.30-22.42.54:929][  0]LogConfig: Setting CVar [[gc.MinGCClusterSize:5]]
[2019.10.30-22.42.54:929][  0]LogConfig: Setting CVar [[gc.ActorClusteringEnabled:0]]
[2019.10.30-22.42.54:929][  0]LogConfig: Setting CVar [[gc.BlueprintClusteringEnabled:0]]
[2019.10.30-22.42.54:929][  0]LogConfig: Setting CVar [[gc.UseDisregardForGCOnDedicatedServers:0]]
[2019.10.30-22.42.54:929][  0]LogConfig: Applying CVar settings from Section [/Script/Engine.NetworkSettings] File [C:/Users/maxim/OneDrive/Documents/UnrealProjects/RageRace/Saved/Config/Windows/Engine.ini]
[2019.10.30-22.42.54:929][  0]LogConfig: Applying CVar settings from Section [/Script/UnrealEd.CookerSettings] File [C:/Users/maxim/OneDrive/Documents/UnrealProjects/RageRace/Saved/Config/Windows/Engine.ini]
[2019.10.30-22.42.54:933][  0]LogConfig: Applying CVar settings from Section [ViewDistanceQuality@3] File [C:/Users/maxim/OneDrive/Documents/UnrealProjects/RageRace/Saved/Config/Windows/Scalability.ini]
[2019.10.30-22.42.54:933][  0]LogConfig: Setting CVar [[r.SkeletalMeshLODBias:0]]
[2019.10.30-22.42.54:933][  0]LogConfig: Setting CVar [[r.ViewDistanceScale:1.0]]
[2019.10.30-22.42.54:933][  0]LogConfig: Applying CVar settings from Section [AntiAliasingQuality@3] File [C:/Users/maxim/OneDrive/Documents/UnrealProjects/RageRace/Saved/Config/Windows/Scalability.ini]
[2019.10.30-22.42.54:933][  0]LogConfig: Setting CVar [[r.PostProcessAAQuality:4]]
[2019.10.30-22.42.54:933][  0]LogConfig: Applying CVar settings from Section [ShadowQuality@3] File [C:/Users/maxim/OneDrive/Documents/UnrealProjects/RageRace/Saved/Config/Windows/Scalability.ini]
[2019.10.30-22.42.54:933][  0]LogConfig: Setting CVar [[r.LightFunctionQuality:1]]
[2019.10.30-22.42.54:933][  0]LogConfig: Setting CVar [[r.ShadowQuality:5]]
[2019.10.30-22.42.54:933][  0]LogConfig: Setting CVar [[r.Shadow.CSM.MaxCascades:10]]
[2019.10.30-22.42.54:933][  0]LogConfig: Setting CVar [[r.Shadow.MaxResolution:2048]]
[2019.10.30-22.42.54:933][  0]LogConfig: Setting CVar [[r.Shadow.MaxCSMResolution:2048]]
[2019.10.30-22.42.54:933][  0]LogConfig: Setting CVar [[r.Shadow.RadiusThreshold:0.01]]
[2019.10.30-22.42.54:934][  0]LogConfig: Setting CVar [[r.Shadow.DistanceScale:1.0]]
[2019.10.30-22.42.54:934][  0]LogConfig: Setting CVar [[r.Shadow.CSM.TransitionScale:1.0]]
[2019.10.30-22.42.54:934][  0]LogConfig: Setting CVar [[r.Shadow.PreShadowResolutionFactor:1.0]]
[2019.10.30-22.42.54:934][  0]LogConfig: Setting CVar [[r.DistanceFieldShadowing:1]]
[2019.10.30-22.42.54:934][  0]LogConfig: Setting CVar [[r.DistanceFieldAO:1]]
[2019.10.30-22.42.54:934][  0]LogConfig: Setting CVar [[r.AOQuality:2]]
[2019.10.30-22.42.54:934][  0]LogConfig: Setting CVar [[r.VolumetricFog:1]]
[2019.10.30-22.42.54:934][  0]LogConfig: Setting CVar [[r.VolumetricFog.GridPixelSize:8]]
[2019.10.30-22.42.54:934][  0]LogConfig: Setting CVar [[r.VolumetricFog.GridSizeZ:128]]
[2019.10.30-22.42.54:934][  0]LogConfig: Setting CVar [[r.VolumetricFog.HistoryMissSupersampleCount:4]]
[2019.10.30-22.42.54:934][  0]LogConfig: Setting CVar [[r.LightMaxDrawDistanceScale:1]]
[2019.10.30-22.42.54:934][  0]LogConfig: Setting CVar [[r.CapsuleShadows:1]]
[2019.10.30-22.42.54:934][  0]LogConfig: Applying CVar settings from Section [PostProcessQuality@3] File [C:/Users/maxim/OneDrive/Documents/UnrealProjects/RageRace/Saved/Config/Windows/Scalability.ini]
[2019.10.30-22.42.54:934][  0]LogConfig: Setting CVar [[r.MotionBlurQuality:4]]
[2019.10.30-22.42.54:934][  0]LogConfig: Setting CVar [[r.AmbientOcclusionMipLevelFactor:0.4]]
[2019.10.30-22.42.54:934][  0]LogConfig: Setting CVar [[r.AmbientOcclusionMaxQuality:100]]
[2019.10.30-22.42.54:934][  0]LogConfig: Setting CVar [[r.AmbientOcclusionLevels:-1]]
[2019.10.30-22.42.54:934][  0]LogConfig: Setting CVar [[r.AmbientOcclusionRadiusScale:1.0]]
[2019.10.30-22.42.54:934][  0]LogConfig: Setting CVar [[r.DepthOfFieldQuality:2]]
[2019.10.30-22.42.54:934][  0]LogConfig: Setting CVar [[r.RenderTargetPoolMin:400]]
[2019.10.30-22.42.54:934][  0]LogConfig: Setting CVar [[r.LensFlareQuality:2]]
[2019.10.30-22.42.54:934][  0]LogConfig: Setting CVar [[r.SceneColorFringeQuality:1]]
[2019.10.30-22.42.54:934][  0]LogConfig: Setting CVar [[r.EyeAdaptationQuality:2]]
[2019.10.30-22.42.54:934][  0]LogConfig: Setting CVar [[r.BloomQuality:5]]
[2019.10.30-22.42.54:934][  0]LogConfig: Setting CVar [[r.FastBlurThreshold:100]]
[2019.10.30-22.42.54:934][  0]LogConfig: Setting CVar [[r.Upscale.Quality:3]]
[2019.10.30-22.42.54:934][  0]LogConfig: Setting CVar [[r.Tonemapper.GrainQuantization:1]]
[2019.10.30-22.42.54:934][  0]LogConfig: Setting CVar [[r.LightShaftQuality:1]]
[2019.10.30-22.42.54:934][  0]LogConfig: Setting CVar [[r.Filter.SizeScale:1]]
[2019.10.30-22.42.54:934][  0]LogConfig: Setting CVar [[r.Tonemapper.Quality:5]]
[2019.10.30-22.42.54:934][  0]LogConfig: Setting CVar [[r.DOF.Gather.AccumulatorQuality:1        ; higher gathering accumulator quality]]
[2019.10.30-22.42.54:934][  0]LogConfig: Setting CVar [[r.DOF.Gather.PostfilterMethod:1          ; Median3x3 postfilering method]]
[2019.10.30-22.42.54:934][  0]LogConfig: Setting CVar [[r.DOF.Gather.EnableBokehSettings:0       ; no bokeh simulation when gathering]]
[2019.10.30-22.42.54:934][  0]LogConfig: Setting CVar [[r.DOF.Gather.RingCount:4                 ; medium number of samples when gathering]]
[2019.10.30-22.42.54:934][  0]LogConfig: Setting CVar [[r.DOF.Scatter.ForegroundCompositing:1    ; additive foreground scattering]]
[2019.10.30-22.42.54:934][  0]LogConfig: Setting CVar [[r.DOF.Scatter.BackgroundCompositing:2    ; additive background scattering]]
[2019.10.30-22.42.54:934][  0]LogConfig: Setting CVar [[r.DOF.Scatter.EnableBokehSettings:1      ; bokeh simulation when scattering]]
[2019.10.30-22.42.54:934][  0]LogConfig: Setting CVar [[r.DOF.Scatter.MaxSpriteRatio:0.1         ; only a maximum of 10% of scattered bokeh]]
[2019.10.30-22.42.54:934][  0]LogConfig: Setting CVar [[r.DOF.Recombine.Quality:1                ; cheap slight out of focus]]
[2019.10.30-22.42.54:934][  0]LogConfig: Setting CVar [[r.DOF.Recombine.EnableBokehSettings:0    ; no bokeh simulation on slight out of focus]]
[2019.10.30-22.42.54:934][  0]LogConfig: Setting CVar [[r.DOF.TemporalAAQuality:1                ; more stable temporal accumulation]]
[2019.10.30-22.42.54:934][  0]LogConfig: Setting CVar [[r.DOF.Kernel.MaxForegroundRadius:0.025]]
[2019.10.30-22.42.54:934][  0]LogConfig: Setting CVar [[r.DOF.Kernel.MaxBackgroundRadius:0.025]]
[2019.10.30-22.42.54:934][  0]LogConfig: Applying CVar settings from Section [TextureQuality@3] File [C:/Users/maxim/OneDrive/Documents/UnrealProjects/RageRace/Saved/Config/Windows/Scalability.ini]
[2019.10.30-22.42.54:934][  0]LogConfig: Setting CVar [[r.Streaming.MipBias:0]]
[2019.10.30-22.42.54:934][  0]LogConfig: Setting CVar [[r.Streaming.AmortizeCPUToGPUCopy:0]]
[2019.10.30-22.42.54:934][  0]LogConfig: Setting CVar [[r.Streaming.MaxNumTexturesToStreamPerFrame:0]]
[2019.10.30-22.42.54:934][  0]LogConfig: Setting CVar [[r.Streaming.Boost:1]]
[2019.10.30-22.42.54:934][  0]LogConfig: Setting CVar [[r.MaxAnisotropy:8]]
[2019.10.30-22.42.54:934][  0]LogConfig: Setting CVar [[r.Streaming.LimitPoolSizeToVRAM:0]]
[2019.10.30-22.42.54:934][  0]LogConfig: Setting CVar [[r.Streaming.PoolSize:1000]]
[2019.10.30-22.42.54:934][  0]LogConfig: Setting CVar [[r.Streaming.MaxEffectiveScreenSize:0]]
[2019.10.30-22.42.54:934][  0]LogConfig: Applying CVar settings from Section [EffectsQuality@3] File [C:/Users/maxim/OneDrive/Documents/UnrealProjects/RageRace/Saved/Config/Windows/Scalability.ini]
[2019.10.30-22.42.54:934][  0]LogConfig: Setting CVar [[r.TranslucencyLightingVolumeDim:64]]
[2019.10.30-22.42.54:934][  0]LogConfig: Setting CVar [[r.RefractionQuality:2]]
[2019.10.30-22.42.54:934][  0]LogConfig: Setting CVar [[r.SSR.Quality:3]]
[2019.10.30-22.42.54:934][  0]LogConfig: Setting CVar [[r.SceneColorFormat:4]]
[2019.10.30-22.42.54:934][  0]LogConfig: Setting CVar [[r.DetailMode:2]]
[2019.10.30-22.42.54:934][  0]LogConfig: Setting CVar [[r.TranslucencyVolumeBlur:1]]
[2019.10.30-22.42.54:934][  0]LogConfig: Setting CVar [[r.MaterialQualityLevel:1 ; High quality]]
[2019.10.30-22.42.54:935][  0]LogConfig: Setting CVar [[r.SSS.Scale:1]]
[2019.10.30-22.42.54:935][  0]LogConfig: Setting CVar [[r.SSS.SampleSet:2]]
[2019.10.30-22.42.54:935][  0]LogConfig: Setting CVar [[r.SSS.Quality:1]]
[2019.10.30-22.42.54:935][  0]LogConfig: Setting CVar [[r.SSS.HalfRes:1]]
[2019.10.30-22.42.54:935][  0]LogConfig: Setting CVar [[r.EmitterSpawnRateScale:1.0]]
[2019.10.30-22.42.54:935][  0]LogConfig: Setting CVar [[r.ParticleLightQuality:2]]
[2019.10.30-22.42.54:935][  0]LogConfig: Applying CVar settings from Section [FoliageQuality@3] File [C:/Users/maxim/OneDrive/Documents/UnrealProjects/RageRace/Saved/Config/Windows/Scalability.ini]
[2019.10.30-22.42.54:935][  0]LogConfig: Setting CVar [[foliage.DensityScale:1.0]]
[2019.10.30-22.42.54:935][  0]LogConfig: Setting CVar [[grass.DensityScale:1.0]]
[2019.10.30-22.42.54:935][  0]LogInit: Selected Device Profile: [Windows]
[2019.10.30-22.42.54:935][  0]LogInit: Applying CVar settings loaded from the selected device profile: [Windows]
[2019.10.30-22.42.54:944][  0]LogHAL: Display: Platform has ~ 8 GB [8467181568 / 8589934592 / 8], which maps to Default [LargestMinGB=32, LargerMinGB=12, DefaultMinGB=8, SmallerMinGB=6, SmallestMinGB=0)
[2019.10.30-22.42.54:944][  0]LogConfig: Setting CVar [[r.Vulkan.UseRealUBs:0		; Required until we fix HLR fall-out]]
[2019.10.30-22.42.54:944][  0]LogInit: Going up to parent DeviceProfile []
[2019.10.30-22.42.54:944][  0]LogConfig: Applying CVar settings from Section [ViewDistanceQuality@3] File [C:/Users/maxim/OneDrive/Documents/UnrealProjects/RageRace/Saved/Config/Windows/Scalability.ini]
[2019.10.30-22.42.54:944][  0]LogConfig: Setting CVar [[r.SkeletalMeshLODBias:0]]
[2019.10.30-22.42.54:944][  0]LogConfig: Setting CVar [[r.ViewDistanceScale:1.0]]
[2019.10.30-22.42.54:944][  0]LogConfig: Applying CVar settings from Section [AntiAliasingQuality@3] File [C:/Users/maxim/OneDrive/Documents/UnrealProjects/RageRace/Saved/Config/Windows/Scalability.ini]
[2019.10.30-22.42.54:944][  0]LogConfig: Setting CVar [[r.PostProcessAAQuality:4]]
[2019.10.30-22.42.54:944][  0]LogConfig: Applying CVar settings from Section [ShadowQuality@3] File [C:/Users/maxim/OneDrive/Documents/UnrealProjects/RageRace/Saved/Config/Windows/Scalability.ini]
[2019.10.30-22.42.54:944][  0]LogConfig: Setting CVar [[r.LightFunctionQuality:1]]
[2019.10.30-22.42.54:944][  0]LogConfig: Setting CVar [[r.ShadowQuality:5]]
[2019.10.30-22.42.54:944][  0]LogConfig: Setting CVar [[r.Shadow.CSM.MaxCascades:10]]
[2019.10.30-22.42.54:944][  0]LogConfig: Setting CVar [[r.Shadow.MaxResolution:2048]]
[2019.10.30-22.42.54:944][  0]LogConfig: Setting CVar [[r.Shadow.MaxCSMResolution:2048]]
[2019.10.30-22.42.54:944][  0]LogConfig: Setting CVar [[r.Shadow.RadiusThreshold:0.01]]
[2019.10.30-22.42.54:944][  0]LogConfig: Setting CVar [[r.Shadow.DistanceScale:1.0]]
[2019.10.30-22.42.54:944][  0]LogConfig: Setting CVar [[r.Shadow.CSM.TransitionScale:1.0]]
[2019.10.30-22.42.54:944][  0]LogConfig: Setting CVar [[r.Shadow.PreShadowResolutionFactor:1.0]]
[2019.10.30-22.42.54:944][  0]LogConfig: Setting CVar [[r.DistanceFieldShadowing:1]]
[2019.10.30-22.42.54:944][  0]LogConfig: Setting CVar [[r.DistanceFieldAO:1]]
[2019.10.30-22.42.54:944][  0]LogConfig: Setting CVar [[r.AOQuality:2]]
[2019.10.30-22.42.54:944][  0]LogConfig: Setting CVar [[r.VolumetricFog:1]]
[2019.10.30-22.42.54:944][  0]LogConfig: Setting CVar [[r.VolumetricFog.GridPixelSize:8]]
[2019.10.30-22.42.54:944][  0]LogConfig: Setting CVar [[r.VolumetricFog.GridSizeZ:128]]
[2019.10.30-22.42.54:944][  0]LogConfig: Setting CVar [[r.VolumetricFog.HistoryMissSupersampleCount:4]]
[2019.10.30-22.42.54:944][  0]LogConfig: Setting CVar [[r.LightMaxDrawDistanceScale:1]]
[2019.10.30-22.42.54:944][  0]LogConfig: Setting CVar [[r.CapsuleShadows:1]]
[2019.10.30-22.42.54:945][  0]LogConfig: Applying CVar settings from Section [PostProcessQuality@3] File [C:/Users/maxim/OneDrive/Documents/UnrealProjects/RageRace/Saved/Config/Windows/Scalability.ini]
[2019.10.30-22.42.54:945][  0]LogConfig: Setting CVar [[r.MotionBlurQuality:4]]
[2019.10.30-22.42.54:945][  0]LogConfig: Setting CVar [[r.AmbientOcclusionMipLevelFactor:0.4]]
[2019.10.30-22.42.54:945][  0]LogConfig: Setting CVar [[r.AmbientOcclusionMaxQuality:100]]
[2019.10.30-22.42.54:945][  0]LogConfig: Setting CVar [[r.AmbientOcclusionLevels:-1]]
[2019.10.30-22.42.54:945][  0]LogConfig: Setting CVar [[r.AmbientOcclusionRadiusScale:1.0]]
[2019.10.30-22.42.54:945][  0]LogConfig: Setting CVar [[r.DepthOfFieldQuality:2]]
[2019.10.30-22.42.54:945][  0]LogConfig: Setting CVar [[r.RenderTargetPoolMin:400]]
[2019.10.30-22.42.54:945][  0]LogConfig: Setting CVar [[r.LensFlareQuality:2]]
[2019.10.30-22.42.54:945][  0]LogConfig: Setting CVar [[r.SceneColorFringeQuality:1]]
[2019.10.30-22.42.54:945][  0]LogConfig: Setting CVar [[r.EyeAdaptationQuality:2]]
[2019.10.30-22.42.54:945][  0]LogConfig: Setting CVar [[r.BloomQuality:5]]
[2019.10.30-22.42.54:945][  0]LogConfig: Setting CVar [[r.FastBlurThreshold:100]]
[2019.10.30-22.42.54:945][  0]LogConfig: Setting CVar [[r.Upscale.Quality:3]]
[2019.10.30-22.42.54:945][  0]LogConfig: Setting CVar [[r.Tonemapper.GrainQuantization:1]]
[2019.10.30-22.42.54:945][  0]LogConfig: Setting CVar [[r.LightShaftQuality:1]]
[2019.10.30-22.42.54:945][  0]LogConfig: Setting CVar [[r.Filter.SizeScale:1]]
[2019.10.30-22.42.54:945][  0]LogConfig: Setting CVar [[r.Tonemapper.Quality:5]]
[2019.10.30-22.42.54:945][  0]LogConfig: Setting CVar [[r.DOF.Gather.AccumulatorQuality:1        ; higher gathering accumulator quality]]
[2019.10.30-22.42.54:945][  0]LogConfig: Setting CVar [[r.DOF.Gather.PostfilterMethod:1          ; Median3x3 postfilering method]]
[2019.10.30-22.42.54:945][  0]LogConfig: Setting CVar [[r.DOF.Gather.EnableBokehSettings:0       ; no bokeh simulation when gathering]]
[2019.10.30-22.42.54:945][  0]LogConfig: Setting CVar [[r.DOF.Gather.RingCount:4                 ; medium number of samples when gathering]]
[2019.10.30-22.42.54:945][  0]LogConfig: Setting CVar [[r.DOF.Scatter.ForegroundCompositing:1    ; additive foreground scattering]]
[2019.10.30-22.42.54:945][  0]LogConfig: Setting CVar [[r.DOF.Scatter.BackgroundCompositing:2    ; additive background scattering]]
[2019.10.30-22.42.54:945][  0]LogConfig: Setting CVar [[r.DOF.Scatter.EnableBokehSettings:1      ; bokeh simulation when scattering]]
[2019.10.30-22.42.54:945][  0]LogConfig: Setting CVar [[r.DOF.Scatter.MaxSpriteRatio:0.1         ; only a maximum of 10% of scattered bokeh]]
[2019.10.30-22.42.54:945][  0]LogConfig: Setting CVar [[r.DOF.Recombine.Quality:1                ; cheap slight out of focus]]
[2019.10.30-22.42.54:945][  0]LogConfig: Setting CVar [[r.DOF.Recombine.EnableBokehSettings:0    ; no bokeh simulation on slight out of focus]]
[2019.10.30-22.42.54:945][  0]LogConfig: Setting CVar [[r.DOF.TemporalAAQuality:1                ; more stable temporal accumulation]]
[2019.10.30-22.42.54:945][  0]LogConfig: Setting CVar [[r.DOF.Kernel.MaxForegroundRadius:0.025]]
[2019.10.30-22.42.54:945][  0]LogConfig: Setting CVar [[r.DOF.Kernel.MaxBackgroundRadius:0.025]]
[2019.10.30-22.42.54:945][  0]LogConfig: Applying CVar settings from Section [TextureQuality@3] File [C:/Users/maxim/OneDrive/Documents/UnrealProjects/RageRace/Saved/Config/Windows/Scalability.ini]
[2019.10.30-22.42.54:945][  0]LogConfig: Setting CVar [[r.Streaming.MipBias:0]]
[2019.10.30-22.42.54:945][  0]LogConfig: Setting CVar [[r.Streaming.AmortizeCPUToGPUCopy:0]]
[2019.10.30-22.42.54:945][  0]LogConfig: Setting CVar [[r.Streaming.MaxNumTexturesToStreamPerFrame:0]]
[2019.10.30-22.42.54:945][  0]LogConfig: Setting CVar [[r.Streaming.Boost:1]]
[2019.10.30-22.42.54:945][  0]LogConfig: Setting CVar [[r.MaxAnisotropy:8]]
[2019.10.30-22.42.54:946][  0]LogConfig: Setting CVar [[r.Streaming.LimitPoolSizeToVRAM:0]]
[2019.10.30-22.42.54:946][  0]LogConfig: Setting CVar [[r.Streaming.PoolSize:1000]]
[2019.10.30-22.42.54:946][  0]LogConfig: Setting CVar [[r.Streaming.MaxEffectiveScreenSize:0]]
[2019.10.30-22.42.54:946][  0]LogConfig: Applying CVar settings from Section [EffectsQuality@3] File [C:/Users/maxim/OneDrive/Documents/UnrealProjects/RageRace/Saved/Config/Windows/Scalability.ini]
[2019.10.30-22.42.54:946][  0]LogConfig: Setting CVar [[r.TranslucencyLightingVolumeDim:64]]
[2019.10.30-22.42.54:946][  0]LogConfig: Setting CVar [[r.RefractionQuality:2]]
[2019.10.30-22.42.54:946][  0]LogConfig: Setting CVar [[r.SSR.Quality:3]]
[2019.10.30-22.42.54:946][  0]LogConfig: Setting CVar [[r.SceneColorFormat:4]]
[2019.10.30-22.42.54:946][  0]LogConfig: Setting CVar [[r.DetailMode:2]]
[2019.10.30-22.42.54:946][  0]LogConfig: Setting CVar [[r.TranslucencyVolumeBlur:1]]
[2019.10.30-22.42.54:946][  0]LogConfig: Setting CVar [[r.MaterialQualityLevel:1 ; High quality]]
[2019.10.30-22.42.54:946][  0]LogConfig: Setting CVar [[r.SSS.Scale:1]]
[2019.10.30-22.42.54:946][  0]LogConfig: Setting CVar [[r.SSS.SampleSet:2]]
[2019.10.30-22.42.54:946][  0]LogConfig: Setting CVar [[r.SSS.Quality:1]]
[2019.10.30-22.42.54:946][  0]LogConfig: Setting CVar [[r.SSS.HalfRes:1]]
[2019.10.30-22.42.54:946][  0]LogConfig: Setting CVar [[r.EmitterSpawnRateScale:1.0]]
[2019.10.30-22.42.54:946][  0]LogConfig: Setting CVar [[r.ParticleLightQuality:2]]
[2019.10.30-22.42.54:946][  0]LogConfig: Applying CVar settings from Section [FoliageQuality@3] File [C:/Users/maxim/OneDrive/Documents/UnrealProjects/RageRace/Saved/Config/Windows/Scalability.ini]
[2019.10.30-22.42.54:946][  0]LogConfig: Setting CVar [[foliage.DensityScale:1.0]]
[2019.10.30-22.42.54:946][  0]LogConfig: Setting CVar [[grass.DensityScale:1.0]]
[2019.10.30-22.42.54:946][  0]LogConfig: Applying CVar settings from Section [Startup] File [../../../Engine/Config/ConsoleVariables.ini]
[2019.10.30-22.42.54:946][  0]LogConfig: Setting CVar [[net.UseAdaptiveNetUpdateFrequency:0]]
[2019.10.30-22.42.54:946][  0]LogConfig: Setting CVar [[p.chaos.AllowCreatePhysxBodies:1]]
[2019.10.30-22.42.54:946][  0]LogConfig: Applying CVar settings from Section [ConsoleVariables] File [C:/Users/maxim/OneDrive/Documents/UnrealProjects/RageRace/Saved/Config/Windows/Engine.ini]
[2019.10.30-22.42.54:947][  0]LogInit: Computer: MAXIMILIAM
[2019.10.30-22.42.54:947][  0]LogInit: User: maxim
[2019.10.30-22.42.54:947][  0]LogInit: CPU Page size=4096, Cores=4
[2019.10.30-22.42.54:947][  0]LogInit: High frequency timer resolution =10.000000 MHz
[2019.10.30-22.42.54:947][  0]LogMemory: Memory total: Physical=7.9GB (8GB approx)
[2019.10.30-22.42.54:947][  0]LogMemory: Platform Memory Stats for Windows
[2019.10.30-22.42.54:947][  0]LogMemory: Process Physical Memory: 99.16 MB used, 99.17 MB peak
[2019.10.30-22.42.54:947][  0]LogMemory: Process Virtual Memory: 89.32 MB used, 89.32 MB peak
[2019.10.30-22.42.54:947][  0]LogMemory: Physical Memory: 4783.27 MB used,  3291.66 MB free, 8074.93 MB total
[2019.10.30-22.42.54:947][  0]LogMemory: Virtual Memory: 4643.43 MB used,  134213088.00 MB free, 134217728.00 MB total
[2019.10.30-22.42.54:983][  0]LogInit: Using OS detected language (es-ES).
[2019.10.30-22.42.54:983][  0]LogInit: Using OS detected locale (es-CO).
[2019.10.30-22.42.54:984][  0]LogTextLocalizationManager: No specific localization for 'es-ES' exists, so the 'es' localization will be used.
[2019.10.30-22.42.55:125][  0]LogSlate: New Slate User Created.  User Index 0, Is Virtual User: 0
[2019.10.30-22.42.55:126][  0]LogSlate: Slate User Registered.  User Index 0, Is Virtual User: 0
[2019.10.30-22.42.55:174][  0]LogHMD: Failed to initialize OpenVR with code 110
[2019.10.30-22.42.55:174][  0]LogD3D11RHI: D3D11 adapters:
[2019.10.30-22.42.55:265][  0]LogD3D11RHI:    0. 'NVIDIA GeForce GTX 850M' (Feature Level 11_0)
[2019.10.30-22.42.55:265][  0]LogD3D11RHI:       4055/0/4037 MB DedicatedVideo/DedicatedSystem/SharedSystem, Outputs:1, VendorId:0x10de
[2019.10.30-22.42.55:273][  0]LogD3D11RHI:    1. 'Intel(R) HD Graphics 4600' (Feature Level 11_0)
[2019.10.30-22.42.55:273][  0]LogD3D11RHI:       112/0/2048 MB DedicatedVideo/DedicatedSystem/SharedSystem, Outputs:0, VendorId:0x8086
[2019.10.30-22.42.55:276][  0]LogD3D11RHI:    2. 'Microsoft Basic Render Driver' (Feature Level 11_0)
[2019.10.30-22.42.55:277][  0]LogD3D11RHI:       0/0/4037 MB DedicatedVideo/DedicatedSystem/SharedSystem, Outputs:0, VendorId:0x1414
[2019.10.30-22.42.55:277][  0]LogD3D11RHI: Chosen D3D11 Adapter: 0
[2019.10.30-22.42.55:303][  0]LogD3D11RHI: Creating new Direct3DDevice
[2019.10.30-22.42.55:304][  0]LogD3D11RHI:     GPU DeviceId: 0x1391 (for the marketing name, search the web for "GPU Device Id")
[2019.10.30-22.42.55:304][  0]LogWindows: EnumDisplayDevices:
[2019.10.30-22.42.55:304][  0]LogWindows:    0. 'Intel(R) HD Graphics 4600' (P:1 D:1)
[2019.10.30-22.42.55:304][  0]LogWindows:    1. 'Intel(R) HD Graphics 4600' (P:0 D:0)
[2019.10.30-22.42.55:305][  0]LogWindows:    2. 'Intel(R) HD Graphics 4600' (P:0 D:0)
[2019.10.30-22.42.55:305][  0]LogWindows: DebugString: PrimaryIsNotTheChoosenAdapter PrimaryIsNotTheChoosenAdapter PrimaryIsNotTheChoosenAdapter FoundDriverCount:0 
[2019.10.30-22.42.55:305][  0]LogD3D11RHI:     Adapter Name: NVIDIA GeForce GTX 850M
[2019.10.30-22.42.55:305][  0]LogD3D11RHI:   Driver Version: Unknown (internal:Unknown, unified:Unknown)
[2019.10.30-22.42.55:305][  0]LogD3D11RHI:      Driver Date: Unknown
[2019.10.30-22.42.55:305][  0]LogRHI: Texture pool is 2839 MB (70% of 4055 MB)
[2019.10.30-22.42.55:357][  0]LogD3D11RHI: Async texture creation enabled
[2019.10.30-22.42.55:363][  0]LogRendererCore: FGlobalReadBuffer::InitRHI
[2019.10.30-22.42.55:363][  0]LogRendererCore: FGlobalReadBuffer::InitRHI
[2019.10.30-22.42.55:363][  0]LogRendererCore: FGlobalReadBuffer::InitRHI
[2019.10.30-22.42.55:372][  0]LogD3D11RHI: GPU Timing Frequency: 1000.000000 (Debug: 2 1)
[2019.10.30-22.42.55:844][  0]LogTemp: Display: Module 'WindowsClientTargetPlatform' loaded TargetPlatform 'WindowsClient'
[2019.10.30-22.42.55:871][  0]LogTemp: Display: Module 'WindowsNoEditorTargetPlatform' loaded TargetPlatform 'WindowsNoEditor'
[2019.10.30-22.42.55:896][  0]LogTemp: Display: Module 'WindowsServerTargetPlatform' loaded TargetPlatform 'WindowsServer'
[2019.10.30-22.42.55:904][  0]LogTemp: Display: Module 'WindowsTargetPlatform' loaded TargetPlatform 'Windows'
[2019.10.30-22.42.55:904][  0]LogTargetPlatformManager: Display: Building Assets For Windows
[2019.10.30-22.42.55:914][  0]LogAudioDebug: Display: Lib vorbis DLL was dynamically loaded.
[2019.10.30-22.42.55:983][  0]LogShaderCompilers: Guid format shader working directory is -26 characters bigger than the processId version (../../../../../../Users/maxim/OneDrive/Documents/UnrealProjects/RageRace/Intermediate/Shaders/WorkingDirectory/9260/).
[2019.10.30-22.42.55:983][  0]LogShaderCompilers: Cleaned the shader compiler working directory 'C:/Users/maxim/AppData/Local/Temp/UnrealShaderWorkingDir/FD5316A64ECEBC61F97ED1A9D618F92B/'.
[2019.10.30-22.42.55:987][  0]LogXGEController: Cannot use XGE Controller as Incredibuild is not installed on this machine.
[2019.10.30-22.42.55:987][  0]LogShaderCompilers: Cannot use XGE Shader Compiler as Incredibuild is not installed on this machine.
[2019.10.30-22.42.55:987][  0]LogShaderCompilers: Display: Using Local Shader Compiler.
[2019.10.30-22.42.56:813][  0]LogDerivedDataCache: Display: Max Cache Size: 512 MB
[2019.10.30-22.42.56:883][  0]LogDerivedDataCache: Loaded boot cache 0.07s 71MB C:/Users/maxim/AppData/Local/UnrealEngine/4.22/DerivedDataCache/Boot.ddc.
[2019.10.30-22.42.56:883][  0]LogDerivedDataCache: Display: Loaded Boot cache: C:/Users/maxim/AppData/Local/UnrealEngine/4.22/DerivedDataCache/Boot.ddc
[2019.10.30-22.42.56:883][  0]LogDerivedDataCache: FDerivedDataBackendGraph:  Pak pak cache file ../../../../../../Users/maxim/OneDrive/Documents/UnrealProjects/RageRace/DerivedDataCache/DDC.ddp not found, will not use a pak cache.
[2019.10.30-22.42.56:883][  0]LogDerivedDataCache: Unable to find inner node Pak for hierarchical cache Hierarchy.
[2019.10.30-22.42.56:883][  0]LogDerivedDataCache: FDerivedDataBackendGraph:  CompressedPak pak cache file ../../../../../../Users/maxim/OneDrive/Documents/UnrealProjects/RageRace/DerivedDataCache/Compressed.ddp not found, will not use a pak cache.
[2019.10.30-22.42.56:883][  0]LogDerivedDataCache: Unable to find inner node CompressedPak for hierarchical cache Hierarchy.
[2019.10.30-22.42.56:901][  0]LogDerivedDataCache: Display: Pak cache opened for reading ../../../Engine/DerivedDataCache/Compressed.ddp.
[2019.10.30-22.42.56:901][  0]LogDerivedDataCache: FDerivedDataBackendGraph:  EnterprisePak pak cache file ../../../Enterprise/DerivedDataCache/Compressed.ddp not found, will not use a pak cache.
[2019.10.30-22.42.56:901][  0]LogDerivedDataCache: Unable to find inner node EnterprisePak for hierarchical cache Hierarchy.
[2019.10.30-22.42.56:913][  0]LogDerivedDataCache: Using Local data cache path C:/Users/maxim/AppData/Local/UnrealEngine/Common/DerivedDataCache: Writable
[2019.10.30-22.42.56:913][  0]LogDerivedDataCache: Shared data cache path not found in *engine.ini, will not use an Shared cache.
[2019.10.30-22.42.56:913][  0]LogDerivedDataCache: Unable to find inner node Shared for hierarchical cache Hierarchy.
[2019.10.30-22.42.56:945][  0]LogMaterial: Verifying Global Shaders for PCD3D_SM5
[2019.10.30-22.42.56:947][  0]LogSlate: Using FreeType 2.6.0
[2019.10.30-22.42.56:947][  0]LogSlate: SlateFontServices - WITH_FREETYPE: 1, WITH_HARFBUZZ: 1
[2019.10.30-22.42.57:110][  0]LogInit: Using OS detected language (es-ES).
[2019.10.30-22.42.57:110][  0]LogInit: Using OS detected locale (es-CO).
[2019.10.30-22.42.57:111][  0]LogTextLocalizationManager: No localization for 'es-ES' exists, so 'en' will be used for the language.
[2019.10.30-22.42.57:111][  0]LogTextLocalizationManager: No localization for 'es-CO' exists, so 'en' will be used for the locale.
[2019.10.30-22.42.57:111][  0]LogSlate: FontCache flush requested. Reason: Culture for localization was changed
[2019.10.30-22.42.57:111][  0]LogSlate: FontCache flush requested. Reason: Culture for localization was changed
[2019.10.30-22.42.57:112][  0]LogTextLocalizationManager: Compacting localization data took   0.01ms
[2019.10.30-22.42.57:122][  0]LogAssetRegistry: FAssetRegistry took 0.0068 seconds to start up
[2019.10.30-22.42.57:406][  0]LogPackageLocalizationCache: Processed 10 localized package path(s) for 1 prioritized culture(s) in 0.000564 seconds
[2019.10.30-22.42.57:585][  0]LogInit: Selected Device Profile: [Windows]
[2019.10.30-22.42.57:767][  0]LogMeshReduction: Using QuadricMeshReduction for automatic static mesh reduction
[2019.10.30-22.42.57:767][  0]LogMeshReduction: Using SimplygonMeshReduction for automatic skeletal mesh reduction
[2019.10.30-22.42.57:767][  0]LogMeshReduction: Using ProxyLODMeshReduction for automatic mesh merging
[2019.10.30-22.42.57:767][  0]LogMeshReduction: No distributed automatic mesh merging module available
[2019.10.30-22.42.57:767][  0]LogMeshMerging: No distributed automatic mesh merging module available
[2019.10.30-22.42.57:780][  0]LogNetVersion: TheRageRace 1.0.0, NetCL: 5660361, EngineNetVer: 10, GameNetVer: 0 (Checksum: 3510824104)
[2019.10.30-22.42.58:450][  0]LogMoviePlayer: Initializing movie player
[2019.10.30-22.42.58:583][  0]LogTcpMessaging: Initializing TcpMessaging bridge
[2019.10.30-22.42.58:596][  0]LogUdpMessaging: Initializing bridge on interface 0.0.0.0:0 to multicast group 230.0.0.1:6666.
[2019.10.30-22.42.58:686][  0]SourceControl: El control de código fuente está desactivado
[2019.10.30-22.42.58:687][  0]SourceControl: El control de código fuente está desactivado
[2019.10.30-22.42.58:688][  0]SourceControl: El control de código fuente está desactivado
[2019.10.30-22.42.58:698][  0]LogVSAccessor: Display: Unable to create Visual Studio setup instance: 80040154
[2019.10.30-22.42.58:699][  0]LogVSAccessor: Display: Unable to create Visual Studio setup instance: 80040154
[2019.10.30-22.42.58:738][  0]LogAndroidPermission: UAndroidPermissionCallbackProxy::GetInstance
[2019.10.30-22.42.58:802][  0]LogOcInput: OculusInput pre-init called
[2019.10.30-22.42.58:814][  0]LogUObjectArray: 47126 objects as part of root set at end of initial load.
[2019.10.30-22.42.58:814][  0]LogUObjectAllocator: 8283160 out of 0 bytes used by permanent object pool.
[2019.10.30-22.42.58:814][  0]LogUObjectArray: CloseDisregardForGC: 0/0 objects in disregard for GC pool
[2019.10.30-22.42.58:961][  0]LogEngine: Initializing Engine...
[2019.10.30-22.42.58:962][  0]LogHMD: Failed to initialize OpenVR with code 110
[2019.10.30-22.42.58:975][  0]LogStats: UGameplayTagsManager::InitializeManager -  0.000 s
[2019.10.30-22.42.59:200][  0]LogInit: Initializing FReadOnlyCVARCache
[2019.10.30-22.42.59:212][  0]LogInit: XAudio2 using 'Altavoces (Realtek High Definition Audio)' : 2 channels at 48 kHz using 32 bits per sample (channel mask 0x3)
[2019.10.30-22.42.59:242][  0]LogInit: FAudioDevice initialized.
[2019.10.30-22.42.59:254][  0]LogNetVersion: Set ProjectVersion to 1.0.0.0. Version Checksum will be recalculated on next use.
[2019.10.30-22.42.59:261][  0]LogInit: Texture streaming: Enabled
[2019.10.30-22.42.59:476][  0]LogSlate: Updating window title bar state: overlay mode, drag disabled, window buttons hidden, title bar hidden
[2019.10.30-22.42.59:476][  0]LogInit: Display: Game Engine Initialized.
[2019.10.30-22.42.59:539][  0]LogInit: Display: Starting Game.
[2019.10.30-22.42.59:539][  0]LogNet: Browse: /Game/Maps/Menu?Name=Player
[2019.10.30-22.42.59:540][  0]LogLoad: LoadMap: /Game/Maps/Menu?Name=Player
[2019.10.30-22.42.59:577][  0]LogUObjectHash: Compacting FUObjectHashTables data took   2.68ms
[2019.10.30-22.42.59:808][  0]LogAIModule: Creating AISystem for world Menu
[2019.10.30-22.42.59:993][  0]LogLoad: Game class is 'ThirdPersonGameMode_C'
[2019.10.30-22.42.59:995][  0]LogWorld: Bringing World /Game/Maps/Menu.Menu up for play (max tick rate 0) at 2019.10.30-17.42.59
[2019.10.30-22.42.59:995][  0]LogWorld: Bringing up level for play took: 0.000794
[2019.10.30-22.42.59:996][  0]LogGameMode: FindPlayerStart: PATHS NOT DEFINED or NO PLAYERSTART with positive rating
[2019.10.30-22.43.00:009][  0]LogLoad: Took 0.469069 seconds to LoadMap(/Game/Maps/Menu)
[2019.10.30-22.43.00:074][  0]LogRenderer: Reallocating scene render targets to support 1280x720 Format 10 NumSamples 1 (Frame:1).
[2019.10.30-22.43.00:074][  0]LogLoad: (Engine Initialization) Total time: 7.83 seconds
[2019.10.30-22.43.00:074][  0]LogLoad: (Engine Initialization) Total Blueprint compile time: 0.00 seconds
[2019.10.30-22.43.00:106][  0]LogContentStreaming: Texture pool size now 1000 MB
[2019.10.30-22.43.01:634][ 82]LogSlate: FSceneViewport::OnFocusLost() reason 0
[2019.10.30-22.43.02:491][135]LogSlate: Took 0.000262 seconds to synchronously load lazily loaded font '../../../Engine/Content/Slate/Fonts/Roboto-Regular.ttf' (155K)
[2019.10.30-22.43.13:798][836]LogInit: WinSock: I am Maximiliam (172.20.10.4:0)
[2019.10.30-22.43.13:949][836]LogPackageName: SearchForPackageOnDisk took   0.150s to resolve DetailBuildingMap.umap.
[2019.10.30-22.43.14:069][836]LogPackageName: SearchForPackageOnDisk took   0.120s to resolve DetailBuildingMap.umap.
[2019.10.30-22.43.14:069][836]LogNet: Browse: /Game/Maps/NewMap/DetailBuildingMap?listen
[2019.10.30-22.43.14:069][836]LogLoad: LoadMap: /Game/Maps/NewMap/DetailBuildingMap?listen
[2019.10.30-22.43.14:105][836]LogUObjectHash: Compacting FUObjectHashTables data took   3.03ms
[2019.10.30-22.43.15:812][836]LogAIModule: Creating AISystem for world DetailBuildingMap
[2019.10.30-22.43.15:812][836]LogLoad: Game class is 'BP_GameMode_C'
[2019.10.30-22.43.15:814][836]LogOnline: Warning: STEAM: Steamworks: SteamUtils() failed!
[2019.10.30-22.43.15:814][836]LogOnline: Warning: STEAM: Steamworks: SteamUser() failed!
[2019.10.30-22.43.15:814][836]LogOnline: Warning: STEAM: Steamworks: SteamFriends() failed!
[2019.10.30-22.43.15:814][836]LogOnline: Warning: STEAM: Steamworks: SteamRemoteStorage() failed!
[2019.10.30-22.43.15:814][836]LogOnline: Warning: STEAM: Steamworks: SteamUserStats() failed!
[2019.10.30-22.43.15:814][836]LogOnline: Warning: STEAM: Steamworks: SteamMatchmakingServers() failed!
[2019.10.30-22.43.15:814][836]LogOnline: Warning: STEAM: Steamworks: SteamApps() failed!
[2019.10.30-22.43.15:814][836]LogOnline: Warning: STEAM: Steamworks: SteamNetworking() failed!
[2019.10.30-22.43.15:814][836]LogOnline: Warning: STEAM: Steamworks: SteamMatchmaking() failed!
[2019.10.30-22.43.15:814][836]LogOnline: STEAM: [AppId: 0] Client API initialized 0
[2019.10.30-22.43.15:814][836]LogOnline: Display: STEAM: OnlineSubsystemSteam::Shutdown()
[2019.10.30-22.43.15:814][836]LogOnline: Warning: STEAM: Steam API failed to initialize!
[2019.10.30-22.43.15:814][836]LogOnline: Display: STEAM: OnlineSubsystemSteam::Shutdown()
[2019.10.30-22.43.15:815][836]LogTemp: Display: ParseSettings for GameNetDriver
[2019.10.30-22.43.15:815][836]LogTemp: Display: ParseSettings for IpNetDriver_0
[2019.10.30-22.43.15:815][836]LogTemp: Display: ParseSettings for GameNetDriver
[2019.10.30-22.43.15:815][836]LogNet: ReplicationDriverClass is null! Not using ReplicationDriver.
[2019.10.30-22.43.15:815][836]PacketHandlerLog: DDoS detection status: detection enabled: 0 analytics enabled: 0
[2019.10.30-22.43.15:815][836]LogInit: WinSock: Socket queue 131072 / 131072
[2019.10.30-22.43.15:816][836]PacketHandlerLog: Loaded PacketHandler component: Engine.EngineHandlerComponentFactory (StatelessConnectHandlerComponent)
[2019.10.30-22.43.15:816][836]LogNet: GameNetDriver IpNetDriver_0 IpNetDriver listening on port 7777
[2019.10.30-22.43.15:839][836]LogWorld: Bringing World /Game/Maps/NewMap/DetailBuildingMap.DetailBuildingMap up for play (max tick rate 0) at 2019.10.30-17.43.15
[2019.10.30-22.43.15:840][836]LogWorld: Bringing up level for play took: 0.022617
[2019.10.30-22.43.15:840][836]LogScript: Warning: Accessed None trying to read property LobbyBPW
	BP_PlayerController_C /Game/Maps/NewMap/DetailBuildingMap.DetailBuildingMap:PersistentLevel.BP_PlayerController_C_0
	Function /Game/Blueprints/BP_PlayerController.BP_PlayerController_C:ExecuteUbergraph_BP_PlayerController:0F50
[2019.10.30-22.43.15:841][836]LogScript: Warning: Script call stack:
	Function /Game/Blueprints/BP_GameMode.BP_GameMode_C:K2_PostLogin
	Function /Game/Blueprints/BP_GameMode.BP_GameMode_C:ExecuteUbergraph_BP_GameMode
	Function /Game/Blueprints/BP_PlayerController.BP_PlayerController_C:PlayerDataSetup
	Function /Game/Blueprints/BP_PlayerController.BP_PlayerController_C:ExecuteUbergraph_BP_PlayerController
	Function /Game/Blueprints/BP_PlayerController.BP_PlayerController_C:PlayerDataSetupOnServer
	Function /Game/Blueprints/BP_PlayerController.BP_PlayerController_C:ExecuteUbergraph_BP_PlayerController
	Function /Game/Blueprints/BP_GameMode.BP_GameMode_C:UpdateServer
	Function /Game/Blueprints/BP_GameMode.BP_GameMode_C:ExecuteUbergraph_BP_GameMode
	Function /Game/Blueprints/BP_PlayerController.BP_PlayerController_C:ClearPlayerList
	Function /Game/Blueprints/BP_PlayerController.BP_PlayerController_C:ExecuteUbergraph_BP_PlayerController

[2019.10.30-22.43.15:841][836]LogScript: Warning: Accessed None trying to read property LobbyBPW
	BP_PlayerController_C /Game/Maps/NewMap/DetailBuildingMap.DetailBuildingMap:PersistentLevel.BP_PlayerController_C_0
	Function /Game/Blueprints/BP_PlayerController.BP_PlayerController_C:ExecuteUbergraph_BP_PlayerController:0F19
[2019.10.30-22.43.15:841][836]LogScript: Warning: Script call stack:
	Function /Game/Blueprints/BP_GameMode.BP_GameMode_C:K2_PostLogin
	Function /Game/Blueprints/BP_GameMode.BP_GameMode_C:ExecuteUbergraph_BP_GameMode
	Function /Game/Blueprints/BP_PlayerController.BP_PlayerController_C:PlayerDataSetup
	Function /Game/Blueprints/BP_PlayerController.BP_PlayerController_C:ExecuteUbergraph_BP_PlayerController
	Function /Game/Blueprints/BP_PlayerController.BP_PlayerController_C:PlayerDataSetupOnServer
	Function /Game/Blueprints/BP_PlayerController.BP_PlayerController_C:ExecuteUbergraph_BP_PlayerController
	Function /Game/Blueprints/BP_GameMode.BP_GameMode_C:UpdateServer
	Function /Game/Blueprints/BP_GameMode.BP_GameMode_C:ExecuteUbergraph_BP_GameMode
	Function /Game/Blueprints/BP_PlayerController.BP_PlayerController_C:AddPlayer
	Function /Game/Blueprints/BP_PlayerController.BP_PlayerController_C:ExecuteUbergraph_BP_PlayerController

[2019.10.30-22.43.15:841][836]LogScript: Warning: Accessed None trying to read property LobbyBPW
	BP_PlayerController_C /Game/Maps/NewMap/DetailBuildingMap.DetailBuildingMap:PersistentLevel.BP_PlayerController_C_0
	Function /Game/Blueprints/BP_PlayerController.BP_PlayerController_C:ExecuteUbergraph_BP_PlayerController:10BD
[2019.10.30-22.43.15:841][836]LogScript: Warning: Script call stack:
	Function /Game/Blueprints/BP_GameMode.BP_GameMode_C:K2_PostLogin
	Function /Game/Blueprints/BP_GameMode.BP_GameMode_C:ExecuteUbergraph_BP_GameMode
	Function /Game/Blueprints/BP_PlayerController.BP_PlayerController_C:PlayerDataSetup
	Function /Game/Blueprints/BP_PlayerController.BP_PlayerController_C:ExecuteUbergraph_BP_PlayerController
	Function /Game/Blueprints/BP_PlayerController.BP_PlayerController_C:PlayerDataSetupOnServer
	Function /Game/Blueprints/BP_PlayerController.BP_PlayerController_C:ExecuteUbergraph_BP_PlayerController
	Function /Game/Blueprints/BP_GameMode.BP_GameMode_C:UpdateServer
	Function /Game/Blueprints/BP_GameMode.BP_GameMode_C:ExecuteUbergraph_BP_GameMode
	Function /Game/Blueprints/BP_PlayerController.BP_PlayerController_C:UpdateNumberOfPlayers
	Function /Game/Blueprints/BP_PlayerController.BP_PlayerController_C:ExecuteUbergraph_BP_PlayerController

[2019.10.30-22.43.15:841][836]LogScript: Warning: Attempted to assign to None
	BP_PlayerController_C /Game/Maps/NewMap/DetailBuildingMap.DetailBuildingMap:PersistentLevel.BP_PlayerController_C_0
	Function /Game/Blueprints/BP_PlayerController.BP_PlayerController_C:ExecuteUbergraph_BP_PlayerController:10D2
[2019.10.30-22.43.15:841][836]LogScript: Warning: Script call stack:
	Function /Game/Blueprints/BP_GameMode.BP_GameMode_C:K2_PostLogin
	Function /Game/Blueprints/BP_GameMode.BP_GameMode_C:ExecuteUbergraph_BP_GameMode
	Function /Game/Blueprints/BP_PlayerController.BP_PlayerController_C:PlayerDataSetup
	Function /Game/Blueprints/BP_PlayerController.BP_PlayerController_C:ExecuteUbergraph_BP_PlayerController
	Function /Game/Blueprints/BP_PlayerController.BP_PlayerController_C:PlayerDataSetupOnServer
	Function /Game/Blueprints/BP_PlayerController.BP_PlayerController_C:ExecuteUbergraph_BP_PlayerController
	Function /Game/Blueprints/BP_GameMode.BP_GameMode_C:UpdateServer
	Function /Game/Blueprints/BP_GameMode.BP_GameMode_C:ExecuteUbergraph_BP_GameMode
	Function /Game/Blueprints/BP_PlayerController.BP_PlayerController_C:UpdateNumberOfPlayers
	Function /Game/Blueprints/BP_PlayerController.BP_PlayerController_C:ExecuteUbergraph_BP_PlayerController

[2019.10.30-22.43.15:841][836]LogScript: Warning: Accessed None trying to read property LobbyBPW
	BP_PlayerController_C /Game/Maps/NewMap/DetailBuildingMap.DetailBuildingMap:PersistentLevel.BP_PlayerController_C_0
	Function /Game/Blueprints/BP_PlayerController.BP_PlayerController_C:ExecuteUbergraph_BP_PlayerController:11A9
[2019.10.30-22.43.15:841][836]LogScript: Warning: Script call stack:
	Function /Game/Blueprints/BP_GameMode.BP_GameMode_C:K2_PostLogin
	Function /Game/Blueprints/BP_GameMode.BP_GameMode_C:ExecuteUbergraph_BP_GameMode
	Function /Game/Blueprints/BP_PlayerController.BP_PlayerController_C:PlayerDataSetup
	Function /Game/Blueprints/BP_PlayerController.BP_PlayerController_C:ExecuteUbergraph_BP_PlayerController
	Function /Game/Blueprints/BP_PlayerController.BP_PlayerController_C:PlayerDataSetupOnServer
	Function /Game/Blueprints/BP_PlayerController.BP_PlayerController_C:ExecuteUbergraph_BP_PlayerController
	Function /Game/Blueprints/BP_PlayerController.BP_PlayerController_C:SetUpFinished
	Function /Game/Blueprints/BP_PlayerController.BP_PlayerController_C:ExecuteUbergraph_BP_PlayerController
	Function /Game/Blueprints/BP_GameMode.BP_GameMode_C:Continue
	Function /Game/Blueprints/BP_GameMode.BP_GameMode_C:ExecuteUbergraph_BP_GameMode
	Function /Game/Blueprints/BP_GameMode.BP_GameMode_C:SendServerMessage
	Function /Game/Blueprints/BP_GameMode.BP_GameMode_C:ExecuteUbergraph_BP_GameMode
	Function /Game/Blueprints/BP_PlayerController.BP_PlayerController_C:AddMessageFromServerToEachPlayer
	Function /Game/Blueprints/BP_PlayerController.BP_PlayerController_C:ExecuteUbergraph_BP_PlayerController
	Function /Game/Blueprints/BP_PlayerController.BP_PlayerController_C:AddMessageToChat
	Function /Game/Blueprints/BP_PlayerController.BP_PlayerController_C:ExecuteUbergraph_BP_PlayerController

[2019.10.30-22.43.15:841][836]LogScript: Warning: Accessed None
	BP_PlayerController_C /Game/Maps/NewMap/DetailBuildingMap.DetailBuildingMap:PersistentLevel.BP_PlayerController_C_0
	Function /Game/Blueprints/BP_PlayerController.BP_PlayerController_C:ExecuteUbergraph_BP_PlayerController:11BE
[2019.10.30-22.43.15:841][836]LogScript: Warning: Script call stack:
	Function /Game/Blueprints/BP_GameMode.BP_GameMode_C:K2_PostLogin
	Function /Game/Blueprints/BP_GameMode.BP_GameMode_C:ExecuteUbergraph_BP_GameMode
	Function /Game/Blueprints/BP_PlayerController.BP_PlayerController_C:PlayerDataSetup
	Function /Game/Blueprints/BP_PlayerController.BP_PlayerController_C:ExecuteUbergraph_BP_PlayerController
	Function /Game/Blueprints/BP_PlayerController.BP_PlayerController_C:PlayerDataSetupOnServer
	Function /Game/Blueprints/BP_PlayerController.BP_PlayerController_C:ExecuteUbergraph_BP_PlayerController
	Function /Game/Blueprints/BP_PlayerController.BP_PlayerController_C:SetUpFinished
	Function /Game/Blueprints/BP_PlayerController.BP_PlayerController_C:ExecuteUbergraph_BP_PlayerController
	Function /Game/Blueprints/BP_GameMode.BP_GameMode_C:Continue
	Function /Game/Blueprints/BP_GameMode.BP_GameMode_C:ExecuteUbergraph_BP_GameMode
	Function /Game/Blueprints/BP_GameMode.BP_GameMode_C:SendServerMessage
	Function /Game/Blueprints/BP_GameMode.BP_GameMode_C:ExecuteUbergraph_BP_GameMode
	Function /Game/Blueprints/BP_PlayerController.BP_PlayerController_C:AddMessageFromServerToEachPlayer
	Function /Game/Blueprints/BP_PlayerController.BP_PlayerController_C:ExecuteUbergraph_BP_PlayerController
	Function /Game/Blueprints/BP_PlayerController.BP_PlayerController_C:AddMessageToChat
	Function /Game/Blueprints/BP_PlayerController.BP_PlayerController_C:ExecuteUbergraph_BP_PlayerController

[2019.10.30-22.43.15:854][836]LogLoad: Took 1.784677 seconds to LoadMap(/Game/Maps/NewMap/DetailBuildingMap)
[2019.10.30-22.43.31:320][789]LogNet: NotifyAcceptingConnection accepted from: 172.20.10.3:61293
[2019.10.30-22.43.31:320][789]LogHandshake: SendConnectChallenge. Timestamp: 17.540821, Cookie: 101037161009017130011164135025146020209119135053194029072015
[2019.10.30-22.43.31:337][790]LogNet: NotifyAcceptingConnection accepted from: 172.20.10.3:61293
[2019.10.30-22.43.31:337][790]LogHandshake: SendChallengeAck. InCookie: 101037161009017130011164135025146020209119135053194029072015
[2019.10.30-22.43.31:337][790]LogNet: Server accepting post-challenge connection from: 172.20.10.3:61293
[2019.10.30-22.43.31:337][790]PacketHandlerLog: Loaded PacketHandler component: Engine.EngineHandlerComponentFactory (StatelessConnectHandlerComponent)
[2019.10.30-22.43.31:337][790]LogNet: NotifyAcceptedConnection: Name: DetailBuildingMap, TimeStamp: 10/30/19 17:43:31, [UNetConnection] RemoteAddr: 172.20.10.3:61293, Name: IpConnection_0, Driver: GameNetDriver IpNetDriver_0, IsServer: YES, PC: NULL, Owner: NULL, UniqueId: INVALID
[2019.10.30-22.43.31:337][790]LogNet: AddClientConnection: Added client connection: [UNetConnection] RemoteAddr: 172.20.10.3:61293, Name: IpConnection_0, Driver: GameNetDriver IpNetDriver_0, IsServer: YES, PC: NULL, Owner: NULL, UniqueId: INVALID
[2019.10.30-22.43.31:369][792]LogNet: NotifyAcceptingChannel Control 0 server World /Game/Maps/NewMap/DetailBuildingMap.DetailBuildingMap: Accepted
[2019.10.30-22.43.31:369][792]LogNet: Remote platform little endian=1
[2019.10.30-22.43.31:369][792]LogNet: This platform little endian=1
[2019.10.30-22.43.31:369][792]LogNetVersion: TheRageRace 1.0.0.0, NetCL: 5660361, EngineNetVer: 10, GameNetVer: 0 (Checksum: 3363060889)
[2019.10.30-22.43.31:401][794]LogNet: Login request: /Game/Maps/Menu?Name=DESKTOP-FTVKQ6O-D0E6A1F5447C2B2630EDC2B152B66975 userId: NULL:DESKTOP-FTVKQ6O-D0E6A1F5447C2B2630EDC2B152B66975 platform: NULL
[2019.10.30-22.43.31:434][796]LogNet: Client netspeed is 10000
[2019.10.30-22.43.33:223][907]LogNet: Join request: /Game/Maps/Menu?Name=DESKTOP-FTVKQ6O-D0E6A1F5447C2B2630EDC2B152B66975?SplitscreenCount=1
[2019.10.30-22.43.33:228][907]LogNet: Join succeeded: DESKTOP-FTVKQ6O-D0E6
[2019.10.30-22.43.33:498][924]LogNet: NotifyAcceptingConnection accepted from: 172.20.10.2:54666
[2019.10.30-22.43.33:498][924]LogHandshake: SendConnectChallenge. Timestamp: 19.718298, Cookie: 032069222065251009176014224000234073074102234230180206135064
[2019.10.30-22.43.33:530][926]LogNet: NotifyAcceptingConnection accepted from: 172.20.10.2:54666
[2019.10.30-22.43.33:530][926]LogHandshake: SendChallengeAck. InCookie: 032069222065251009176014224000234073074102234230180206135064
[2019.10.30-22.43.33:530][926]LogNet: Server accepting post-challenge connection from: 172.20.10.2:54666
[2019.10.30-22.43.33:530][926]PacketHandlerLog: Loaded PacketHandler component: Engine.EngineHandlerComponentFactory (StatelessConnectHandlerComponent)
[2019.10.30-22.43.33:530][926]LogNet: NotifyAcceptedConnection: Name: DetailBuildingMap, TimeStamp: 10/30/19 17:43:33, [UNetConnection] RemoteAddr: 172.20.10.2:54666, Name: IpConnection_1, Driver: GameNetDriver IpNetDriver_0, IsServer: YES, PC: NULL, Owner: NULL, UniqueId: INVALID
[2019.10.30-22.43.33:531][926]LogNet: AddClientConnection: Added client connection: [UNetConnection] RemoteAddr: 172.20.10.2:54666, Name: IpConnection_1, Driver: GameNetDriver IpNetDriver_0, IsServer: YES, PC: NULL, Owner: NULL, UniqueId: INVALID
[2019.10.30-22.43.33:562][928]LogNet: NotifyAcceptingChannel Control 0 server World /Game/Maps/NewMap/DetailBuildingMap.DetailBuildingMap: Accepted
[2019.10.30-22.43.33:562][928]LogNet: Remote platform little endian=1
[2019.10.30-22.43.33:562][928]LogNet: This platform little endian=1
[2019.10.30-22.43.33:594][930]LogNet: Login request: /Game/Maps/Menu?Name=DESKTOP-0HBE8OC-69C334ED45BC79ADD25CA9A5A0CB5EA2 userId: NULL:DESKTOP-0HBE8OC-69C334ED45BC79ADD25CA9A5A0CB5EA2 platform: NULL
[2019.10.30-22.43.33:611][931]LogNet: Client netspeed is 10000
[2019.10.30-22.43.34:885][ 10]LogNet: Join request: /Game/Maps/Menu?Name=DESKTOP-0HBE8OC-69C334ED45BC79ADD25CA9A5A0CB5EA2?SplitscreenCount=1
[2019.10.30-22.43.34:888][ 10]LogNet: Join succeeded: DESKTOP-0HBE8OC-69C3
[2019.10.30-22.43.40:709][371]LogSlate: Updating window title bar state: overlay mode, drag disabled, window buttons hidden, title bar hidden
[2019.10.30-22.43.52:888][126]LogScript: Warning: Accessed None trying to read property CurrentWeapon
	MainCar_C /Game/Maps/NewMap/DetailBuildingMap.DetailBuildingMap:PersistentLevel.MainCar_C_1
	Function /Game/Blueprints/Sedan/MainCar.MainCar_C:ExecuteUbergraph_MainCar:21F0
[2019.10.30-22.43.52:888][126]LogScript: Warning: Script call stack:
	Function /Game/Blueprints/Sedan/MainCar.MainCar_C:BndEvt__Mesh_K2Node_ComponentBoundEvent_5_ComponentBeginOverlapSignature__DelegateSignature
	Function /Game/Blueprints/Sedan/MainCar.MainCar_C:ExecuteUbergraph_MainCar
	Function /Game/Blueprints/Sedan/MainCar.MainCar_C:SpawnWeaponMulticast
	Function /Game/Blueprints/Sedan/MainCar.MainCar_C:ExecuteUbergraph_MainCar

[2019.10.30-22.44.15:300][514]LogScript: Warning: Accessed None trying to read property CurrentWeapon
	MainCar_C /Game/Maps/NewMap/DetailBuildingMap.DetailBuildingMap:PersistentLevel.MainCar_C_0
	Function /Game/Blueprints/Sedan/MainCar.MainCar_C:ExecuteUbergraph_MainCar:21F0
[2019.10.30-22.44.15:300][514]LogScript: Warning: Script call stack:
	Function /Game/Blueprints/Sedan/MainCar.MainCar_C:BndEvt__Mesh_K2Node_ComponentBoundEvent_5_ComponentBeginOverlapSignature__DelegateSignature
	Function /Game/Blueprints/Sedan/MainCar.MainCar_C:ExecuteUbergraph_MainCar
	Function /Game/Blueprints/Sedan/MainCar.MainCar_C:SpawnWeaponMulticast
	Function /Game/Blueprints/Sedan/MainCar.MainCar_C:ExecuteUbergraph_MainCar

[2019.10.30-22.44.15:800][545]LogScript: Warning: Accessed None trying to read property CurrentWeapon
	MainCar_C /Game/Maps/NewMap/DetailBuildingMap.DetailBuildingMap:PersistentLevel.MainCar_C_2
	Function /Game/Blueprints/Sedan/MainCar.MainCar_C:ExecuteUbergraph_MainCar:21F0
[2019.10.30-22.44.15:800][545]LogScript: Warning: Script call stack:
	Function /Game/Blueprints/Sedan/MainCar.MainCar_C:BndEvt__Mesh_K2Node_ComponentBoundEvent_5_ComponentBeginOverlapSignature__DelegateSignature
	Function /Game/Blueprints/Sedan/MainCar.MainCar_C:ExecuteUbergraph_MainCar
	Function /Game/Blueprints/Sedan/MainCar.MainCar_C:SpawnWeaponMulticast
	Function /Game/Blueprints/Sedan/MainCar.MainCar_C:ExecuteUbergraph_MainCar

[2019.10.30-22.46.04:194][263]LogNet: UChannel::ReceivedSequencedBunch: Bunch.bClose == true. ChIndex == 0. Calling ConditionalCleanUp.
[2019.10.30-22.46.04:194][263]LogNet: UChannel::CleanUp: ChIndex == 0. Closing connection. [UChannel] ChIndex: 0, Closing: 0 [UNetConnection] RemoteAddr: 172.20.10.3:61293, Name: IpConnection_0, Driver: GameNetDriver IpNetDriver_0, IsServer: YES, PC: BP_PlayerController_C_1, Owner: BP_PlayerController_C_1, UniqueId: NULL:DESKTOP-FTVKQ6O-D0E6A1F5447C2B2630EDC2B152B66975
[2019.10.30-22.46.04:194][263]LogNet: UNetConnection::Close: [UNetConnection] RemoteAddr: 172.20.10.3:61293, Name: IpConnection_0, Driver: GameNetDriver IpNetDriver_0, IsServer: YES, PC: BP_PlayerController_C_1, Owner: BP_PlayerController_C_1, UniqueId: NULL:DESKTOP-FTVKQ6O-D0E6A1F5447C2B2630EDC2B152B66975, Channels: 14, Time: 2019.10.30-22.46.04
[2019.10.30-22.46.04:194][263]LogNet: UChannel::Close: Sending CloseBunch. ChIndex == 0. Name: [UChannel] ChIndex: 0, Closing: 0 [UNetConnection] RemoteAddr: 172.20.10.3:61293, Name: IpConnection_0, Driver: GameNetDriver IpNetDriver_0, IsServer: YES, PC: BP_PlayerController_C_1, Owner: BP_PlayerController_C_1, UniqueId: NULL:DESKTOP-FTVKQ6O-D0E6A1F5447C2B2630EDC2B152B66975
[2019.10.30-22.46.31:066][929]LogNet: UChannel::ReceivedSequencedBunch: Bunch.bClose == true. ChIndex == 0. Calling ConditionalCleanUp.
[2019.10.30-22.46.31:066][929]LogNet: UChannel::CleanUp: ChIndex == 0. Closing connection. [UChannel] ChIndex: 0, Closing: 0 [UNetConnection] RemoteAddr: 172.20.10.2:54666, Name: IpConnection_1, Driver: GameNetDriver IpNetDriver_0, IsServer: YES, PC: BP_PlayerController_C_2, Owner: BP_PlayerController_C_2, UniqueId: NULL:DESKTOP-0HBE8OC-69C334ED45BC79ADD25CA9A5A0CB5EA2
[2019.10.30-22.46.31:067][929]LogNet: UNetConnection::Close: [UNetConnection] RemoteAddr: 172.20.10.2:54666, Name: IpConnection_1, Driver: GameNetDriver IpNetDriver_0, IsServer: YES, PC: BP_PlayerController_C_2, Owner: BP_PlayerController_C_2, UniqueId: NULL:DESKTOP-0HBE8OC-69C334ED45BC79ADD25CA9A5A0CB5EA2, Channels: 13, Time: 2019.10.30-22.46.31
[2019.10.30-22.46.31:067][929]LogNet: UChannel::Close: Sending CloseBunch. ChIndex == 0. Name: [UChannel] ChIndex: 0, Closing: 0 [UNetConnection] RemoteAddr: 172.20.10.2:54666, Name: IpConnection_1, Driver: GameNetDriver IpNetDriver_0, IsServer: YES, PC: BP_PlayerController_C_2, Owner: BP_PlayerController_C_2, UniqueId: NULL:DESKTOP-0HBE8OC-69C334ED45BC79ADD25CA9A5A0CB5EA2
[2019.10.30-22.46.46:682][897]LogWindowsDesktop: Alt-F4 pressed!
[2019.10.30-22.46.46:711][897]LogSlate: Window 'TheRageRace (64-bit Development PCD3D_SM5) ' being destroyed
[2019.10.30-22.46.46:713][897]LogWindowsTextInputMethodSystem: Display: IME system now deactivated.
[2019.10.30-22.46.46:716][897]LogWindowsTextInputMethodSystem: Display: IME system now deactivated.
[2019.10.30-22.46.46:719][897]LogSlate: Updating window title bar state: overlay mode, drag disabled, window buttons hidden, title bar hidden
[2019.10.30-22.46.46:719][897]LogEngine: All Windows Closed
[2019.10.30-22.46.46:719][897]LogWindows: FPlatformMisc::RequestExit(0)
[2019.10.30-22.46.46:732][898]LogNet: World NetDriver shutdown IpNetDriver_0 [GameNetDriver]
[2019.10.30-22.46.46:733][898]LogNet: DestroyNamedNetDriver IpNetDriver_0 [GameNetDriver]
[2019.10.30-22.46.46:733][898]LogExit: GameNetDriver IpNetDriver_0 shut down
[2019.10.30-22.46.47:089][898]LogExit: Preparing to exit.
[2019.10.30-22.46.47:089][898]LogMoviePlayer: Shutting down movie player
[2019.10.30-22.46.47:738][898]LogSlate: Updating window title bar state: overlay mode, drag disabled, window buttons hidden, title bar hidden
[2019.10.30-22.46.47:763][898]LogExit: Game engine shut down
[2019.10.30-22.46.47:882][898]LogExit: Object subsystem successfully closed.
[2019.10.30-22.46.47:909][898]LogShaderCompilers: Display: Shaders left to compile 0
[2019.10.30-22.46.47:914][898]LogD3D11RHI: Shutdown
[2019.10.30-22.46.47:914][898]LogD3D11RHI: CleanupD3DDevice
[2019.10.30-22.46.47:914][898]LogRendererCore: FGlobalReadBuffer::ReleaseRHI
[2019.10.30-22.46.47:914][898]LogRendererCore: FGlobalDynamicReadBuffer::Cleanup()
[2019.10.30-22.46.47:914][898]LogRendererCore: FGlobalReadBuffer::ReleaseRHI
[2019.10.30-22.46.47:914][898]LogRendererCore: FGlobalDynamicReadBuffer::Cleanup()
[2019.10.30-22.46.47:914][898]LogRendererCore: FGlobalReadBuffer::ReleaseRHI
[2019.10.30-22.46.47:914][898]LogRendererCore: FGlobalDynamicReadBuffer::Cleanup()
[2019.10.30-22.46.47:998][898]LogD3D11RHI: ~FD3D11DynamicRHI
[2019.10.30-22.46.48:014][898]LogModuleManager: Shutting down and abandoning module SequenceRecorderSections (404)
[2019.10.30-22.46.48:014][898]LogModuleManager: Shutting down and abandoning module SequenceRecorder (402)
[2019.10.30-22.46.48:014][898]LogModuleManager: Shutting down and abandoning module AutomationController (400)
[2019.10.30-22.46.48:014][898]LogModuleManager: Shutting down and abandoning module AutomationWorker (398)
[2019.10.30-22.46.48:014][898]LogModuleManager: Shutting down and abandoning module Voice (396)
[2019.10.30-22.46.48:014][898]LogModuleManager: Shutting down and abandoning module AIModule (394)
[2019.10.30-22.46.48:014][898]LogModuleManager: Shutting down and abandoning module GameplayDebugger (393)
[2019.10.30-22.46.48:014][898]LogModuleManager: Shutting down and abandoning module AITestSuite (391)
[2019.10.30-22.46.48:014][898]LogModuleManager: Shutting down and abandoning module NavigationSystem (389)
[2019.10.30-22.46.48:014][898]LogModuleManager: Shutting down and abandoning module OculusMR (386)
[2019.10.30-22.46.48:014][898]LogModuleManager: Shutting down and abandoning module WmfMediaFactory (384)
[2019.10.30-22.46.48:014][898]LogModuleManager: Shutting down and abandoning module WebMMediaFactory (382)
[2019.10.30-22.46.48:015][898]LogModuleManager: Shutting down and abandoning module WebMMedia (380)
[2019.10.30-22.46.48:015][898]LogModuleManager: Shutting down and abandoning module OpenExrWrapper (378)
[2019.10.30-22.46.48:015][898]LogModuleManager: Shutting down and abandoning module ImgMediaFactory (376)
[2019.10.30-22.46.48:015][898]LogModuleManager: Shutting down and abandoning module AvfMediaFactory (374)
[2019.10.30-22.46.48:015][898]LogModuleManager: Shutting down and abandoning module MagicLeapCameraPreviewFactory (372)
[2019.10.30-22.46.48:015][898]LogModuleManager: Shutting down and abandoning module MagicLeapMediaCodecFactory (370)
[2019.10.30-22.46.48:015][898]LogModuleManager: Shutting down and abandoning module MagicLeapMediaFactory (368)
[2019.10.30-22.46.48:015][898]LogModuleManager: Shutting down and abandoning module CharacterAI (366)
[2019.10.30-22.46.48:015][898]LogModuleManager: Shutting down and abandoning module SessionServices (364)
[2019.10.30-22.46.48:015][898]LogModuleManager: Shutting down and abandoning module MovieSceneCapture (362)
[2019.10.30-22.46.48:015][898]LogModuleManager: Shutting down and abandoning module LiveCoding (360)
[2019.10.30-22.46.48:015][898]LogModuleManager: Shutting down and abandoning module LevelSequence (358)
[2019.10.30-22.46.48:015][898]LogModuleManager: Shutting down and abandoning module MovieSceneTracks (356)
[2019.10.30-22.46.48:015][898]LogModuleManager: Shutting down and abandoning module MovieScene (354)
[2019.10.30-22.46.48:015][898]LogModuleManager: Shutting down and abandoning module StreamingPauseRendering (352)
[2019.10.30-22.46.48:015][898]LogModuleManager: Shutting down and abandoning module PortalServices (350)
[2019.10.30-22.46.48:015][898]LogModuleManager: Shutting down and abandoning module PortalRpc (348)
[2019.10.30-22.46.48:015][898]LogModuleManager: Shutting down and abandoning module MessagingRpc (346)
[2019.10.30-22.46.48:015][898]LogModuleManager: Shutting down and abandoning module ImageWriteQueue (344)
[2019.10.30-22.46.48:017][898]LogModuleManager: Shutting down and abandoning module ProfilerService (342)
[2019.10.30-22.46.48:257][898]LogModuleManager: Shutting down and abandoning module TaskGraph (340)
[2019.10.30-22.46.48:257][898]LogModuleManager: Shutting down and abandoning module SteamVRController (338)
[2019.10.30-22.46.48:257][898]LogModuleManager: Shutting down and abandoning module ProceduralMeshComponent (336)
[2019.10.30-22.46.48:257][898]LogModuleManager: Shutting down and abandoning module OculusInput (334)
[2019.10.30-22.46.48:257][898]LogModuleManager: Shutting down and abandoning module MobilePatchingUtils (332)
[2019.10.30-22.46.48:257][898]LogModuleManager: Shutting down and abandoning module EditableMesh (330)
[2019.10.30-22.46.48:257][898]LogModuleManager: Shutting down and abandoning module CustomMeshComponent (328)
[2019.10.30-22.46.48:257][898]LogModuleManager: Shutting down and abandoning module CableComponent (326)
[2019.10.30-22.46.48:257][898]LogModuleManager: Shutting down and abandoning module AudioCapture (324)
[2019.10.30-22.46.48:257][898]LogModuleManager: Shutting down and abandoning module ArchVisCharacter (322)
[2019.10.30-22.46.48:257][898]LogModuleManager: Shutting down and abandoning module AndroidPermission (320)
[2019.10.30-22.46.48:257][898]LogModuleManager: Shutting down and abandoning module NUTUnrealEngine4 (318)
[2019.10.30-22.46.48:257][898]LogModuleManager: Shutting down and abandoning module NetcodeUnitTest (316)
[2019.10.30-22.46.48:257][898]LogModuleManager: Shutting down and abandoning module MediaCompositing (314)
[2019.10.30-22.46.48:257][898]LogModuleManager: Shutting down and abandoning module LinearTimecode (312)
[2019.10.30-22.46.48:257][898]LogModuleManager: Shutting down and abandoning module ImgMedia (310)
[2019.10.30-22.46.48:257][898]LogModuleManager: Shutting down and abandoning module MagicLeapHelperVulkan (308)
[2019.10.30-22.46.48:257][898]LogModuleManager: Shutting down and abandoning module MagicLeapHelperOpenGL (306)
[2019.10.30-22.46.48:257][898]LogModuleManager: Shutting down and abandoning module MagicLeapAudio (304)
[2019.10.30-22.46.48:258][898]LogModuleManager: Shutting down and abandoning module HTML5Networking (302)
[2019.10.30-22.46.48:258][898]LogModuleManager: Shutting down and abandoning module GeometryCacheTracks (300)
[2019.10.30-22.46.48:258][898]LogModuleManager: Shutting down and abandoning module GeometryCacheSequencer (299)
[2019.10.30-22.46.48:258][898]LogModuleManager: Shutting down and abandoning module GeometryCache (296)
[2019.10.30-22.46.48:258][898]LogModuleManager: Shutting down and abandoning module GeometryCacheEd (295)
[2019.10.30-22.46.48:258][898]LogModuleManager: Shutting down and abandoning module BackChannel (292)
[2019.10.30-22.46.48:258][898]LogModuleManager: Shutting down and abandoning module AppleVision (290)
[2019.10.30-22.46.48:258][898]LogModuleManager: Shutting down and abandoning module AppleImageUtilsBlueprintSupport (288)
[2019.10.30-22.46.48:258][898]LogModuleManager: Shutting down and abandoning module AppleImageUtils (286)
[2019.10.30-22.46.48:258][898]LogModuleManager: Shutting down and abandoning module VariantManagerContent (284)
[2019.10.30-22.46.48:258][898]LogModuleManager: Shutting down and abandoning module CryptoKeysOpenSSL (282)
[2019.10.30-22.46.48:258][898]LogModuleManager: Shutting down and abandoning module CryptoKeys (280)
[2019.10.30-22.46.48:258][898]LogModuleManager: Shutting down and abandoning module VisualStudioSourceCodeAccess (278)
[2019.10.30-22.46.48:258][898]LogModuleManager: Shutting down and abandoning module HotReload (277)
[2019.10.30-22.46.48:258][898]LogModuleManager: Shutting down and abandoning module DirectoryWatcher (276)
[2019.10.30-22.46.48:258][898]LogModuleManager: Shutting down and abandoning module VisualStudioCodeSourceCodeAccess (272)
[2019.10.30-22.46.48:258][898]LogModuleManager: Shutting down and abandoning module UObjectPlugin (270)
[2019.10.30-22.46.48:258][898]LogModuleManager: Shutting down and abandoning module SubversionSourceControl (268)
[2019.10.30-22.46.48:258][898]LogModuleManager: Shutting down and abandoning module PerforceSourceControl (266)
[2019.10.30-22.46.48:258][898]LogModuleManager: Shutting down and abandoning module SourceControl (265)
[2019.10.30-22.46.48:258][898]LogModuleManager: Shutting down and abandoning module CLionSourceCodeAccess (262)
[2019.10.30-22.46.48:258][898]LogModuleManager: Shutting down and abandoning module ActorLayerUtilities (260)
[2019.10.30-22.46.48:258][898]LogModuleManager: Shutting down and abandoning module SignificanceManager (258)
[2019.10.30-22.46.48:258][898]LogModuleManager: Shutting down and abandoning module RuntimePhysXCooking (256)
[2019.10.30-22.46.48:258][898]LogModuleManager: Shutting down and abandoning module PhysXVehiclesEditor (254)
[2019.10.30-22.46.48:258][898]LogModuleManager: Shutting down and abandoning module PhysXVehicles (252)
[2019.10.30-22.46.48:258][898]LogModuleManager: Shutting down and abandoning module LocationServicesBPLibrary (250)
[2019.10.30-22.46.48:258][898]LogModuleManager: Shutting down and abandoning module ActorSequence (248)
[2019.10.30-22.46.48:258][898]LogModuleManager: Shutting down and abandoning module UdpMessaging (246)
[2019.10.30-22.46.48:359][898]LogModuleManager: Shutting down and abandoning module TcpMessaging (244)
[2019.10.30-22.46.48:715][898]LogModuleManager: Shutting down and abandoning module MagicLeapIdentity (242)
[2019.10.30-22.46.48:715][898]LogModuleManager: Shutting down and abandoning module MagicLeapSecureStorage (240)
[2019.10.30-22.46.48:715][898]LogModuleManager: Shutting down and abandoning module MagicLeapHandTracking (238)
[2019.10.30-22.46.48:715][898]LogModuleManager: Shutting down and abandoning module MagicLeapEyeTracker (236)
[2019.10.30-22.46.48:715][898]LogModuleManager: Shutting down and abandoning module MagicLeapController (234)
[2019.10.30-22.46.48:715][898]LogSlate: Slate User Destroyed.  User Index 0, Is Virtual User: 0
[2019.10.30-22.46.48:716][898]LogModuleManager: Shutting down and abandoning module MagicLeapAR (232)
[2019.10.30-22.46.48:716][898]LogModuleManager: Shutting down and abandoning module AugmentedReality (231)
[2019.10.30-22.46.48:716][898]LogModuleManager: Shutting down and abandoning module GameplayTagsEditor (228)
[2019.10.30-22.46.48:716][898]LogModuleManager: Shutting down and abandoning module FacialAnimation (226)
[2019.10.30-22.46.48:716][898]LogModuleManager: Shutting down and abandoning module DataValidation (224)
[2019.10.30-22.46.48:716][898]LogModuleManager: Shutting down and abandoning module AssetManagerEditor (222)
[2019.10.30-22.46.48:716][898]LogModuleManager: Shutting down and abandoning module TreeMap (221)
[2019.10.30-22.46.48:716][898]LogModuleManager: Shutting down and abandoning module AnimationSharing (218)
[2019.10.30-22.46.48:716][898]LogModuleManager: Shutting down and abandoning module LightPropagationVolumeRuntime (216)
[2019.10.30-22.46.48:716][898]LogModuleManager: Shutting down and abandoning module AISupportModule (214)
[2019.10.30-22.46.48:716][898]LogModuleManager: Shutting down and abandoning module AdvancedSteamSessions (212)
[2019.10.30-22.46.48:716][898]LogModuleManager: Shutting down and abandoning module AdvancedSessions (210)
[2019.10.30-22.46.48:716][898]LogModuleManager: Shutting down and abandoning module Paper2D (208)
[2019.10.30-22.46.48:716][898]LogModuleManager: Shutting down and abandoning module WindowsMoviePlayer (206)
[2019.10.30-22.46.48:716][898]LogModuleManager: Shutting down and abandoning module WebMMoviePlayer (204)
[2019.10.30-22.46.48:716][898]LogModuleManager: Shutting down and abandoning module PacketHandler (202)
[2019.10.30-22.46.48:716][898]LogModuleManager: Shutting down and abandoning module ClothingSystemEditor (200)
[2019.10.30-22.46.48:716][898]LogModuleManager: Shutting down and abandoning module ClothingSystemRuntime (198)
[2019.10.30-22.46.48:716][898]LogModuleManager: Shutting down and abandoning module MediaAssets (196)
[2019.10.30-22.46.48:716][898]LogModuleManager: Shutting down and abandoning module Overlay (194)
[2019.10.30-22.46.48:716][898]LogModuleManager: Shutting down and abandoning module OverlayEditor (193)
[2019.10.30-22.46.48:716][898]LogModuleManager: Shutting down and abandoning module VREditor (190)
[2019.10.30-22.46.48:716][898]LogModuleManager: Shutting down and abandoning module StringTableEditor (188)
[2019.10.30-22.46.48:716][898]LogModuleManager: Shutting down and abandoning module GameplayTasksEditor (186)
[2019.10.30-22.46.48:716][898]LogModuleManager: Shutting down and abandoning module BehaviorTreeEditor (184)
[2019.10.30-22.46.48:716][898]LogModuleManager: Shutting down and abandoning module FunctionalTesting (182)
[2019.10.30-22.46.48:716][898]LogModuleManager: Shutting down and abandoning module CollisionAnalyzer (180)
[2019.10.30-22.46.48:716][898]LogModuleManager: Shutting down and abandoning module WorkspaceMenuStructure (179)
[2019.10.30-22.46.48:716][898]LogModuleManager: Shutting down and abandoning module UMG (176)
[2019.10.30-22.46.48:716][898]LogModuleManager: Shutting down and abandoning module UMGEditor (175)
[2019.10.30-22.46.48:716][898]LogModuleManager: Shutting down and abandoning module Sequencer (174)
[2019.10.30-22.46.48:716][898]LogModuleManager: Shutting down and abandoning module MessageLog (171)
[2019.10.30-22.46.48:716][898]LogModuleManager: Shutting down and abandoning module SlateReflector (166)
[2019.10.30-22.46.48:716][898]LogModuleManager: Shutting down and abandoning module Slate (164)
[2019.10.30-22.46.48:716][898]LogModuleManager: Shutting down and abandoning module EditorStyle (162)
[2019.10.30-22.46.48:719][898]LogModuleManager: Shutting down and abandoning module UnrealEd (160)
[2019.10.30-22.46.48:719][898]LogModuleManager: Shutting down and abandoning module MRMesh (158)
[2019.10.30-22.46.48:719][898]LogModuleManager: Shutting down and abandoning module Messaging (156)
[2019.10.30-22.46.48:719][898]LogModuleManager: Shutting down and abandoning module SourceCodeAccess (154)
[2019.10.30-22.46.48:719][898]LogModuleManager: Shutting down and abandoning module HeadMountedDisplay (152)
[2019.10.30-22.46.48:719][898]LogModuleManager: Shutting down and abandoning module XAudio2 (150)
[2019.10.30-22.46.48:719][898]LogModuleManager: Shutting down and abandoning module Networking (148)
[2019.10.30-22.46.48:719][898]LogModuleManager: Shutting down and abandoning module Core (146)
[2019.10.30-22.46.48:719][898]LogModuleManager: Shutting down and abandoning module KismetCompiler (144)
[2019.10.30-22.46.48:719][898]LogModuleManager: Shutting down and abandoning module MeshUtilities (142)
[2019.10.30-22.46.48:719][898]LogModuleManager: Shutting down and abandoning module MeshMergeUtilities (141)
[2019.10.30-22.46.48:719][898]LogModuleManager: Shutting down and abandoning module MeshReductionInterface (140)
[2019.10.30-22.46.48:719][898]LogModuleManager: Shutting down and abandoning module SkeletalMeshReduction (139)
[2019.10.30-22.46.48:719][898]LogModuleManager: Shutting down and abandoning module ProxyLODMeshReduction (137)
[2019.10.30-22.46.48:719][898]LogModuleManager: Shutting down and abandoning module QuadricMeshReduction (135)
[2019.10.30-22.46.48:719][898]LogModuleManager: Shutting down and abandoning module MaterialBaking (131)
[2019.10.30-22.46.48:719][898]LogModuleManager: Shutting down and abandoning module PIEPreviewDeviceProfileSelector (126)
[2019.10.30-22.46.48:719][898]LogModuleManager: Shutting down and abandoning module DerivedDataCache (124)
[2019.10.30-22.46.48:771][898]LogDerivedDataCache: Shutdown
[2019.10.30-22.46.48:771][898]LogModuleManager: Shutting down and abandoning module XGEController (122)
[2019.10.30-22.46.48:771][898]LogModuleManager: Shutting down and abandoning module TargetPlatform (120)
[2019.10.30-22.46.48:771][898]LogModuleManager: Shutting down and abandoning module VulkanShaderFormat (119)
[2019.10.30-22.46.48:771][898]LogModuleManager: Shutting down and abandoning module ShaderFormatVectorVM (117)
[2019.10.30-22.46.48:771][898]LogModuleManager: Shutting down and abandoning module ShaderFormatOpenGL (115)
[2019.10.30-22.46.48:771][898]LogModuleManager: Shutting down and abandoning module ShaderFormatD3D (113)
[2019.10.30-22.46.48:772][898]LogModuleManager: Shutting down and abandoning module MetalShaderFormat (111)
[2019.10.30-22.46.48:772][898]LogModuleManager: Shutting down and abandoning module TextureFormatUncompressed (109)
[2019.10.30-22.46.48:772][898]LogModuleManager: Shutting down and abandoning module TextureFormatPVR (107)
[2019.10.30-22.46.48:772][898]LogModuleManager: Shutting down and abandoning module TextureFormatDXT (105)
[2019.10.30-22.46.48:772][898]LogModuleManager: Shutting down and abandoning module TextureFormatIntelISPCTexComp (103)
[2019.10.30-22.46.48:772][898]LogModuleManager: Shutting down and abandoning module TextureFormatASTC (101)
[2019.10.30-22.46.48:772][898]LogModuleManager: Shutting down and abandoning module ImageWrapper (100)
[2019.10.30-22.46.48:772][898]LogModuleManager: Shutting down and abandoning module TextureFormatAndroid (97)
[2019.10.30-22.46.48:772][898]LogModuleManager: Shutting down and abandoning module AudioFormatOpus (95)
[2019.10.30-22.46.48:772][898]LogModuleManager: Shutting down and abandoning module AudioFormatOgg (93)
[2019.10.30-22.46.48:772][898]LogModuleManager: Shutting down and abandoning module AudioFormatADPCM (91)
[2019.10.30-22.46.48:772][898]LogModuleManager: Shutting down and abandoning module WindowsTargetPlatform (89)
[2019.10.30-22.46.48:772][898]LogModuleManager: Shutting down and abandoning module WindowsServerTargetPlatform (87)
[2019.10.30-22.46.48:772][898]LogModuleManager: Shutting down and abandoning module WindowsNoEditorTargetPlatform (85)
[2019.10.30-22.46.48:772][898]LogModuleManager: Shutting down and abandoning module WindowsClientTargetPlatform (83)
[2019.10.30-22.46.48:772][898]LogModuleManager: Shutting down and abandoning module InputCore (80)
[2019.10.30-22.46.48:772][898]LogModuleManager: Shutting down and abandoning module Settings (78)
[2019.10.30-22.46.48:772][898]LogModuleManager: Shutting down and abandoning module PhysXCooking (76)
[2019.10.30-22.46.48:772][898]LogModuleManager: Shutting down and abandoning module SteamVR (74)
[2019.10.30-22.46.48:772][898]LogHMD: Freeing OpenVRDLLHandle.
[2019.10.30-22.46.48:772][898]LogModuleManager: Shutting down and abandoning module OculusHMD (72)
[2019.10.30-22.46.48:772][898]LogModuleManager: Shutting down and abandoning module ExampleDeviceProfileSelector (70)
[2019.10.30-22.46.48:772][898]LogModuleManager: Shutting down and abandoning module LauncherChunkInstaller (68)
[2019.10.30-22.46.48:772][898]LogModuleManager: Shutting down and abandoning module OnlineBlueprintSupport (66)
[2019.10.30-22.46.48:772][898]LogModuleManager: Shutting down and abandoning module OnlineSubsystem (62)
[2019.10.30-22.46.48:773][898]LogModuleManager: Shutting down and abandoning module XMPP (55)
[2019.10.30-22.46.48:773][898]LogModuleManager: Shutting down and abandoning module WebSockets (54)
[2019.10.30-22.46.48:801][898]LogModuleManager: Shutting down and abandoning module HTTP (51)
[2019.10.30-22.46.48:817][898]LogModuleManager: Shutting down and abandoning module SSL (50)
[2019.10.30-22.46.48:820][898]LogModuleManager: Shutting down and abandoning module WmfMedia (46)
[2019.10.30-22.46.48:821][898]LogModuleManager: Shutting down and abandoning module Media (45)
[2019.10.30-22.46.48:827][898]LogModuleManager: Shutting down and abandoning module MagicLeap (42)
[2019.10.30-22.46.48:827][898]LogModuleManager: Shutting down and abandoning module DatasmithContent (40)
[2019.10.30-22.46.48:828][898]LogModuleManager: Shutting down and abandoning module AnimationModifiers (38)
[2019.10.30-22.46.48:828][898]LogModuleManager: Shutting down and abandoning module PropertyEditor (37)
[2019.10.30-22.46.48:828][898]LogModuleManager: Shutting down and abandoning module AudioEditor (34)
[2019.10.30-22.46.48:828][898]LogModuleManager: Shutting down and abandoning module TextureCompressor (32)
[2019.10.30-22.46.48:828][898]LogModuleManager: Shutting down and abandoning module RenderCore (30)
[2019.10.30-22.46.48:828][898]LogModuleManager: Shutting down and abandoning module Landscape (28)
[2019.10.30-22.46.48:828][898]LogModuleManager: Shutting down and abandoning module SlateRHIRenderer (26)
[2019.10.30-22.46.48:828][898]LogModuleManager: Shutting down and abandoning module OpenGLDrv (24)
[2019.10.30-22.46.48:828][898]LogModuleManager: Shutting down and abandoning module D3D11RHI (22)
[2019.10.30-22.46.48:828][898]LogModuleManager: Shutting down and abandoning module AnimGraphRuntime (20)
[2019.10.30-22.46.48:828][898]LogModuleManager: Shutting down and abandoning module Renderer (18)
[2019.10.30-22.46.48:829][898]LogModuleManager: Shutting down and abandoning module Engine (16)
[2019.10.30-22.46.48:829][898]LogModuleManager: Shutting down and abandoning module CoreUObject (14)
[2019.10.30-22.46.48:829][898]LogModuleManager: Shutting down and abandoning module NetworkFile (12)
[2019.10.30-22.46.48:829][898]LogModuleManager: Shutting down and abandoning module CookedIterativeFile (10)
[2019.10.30-22.46.48:829][898]LogModuleManager: Shutting down and abandoning module StreamingFile (8)
[2019.10.30-22.46.48:829][898]LogModuleManager: Shutting down and abandoning module SandboxFile (6)
[2019.10.30-22.46.48:829][898]LogModuleManager: Shutting down and abandoning module PakFile (4)
[2019.10.30-22.46.48:829][898]LogModuleManager: Shutting down and abandoning module RSA (3)
[2019.10.30-22.46.48:836][898]LogExit: Exiting.
[2019.10.30-22.46.48:861][898]Log file closed, 10/30/19 17:46:48
