Log file open, 11/22/19 00:10:22
LogWindows: Failed to load 'aqProf.dll' (GetLastError=126)
LogWindows: File 'aqProf.dll' does not exist
LogWindows: Failed to load 'VtuneApi.dll' (GetLastError=126)
LogWindows: File 'VtuneApi.dll' does not exist
LogWindows: Failed to load 'VtuneApi32e.dll' (GetLastError=126)
LogWindows: File 'VtuneApi32e.dll' does not exist
LogConsoleResponse: Display: Failed to find resolution value strings in scalability ini. Falling back to default.
LogInit: Display: Running engine for game: TheRageRace
LogPakFile: Registered encryption key '00000000000000000000000000000000': 0 pak files mounted, 0 remain pending
LogPlatformFile: Not using cached read wrapper
LogTaskGraph: Started task graph with 5 named threads and 35 total threads with 3 sets of task threads.
LogStats: Stats thread started at 0.382728
LogD3D11RHI: Loaded GFSDK_Aftermath_Lib.x64.dll
LogICUInternationalization: ICU TimeZone Detection - Raw Offset: -5:00, Platform Override: ''
LogPluginManager: Mounting plugin Paper2D
LogPluginManager: Mounting plugin AISupport
LogPluginManager: Mounting plugin LightPropagationVolume
LogPluginManager: Mounting plugin ActorLayerUtilities
LogPluginManager: Mounting plugin AnimationSharing
LogPluginManager: Mounting plugin CLionSourceCodeAccess
LogPluginManager: Mounting plugin CodeLiteSourceCodeAccess
LogPluginManager: Mounting plugin GitSourceControl
LogPluginManager: Mounting plugin KDevelopSourceCodeAccess
LogPluginManager: Mounting plugin NullSourceCodeAccess
LogPluginManager: Mounting plugin PerforceSourceControl
LogPluginManager: Mounting plugin SubversionSourceControl
LogPluginManager: Mounting plugin UObjectPlugin
LogPluginManager: Mounting plugin VisualStudioCodeSourceCodeAccess
LogPluginManager: Mounting plugin VisualStudioSourceCodeAccess
LogPluginManager: Mounting plugin XCodeSourceCodeAccess
LogPluginManager: Mounting plugin AssetManagerEditor
LogPluginManager: Mounting plugin CryptoKeys
LogPluginManager: Mounting plugin DataValidation
LogPluginManager: Mounting plugin FacialAnimation
LogPluginManager: Mounting plugin GameplayTagsEditor
LogPluginManager: Mounting plugin MacGraphicsSwitching
LogPluginManager: Mounting plugin MaterialAnalyzer
LogPluginManager: Mounting plugin MobileLauncherProfileWizard
LogPluginManager: Mounting plugin PluginBrowser
LogPluginManager: Mounting plugin SpeedTreeImporter
LogPluginManager: Mounting plugin DatasmithContent
LogPluginManager: Mounting plugin VariantManagerContent
LogPluginManager: Mounting plugin AlembicImporter
LogPluginManager: Mounting plugin AppleImageUtils
LogPluginManager: Mounting plugin AppleVision
LogPluginManager: Mounting plugin BackChannel
LogPluginManager: Mounting plugin CharacterAI
LogPluginManager: Mounting plugin GeometryCache
LogPluginManager: Mounting plugin HTML5Networking
LogPluginManager: Mounting plugin ProxyLODPlugin
LogPluginManager: Mounting plugin SkeletalReduction
LogPluginManager: Mounting plugin MagicLeap
LogPluginManager: Mounting plugin MagicLeapMedia
LogPluginManager: Mounting plugin AndroidMedia
LogPluginManager: Mounting plugin AvfMedia
LogPluginManager: Mounting plugin ImgMedia
LogPluginManager: Mounting plugin LinearTimecode
LogPluginManager: Mounting plugin MediaCompositing
LogPluginManager: Mounting plugin MediaPlayerEditor
LogPluginManager: Mounting plugin WebMMedia
LogPluginManager: Mounting plugin WmfMedia
LogPluginManager: Mounting plugin TcpMessaging
LogPluginManager: Mounting plugin UdpMessaging
LogPluginManager: Mounting plugin ActorSequence
LogPluginManager: Mounting plugin LevelSequenceEditor
LogPluginManager: Mounting plugin MatineeToLevelSequence
LogPluginManager: Mounting plugin NetcodeUnitTest
LogPluginManager: Mounting plugin NUTUnrealEngine4
LogPluginManager: Mounting plugin OnlineSubsystemGooglePlay
LogPluginManager: Mounting plugin OnlineSubsystemIOS
LogPluginManager: Mounting plugin OnlineSubsystem
LogPluginManager: Mounting plugin OnlineSubsystemNull
LogPluginManager: Mounting plugin OnlineSubsystemSteam
LogPluginManager: Mounting plugin OnlineSubsystemUtils
LogPluginManager: Mounting plugin LauncherChunkInstaller
LogPluginManager: Mounting plugin AndroidDeviceProfileSelector
LogPluginManager: Mounting plugin AndroidMoviePlayer
LogPluginManager: Mounting plugin AndroidPermission
LogPluginManager: Mounting plugin AppleMoviePlayer
LogPluginManager: Mounting plugin ArchVisCharacter
LogPluginManager: Mounting plugin AudioCapture
LogPluginManager: Mounting plugin CableComponent
LogPluginManager: Mounting plugin CustomMeshComponent
LogPluginManager: Mounting plugin EditableMesh
LogPluginManager: Mounting plugin ExampleDeviceProfileSelector
LogPluginManager: Mounting plugin Firebase
LogPluginManager: Mounting plugin GoogleCloudMessaging
LogPluginManager: Mounting plugin IOSDeviceProfileSelector
LogPluginManager: Mounting plugin LinuxDeviceProfileSelector
LogPluginManager: Mounting plugin LocationServicesBPLibrary
LogPluginManager: Mounting plugin MobilePatchingUtils
LogPluginManager: Mounting plugin OculusVR
LogPluginManager: Mounting plugin PhysXVehicles
LogPluginManager: Mounting plugin ProceduralMeshComponent
LogPluginManager: Mounting plugin RuntimePhysXCooking
LogPluginManager: Mounting plugin SignificanceManager
LogPluginManager: Mounting plugin SteamVR
LogPluginManager: Mounting plugin WebMMoviePlayer
LogPluginManager: Mounting plugin WindowsMoviePlayer
LogPluginManager: Mounting plugin AdvancedSessions
LogPluginManager: Mounting plugin AdvancedSteamSessions
LogInit: Using libcurl 7.55.1-DEV
LogInit:  - built for x86_64-pc-win32
LogInit:  - supports SSL with OpenSSL/1.1.1
LogInit:  - supports HTTP deflate (compression) using libz 1.2.8
LogInit:  - other features:
LogInit:      CURL_VERSION_SSL
LogInit:      CURL_VERSION_LIBZ
LogInit:      CURL_VERSION_IPV6
LogInit:      CURL_VERSION_ASYNCHDNS
LogInit:      CURL_VERSION_LARGEFILE
LogInit:      CURL_VERSION_IDN
LogInit:  CurlRequestOptions (configurable via config and command line):
LogInit:  - bVerifyPeer = true  - Libcurl will verify peer certificate
LogInit:  - bUseHttpProxy = false  - Libcurl will NOT use HTTP proxy
LogInit:  - bDontReuseConnections = false  - Libcurl will reuse connections
LogInit:  - MaxHostConnections = 16  - Libcurl will limit the number of connections to a host
LogInit:  - LocalHostAddr = Default
LogInit:  - BufferSize = 65536
LogOnline: Display: STEAM: Loading Steam SDK 1.39
LogOnline: Display: STEAM: OnlineSubsystemSteam::Shutdown()
LogOnline: OSS: Unable to create OnlineSubsystem module Steam
LogInit: WinSock: version 1.1 (2.2), MaxSocks=32767, MaxUdp=65467
LogInit: Build: ++UE4+Release-4.22-CL-7053642
LogInit: Engine Version: 4.22.3-7053642+++UE4+Release-4.22
LogInit: Compatible Engine Version: 4.22.0-5660361+++UE4+Release-4.22
LogInit: Net CL: 5660361
LogInit: OS: Windows 10 (Release 1903) (), CPU: Intel(R) Core(TM) i7-8700 CPU @ 3.20GHz, GPU: NVIDIA GeForce GTX 1060 6GB
LogInit: Compiled (64-bit): Jun 18 2019 03:09:11
LogInit: Compiled with Visual C++: 19.16.27025.01
LogInit: Build Configuration: Development
LogInit: Branch Name: ++UE4+Release-4.22
LogInit: Command Line:  -EpicPortal -epicusername=FearBunnies -epicuserid=57de66fab2ab42d385517f98632875ca -epiclocale=en-US
LogInit: Base Directory: E:/Epic/UE_4.22/Engine/Binaries/Win64/
LogInit: Installed Engine Build: 1
LogDevObjectVersion: Number of dev versions registered: 23
LogDevObjectVersion:   Dev-Blueprints (B0D832E4-1F89-4F0D-ACCF-7EB736FD4AA2): 10
LogDevObjectVersion:   Dev-Build (E1C64328-A22C-4D53-A36C-8E866417BD8C): 0
LogDevObjectVersion:   Dev-Core (375EC13C-06E4-48FB-B500-84F0262A717E): 3
LogDevObjectVersion:   Dev-Editor (E4B068ED-F494-42E9-A231-DA0B2E46BB41): 30
LogDevObjectVersion:   Dev-Framework (CFFC743F-43B0-4480-9391-14DF171D2073): 35
LogDevObjectVersion:   Dev-Mobile (B02B49B5-BB20-44E9-A304-32B752E40360): 2
LogDevObjectVersion:   Dev-Networking (A4E4105C-59A1-49B5-A7C5-40C4547EDFEE): 0
LogDevObjectVersion:   Dev-Online (39C831C9-5AE6-47DC-9A44-9C173E1C8E7C): 0
LogDevObjectVersion:   Dev-Physics (78F01B33-EBEA-4F98-B9B4-84EACCB95AA2): 0
LogDevObjectVersion:   Dev-Platform (6631380F-2D4D-43E0-8009-CF276956A95A): 0
LogDevObjectVersion:   Dev-Rendering (12F88B9F-8875-4AFC-A67C-D90C383ABD29): 28
LogDevObjectVersion:   Dev-Sequencer (7B5AE74C-D270-4C10-A958-57980B212A5A): 11
LogDevObjectVersion:   Dev-VR (D7296918-1DD6-4BDD-9DE2-64A83CC13884): 2
LogDevObjectVersion:   Dev-LoadTimes (C2A15278-BFE7-4AFE-6C17-90FF531DF755): 1
LogDevObjectVersion:   Private-Geometry (6EACA3D4-40EC-4CC1-B786-8BED09428FC5): 3
LogDevObjectVersion:   Dev-AnimPhys (29E575DD-E0A3-4627-9D10-D276232CDCEA): 17
LogDevObjectVersion:   Dev-Anim (AF43A65D-7FD3-4947-9873-3E8ED9C1BB05): 2
LogDevObjectVersion:   Dev-ReflectionCapture (6B266CEC-1EC7-4B8F-A30B-E4D90942FC07): 1
LogDevObjectVersion:   Dev-Automation (0DF73D61-A23F-47EA-B727-89E90C41499A): 1
LogDevObjectVersion:   FortniteMain (601D1886-AC64-4F84-AA16-D3DE0DEAC7D6): 25
LogDevObjectVersion:   Dev-Enterprise (9DFFBCD6-494F-0158-E221-12823C92A888): 6
LogDevObjectVersion:   Dev-Niagara (F2AED0AC-9AFE-416F-8664-AA7FFA26D6FC): 1
LogDevObjectVersion:   Dev-Destruction (174F1F0B-B4C6-45A5-B13F-2EE8D0FB917D): 2
LogInit: Presizing for max 16777216 objects, including 0 objects not considered by GC, pre-allocating 0 bytes for permanent pool.
LogInit: Object subsystem initialized
LogConfig: Setting CVar [[con.DebugEarlyDefault:1]]
LogConfig: Setting CVar [[r.setres:1280x720]]
[2019.11.22-05.10.23:431][  0]LogConfig: Setting CVar [[r.VSync:0]]
[2019.11.22-05.10.23:431][  0]LogConfig: Setting CVar [[r.RHICmdBypass:0]]
[2019.11.22-05.10.23:431][  0]LogConfig: Applying CVar settings from Section [/Script/Engine.RendererSettings] File [D:/Files/Rage-Race/Project/Saved/Config/Windows/Engine.ini]
[2019.11.22-05.10.23:431][  0]LogConfig: Setting CVar [[r.GPUCrashDebugging:0]]
[2019.11.22-05.10.23:431][  0]LogConfig: Applying CVar settings from Section [/Script/Engine.RendererOverrideSettings] File [D:/Files/Rage-Race/Project/Saved/Config/Windows/Engine.ini]
[2019.11.22-05.10.23:431][  0]LogConfig: Applying CVar settings from Section [/Script/Engine.StreamingSettings] File [D:/Files/Rage-Race/Project/Saved/Config/Windows/Engine.ini]
[2019.11.22-05.10.23:431][  0]LogConfig: Setting CVar [[s.MinBulkDataSizeForAsyncLoading:131072]]
[2019.11.22-05.10.23:431][  0]LogConfig: Setting CVar [[s.AsyncLoadingThreadEnabled:0]]
[2019.11.22-05.10.23:431][  0]LogConfig: Setting CVar [[s.EventDrivenLoaderEnabled:1]]
[2019.11.22-05.10.23:431][  0]LogConfig: Setting CVar [[s.WarnIfTimeLimitExceeded:0]]
[2019.11.22-05.10.23:431][  0]LogConfig: Setting CVar [[s.TimeLimitExceededMultiplier:1.5]]
[2019.11.22-05.10.23:431][  0]LogConfig: Setting CVar [[s.TimeLimitExceededMinTime:0.005]]
[2019.11.22-05.10.23:431][  0]LogConfig: Setting CVar [[s.UseBackgroundLevelStreaming:1]]
[2019.11.22-05.10.23:431][  0]LogConfig: Setting CVar [[s.PriorityAsyncLoadingExtraTime:15.0]]
[2019.11.22-05.10.23:431][  0]LogConfig: Setting CVar [[s.LevelStreamingActorsUpdateTimeLimit:5.0]]
[2019.11.22-05.10.23:431][  0]LogConfig: Setting CVar [[s.PriorityLevelStreamingActorsUpdateExtraTime:5.0]]
[2019.11.22-05.10.23:431][  0]LogConfig: Setting CVar [[s.LevelStreamingComponentsRegistrationGranularity:10]]
[2019.11.22-05.10.23:431][  0]LogConfig: Setting CVar [[s.UnregisterComponentsTimeLimit:1.0]]
[2019.11.22-05.10.23:431][  0]LogConfig: Setting CVar [[s.LevelStreamingComponentsUnregistrationGranularity:5]]
[2019.11.22-05.10.23:431][  0]LogConfig: Applying CVar settings from Section [/Script/Engine.GarbageCollectionSettings] File [D:/Files/Rage-Race/Project/Saved/Config/Windows/Engine.ini]
[2019.11.22-05.10.23:431][  0]LogConfig: Setting CVar [[gc.MaxObjectsNotConsideredByGC:1]]
[2019.11.22-05.10.23:431][  0]LogConfig: Setting CVar [[gc.SizeOfPermanentObjectPool:0]]
[2019.11.22-05.10.23:431][  0]LogConfig: Setting CVar [[gc.FlushStreamingOnGC:0]]
[2019.11.22-05.10.23:431][  0]LogConfig: Setting CVar [[gc.NumRetriesBeforeForcingGC:10]]
[2019.11.22-05.10.23:431][  0]LogConfig: Setting CVar [[gc.AllowParallelGC:1]]
[2019.11.22-05.10.23:431][  0]LogConfig: Setting CVar [[gc.TimeBetweenPurgingPendingKillObjects:61.1]]
[2019.11.22-05.10.23:431][  0]LogConfig: Setting CVar [[gc.MaxObjectsInEditor:16777216]]
[2019.11.22-05.10.23:431][  0]LogConfig: Setting CVar [[gc.IncrementalBeginDestroyEnabled:1]]
[2019.11.22-05.10.23:431][  0]LogConfig: Setting CVar [[gc.CreateGCClusters:1]]
[2019.11.22-05.10.23:431][  0]LogConfig: Setting CVar [[gc.MinGCClusterSize:5]]
[2019.11.22-05.10.23:431][  0]LogConfig: Setting CVar [[gc.ActorClusteringEnabled:0]]
[2019.11.22-05.10.23:431][  0]LogConfig: Setting CVar [[gc.BlueprintClusteringEnabled:0]]
[2019.11.22-05.10.23:431][  0]LogConfig: Setting CVar [[gc.UseDisregardForGCOnDedicatedServers:0]]
[2019.11.22-05.10.23:431][  0]LogConfig: Applying CVar settings from Section [/Script/Engine.NetworkSettings] File [D:/Files/Rage-Race/Project/Saved/Config/Windows/Engine.ini]
[2019.11.22-05.10.23:431][  0]LogConfig: Applying CVar settings from Section [/Script/UnrealEd.CookerSettings] File [D:/Files/Rage-Race/Project/Saved/Config/Windows/Engine.ini]
[2019.11.22-05.10.23:436][  0]LogConfig: Applying CVar settings from Section [ViewDistanceQuality@3] File [D:/Files/Rage-Race/Project/Saved/Config/Windows/Scalability.ini]
[2019.11.22-05.10.23:436][  0]LogConfig: Setting CVar [[r.SkeletalMeshLODBias:0]]
[2019.11.22-05.10.23:436][  0]LogConfig: Setting CVar [[r.ViewDistanceScale:1.0]]
[2019.11.22-05.10.23:436][  0]LogConfig: Applying CVar settings from Section [AntiAliasingQuality@3] File [D:/Files/Rage-Race/Project/Saved/Config/Windows/Scalability.ini]
[2019.11.22-05.10.23:436][  0]LogConfig: Setting CVar [[r.PostProcessAAQuality:4]]
[2019.11.22-05.10.23:436][  0]LogConfig: Applying CVar settings from Section [ShadowQuality@3] File [D:/Files/Rage-Race/Project/Saved/Config/Windows/Scalability.ini]
[2019.11.22-05.10.23:436][  0]LogConfig: Setting CVar [[r.LightFunctionQuality:1]]
[2019.11.22-05.10.23:436][  0]LogConfig: Setting CVar [[r.ShadowQuality:5]]
[2019.11.22-05.10.23:436][  0]LogConfig: Setting CVar [[r.Shadow.CSM.MaxCascades:10]]
[2019.11.22-05.10.23:436][  0]LogConfig: Setting CVar [[r.Shadow.MaxResolution:2048]]
[2019.11.22-05.10.23:436][  0]LogConfig: Setting CVar [[r.Shadow.MaxCSMResolution:2048]]
[2019.11.22-05.10.23:436][  0]LogConfig: Setting CVar [[r.Shadow.RadiusThreshold:0.01]]
[2019.11.22-05.10.23:436][  0]LogConfig: Setting CVar [[r.Shadow.DistanceScale:1.0]]
[2019.11.22-05.10.23:436][  0]LogConfig: Setting CVar [[r.Shadow.CSM.TransitionScale:1.0]]
[2019.11.22-05.10.23:436][  0]LogConfig: Setting CVar [[r.Shadow.PreShadowResolutionFactor:1.0]]
[2019.11.22-05.10.23:436][  0]LogConfig: Setting CVar [[r.DistanceFieldShadowing:1]]
[2019.11.22-05.10.23:436][  0]LogConfig: Setting CVar [[r.DistanceFieldAO:1]]
[2019.11.22-05.10.23:436][  0]LogConfig: Setting CVar [[r.AOQuality:2]]
[2019.11.22-05.10.23:436][  0]LogConfig: Setting CVar [[r.VolumetricFog:1]]
[2019.11.22-05.10.23:436][  0]LogConfig: Setting CVar [[r.VolumetricFog.GridPixelSize:8]]
[2019.11.22-05.10.23:436][  0]LogConfig: Setting CVar [[r.VolumetricFog.GridSizeZ:128]]
[2019.11.22-05.10.23:436][  0]LogConfig: Setting CVar [[r.VolumetricFog.HistoryMissSupersampleCount:4]]
[2019.11.22-05.10.23:436][  0]LogConfig: Setting CVar [[r.LightMaxDrawDistanceScale:1]]
[2019.11.22-05.10.23:436][  0]LogConfig: Setting CVar [[r.CapsuleShadows:1]]
[2019.11.22-05.10.23:436][  0]LogConfig: Applying CVar settings from Section [PostProcessQuality@3] File [D:/Files/Rage-Race/Project/Saved/Config/Windows/Scalability.ini]
[2019.11.22-05.10.23:436][  0]LogConfig: Setting CVar [[r.MotionBlurQuality:4]]
[2019.11.22-05.10.23:436][  0]LogConfig: Setting CVar [[r.AmbientOcclusionMipLevelFactor:0.4]]
[2019.11.22-05.10.23:436][  0]LogConfig: Setting CVar [[r.AmbientOcclusionMaxQuality:100]]
[2019.11.22-05.10.23:436][  0]LogConfig: Setting CVar [[r.AmbientOcclusionLevels:-1]]
[2019.11.22-05.10.23:436][  0]LogConfig: Setting CVar [[r.AmbientOcclusionRadiusScale:1.0]]
[2019.11.22-05.10.23:436][  0]LogConfig: Setting CVar [[r.DepthOfFieldQuality:2]]
[2019.11.22-05.10.23:436][  0]LogConfig: Setting CVar [[r.RenderTargetPoolMin:400]]
[2019.11.22-05.10.23:436][  0]LogConfig: Setting CVar [[r.LensFlareQuality:2]]
[2019.11.22-05.10.23:436][  0]LogConfig: Setting CVar [[r.SceneColorFringeQuality:1]]
[2019.11.22-05.10.23:436][  0]LogConfig: Setting CVar [[r.EyeAdaptationQuality:2]]
[2019.11.22-05.10.23:436][  0]LogConfig: Setting CVar [[r.BloomQuality:5]]
[2019.11.22-05.10.23:436][  0]LogConfig: Setting CVar [[r.FastBlurThreshold:100]]
[2019.11.22-05.10.23:436][  0]LogConfig: Setting CVar [[r.Upscale.Quality:3]]
[2019.11.22-05.10.23:436][  0]LogConfig: Setting CVar [[r.Tonemapper.GrainQuantization:1]]
[2019.11.22-05.10.23:436][  0]LogConfig: Setting CVar [[r.LightShaftQuality:1]]
[2019.11.22-05.10.23:436][  0]LogConfig: Setting CVar [[r.Filter.SizeScale:1]]
[2019.11.22-05.10.23:436][  0]LogConfig: Setting CVar [[r.Tonemapper.Quality:5]]
[2019.11.22-05.10.23:436][  0]LogConfig: Setting CVar [[r.DOF.Gather.AccumulatorQuality:1        ; higher gathering accumulator quality]]
[2019.11.22-05.10.23:436][  0]LogConfig: Setting CVar [[r.DOF.Gather.PostfilterMethod:1          ; Median3x3 postfilering method]]
[2019.11.22-05.10.23:436][  0]LogConfig: Setting CVar [[r.DOF.Gather.EnableBokehSettings:0       ; no bokeh simulation when gathering]]
[2019.11.22-05.10.23:436][  0]LogConfig: Setting CVar [[r.DOF.Gather.RingCount:4                 ; medium number of samples when gathering]]
[2019.11.22-05.10.23:436][  0]LogConfig: Setting CVar [[r.DOF.Scatter.ForegroundCompositing:1    ; additive foreground scattering]]
[2019.11.22-05.10.23:436][  0]LogConfig: Setting CVar [[r.DOF.Scatter.BackgroundCompositing:2    ; additive background scattering]]
[2019.11.22-05.10.23:436][  0]LogConfig: Setting CVar [[r.DOF.Scatter.EnableBokehSettings:1      ; bokeh simulation when scattering]]
[2019.11.22-05.10.23:436][  0]LogConfig: Setting CVar [[r.DOF.Scatter.MaxSpriteRatio:0.1         ; only a maximum of 10% of scattered bokeh]]
[2019.11.22-05.10.23:436][  0]LogConfig: Setting CVar [[r.DOF.Recombine.Quality:1                ; cheap slight out of focus]]
[2019.11.22-05.10.23:436][  0]LogConfig: Setting CVar [[r.DOF.Recombine.EnableBokehSettings:0    ; no bokeh simulation on slight out of focus]]
[2019.11.22-05.10.23:436][  0]LogConfig: Setting CVar [[r.DOF.TemporalAAQuality:1                ; more stable temporal accumulation]]
[2019.11.22-05.10.23:436][  0]LogConfig: Setting CVar [[r.DOF.Kernel.MaxForegroundRadius:0.025]]
[2019.11.22-05.10.23:436][  0]LogConfig: Setting CVar [[r.DOF.Kernel.MaxBackgroundRadius:0.025]]
[2019.11.22-05.10.23:436][  0]LogConfig: Applying CVar settings from Section [TextureQuality@3] File [D:/Files/Rage-Race/Project/Saved/Config/Windows/Scalability.ini]
[2019.11.22-05.10.23:436][  0]LogConfig: Setting CVar [[r.Streaming.MipBias:0]]
[2019.11.22-05.10.23:436][  0]LogConfig: Setting CVar [[r.Streaming.AmortizeCPUToGPUCopy:0]]
[2019.11.22-05.10.23:436][  0]LogConfig: Setting CVar [[r.Streaming.MaxNumTexturesToStreamPerFrame:0]]
[2019.11.22-05.10.23:436][  0]LogConfig: Setting CVar [[r.Streaming.Boost:1]]
[2019.11.22-05.10.23:436][  0]LogConfig: Setting CVar [[r.MaxAnisotropy:8]]
[2019.11.22-05.10.23:436][  0]LogConfig: Setting CVar [[r.Streaming.LimitPoolSizeToVRAM:0]]
[2019.11.22-05.10.23:436][  0]LogConfig: Setting CVar [[r.Streaming.PoolSize:1000]]
[2019.11.22-05.10.23:436][  0]LogConfig: Setting CVar [[r.Streaming.MaxEffectiveScreenSize:0]]
[2019.11.22-05.10.23:436][  0]LogConfig: Applying CVar settings from Section [EffectsQuality@3] File [D:/Files/Rage-Race/Project/Saved/Config/Windows/Scalability.ini]
[2019.11.22-05.10.23:436][  0]LogConfig: Setting CVar [[r.TranslucencyLightingVolumeDim:64]]
[2019.11.22-05.10.23:436][  0]LogConfig: Setting CVar [[r.RefractionQuality:2]]
[2019.11.22-05.10.23:436][  0]LogConfig: Setting CVar [[r.SSR.Quality:3]]
[2019.11.22-05.10.23:436][  0]LogConfig: Setting CVar [[r.SceneColorFormat:4]]
[2019.11.22-05.10.23:436][  0]LogConfig: Setting CVar [[r.DetailMode:2]]
[2019.11.22-05.10.23:436][  0]LogConfig: Setting CVar [[r.TranslucencyVolumeBlur:1]]
[2019.11.22-05.10.23:436][  0]LogConfig: Setting CVar [[r.MaterialQualityLevel:1 ; High quality]]
[2019.11.22-05.10.23:436][  0]LogConfig: Setting CVar [[r.SSS.Scale:1]]
[2019.11.22-05.10.23:436][  0]LogConfig: Setting CVar [[r.SSS.SampleSet:2]]
[2019.11.22-05.10.23:436][  0]LogConfig: Setting CVar [[r.SSS.Quality:1]]
[2019.11.22-05.10.23:436][  0]LogConfig: Setting CVar [[r.SSS.HalfRes:1]]
[2019.11.22-05.10.23:436][  0]LogConfig: Setting CVar [[r.EmitterSpawnRateScale:1.0]]
[2019.11.22-05.10.23:436][  0]LogConfig: Setting CVar [[r.ParticleLightQuality:2]]
[2019.11.22-05.10.23:436][  0]LogConfig: Applying CVar settings from Section [FoliageQuality@3] File [D:/Files/Rage-Race/Project/Saved/Config/Windows/Scalability.ini]
[2019.11.22-05.10.23:436][  0]LogConfig: Setting CVar [[foliage.DensityScale:1.0]]
[2019.11.22-05.10.23:436][  0]LogConfig: Setting CVar [[grass.DensityScale:1.0]]
[2019.11.22-05.10.23:436][  0]LogInit: Selected Device Profile: [Windows]
[2019.11.22-05.10.23:436][  0]LogInit: Applying CVar settings loaded from the selected device profile: [Windows]
[2019.11.22-05.10.23:467][  0]LogHAL: Display: Platform has ~ 16 GB [17138274304 / 17179869184 / 16], which maps to Larger [LargestMinGB=32, LargerMinGB=12, DefaultMinGB=8, SmallerMinGB=6, SmallestMinGB=0)
[2019.11.22-05.10.23:467][  0]LogConfig: Setting CVar [[r.Vulkan.UseRealUBs:0		; Required until we fix HLR fall-out]]
[2019.11.22-05.10.23:467][  0]LogInit: Going up to parent DeviceProfile []
[2019.11.22-05.10.23:467][  0]LogConfig: Applying CVar settings from Section [ViewDistanceQuality@3] File [D:/Files/Rage-Race/Project/Saved/Config/Windows/Scalability.ini]
[2019.11.22-05.10.23:467][  0]LogConfig: Setting CVar [[r.SkeletalMeshLODBias:0]]
[2019.11.22-05.10.23:467][  0]LogConfig: Setting CVar [[r.ViewDistanceScale:1.0]]
[2019.11.22-05.10.23:467][  0]LogConfig: Applying CVar settings from Section [AntiAliasingQuality@3] File [D:/Files/Rage-Race/Project/Saved/Config/Windows/Scalability.ini]
[2019.11.22-05.10.23:467][  0]LogConfig: Setting CVar [[r.PostProcessAAQuality:4]]
[2019.11.22-05.10.23:467][  0]LogConfig: Applying CVar settings from Section [ShadowQuality@3] File [D:/Files/Rage-Race/Project/Saved/Config/Windows/Scalability.ini]
[2019.11.22-05.10.23:467][  0]LogConfig: Setting CVar [[r.LightFunctionQuality:1]]
[2019.11.22-05.10.23:468][  0]LogConfig: Setting CVar [[r.ShadowQuality:5]]
[2019.11.22-05.10.23:468][  0]LogConfig: Setting CVar [[r.Shadow.CSM.MaxCascades:10]]
[2019.11.22-05.10.23:468][  0]LogConfig: Setting CVar [[r.Shadow.MaxResolution:2048]]
[2019.11.22-05.10.23:468][  0]LogConfig: Setting CVar [[r.Shadow.MaxCSMResolution:2048]]
[2019.11.22-05.10.23:468][  0]LogConfig: Setting CVar [[r.Shadow.RadiusThreshold:0.01]]
[2019.11.22-05.10.23:468][  0]LogConfig: Setting CVar [[r.Shadow.DistanceScale:1.0]]
[2019.11.22-05.10.23:468][  0]LogConfig: Setting CVar [[r.Shadow.CSM.TransitionScale:1.0]]
[2019.11.22-05.10.23:468][  0]LogConfig: Setting CVar [[r.Shadow.PreShadowResolutionFactor:1.0]]
[2019.11.22-05.10.23:468][  0]LogConfig: Setting CVar [[r.DistanceFieldShadowing:1]]
[2019.11.22-05.10.23:468][  0]LogConfig: Setting CVar [[r.DistanceFieldAO:1]]
[2019.11.22-05.10.23:468][  0]LogConfig: Setting CVar [[r.AOQuality:2]]
[2019.11.22-05.10.23:468][  0]LogConfig: Setting CVar [[r.VolumetricFog:1]]
[2019.11.22-05.10.23:468][  0]LogConfig: Setting CVar [[r.VolumetricFog.GridPixelSize:8]]
[2019.11.22-05.10.23:468][  0]LogConfig: Setting CVar [[r.VolumetricFog.GridSizeZ:128]]
[2019.11.22-05.10.23:468][  0]LogConfig: Setting CVar [[r.VolumetricFog.HistoryMissSupersampleCount:4]]
[2019.11.22-05.10.23:468][  0]LogConfig: Setting CVar [[r.LightMaxDrawDistanceScale:1]]
[2019.11.22-05.10.23:468][  0]LogConfig: Setting CVar [[r.CapsuleShadows:1]]
[2019.11.22-05.10.23:468][  0]LogConfig: Applying CVar settings from Section [PostProcessQuality@3] File [D:/Files/Rage-Race/Project/Saved/Config/Windows/Scalability.ini]
[2019.11.22-05.10.23:468][  0]LogConfig: Setting CVar [[r.MotionBlurQuality:4]]
[2019.11.22-05.10.23:468][  0]LogConfig: Setting CVar [[r.AmbientOcclusionMipLevelFactor:0.4]]
[2019.11.22-05.10.23:468][  0]LogConfig: Setting CVar [[r.AmbientOcclusionMaxQuality:100]]
[2019.11.22-05.10.23:468][  0]LogConfig: Setting CVar [[r.AmbientOcclusionLevels:-1]]
[2019.11.22-05.10.23:468][  0]LogConfig: Setting CVar [[r.AmbientOcclusionRadiusScale:1.0]]
[2019.11.22-05.10.23:468][  0]LogConfig: Setting CVar [[r.DepthOfFieldQuality:2]]
[2019.11.22-05.10.23:468][  0]LogConfig: Setting CVar [[r.RenderTargetPoolMin:400]]
[2019.11.22-05.10.23:468][  0]LogConfig: Setting CVar [[r.LensFlareQuality:2]]
[2019.11.22-05.10.23:468][  0]LogConfig: Setting CVar [[r.SceneColorFringeQuality:1]]
[2019.11.22-05.10.23:468][  0]LogConfig: Setting CVar [[r.EyeAdaptationQuality:2]]
[2019.11.22-05.10.23:468][  0]LogConfig: Setting CVar [[r.BloomQuality:5]]
[2019.11.22-05.10.23:468][  0]LogConfig: Setting CVar [[r.FastBlurThreshold:100]]
[2019.11.22-05.10.23:468][  0]LogConfig: Setting CVar [[r.Upscale.Quality:3]]
[2019.11.22-05.10.23:468][  0]LogConfig: Setting CVar [[r.Tonemapper.GrainQuantization:1]]
[2019.11.22-05.10.23:468][  0]LogConfig: Setting CVar [[r.LightShaftQuality:1]]
[2019.11.22-05.10.23:468][  0]LogConfig: Setting CVar [[r.Filter.SizeScale:1]]
[2019.11.22-05.10.23:468][  0]LogConfig: Setting CVar [[r.Tonemapper.Quality:5]]
[2019.11.22-05.10.23:468][  0]LogConfig: Setting CVar [[r.DOF.Gather.AccumulatorQuality:1        ; higher gathering accumulator quality]]
[2019.11.22-05.10.23:468][  0]LogConfig: Setting CVar [[r.DOF.Gather.PostfilterMethod:1          ; Median3x3 postfilering method]]
[2019.11.22-05.10.23:468][  0]LogConfig: Setting CVar [[r.DOF.Gather.EnableBokehSettings:0       ; no bokeh simulation when gathering]]
[2019.11.22-05.10.23:468][  0]LogConfig: Setting CVar [[r.DOF.Gather.RingCount:4                 ; medium number of samples when gathering]]
[2019.11.22-05.10.23:468][  0]LogConfig: Setting CVar [[r.DOF.Scatter.ForegroundCompositing:1    ; additive foreground scattering]]
[2019.11.22-05.10.23:468][  0]LogConfig: Setting CVar [[r.DOF.Scatter.BackgroundCompositing:2    ; additive background scattering]]
[2019.11.22-05.10.23:468][  0]LogConfig: Setting CVar [[r.DOF.Scatter.EnableBokehSettings:1      ; bokeh simulation when scattering]]
[2019.11.22-05.10.23:468][  0]LogConfig: Setting CVar [[r.DOF.Scatter.MaxSpriteRatio:0.1         ; only a maximum of 10% of scattered bokeh]]
[2019.11.22-05.10.23:468][  0]LogConfig: Setting CVar [[r.DOF.Recombine.Quality:1                ; cheap slight out of focus]]
[2019.11.22-05.10.23:468][  0]LogConfig: Setting CVar [[r.DOF.Recombine.EnableBokehSettings:0    ; no bokeh simulation on slight out of focus]]
[2019.11.22-05.10.23:468][  0]LogConfig: Setting CVar [[r.DOF.TemporalAAQuality:1                ; more stable temporal accumulation]]
[2019.11.22-05.10.23:468][  0]LogConfig: Setting CVar [[r.DOF.Kernel.MaxForegroundRadius:0.025]]
[2019.11.22-05.10.23:468][  0]LogConfig: Setting CVar [[r.DOF.Kernel.MaxBackgroundRadius:0.025]]
[2019.11.22-05.10.23:468][  0]LogConfig: Applying CVar settings from Section [TextureQuality@3] File [D:/Files/Rage-Race/Project/Saved/Config/Windows/Scalability.ini]
[2019.11.22-05.10.23:468][  0]LogConfig: Setting CVar [[r.Streaming.MipBias:0]]
[2019.11.22-05.10.23:468][  0]LogConfig: Setting CVar [[r.Streaming.AmortizeCPUToGPUCopy:0]]
[2019.11.22-05.10.23:468][  0]LogConfig: Setting CVar [[r.Streaming.MaxNumTexturesToStreamPerFrame:0]]
[2019.11.22-05.10.23:468][  0]LogConfig: Setting CVar [[r.Streaming.Boost:1]]
[2019.11.22-05.10.23:468][  0]LogConfig: Setting CVar [[r.MaxAnisotropy:8]]
[2019.11.22-05.10.23:468][  0]LogConfig: Setting CVar [[r.Streaming.LimitPoolSizeToVRAM:0]]
[2019.11.22-05.10.23:468][  0]LogConfig: Setting CVar [[r.Streaming.PoolSize:1000]]
[2019.11.22-05.10.23:468][  0]LogConfig: Setting CVar [[r.Streaming.MaxEffectiveScreenSize:0]]
[2019.11.22-05.10.23:468][  0]LogConfig: Applying CVar settings from Section [EffectsQuality@3] File [D:/Files/Rage-Race/Project/Saved/Config/Windows/Scalability.ini]
[2019.11.22-05.10.23:468][  0]LogConfig: Setting CVar [[r.TranslucencyLightingVolumeDim:64]]
[2019.11.22-05.10.23:468][  0]LogConfig: Setting CVar [[r.RefractionQuality:2]]
[2019.11.22-05.10.23:468][  0]LogConfig: Setting CVar [[r.SSR.Quality:3]]
[2019.11.22-05.10.23:468][  0]LogConfig: Setting CVar [[r.SceneColorFormat:4]]
[2019.11.22-05.10.23:468][  0]LogConfig: Setting CVar [[r.DetailMode:2]]
[2019.11.22-05.10.23:468][  0]LogConfig: Setting CVar [[r.TranslucencyVolumeBlur:1]]
[2019.11.22-05.10.23:468][  0]LogConfig: Setting CVar [[r.MaterialQualityLevel:1 ; High quality]]
[2019.11.22-05.10.23:468][  0]LogConfig: Setting CVar [[r.SSS.Scale:1]]
[2019.11.22-05.10.23:468][  0]LogConfig: Setting CVar [[r.SSS.SampleSet:2]]
[2019.11.22-05.10.23:468][  0]LogConfig: Setting CVar [[r.SSS.Quality:1]]
[2019.11.22-05.10.23:468][  0]LogConfig: Setting CVar [[r.SSS.HalfRes:1]]
[2019.11.22-05.10.23:468][  0]LogConfig: Setting CVar [[r.EmitterSpawnRateScale:1.0]]
[2019.11.22-05.10.23:468][  0]LogConfig: Setting CVar [[r.ParticleLightQuality:2]]
[2019.11.22-05.10.23:468][  0]LogConfig: Applying CVar settings from Section [FoliageQuality@3] File [D:/Files/Rage-Race/Project/Saved/Config/Windows/Scalability.ini]
[2019.11.22-05.10.23:468][  0]LogConfig: Setting CVar [[foliage.DensityScale:1.0]]
[2019.11.22-05.10.23:468][  0]LogConfig: Setting CVar [[grass.DensityScale:1.0]]
[2019.11.22-05.10.23:468][  0]LogConfig: Applying CVar settings from Section [Startup] File [../../../Engine/Config/ConsoleVariables.ini]
[2019.11.22-05.10.23:468][  0]LogConfig: Setting CVar [[net.UseAdaptiveNetUpdateFrequency:0]]
[2019.11.22-05.10.23:468][  0]LogConfig: Setting CVar [[p.chaos.AllowCreatePhysxBodies:1]]
[2019.11.22-05.10.23:468][  0]LogConfig: Applying CVar settings from Section [ConsoleVariables] File [D:/Files/Rage-Race/Project/Saved/Config/Windows/Engine.ini]
[2019.11.22-05.10.23:468][  0]LogInit: Computer: ANDRES-XL
[2019.11.22-05.10.23:468][  0]LogInit: User: andre
[2019.11.22-05.10.23:468][  0]LogInit: CPU Page size=4096, Cores=6
[2019.11.22-05.10.23:469][  0]LogInit: High frequency timer resolution =10.000000 MHz
[2019.11.22-05.10.23:469][  0]LogMemory: Memory total: Physical=16.0GB (16GB approx)
[2019.11.22-05.10.23:469][  0]LogMemory: Platform Memory Stats for Windows
[2019.11.22-05.10.23:469][  0]LogMemory: Process Physical Memory: 99.14 MB used, 99.14 MB peak
[2019.11.22-05.10.23:469][  0]LogMemory: Process Virtual Memory: 90.11 MB used, 90.11 MB peak
[2019.11.22-05.10.23:469][  0]LogMemory: Physical Memory: 5526.65 MB used,  10817.68 MB free, 16344.33 MB total
[2019.11.22-05.10.23:469][  0]LogMemory: Virtual Memory: 4661.68 MB used,  134213064.00 MB free, 134217728.00 MB total
[2019.11.22-05.10.23:481][  0]LogInit: Using OS detected language (en-US).
[2019.11.22-05.10.23:481][  0]LogInit: Using OS detected locale (en-US).
[2019.11.22-05.10.23:481][  0]LogTextLocalizationManager: No specific localization for 'en-US' exists, so the 'en' localization will be used.
[2019.11.22-05.10.23:604][  0]LogInit: Setting process to per monitor DPI aware
[2019.11.22-05.10.23:630][  0]LogSlate: New Slate User Created.  User Index 0, Is Virtual User: 0
[2019.11.22-05.10.23:631][  0]LogSlate: Slate User Registered.  User Index 0, Is Virtual User: 0
[2019.11.22-05.10.23:740][  0]LogHMD: Failed to initialize OpenVR with code 110
[2019.11.22-05.10.23:740][  0]LogD3D11RHI: D3D11 adapters:
[2019.11.22-05.10.23:795][  0]LogD3D11RHI:    0. 'NVIDIA GeForce GTX 1060 6GB' (Feature Level 11_0)
[2019.11.22-05.10.23:795][  0]LogD3D11RHI:       6052/0/8172 MB DedicatedVideo/DedicatedSystem/SharedSystem, Outputs:2, VendorId:0x10de
[2019.11.22-05.10.23:797][  0]LogD3D11RHI:    1. 'Microsoft Basic Render Driver' (Feature Level 11_0)
[2019.11.22-05.10.23:797][  0]LogD3D11RHI:       0/0/8172 MB DedicatedVideo/DedicatedSystem/SharedSystem, Outputs:0, VendorId:0x1414
[2019.11.22-05.10.23:797][  0]LogD3D11RHI: Chosen D3D11 Adapter: 0
[2019.11.22-05.10.23:802][  0]LogD3D11RHI: Creating new Direct3DDevice
[2019.11.22-05.10.23:802][  0]LogD3D11RHI:     GPU DeviceId: 0x1c03 (for the marketing name, search the web for "GPU Device Id")
[2019.11.22-05.10.23:802][  0]LogWindows: EnumDisplayDevices:
[2019.11.22-05.10.23:803][  0]LogWindows:    0. 'NVIDIA GeForce GTX 1060 6GB' (P:1 D:1)
[2019.11.22-05.10.23:803][  0]LogWindows:    1. 'NVIDIA GeForce GTX 1060 6GB' (P:0 D:1)
[2019.11.22-05.10.23:803][  0]LogWindows:    2. 'NVIDIA GeForce GTX 1060 6GB' (P:0 D:0)
[2019.11.22-05.10.23:803][  0]LogWindows:    3. 'NVIDIA GeForce GTX 1060 6GB' (P:0 D:0)
[2019.11.22-05.10.23:803][  0]LogWindows: DebugString: FoundDriverCount:4 
[2019.11.22-05.10.23:803][  0]LogD3D11RHI:     Adapter Name: NVIDIA GeForce GTX 1060 6GB
[2019.11.22-05.10.23:803][  0]LogD3D11RHI:   Driver Version: 436.30 (internal:26.21.14.3630, unified:436.30)
[2019.11.22-05.10.23:803][  0]LogD3D11RHI:      Driver Date: 9-5-2019
[2019.11.22-05.10.23:803][  0]LogRHI: Texture pool is 4236 MB (70% of 6052 MB)
[2019.11.22-05.10.23:833][  0]LogD3D11RHI: Async texture creation enabled
[2019.11.22-05.10.23:839][  0]LogRendererCore: FGlobalReadBuffer::InitRHI
[2019.11.22-05.10.23:840][  0]LogRendererCore: FGlobalReadBuffer::InitRHI
[2019.11.22-05.10.23:840][  0]LogRendererCore: FGlobalReadBuffer::InitRHI
[2019.11.22-05.10.23:847][  0]LogD3D11RHI: GPU Timing Frequency: 1000.000000 (Debug: 2 1)
[2019.11.22-05.10.24:157][  0]LogTemp: Display: Module 'AllDesktopTargetPlatform' loaded TargetPlatform 'AllDesktop'
[2019.11.22-05.10.24:166][  0]LogTemp: Display: Module 'MacClientTargetPlatform' loaded TargetPlatform 'MacClient'
[2019.11.22-05.10.24:176][  0]LogTemp: Display: Module 'MacNoEditorTargetPlatform' loaded TargetPlatform 'MacNoEditor'
[2019.11.22-05.10.24:185][  0]LogTemp: Display: Module 'MacServerTargetPlatform' loaded TargetPlatform 'MacServer'
[2019.11.22-05.10.24:195][  0]LogTemp: Display: Module 'MacTargetPlatform' loaded TargetPlatform 'Mac'
[2019.11.22-05.10.24:204][  0]LogTemp: Display: Module 'WindowsClientTargetPlatform' loaded TargetPlatform 'WindowsClient'
[2019.11.22-05.10.24:214][  0]LogTemp: Display: Module 'WindowsNoEditorTargetPlatform' loaded TargetPlatform 'WindowsNoEditor'
[2019.11.22-05.10.24:223][  0]LogTemp: Display: Module 'WindowsServerTargetPlatform' loaded TargetPlatform 'WindowsServer'
[2019.11.22-05.10.24:228][  0]LogTemp: Display: Module 'WindowsTargetPlatform' loaded TargetPlatform 'Windows'
[2019.11.22-05.10.24:287][  0]LogTemp: Display: Module 'AndroidTargetPlatform' loaded TargetPlatform 'Android'
[2019.11.22-05.10.24:287][  0]LogTemp: Display: Module 'AndroidTargetPlatform' loaded TargetPlatform 'Android_ASTC'
[2019.11.22-05.10.24:287][  0]LogTemp: Display: Module 'AndroidTargetPlatform' loaded TargetPlatform 'Android_ATC'
[2019.11.22-05.10.24:287][  0]LogTemp: Display: Module 'AndroidTargetPlatform' loaded TargetPlatform 'Android_DXT'
[2019.11.22-05.10.24:287][  0]LogTemp: Display: Module 'AndroidTargetPlatform' loaded TargetPlatform 'Android_ETC1'
[2019.11.22-05.10.24:287][  0]LogTemp: Display: Module 'AndroidTargetPlatform' loaded TargetPlatform 'Android_ETC1a'
[2019.11.22-05.10.24:287][  0]LogTemp: Display: Module 'AndroidTargetPlatform' loaded TargetPlatform 'Android_ETC2'
[2019.11.22-05.10.24:287][  0]LogTemp: Display: Module 'AndroidTargetPlatform' loaded TargetPlatform 'Android_PVRTC'
[2019.11.22-05.10.24:287][  0]LogTemp: Display: Module 'AndroidTargetPlatform' loaded TargetPlatform 'AndroidClient'
[2019.11.22-05.10.24:287][  0]LogTemp: Display: Module 'AndroidTargetPlatform' loaded TargetPlatform 'Android_ASTCClient'
[2019.11.22-05.10.24:287][  0]LogTemp: Display: Module 'AndroidTargetPlatform' loaded TargetPlatform 'Android_ATCClient'
[2019.11.22-05.10.24:287][  0]LogTemp: Display: Module 'AndroidTargetPlatform' loaded TargetPlatform 'Android_DXTClient'
[2019.11.22-05.10.24:287][  0]LogTemp: Display: Module 'AndroidTargetPlatform' loaded TargetPlatform 'Android_ETC1Client'
[2019.11.22-05.10.24:287][  0]LogTemp: Display: Module 'AndroidTargetPlatform' loaded TargetPlatform 'Android_ETC1aClient'
[2019.11.22-05.10.24:287][  0]LogTemp: Display: Module 'AndroidTargetPlatform' loaded TargetPlatform 'Android_ETC2Client'
[2019.11.22-05.10.24:287][  0]LogTemp: Display: Module 'AndroidTargetPlatform' loaded TargetPlatform 'Android_PVRTCClient'
[2019.11.22-05.10.24:287][  0]LogTemp: Display: Module 'AndroidTargetPlatform' loaded TargetPlatform 'Android_Multi'
[2019.11.22-05.10.24:287][  0]LogTemp: Display: Module 'AndroidTargetPlatform' loaded TargetPlatform 'Android_MultiClient'
[2019.11.22-05.10.24:288][  0]LogTemp: Display: Module 'HTML5TargetPlatform' loaded TargetPlatform 'HTML5'
[2019.11.22-05.10.24:329][  0]LogTemp: Display: Module 'IOSTargetPlatform' loaded TargetPlatform 'IOSClient'
[2019.11.22-05.10.24:329][  0]LogTemp: Display: Module 'IOSTargetPlatform' loaded TargetPlatform 'IOS'
[2019.11.22-05.10.24:346][  0]LogTemp: Display: Module 'TVOSTargetPlatform' loaded TargetPlatform 'TVOSClient'
[2019.11.22-05.10.24:346][  0]LogTemp: Display: Module 'TVOSTargetPlatform' loaded TargetPlatform 'TVOS'
[2019.11.22-05.10.24:355][  0]LogTemp: Display: Module 'LinuxClientTargetPlatform' loaded TargetPlatform 'LinuxClient'
[2019.11.22-05.10.24:364][  0]LogTemp: Display: Module 'LinuxNoEditorTargetPlatform' loaded TargetPlatform 'LinuxNoEditor'
[2019.11.22-05.10.24:373][  0]LogTemp: Display: Module 'LinuxServerTargetPlatform' loaded TargetPlatform 'LinuxServer'
[2019.11.22-05.10.24:382][  0]LogTemp: Display: Module 'LinuxTargetPlatform' loaded TargetPlatform 'Linux'
[2019.11.22-05.10.24:414][  0]LogTemp: Display: Module 'LuminTargetPlatform' loaded TargetPlatform 'Lumin'
[2019.11.22-05.10.24:414][  0]LogTemp: Display: Module 'LuminTargetPlatform' loaded TargetPlatform 'LuminClient'
[2019.11.22-05.10.24:414][  0]LogTargetPlatformManager: Display: Building Assets For Windows
[2019.11.22-05.10.24:418][  0]LogAudioDebug: Display: Lib vorbis DLL was dynamically loaded.
[2019.11.22-05.10.24:443][  0]LogShaderCompilers: Guid format shader working directory is 19 characters bigger than the processId version (D:/Files/Rage-Race/Project/Intermediate/Shaders/WorkingDirectory/12892/).
[2019.11.22-05.10.24:443][  0]LogShaderCompilers: Cleaned the shader compiler working directory 'C:/Users/andre/AppData/Local/Temp/UnrealShaderWorkingDir/4D6A21D64A5904D19B773A9B4BED6A06/'.
[2019.11.22-05.10.24:444][  0]LogXGEController: Cannot use XGE Controller as Incredibuild is not installed on this machine.
[2019.11.22-05.10.24:444][  0]LogShaderCompilers: Cannot use XGE Shader Compiler as Incredibuild is not installed on this machine.
[2019.11.22-05.10.24:444][  0]LogShaderCompilers: Display: Using Local Shader Compiler.
[2019.11.22-05.10.24:860][  0]LogDerivedDataCache: Display: Max Cache Size: 512 MB
[2019.11.22-05.10.24:900][  0]LogDerivedDataCache: Loaded boot cache 0.04s 71MB C:/Users/andre/AppData/Local/UnrealEngine/4.22/DerivedDataCache/Boot.ddc.
[2019.11.22-05.10.24:900][  0]LogDerivedDataCache: Display: Loaded Boot cache: C:/Users/andre/AppData/Local/UnrealEngine/4.22/DerivedDataCache/Boot.ddc
[2019.11.22-05.10.24:900][  0]LogDerivedDataCache: FDerivedDataBackendGraph:  Pak pak cache file D:/Files/Rage-Race/Project/DerivedDataCache/DDC.ddp not found, will not use a pak cache.
[2019.11.22-05.10.24:900][  0]LogDerivedDataCache: Unable to find inner node Pak for hierarchical cache Hierarchy.
[2019.11.22-05.10.24:901][  0]LogDerivedDataCache: FDerivedDataBackendGraph:  CompressedPak pak cache file D:/Files/Rage-Race/Project/DerivedDataCache/Compressed.ddp not found, will not use a pak cache.
[2019.11.22-05.10.24:901][  0]LogDerivedDataCache: Unable to find inner node CompressedPak for hierarchical cache Hierarchy.
[2019.11.22-05.10.24:910][  0]LogDerivedDataCache: Display: Pak cache opened for reading ../../../Engine/DerivedDataCache/Compressed.ddp.
[2019.11.22-05.10.24:910][  0]LogDerivedDataCache: FDerivedDataBackendGraph:  EnterprisePak pak cache file ../../../Enterprise/DerivedDataCache/Compressed.ddp not found, will not use a pak cache.
[2019.11.22-05.10.24:910][  0]LogDerivedDataCache: Unable to find inner node EnterprisePak for hierarchical cache Hierarchy.
[2019.11.22-05.10.24:922][  0]LogDerivedDataCache: Using Local data cache path C:/Users/andre/AppData/Local/UnrealEngine/Common/DerivedDataCache: Writable
[2019.11.22-05.10.24:922][  0]LogDerivedDataCache: Shared data cache path not found in *engine.ini, will not use an Shared cache.
[2019.11.22-05.10.24:922][  0]LogDerivedDataCache: Unable to find inner node Shared for hierarchical cache Hierarchy.
[2019.11.22-05.10.24:938][  0]LogMaterial: Verifying Global Shaders for PCD3D_SM5
[2019.11.22-05.10.24:939][  0]LogSlate: Using FreeType 2.6.0
[2019.11.22-05.10.24:939][  0]LogSlate: SlateFontServices - WITH_FREETYPE: 1, WITH_HARFBUZZ: 1
[2019.11.22-05.10.25:005][  0]LogAssetRegistry: FAssetRegistry took 0.0303 seconds to start up
[2019.11.22-05.10.25:249][  0]LogInit: Selected Device Profile: [Windows]
[2019.11.22-05.10.25:345][  0]LogMeshReduction: Using QuadricMeshReduction for automatic static mesh reduction
[2019.11.22-05.10.25:345][  0]LogMeshReduction: Using SimplygonMeshReduction for automatic skeletal mesh reduction
[2019.11.22-05.10.25:345][  0]LogMeshReduction: Using ProxyLODMeshReduction for automatic mesh merging
[2019.11.22-05.10.25:345][  0]LogMeshReduction: No distributed automatic mesh merging module available
[2019.11.22-05.10.25:345][  0]LogMeshMerging: No distributed automatic mesh merging module available
[2019.11.22-05.10.25:352][  0]LogNetVersion: TheRageRace 1.0.0, NetCL: 5660361, EngineNetVer: 10, GameNetVer: 0 (Checksum: 3510824104)
[2019.11.22-05.10.25:682][  0]LogPackageLocalizationCache: Processed 10 localized package path(s) for 1 prioritized culture(s) in 0.025478 seconds
[2019.11.22-05.10.25:687][  0]LogUObjectArray: 42215 objects as part of root set at end of initial load.
[2019.11.22-05.10.25:687][  0]LogUObjectAllocator: 7336024 out of 0 bytes used by permanent object pool.
[2019.11.22-05.10.25:687][  0]LogUObjectArray: CloseDisregardForGC: 0/0 objects in disregard for GC pool
[2019.11.22-05.10.26:236][  0]LogTcpMessaging: Initializing TcpMessaging bridge
[2019.11.22-05.10.26:248][  0]LogUdpMessaging: Initializing bridge on interface 0.0.0.0:0 to multicast group 230.0.0.1:6666.
[2019.11.22-05.10.29:712][  0]SourceControl: Source control is disabled
[2019.11.22-05.10.29:712][  0]SourceControl: Source control is disabled
[2019.11.22-05.10.29:713][  0]SourceControl: Source control is disabled
[2019.11.22-05.10.29:713][  0]SourceControl: Source control is disabled
[2019.11.22-05.10.29:762][  0]LogAndroidPermission: UAndroidPermissionCallbackProxy::GetInstance
[2019.11.22-05.10.29:815][  0]LogOcInput: OculusInput pre-init called
[2019.11.22-05.10.30:303][  0]LogEngine: Initializing Engine...
[2019.11.22-05.10.30:303][  0]LogHMD: Failed to initialize OpenVR with code 110
[2019.11.22-05.10.30:304][  0]LogStats: UGameplayTagsManager::InitializeManager -  0.000 s
[2019.11.22-05.10.30:458][  0]LogInit: Initializing FReadOnlyCVARCache
[2019.11.22-05.10.30:465][  0]LogAIModule: Creating AISystem for world Untitled
[2019.11.22-05.10.30:484][  0]LogInit: XAudio2 using 'Speakers (Realtek High Definition Audio)' : 2 channels at 48 kHz using 32 bits per sample (channel mask 0x3)
[2019.11.22-05.10.30:502][  0]LogInit: FAudioDevice initialized.
[2019.11.22-05.10.30:502][  0]LogNetVersion: Set ProjectVersion to 1.0.0.0. Version Checksum will be recalculated on next use.
[2019.11.22-05.10.30:565][  0]LogDerivedDataCache: Saved boot cache 0.06s 71MB C:/Users/andre/AppData/Local/UnrealEngine/4.22/DerivedDataCache/Boot.ddc.
[2019.11.22-05.10.30:574][  0]LogInit: Texture streaming: Enabled
[2019.11.22-05.10.30:584][  0]LogEngineSessionManager: EngineSessionManager initialized
[2019.11.22-05.10.30:610][  0]LogInit: Transaction tracking system initialized
[2019.11.22-05.10.30:620][  0]BlueprintLog: New page: Editor Load
[2019.11.22-05.10.30:665][  0]LocalizationService: Localization service is disabled
[2019.11.22-05.10.30:739][  0]LogLinker: Warning: Can't find file '/Game/UnrealAssets/VehicleBP/VehicleOverview'
[2019.11.22-05.10.30:739][  0]LogLinker: Warning: Can't find file '/Game/UnrealAssets/VehicleBP/VehicleOverview'
[2019.11.22-05.10.30:739][  0]LogUObjectGlobals: Warning: Failed to find object 'Class /Game/UnrealAssets/VehicleBP/VehicleOverview.VehicleOverview_C'
[2019.11.22-05.10.30:928][  0]LogCook: Display: Max memory allowance for cook 16384mb min free memory 0mb
[2019.11.22-05.10.30:928][  0]LogCook: Display: Mobile HDR setting 1
[2019.11.22-05.10.31:123][  0]LogFileCache: Scanning file cache for directory 'D:/Files/Rage-Race/Project/Content/' took 0.03s
[2019.11.22-05.10.31:123][  0]SourceControl: Source control is disabled
[2019.11.22-05.10.31:124][  0]Cmd: MAP LOAD FILE="D:/Files/Rage-Race/Project/Content/Maps/Menu.umap" TEMPLATE=0 SHOWPROGRESS=1 FEATURELEVEL=3
[2019.11.22-05.10.31:172][  0]LightingResults: New page: Lighting Build
[2019.11.22-05.10.31:173][  0]MapCheck: New page: Map Check
[2019.11.22-05.10.31:173][  0]LightingResults: New page: Lighting Build
[2019.11.22-05.10.31:199][  0]LogUObjectHash: Compacting FUObjectHashTables data took   1.34ms
[2019.11.22-05.10.32:417][  0]LogAIModule: Creating AISystem for world Menu
[2019.11.22-05.10.32:418][  0]LogEditorServer: Finished looking for orphan Actors (0.000 secs)
[2019.11.22-05.10.32:443][  0]LogUObjectHash: Compacting FUObjectHashTables data took   1.87ms
[2019.11.22-05.10.32:444][  0]Cmd: MAP CHECKDEP NOCLEARLOG
[2019.11.22-05.10.32:444][  0]MapCheck: Map check complete: 0 Error(s), 0 Warning(s), took 0.091ms to complete.
[2019.11.22-05.10.32:444][  0]LogFileHelpers: Loading map 'Menu' took 1.320
[2019.11.22-05.10.33:021][  0]LogSlate: Updating window title bar state: overlay mode, drag disabled, window buttons hidden, title bar hidden
[2019.11.22-05.10.33:029][  0]LogSlate: Updating window title bar state: overlay mode, drag disabled, window buttons hidden, title bar hidden
[2019.11.22-05.10.33:035][  0]LogSlate: Updating window title bar state: overlay mode, drag disabled, window buttons hidden, title bar hidden
[2019.11.22-05.10.33:041][  0]LogSlate: Updating window title bar state: overlay mode, drag disabled, window buttons hidden, title bar hidden
[2019.11.22-05.10.33:049][  0]LogCollectionManager: Loaded 0 collections in 0.000754 seconds
[2019.11.22-05.10.33:211][  0]LogFileCache: Scanning file cache for directory 'D:/Files/Rage-Race/Project/Saved/Collections/' took 0.01s
[2019.11.22-05.10.33:211][  0]LogFileCache: Scanning file cache for directory 'D:/Files/Rage-Race/Project/Content/Developers/andre/Collections/' took 0.00s
[2019.11.22-05.10.33:211][  0]LogFileCache: Scanning file cache for directory 'D:/Files/Rage-Race/Project/Content/Collections/' took 0.00s
[2019.11.22-05.10.33:211][  0]LogCollectionManager: Rebuilt the GUID cache for 0 collections in 0.000000 seconds
[2019.11.22-05.10.33:217][  0]LogContentBrowser: Native class hierarchy populated in 0.0066 seconds. Added 2758 classes and 669 folders.
[2019.11.22-05.10.33:241][  0]LogContentBrowser: Native class hierarchy updated for 'WidgetCarousel' in 0.0002 seconds. Added 0 classes and 0 folders.
[2019.11.22-05.10.33:316][  0]LogPakFile: Registered encryption key '00000000000000000000000000000000': 0 pak files mounted, 0 remain pending
[2019.11.22-05.10.33:339][  0]LogPakFile: Registered encryption key '00000000000000000000000000000000': 0 pak files mounted, 0 remain pending
[2019.11.22-05.10.33:363][  0]LogPakFile: Registered encryption key '00000000000000000000000000000000': 0 pak files mounted, 0 remain pending
[2019.11.22-05.10.33:442][  0]LogPakFile: Registered encryption key '00000000000000000000000000000000': 0 pak files mounted, 0 remain pending
[2019.11.22-05.10.33:465][  0]LogPakFile: Registered encryption key '00000000000000000000000000000000': 0 pak files mounted, 0 remain pending
[2019.11.22-05.10.33:473][  0]LogPakFile: Registered encryption key '00000000000000000000000000000000': 0 pak files mounted, 0 remain pending
[2019.11.22-05.10.33:489][  0]LogPakFile: Registered encryption key '00000000000000000000000000000000': 0 pak files mounted, 0 remain pending
[2019.11.22-05.10.33:504][  0]LogPakFile: Registered encryption key '00000000000000000000000000000000': 0 pak files mounted, 0 remain pending
[2019.11.22-05.10.33:519][  0]LogPakFile: Registered encryption key '00000000000000000000000000000000': 0 pak files mounted, 0 remain pending
[2019.11.22-05.10.33:535][  0]LogPakFile: Registered encryption key '00000000000000000000000000000000': 0 pak files mounted, 0 remain pending
[2019.11.22-05.10.33:554][  0]LogPakFile: Registered encryption key '00000000000000000000000000000000': 0 pak files mounted, 0 remain pending
[2019.11.22-05.10.33:566][  0]LogPakFile: Registered encryption key '00000000000000000000000000000000': 0 pak files mounted, 0 remain pending
[2019.11.22-05.10.33:576][  0]LogPakFile: Registered encryption key '00000000000000000000000000000000': 0 pak files mounted, 0 remain pending
[2019.11.22-05.10.33:587][  0]LogPakFile: Registered encryption key '00000000000000000000000000000000': 0 pak files mounted, 0 remain pending
[2019.11.22-05.10.33:599][  0]LogPakFile: Registered encryption key '00000000000000000000000000000000': 0 pak files mounted, 0 remain pending
[2019.11.22-05.10.33:610][  0]LogPakFile: Registered encryption key '00000000000000000000000000000000': 0 pak files mounted, 0 remain pending
[2019.11.22-05.10.33:641][  0]LogPakFile: Registered encryption key '00000000000000000000000000000000': 0 pak files mounted, 0 remain pending
[2019.11.22-05.10.33:743][  0]LogPakFile: Registered encryption key '00000000000000000000000000000000': 0 pak files mounted, 0 remain pending
[2019.11.22-05.10.33:765][  0]LogPakFile: Registered encryption key '00000000000000000000000000000000': 0 pak files mounted, 0 remain pending
[2019.11.22-05.10.33:776][  0]LogPakFile: Registered encryption key '00000000000000000000000000000000': 0 pak files mounted, 0 remain pending
[2019.11.22-05.10.33:796][  0]LogPakFile: Registered encryption key '00000000000000000000000000000000': 0 pak files mounted, 0 remain pending
[2019.11.22-05.10.33:807][  0]LogPakFile: Registered encryption key '00000000000000000000000000000000': 0 pak files mounted, 0 remain pending
[2019.11.22-05.10.33:815][  0]LogPakFile: Registered encryption key '00000000000000000000000000000000': 0 pak files mounted, 0 remain pending
[2019.11.22-05.10.33:836][  0]LogPakFile: Registered encryption key '00000000000000000000000000000000': 0 pak files mounted, 0 remain pending
[2019.11.22-05.10.33:843][  0]LogPakFile: Registered encryption key '00000000000000000000000000000000': 0 pak files mounted, 0 remain pending
[2019.11.22-05.10.33:859][  0]LogPakFile: Registered encryption key '00000000000000000000000000000000': 0 pak files mounted, 0 remain pending
[2019.11.22-05.10.34:402][  0]LogContentBrowser: Native class hierarchy updated for 'AddContentDialog' in 0.0002 seconds. Added 0 classes and 0 folders.
[2019.11.22-05.10.34:436][  0]LogContentBrowser: Native class hierarchy updated for 'SceneOutliner' in 0.0002 seconds. Added 1 classes and 2 folders.
[2019.11.22-05.10.34:876][  0]LogSlate: Took 0.000109 seconds to synchronously load lazily loaded font '../../../Engine/Content/Slate/Fonts/Roboto-Regular.ttf' (155K)
[2019.11.22-05.10.34:878][  0]LogSlate: Took 0.000112 seconds to synchronously load lazily loaded font '../../../Engine/Content/Slate/Fonts/Roboto-Bold.ttf' (160K)
[2019.11.22-05.10.34:926][  0]LogSlate: Took 0.016370 seconds to synchronously load lazily loaded font '../../../Engine/Content/Editor/Slate/Fonts/FontAwesome.ttf' (139K)
[2019.11.22-05.10.35:080][  0]LogRenderer: Reallocating scene render targets to support 1076x564 Format 10 NumSamples 1 (Frame:1).
[2019.11.22-05.10.35:234][  0]LogContentBrowser: Native class hierarchy updated for 'HierarchicalLODOutliner' in 0.0002 seconds. Added 0 classes and 0 folders.
[2019.11.22-05.10.35:234][  0]LogLoad: (Engine Initialization) Total time: 14.97 seconds
[2019.11.22-05.10.35:234][  0]LogLoad: (Engine Initialization) Total Blueprint compile time: 0.00 seconds
[2019.11.22-05.10.35:335][  0]LogAssetRegistry: Asset discovery search completed in 10.3525 seconds
[2019.11.22-05.10.35:357][  0]LogCollectionManager: Rebuilt the object cache for 0 collections in 0.000000 seconds (found 0 objects)
[2019.11.22-05.10.35:357][  0]LogCollectionManager: Fixed up redirectors for 0 collections in 0.000054 seconds (updated 0 objects)
[2019.11.22-05.10.35:414][  0]LogContentStreaming: Texture pool size now 1000 MB
[2019.11.22-05.10.35:639][  0]LogSlate: Took 0.204100 seconds to synchronously load lazily loaded font '../../../Engine/Content/Slate/Fonts/Roboto-Light.ttf' (167K)
[2019.11.22-05.10.40:999][ 16]LogFileCache: Retrieving MD5 hashes for directory 'D:/Files/Rage-Race/Project/Content/' took 5.74s
[2019.11.22-05.11.26:233][151]LogSlate: FSceneViewport::OnFocusLost() reason 0
[2019.11.22-05.11.27:370][276]LogRenderer: Reallocating scene render targets to support 1076x572 Format 10 NumSamples 1 (Frame:111).
[2019.11.22-05.11.27:404][277]LogRenderer: Reallocating scene render targets to support 1076x588 Format 10 NumSamples 1 (Frame:113).
[2019.11.22-05.11.27:450][278]LogRenderer: Reallocating scene render targets to support 1076x608 Format 10 NumSamples 1 (Frame:115).
[2019.11.22-05.11.27:487][279]LogRenderer: Reallocating scene render targets to support 1076x620 Format 10 NumSamples 1 (Frame:117).
[2019.11.22-05.11.27:521][280]LogRenderer: Reallocating scene render targets to support 1076x632 Format 10 NumSamples 1 (Frame:119).
[2019.11.22-05.11.27:555][281]LogRenderer: Reallocating scene render targets to support 1076x640 Format 10 NumSamples 1 (Frame:121).
[2019.11.22-05.11.27:589][282]LogRenderer: Reallocating scene render targets to support 1076x652 Format 10 NumSamples 1 (Frame:123).
[2019.11.22-05.11.27:627][283]LogRenderer: Reallocating scene render targets to support 1076x660 Format 10 NumSamples 1 (Frame:125).
[2019.11.22-05.11.27:671][284]LogRenderer: Reallocating scene render targets to support 1076x676 Format 10 NumSamples 1 (Frame:127).
[2019.11.22-05.11.27:703][285]LogRenderer: Reallocating scene render targets to support 1076x684 Format 10 NumSamples 1 (Frame:129).
[2019.11.22-05.11.27:738][286]LogRenderer: Reallocating scene render targets to support 1076x688 Format 10 NumSamples 1 (Frame:131).
[2019.11.22-05.11.27:771][287]LogRenderer: Reallocating scene render targets to support 1076x696 Format 10 NumSamples 1 (Frame:133).
[2019.11.22-05.11.27:806][288]LogRenderer: Reallocating scene render targets to support 1076x704 Format 10 NumSamples 1 (Frame:135).
[2019.11.22-05.11.27:839][289]LogRenderer: Reallocating scene render targets to support 1076x708 Format 10 NumSamples 1 (Frame:137).
[2019.11.22-05.11.27:873][290]LogRenderer: Reallocating scene render targets to support 1076x716 Format 10 NumSamples 1 (Frame:139).
[2019.11.22-05.11.30:333][542]LogEditorViewport: Clicking Background
[2019.11.22-05.11.32:905][850]LogSlate: FSceneViewport::OnFocusLost() reason 0
[2019.11.22-05.11.35:249][ 97]LogSlate: Took 0.000112 seconds to synchronously load lazily loaded font '../../../Engine/Content/Slate/Fonts/Roboto-Light.ttf' (167K)
[2019.11.22-05.11.35:256][ 97]LogAssetEditorManager: Opening Asset editor for WidgetBlueprint /Game/UI/Widgets/BPW_ChatMessageChild.BPW_ChatMessageChild
[2019.11.22-05.11.35:988][ 97]LogContentBrowser: Native class hierarchy updated for 'BlueprintGraph' in 0.0021 seconds. Added 121 classes and 0 folders.
[2019.11.22-05.11.37:080][ 97]LogBlueprintActionDatabase: Requesting refresh due to module change: SequencerWidgets (loaded)
[2019.11.22-05.11.37:737][ 97]LogSlate: Took 0.016270 seconds to synchronously load lazily loaded font '../../../Engine/Content/Slate/Fonts/Roboto-BoldCondensed.ttf' (158K)
[2019.11.22-05.11.44:435][878]LogAssetEditorManager: Opening Asset editor for WidgetBlueprint /Game/UI/Widgets/BPW_LoadingScreen.BPW_LoadingScreen
[2019.11.22-05.12.31:313][367]Cmd: TRANSACTION UNDO
[2019.11.22-05.12.31:313][367]LogEditorTransaction: Undo Set Vector Property
[2019.11.22-05.12.43:741][818]LogEditorTransaction: Undo Move Widget
[2019.11.22-05.12.48:557][393]LogEditorTransaction: Undo Move Anchor
[2019.11.22-05.12.49:139][460]LogEditorTransaction: Undo Move Anchor
[2019.11.22-05.12.53:330][942]LogEditorTransaction: Undo Move Widget
[2019.11.22-05.13.10:399][889]LogEditorViewport: Clicking Background
[2019.11.22-05.13.11:251][991]LogSlate: FSceneViewport::OnFocusLost() reason 0
[2019.11.22-05.13.13:794][291]LogTemp: Repeating last play command: Standalone Game
[2019.11.22-05.13.13:886][291]LogUObjectHash: Compacting FUObjectHashTables data took   5.00ms
[2019.11.22-05.13.17:227][291]LogSlate: Window 'Save Content' being destroyed
[2019.11.22-05.13.17:249][291]Cmd: OBJ SAVEPACKAGE PACKAGE="/Game/UI/Widgets/BPW_LoadingScreen" FILE="D:/Files/Rage-Race/Project/Content/UI/Widgets/BPW_LoadingScreen.uasset" SILENT=true
[2019.11.22-05.13.17:296][291]LogSavePackage: Moving 'D:/Files/Rage-Race/Project/Saved/BPW_LoadingScreen9534E0304A6E47BADD8546A804E0F299.tmp' to 'D:/Files/Rage-Race/Project/Content/UI/Widgets/BPW_LoadingScreen.uasset'
[2019.11.22-05.14.02:127][716]LogAssetEditorManager: Opening Asset editor for World /Game/Maps/Menu.Menu
[2019.11.22-05.14.02:182][716]LogUObjectHash: Compacting FUObjectHashTables data took   2.49ms
[2019.11.22-05.14.02:202][716]Cmd: MAP LOAD FILE="D:/Files/Rage-Race/Project/Content/Maps/Menu.umap" TEMPLATE=0 SHOWPROGRESS=1 FEATURELEVEL=3
[2019.11.22-05.14.02:202][716]LightingResults: New page: Lighting Build
[2019.11.22-05.14.02:203][716]LoadErrors: New page: Loading map: Menu.umap
[2019.11.22-05.14.02:210][716]MapCheck: New page: Map Check
[2019.11.22-05.14.02:210][716]LightingResults: New page: Lighting Build
[2019.11.22-05.14.02:235][716]LogUObjectHash: Compacting FUObjectHashTables data took   2.10ms
[2019.11.22-05.14.02:241][716]LogAIModule: Creating AISystem for world Menu
[2019.11.22-05.14.02:294][716]LogEditorServer: Finished looking for orphan Actors (0.000 secs)
[2019.11.22-05.14.02:319][716]LogUObjectHash: Compacting FUObjectHashTables data took   2.02ms
[2019.11.22-05.14.02:343][716]Cmd: MAP CHECKDEP NOCLEARLOG
[2019.11.22-05.14.02:344][716]MapCheck: Map check complete: 0 Error(s), 0 Warning(s), took 0.063ms to complete.
[2019.11.22-05.14.02:344][716]LogFileHelpers: Loading map 'Menu' took 0.162
[2019.11.22-05.14.06:598][191]LogAssetEditorManager: Opening Asset editor for World /Game/Maps/Menu.Menu
[2019.11.22-05.14.06:619][191]LogUObjectHash: Compacting FUObjectHashTables data took   0.72ms
[2019.11.22-05.14.06:619][191]Cmd: MAP LOAD FILE="D:/Files/Rage-Race/Project/Content/Maps/Menu.umap" TEMPLATE=0 SHOWPROGRESS=1 FEATURELEVEL=3
[2019.11.22-05.14.06:620][191]LightingResults: New page: Lighting Build
[2019.11.22-05.14.06:620][191]LoadErrors: New page: Loading map: Menu.umap
[2019.11.22-05.14.06:620][191]MapCheck: New page: Map Check
[2019.11.22-05.14.06:620][191]LightingResults: New page: Lighting Build
[2019.11.22-05.14.06:644][191]LogUObjectHash: Compacting FUObjectHashTables data took   1.36ms
[2019.11.22-05.14.06:649][191]LogAIModule: Creating AISystem for world Menu
[2019.11.22-05.14.06:650][191]LogEditorServer: Finished looking for orphan Actors (0.000 secs)
[2019.11.22-05.14.06:674][191]LogUObjectHash: Compacting FUObjectHashTables data took   1.99ms
[2019.11.22-05.14.06:698][191]Cmd: MAP CHECKDEP NOCLEARLOG
[2019.11.22-05.14.06:698][191]MapCheck: Map check complete: 0 Error(s), 0 Warning(s), took 0.057ms to complete.
[2019.11.22-05.14.06:699][191]LogFileHelpers: Loading map 'Menu' took 0.079
[2019.11.22-05.14.14:877][169]LogSlate: FSceneViewport::OnFocusLost() reason 0
[2019.11.22-05.14.19:790][684]LogAIModule: Creating AISystem for world map3
[2019.11.22-05.14.19:830][684]LogAssetEditorManager: Opening Asset editor for World /Game/Maps/map3.map3
[2019.11.22-05.14.19:856][684]LogUObjectHash: Compacting FUObjectHashTables data took   2.39ms
[2019.11.22-05.14.19:857][684]Cmd: MAP LOAD FILE="D:/Files/Rage-Race/Project/Content/Maps/map3.umap" TEMPLATE=0 SHOWPROGRESS=1 FEATURELEVEL=3
[2019.11.22-05.14.19:857][684]LightingResults: New page: Lighting Build
[2019.11.22-05.14.19:858][684]LoadErrors: New page: Loading map: map3.umap
[2019.11.22-05.14.19:858][684]MapCheck: New page: Map Check
[2019.11.22-05.14.19:858][684]LightingResults: New page: Lighting Build
[2019.11.22-05.14.19:881][684]LogUObjectHash: Compacting FUObjectHashTables data took   2.24ms
[2019.11.22-05.14.19:998][684]LogEditorServer: Finished looking for orphan Actors (0.000 secs)
[2019.11.22-05.14.20:023][684]LogUObjectHash: Compacting FUObjectHashTables data took   1.83ms
[2019.11.22-05.14.20:046][684]Cmd: MAP CHECKDEP NOCLEARLOG
[2019.11.22-05.14.20:047][684]MapCheck: Map check complete: 0 Error(s), 0 Warning(s), took 0.766ms to complete.
[2019.11.22-05.14.20:047][684]LogFileHelpers: Loading map 'map3' took 0.190
[2019.11.22-05.14.25:739][341]LogSlate: FSceneViewport::OnFocusLost() reason 2
[2019.11.22-05.14.28:502][647]LogSlate: FSceneViewport::OnFocusLost() reason 0
[2019.11.22-05.14.28:688][668]LogAIModule: Creating AISystem for world Menu
[2019.11.22-05.14.28:689][668]LogAssetEditorManager: Opening Asset editor for World /Game/Maps/Menu.Menu
[2019.11.22-05.14.28:714][668]LogUObjectHash: Compacting FUObjectHashTables data took   2.20ms
[2019.11.22-05.14.28:714][668]Cmd: MAP LOAD FILE="D:/Files/Rage-Race/Project/Content/Maps/Menu.umap" TEMPLATE=0 SHOWPROGRESS=1 FEATURELEVEL=3
[2019.11.22-05.14.28:715][668]LightingResults: New page: Lighting Build
[2019.11.22-05.14.28:715][668]LoadErrors: New page: Loading map: Menu.umap
[2019.11.22-05.14.28:715][668]MapCheck: New page: Map Check
[2019.11.22-05.14.28:715][668]LightingResults: New page: Lighting Build
[2019.11.22-05.14.28:743][668]LogUObjectHash: Compacting FUObjectHashTables data took   2.07ms
[2019.11.22-05.14.28:797][668]LogEditorServer: Finished looking for orphan Actors (0.000 secs)
[2019.11.22-05.14.28:822][668]LogUObjectHash: Compacting FUObjectHashTables data took   1.41ms
[2019.11.22-05.14.28:846][668]Cmd: MAP CHECKDEP NOCLEARLOG
[2019.11.22-05.14.28:846][668]MapCheck: Map check complete: 0 Error(s), 0 Warning(s), took 0.06ms to complete.
[2019.11.22-05.14.28:846][668]LogFileHelpers: Loading map 'Menu' took 0.133
[2019.11.22-05.14.34:318][314]LogSlate: FSceneViewport::OnFocusLost() reason 2
[2019.11.22-05.14.35:705][480]LogSlate: FSceneViewport::OnFocusLost() reason 2
[2019.11.22-05.14.37:386][682]LogSlate: FSceneViewport::OnFocusLost() reason 0
[2019.11.22-05.14.44:301][753]LogAIModule: Creating AISystem for world Lobby
[2019.11.22-05.14.44:306][753]LogAssetEditorManager: Opening Asset editor for World /Game/Maps/Lobby.Lobby
[2019.11.22-05.14.44:332][753]LogUObjectHash: Compacting FUObjectHashTables data took   2.68ms
[2019.11.22-05.14.44:333][753]Cmd: MAP LOAD FILE="D:/Files/Rage-Race/Project/Content/Maps/Lobby.umap" TEMPLATE=0 SHOWPROGRESS=1 FEATURELEVEL=3
[2019.11.22-05.14.44:333][753]LightingResults: New page: Lighting Build
[2019.11.22-05.14.44:334][753]LoadErrors: New page: Loading map: Lobby.umap
[2019.11.22-05.14.44:334][753]MapCheck: New page: Map Check
[2019.11.22-05.14.44:334][753]LightingResults: New page: Lighting Build
[2019.11.22-05.14.44:362][753]LogUObjectHash: Compacting FUObjectHashTables data took   2.28ms
[2019.11.22-05.14.44:449][753]LogEditorServer: Finished looking for orphan Actors (0.000 secs)
[2019.11.22-05.14.44:479][753]LogUObjectHash: Compacting FUObjectHashTables data took   1.83ms
[2019.11.22-05.14.44:501][753]Cmd: MAP CHECKDEP NOCLEARLOG
[2019.11.22-05.14.44:501][753]MapCheck: Map check complete: 0 Error(s), 0 Warning(s), took 0.063ms to complete.
[2019.11.22-05.14.44:501][753]LogFileHelpers: Loading map 'Lobby' took 0.168
[2019.11.22-05.14.52:651][721]LogSlate: FSceneViewport::OnFocusLost() reason 0
[2019.11.22-05.14.53:958][744]LogTexture: Display: Building textures: LQ_Lightmap_0_3 (DXT1, 64X64)
[2019.11.22-05.14.53:958][744]LogTexture: Display: Building textures: HQ_Lightmap0_3 (AutoDXT, 64X64)
[2019.11.22-05.14.53:958][744]LogTexture: Display: Building textures: HQ_Lightmap1_2 (AutoDXT, 512X512)
[2019.11.22-05.14.53:958][744]LogTexture: Display: Building textures: ShadowMapTexture2D_3 (G8, 32X32)
[2019.11.22-05.14.53:958][744]LogTexture: Display: Building textures: LQ_Lightmap_1_2 (DXT1, 512X512)
[2019.11.22-05.14.53:958][744]LogTexture: Display: Building textures: ShadowMapTexture2D_2 (G8, 1024X1024)
[2019.11.22-05.14.53:958][744]LogTexture: Display: Building textures: LQ_Lightmap_1_1 (DXT1, 1024X1024)
[2019.11.22-05.14.53:958][744]LogTexture: Display: Building textures: HQ_Lightmap1_1 (AutoDXT, 1024X1024)
[2019.11.22-05.14.53:960][744]LogAIModule: Creating AISystem for world Cars
[2019.11.22-05.14.53:993][744]LogAssetEditorManager: Opening Asset editor for World /Game/Maps/Cars.Cars
[2019.11.22-05.14.54:017][744]LogUObjectHash: Compacting FUObjectHashTables data took   2.30ms
[2019.11.22-05.14.54:018][744]Cmd: MAP LOAD FILE="D:/Files/Rage-Race/Project/Content/Maps/Cars.umap" TEMPLATE=0 SHOWPROGRESS=1 FEATURELEVEL=3
[2019.11.22-05.14.54:018][744]LightingResults: New page: Lighting Build
[2019.11.22-05.14.54:019][744]LoadErrors: New page: Loading map: Cars.umap
[2019.11.22-05.14.54:019][744]MapCheck: New page: Map Check
[2019.11.22-05.14.54:019][744]LightingResults: New page: Lighting Build
[2019.11.22-05.14.54:047][744]LogUObjectHash: Compacting FUObjectHashTables data took   2.21ms
[2019.11.22-05.14.54:192][744]LogEditorServer: Finished looking for orphan Actors (0.000 secs)
[2019.11.22-05.14.54:220][744]LogUObjectHash: Compacting FUObjectHashTables data took   1.78ms
[2019.11.22-05.14.54:243][744]Cmd: MAP CHECKDEP NOCLEARLOG
[2019.11.22-05.14.54:243][744]MapCheck: Map check complete: 0 Error(s), 0 Warning(s), took 0.071ms to complete.
[2019.11.22-05.14.54:243][744]LogFileHelpers: Loading map 'Cars' took 0.225
[2019.11.22-05.15.05:180][959]LogEditorViewport: Clicking on Actor (LMB): StaticMeshActor (Floor27)
[2019.11.22-05.15.09:590][419]LogEditorViewport: Clicking on Actor (LMB): StaticMeshActor (Floor55)
[2019.11.22-05.15.11:053][584]LogEditorViewport: Clicking Background
[2019.11.22-05.15.17:679][368]LogSlate: FSceneViewport::OnFocusLost() reason 0
[2019.11.22-05.15.17:866][389]LogAIModule: Creating AISystem for world map3
[2019.11.22-05.15.17:869][389]LogAssetEditorManager: Opening Asset editor for World /Game/Maps/map3.map3
[2019.11.22-05.15.17:891][389]LogUObjectHash: Compacting FUObjectHashTables data took   1.60ms
[2019.11.22-05.15.17:892][389]Cmd: MAP LOAD FILE="D:/Files/Rage-Race/Project/Content/Maps/map3.umap" TEMPLATE=0 SHOWPROGRESS=1 FEATURELEVEL=3
[2019.11.22-05.15.17:892][389]LightingResults: New page: Lighting Build
[2019.11.22-05.15.17:893][389]LoadErrors: New page: Loading map: map3.umap
[2019.11.22-05.15.17:894][389]MapCheck: New page: Map Check
[2019.11.22-05.15.17:894][389]LightingResults: New page: Lighting Build
[2019.11.22-05.15.17:919][389]LogUObjectHash: Compacting FUObjectHashTables data took   2.23ms
[2019.11.22-05.15.17:982][389]LogEditorServer: Finished looking for orphan Actors (0.000 secs)
[2019.11.22-05.15.18:009][389]LogUObjectHash: Compacting FUObjectHashTables data took   1.91ms
[2019.11.22-05.15.18:032][389]Cmd: MAP CHECKDEP NOCLEARLOG
[2019.11.22-05.15.18:032][389]MapCheck: Map check complete: 0 Error(s), 0 Warning(s), took 0.061ms to complete.
[2019.11.22-05.15.18:032][389]LogFileHelpers: Loading map 'map3' took 0.140
[2019.11.22-05.15.20:989][735]LogSlate: FSceneViewport::OnFocusLost() reason 0
[2019.11.22-05.15.21:248][755]LogAIModule: Creating AISystem for world Map2
[2019.11.22-05.15.21:251][755]LogAssetEditorManager: Opening Asset editor for World /Game/Maps/Map2.Map2
[2019.11.22-05.15.21:275][755]LogUObjectHash: Compacting FUObjectHashTables data took   1.47ms
[2019.11.22-05.15.21:276][755]Cmd: MAP LOAD FILE="D:/Files/Rage-Race/Project/Content/Maps/Map2.umap" TEMPLATE=0 SHOWPROGRESS=1 FEATURELEVEL=3
[2019.11.22-05.15.21:276][755]LightingResults: New page: Lighting Build
[2019.11.22-05.15.21:276][755]LoadErrors: New page: Loading map: Map2.umap
[2019.11.22-05.15.21:277][755]MapCheck: New page: Map Check
[2019.11.22-05.15.21:277][755]LightingResults: New page: Lighting Build
[2019.11.22-05.15.21:304][755]LogUObjectHash: Compacting FUObjectHashTables data took   2.28ms
[2019.11.22-05.15.21:389][755]LogEditorServer: Finished looking for orphan Actors (0.000 secs)
[2019.11.22-05.15.21:414][755]LogUObjectHash: Compacting FUObjectHashTables data took   2.00ms
[2019.11.22-05.15.21:436][755]Cmd: MAP CHECKDEP NOCLEARLOG
[2019.11.22-05.15.21:437][755]MapCheck: Map check complete: 0 Error(s), 0 Warning(s), took 0.071ms to complete.
[2019.11.22-05.15.21:437][755]LogFileHelpers: Loading map 'Map2' took 0.162
[2019.11.22-05.15.23:399][986]LogSlate: FSceneViewport::OnFocusLost() reason 0
[2019.11.22-05.15.30:242][231]LogTexture: Display: Building textures: lambert4 (BGRA8, 2295X2295)
[2019.11.22-05.15.30:242][231]LogTexture: Display: Building textures: Polished_Concrete_New1 (BGRA8, 443X443)
[2019.11.22-05.15.30:242][231]LogTexture: Display: Building textures: lambert4 (BGRA8, 2295X2295)
[2019.11.22-05.15.30:242][231]LogTexture: Display: Building textures: Blacktop_Old_02 (AutoDXT, 500X500)
[2019.11.22-05.15.30:242][231]LogTexture: Display: Building textures: lambert5 (AutoDXT, 2924X2924)
[2019.11.22-05.15.30:242][231]LogTexture: Display: Building textures: Concrete_Scored_Jointless1 (AutoDXT, 256X256)
[2019.11.22-05.15.30:242][231]LogTexture: Display: Building textures: lambert5 (AutoDXT, 2924X2924)
[2019.11.22-05.15.30:242][231]LogTexture: Display: Building textures: lambert6 (BGRA8, 2295X2295)
[2019.11.22-05.15.30:242][231]LogTexture: Display: Building textures: lambert5 (AutoDXT, 2924X2924)
[2019.11.22-05.15.30:242][231]LogTexture: Display: Building textures: lambert4 (BGRA8, 2295X2295)
[2019.11.22-05.15.30:242][231]LogTexture: Display: Building textures: lambert5 (AutoDXT, 2924X2924)
[2019.11.22-05.15.30:242][231]LogTexture: Display: Building textures: HQ_Lightmap0_1 (AutoDXT, 1024X1024)
[2019.11.22-05.15.30:242][231]LogTexture: Display: Building textures: lambert6 (BGRA8, 2295X2295)
[2019.11.22-05.15.30:242][231]LogTexture: Display: Building textures: HQ_Lightmap0_2 (AutoDXT, 1024X1024)
[2019.11.22-05.15.30:242][231]LogStaticMesh: Building static mesh City_Group_Extras_5...
[2019.11.22-05.15.30:574][231]LogTexture: Display: Building textures: lambert4 (BGRA8, 2295X2295)
[2019.11.22-05.15.30:574][231]LogTexture: Display: Building textures: HQ_Lightmap0_4 (AutoDXT, 128X128)
[2019.11.22-05.15.30:574][231]LogTexture: Display: Building textures: HQ_Lightmap0_5 (AutoDXT, 128X128)
[2019.11.22-05.15.30:574][231]LogTexture: Display: Building textures: HQ_Lightmap0_6 (AutoDXT, 128X128)
[2019.11.22-05.15.30:574][231]LogTexture: Display: Building textures: HQ_Lightmap0_7 (AutoDXT, 128X128)
[2019.11.22-05.15.30:574][231]LogTexture: Display: Building textures: HQ_Lightmap1_3 (AutoDXT, 512X512)
[2019.11.22-05.15.30:574][231]LogTexture: Display: Building textures: LQ_Lightmap_0_1 (DXT1, 1024X1024)
[2019.11.22-05.15.30:574][231]LogBlueprintActionDatabase: Requesting refresh due to module change: MeshBuilder (loaded)
[2019.11.22-05.15.31:619][231]LogTexture: Display: Building textures: LQ_Lightmap_0_2 (DXT1, 1024X1024)
[2019.11.22-05.15.31:619][231]LogTexture: Display: Building textures: LQ_Lightmap_0_4 (DXT1, 128X128)
[2019.11.22-05.15.31:619][231]LogTexture: Display: Building textures: LQ_Lightmap_0_5 (DXT1, 128X128)
[2019.11.22-05.15.31:619][231]LogTexture: Display: Building textures: LQ_Lightmap_0_6 (DXT1, 128X128)
[2019.11.22-05.15.31:619][231]LogTexture: Display: Building textures: LQ_Lightmap_0_7 (DXT1, 128X128)
[2019.11.22-05.15.31:619][231]LogTexture: Display: Building textures: LQ_Lightmap_1_3 (DXT1, 512X512)
[2019.11.22-05.15.31:619][231]LogTexture: Display: Building textures: ShadowMapTexture2D_0 (G8, 1024X1024)
[2019.11.22-05.15.31:619][231]LogTexture: Display: Building textures: ShadowMapTexture2D_1 (G8, 1024X256)
[2019.11.22-05.15.31:619][231]LogTexture: Display: Building textures: ShadowMapTexture2D_2 (G8, 512X128)
[2019.11.22-05.15.31:619][231]LogTexture: Display: Building textures: ShadowMapTexture2D_3 (G8, 64X64)
[2019.11.22-05.15.31:619][231]LogTexture: Display: Building textures: ShadowMapTexture2D_4 (G8, 64X64)
[2019.11.22-05.15.31:619][231]LogTexture: Display: Building textures: ShadowMapTexture2D_5 (G8, 64X64)
[2019.11.22-05.15.31:619][231]LogTexture: Display: Building textures: ShadowMapTexture2D_6 (G8, 64X64)
[2019.11.22-05.15.31:619][231]LogTexture: Display: Building textures: lambert5 (AutoDXT, 2924X2924)
[2019.11.22-05.15.31:619][231]LogTexture: Display: Building textures: lambert5 (AutoDXT, 2924X2924)
[2019.11.22-05.15.31:619][231]LogTexture: Display: Building textures: lambert4 (BGRA8, 2295X2295)
[2019.11.22-05.15.31:619][231]LogTexture: Display: Building textures: lambert6 (BGRA8, 2295X2295)
[2019.11.22-05.15.31:619][231]LogStaticMesh: Built static mesh [1.38s] /Game/Maps/NewMap/Buildings/CityGroups/Group5/Extras5/City_Group_Extras_5.City_Group_Extras_5
[2019.11.22-05.15.35:677][231]LogTexture: Display: Building textures: lambert4 (BGRA8, 2295X2295)
[2019.11.22-05.15.35:677][231]LogTexture: Display: Building textures: lambert5 (AutoDXT, 2924X2924)
[2019.11.22-05.15.35:677][231]LogTexture: Display: Building textures: lambert5 (AutoDXT, 2924X2924)
[2019.11.22-05.15.35:677][231]LogTexture: Display: Building textures: Polished_Concrete_New1 (BGRA8, 443X443)
[2019.11.22-05.15.35:677][231]LogTexture: Display: Building textures: Asphalt_New1 (AutoDXT, 256X256)
[2019.11.22-05.15.35:677][231]LogTexture: Display: Building textures: Blacktop_Old_02 (AutoDXT, 500X500)
[2019.11.22-05.15.35:677][231]LogTexture: Display: Building textures: lambert4 (BGRA8, 2295X2295)
[2019.11.22-05.15.35:677][231]LogTexture: Display: Building textures: lambert6 (BGRA8, 2295X2295)
[2019.11.22-05.15.35:677][231]LogTexture: Display: Building textures: lambert5 (AutoDXT, 2924X2924)
[2019.11.22-05.15.35:677][231]LogMaterial: Display: Missing cached shader map for material lambert4, compiling. 
[2019.11.22-05.15.35:945][231]LogMaterial: Display: Missing cached shader map for material lambert3, compiling. 
[2019.11.22-05.15.35:962][231]LogStaticMesh: Building static mesh City_Group_5...
[2019.11.22-05.15.36:040][231]LogStaticMesh: Built static mesh [0.08s] /Game/Maps/NewMap/Buildings/CityGroups/Group5/City_Group_5.City_Group_5
[2019.11.22-05.15.36:048][231]LogMaterial: Display: Missing cached shader map for material lambert3, compiling. 
[2019.11.22-05.15.36:062][231]LogStaticMesh: Building static mesh City_Group_11...
[2019.11.22-05.15.36:114][231]LogStaticMesh: Built static mesh [0.05s] /Game/Maps/NewMap/Buildings/CityGroups/Groups11/City_Group_11.City_Group_11
[2019.11.22-05.15.36:120][231]LogMaterial: Display: Missing cached shader map for material lambert4, compiling. 
[2019.11.22-05.15.36:138][231]LogStaticMesh: Building static mesh City_Group_Extras_9...
[2019.11.22-05.15.36:165][231]LogStaticMesh: Built static mesh [0.03s] /Game/Maps/NewMap/Buildings/CityGroups/Group9/Extras9/City_Group_Extras_9.City_Group_Extras_9
[2019.11.22-05.15.36:169][231]LogMaterial: Display: Missing cached shader map for material lambert3, compiling. 
[2019.11.22-05.15.36:186][231]LogStaticMesh: Building static mesh City_Group_Extras_3...
[2019.11.22-05.15.36:334][231]LogStaticMesh: Built static mesh [0.15s] /Game/Maps/NewMap/Buildings/CityGroups/Group3/Extras3/City_Group_Extras_3.City_Group_Extras_3
[2019.11.22-05.15.36:338][231]LogMaterial: Display: Missing cached shader map for material lambert4, compiling. 
[2019.11.22-05.15.36:356][231]LogMaterial: Display: Missing cached shader map for material lambert4, compiling. 
[2019.11.22-05.15.36:374][231]LogStaticMesh: Building static mesh City_Tunels...
[2019.11.22-05.15.38:450][231]LogStaticMesh: Built static mesh [2.08s] /Game/Maps/NewMap/TunelsAssets/CityTunels/City_Tunels.City_Tunels
[2019.11.22-05.15.38:669][231]LogMaterial: Display: Missing cached shader map for material lambert3, compiling. 
[2019.11.22-05.15.38:688][231]LogStaticMesh: Building static mesh City_Group_3...
[2019.11.22-05.15.38:755][231]LogStaticMesh: Built static mesh [0.07s] /Game/Maps/NewMap/Buildings/CityGroups/Group3/City_Group_3.City_Group_3
[2019.11.22-05.15.38:762][231]LogStaticMesh: Building static mesh City_Group_4...
[2019.11.22-05.15.38:823][231]LogStaticMesh: Built static mesh [0.06s] /Game/Maps/NewMap/Buildings/CityGroups/Group4/City_Group_4.City_Group_4
[2019.11.22-05.15.38:830][231]LogMaterial: Display: Missing cached shader map for material Blacktop_Old_01, compiling. 
[2019.11.22-05.15.38:848][231]LogMaterial: Display: Missing cached shader map for material FrontColor, compiling. 
[2019.11.22-05.15.38:871][231]LogMaterial: Display: Missing cached shader map for material Polished_Concrete_New, compiling. 
[2019.11.22-05.15.38:892][231]LogStaticMesh: Building static mesh City_Group_Extas_2...
[2019.11.22-05.15.38:948][231]LogStaticMesh: Built static mesh [0.06s] /Game/Maps/NewMap/Buildings/CityGroups/Group2/Extras2/City_Group_Extas_2.City_Group_Extas_2
[2019.11.22-05.15.38:955][231]LogMaterial: Display: Missing cached shader map for material lambert4, compiling. 
[2019.11.22-05.15.38:976][231]LogStaticMesh: Building static mesh Street...
[2019.11.22-05.15.38:982][231]LogStaticMesh: Built static mesh [0.01s] /Game/UI/Assets/Map/Street/Street.Street
[2019.11.22-05.15.38:995][231]LogMaterial: Display: Missing cached shader map for material lambert3, compiling. 
[2019.11.22-05.15.39:013][231]LogMaterial: Display: Missing cached shader map for material lambert4, compiling. 
[2019.11.22-05.15.39:030][231]LogStaticMesh: Building static mesh City_Group_Extras_7...
[2019.11.22-05.15.39:073][231]LogStaticMesh: Built static mesh [0.04s] /Game/Maps/NewMap/Buildings/CityGroups/Group7/Extras7/City_Group_Extras_7.City_Group_Extras_7
[2019.11.22-05.15.39:080][231]LogMaterial: Display: Missing cached shader map for material lambert4, compiling. 
[2019.11.22-05.15.39:114][231]LogMaterial: Display: Missing cached shader map for material lambert3, compiling. 
[2019.11.22-05.15.39:152][231]LogStaticMesh: Building static mesh City_Group_10...
[2019.11.22-05.15.39:187][231]LogStaticMesh: Built static mesh [0.04s] /Game/Maps/NewMap/Buildings/CityGroups/Groups10/City_Group_10.City_Group_10
[2019.11.22-05.15.39:197][231]LogStaticMesh: Building static mesh City_Group_9...
[2019.11.22-05.15.39:216][231]LogStaticMesh: Built static mesh [0.02s] /Game/Maps/NewMap/Buildings/CityGroups/Group9/City_Group_9.City_Group_9
[2019.11.22-05.15.39:230][231]LogStaticMesh: Building static mesh City_Group_8...
[2019.11.22-05.15.39:289][231]LogStaticMesh: Built static mesh [0.06s] /Game/Maps/NewMap/Buildings/CityGroups/Group8/City_Group_8.City_Group_8
[2019.11.22-05.15.39:293][231]LogStaticMesh: Building static mesh City_Group_7...
[2019.11.22-05.15.39:741][231]LogShaderCompilers: Display: Shaders left to compile 370
[2019.11.22-05.15.39:742][231]LogShaderCompilers: Display: Shaders left to compile 360
[2019.11.22-05.15.39:742][231]LogStaticMesh: Built static mesh [0.45s] /Game/Maps/NewMap/Buildings/CityGroups/Group7/City_Group_7.City_Group_7
[2019.11.22-05.15.39:795][231]LogShaderCompilers: Display: Shaders left to compile 350
[2019.11.22-05.15.39:795][231]LogStaticMesh: Building static mesh City_Group_6...
[2019.11.22-05.15.39:864][231]LogStaticMesh: Built static mesh [0.07s] /Game/Maps/NewMap/Buildings/CityGroups/Group6/City_Group_6.City_Group_6
[2019.11.22-05.15.39:866][231]LogStaticMesh: Building static mesh City_Group_2...
[2019.11.22-05.15.39:930][231]LogStaticMesh: Built static mesh [0.06s] /Game/Maps/NewMap/Buildings/CityGroups/Group2/City_Group_2.City_Group_2
[2019.11.22-05.15.39:935][231]LogStaticMesh: Building static mesh City_Tunnels_Bounds...
[2019.11.22-05.15.40:209][231]LogStaticMesh: Built static mesh [0.27s] /Game/Maps/NewMap/TunelsAssets/BoundsTunels/City_Tunnels_Bounds.City_Tunnels_Bounds
[2019.11.22-05.15.40:250][231]LogMaterial: Display: Missing cached shader map for material lambert3, compiling. 
[2019.11.22-05.15.40:274][231]LogMaterial: Display: Missing cached shader map for material lambert3, compiling. 
[2019.11.22-05.15.40:305][231]LogMaterial: Display: Missing cached shader map for material lambert3, compiling. 
[2019.11.22-05.15.40:334][231]LogMaterial: Display: Missing cached shader map for material lambert3, compiling. 
[2019.11.22-05.15.40:359][231]LogMaterial: Display: Missing cached shader map for material lambert4, compiling. 
[2019.11.22-05.15.40:385][231]LogMaterial: Display: Missing cached shader map for material Polished_Concrete_New, compiling. 
[2019.11.22-05.15.40:421][231]LogAudioDerivedData: Display: Building compressed audio format OGG hash OGG wave hurricane...
[2019.11.22-05.15.42:438][231]LogAudioDerivedData: Display: Updated SoundWave->RawPCMDataSize from 0 to 15902292 while cooking SoundWave /Game/UI/Assets/SoundEffects/Music/hurricane.hurricane.
[2019.11.22-05.15.42:446][231]LogMaterial: Display: Missing cached shader map for material Blacktop_Old_01, compiling. 
[2019.11.22-05.15.42:463][231]LogMaterial: Display: Missing cached shader map for material Concrete_Scored_Jointless, compiling. 
[2019.11.22-05.15.42:479][231]LogMaterial: Display: Missing cached shader map for material Asphalt_New, compiling. 
[2019.11.22-05.15.42:504][231]LogMaterial: Display: Missing cached shader map for material lambert3, compiling. 
[2019.11.22-05.15.42:526][231]LogMaterial: Display: Missing cached shader map for material lambert4, compiling. 
[2019.11.22-05.15.42:554][231]LogAIModule: Creating AISystem for world DetailBuildingMap
[2019.11.22-05.15.42:698][231]LogAssetEditorManager: Opening Asset editor for World /Game/Maps/NewMap/DetailBuildingMap.DetailBuildingMap
[2019.11.22-05.15.42:738][231]LogUObjectHash: Compacting FUObjectHashTables data took   4.08ms
[2019.11.22-05.15.42:739][231]Cmd: MAP LOAD FILE="D:/Files/Rage-Race/Project/Content/Maps/NewMap/DetailBuildingMap.umap" TEMPLATE=0 SHOWPROGRESS=1 FEATURELEVEL=3
[2019.11.22-05.15.42:739][231]LightingResults: New page: Lighting Build
[2019.11.22-05.15.42:740][231]LoadErrors: New page: Loading map: DetailBuildingMap.umap
[2019.11.22-05.15.42:740][231]MapCheck: New page: Map Check
[2019.11.22-05.15.42:740][231]LightingResults: New page: Lighting Build
[2019.11.22-05.15.42:773][231]LogUObjectHash: Compacting FUObjectHashTables data took   3.56ms
[2019.11.22-05.15.43:206][231]LogEditorServer: Finished looking for orphan Actors (0.000 secs)
[2019.11.22-05.15.43:245][231]LogUObjectHash: Compacting FUObjectHashTables data took   4.16ms
[2019.11.22-05.15.43:294][231]Cmd: MAP CHECKDEP NOCLEARLOG
[2019.11.22-05.15.43:294][231]MapCheck: Map check complete: 0 Error(s), 0 Warning(s), took 0.148ms to complete.
[2019.11.22-05.15.43:294][231]LogFileHelpers: Loading map 'DetailBuildingMap' took 0.555
[2019.11.22-05.15.50:428][705]LogSlate: FSceneViewport::OnFocusLost() reason 0
[2019.11.22-05.16.35:325][889]LogUnrealEdMisc: Warning: Heartbeat event firing too frequently (51.415 sec). This should never happen. Something is wrong with the timer delegate!
[2019.11.22-14.15.54:496][743]LogHttp: Warning: 0000027C64C24CC0: request failed, libcurl error: 56 (Failure when receiving data from the peer)
[2019.11.22-14.15.54:497][743]LogHttp: Warning: 0000027C64C24CC0: libcurl info message cache 0 (Found bundle for host datarouter.ol.epicgames.com: 0x27c7533bf70 [can pipeline])
[2019.11.22-14.15.54:497][743]LogHttp: Warning: 0000027C64C24CC0: libcurl info message cache 1 (Re-using existing connection! (#229) with host datarouter.ol.epicgames.com)
[2019.11.22-14.15.54:497][743]LogHttp: Warning: 0000027C64C24CC0: libcurl info message cache 2 (Connected to datarouter.ol.epicgames.com (54.86.3.71) port 443 (#229))
[2019.11.22-14.15.54:497][743]LogHttp: Warning: 0000027C64C24CC0: libcurl info message cache 3 (We are completely uploaded and fine)
[2019.11.22-14.15.54:497][743]LogHttp: Warning: 0000027C64C24CC0: libcurl info message cache 4 (OpenSSL SSL_read: SSL_ERROR_SYSCALL, errno 10054)
[2019.11.22-14.15.54:498][743]LogHttp: Warning: 0000027C64C24CC0: libcurl info message cache 5 (Connection died, retrying a fresh connect)
[2019.11.22-14.15.54:498][743]LogHttp: Warning: 0000027C64C24CC0: libcurl info message cache 6 (necessary data rewind wasn't possible)
[2019.11.22-14.15.54:498][743]LogHttp: Warning: 0000027C64C24CC0: libcurl info message cache 7 (Closing connection 229)
[2019.11.22-14.15.54:506][744]LogHttp: Warning: Retry exhausted on https://datarouter.ol.epicgames.com/datarouter/api/v1/public/data?SessionID=%7BFC67CD42-4FC3-B939-0D5E-73B59F8B5CC7%7D&AppID=UEEditor.Rocket.Release&AppVersion=4.22.3-7053642%2B%2B%2BUE4%2BRelease-4.22&UserID=16422cdd48750fb4450d6c80d91a7078%7C57de66fab2ab42d385517f98632875ca%7Cd13690e4-46e3-44d0-b146-b3d159358759&AppEnvironment=datacollector-binary&UploadType=eteventstream
[2019.11.22-14.17.54:536][147]LogHttp: Warning: 0000027C64C247C0: request failed, libcurl error: 6 (Couldn't resolve host name)
[2019.11.22-14.17.54:536][147]LogHttp: Warning: 0000027C64C247C0: libcurl info message cache 0 (Could not resolve host: datarouter.ol.epicgames.com)
[2019.11.22-14.17.54:536][147]LogHttp: Warning: 0000027C64C247C0: libcurl info message cache 1 (Closing connection 230)
[2019.11.22-14.17.54:544][148]LogHttp: Warning: Retry exhausted on https://datarouter.ol.epicgames.com/datarouter/api/v1/public/data?SessionID=%7BFC67CD42-4FC3-B939-0D5E-73B59F8B5CC7%7D&AppID=UEEditor.Rocket.Release&AppVersion=4.22.3-7053642%2B%2B%2BUE4%2BRelease-4.22&UserID=16422cdd48750fb4450d6c80d91a7078%7C57de66fab2ab42d385517f98632875ca%7Cd13690e4-46e3-44d0-b146-b3d159358759&AppEnvironment=datacollector-binary&UploadType=eteventstream
