Log file open, 10/26/19 08:54:21
LogWindows: Failed to load 'aqProf.dll' (GetLastError=126)
LogWindows: File 'aqProf.dll' does not exist
LogWindows: Failed to load 'VtuneApi.dll' (GetLastError=126)
LogWindows: File 'VtuneApi.dll' does not exist
LogWindows: Failed to load 'VtuneApi32e.dll' (GetLastError=126)
LogWindows: File 'VtuneApi32e.dll' does not exist
LogConsoleResponse: Display: Failed to find resolution value strings in scalability ini. Falling back to default.
LogInit: Display: Running engine for game: TheRageRace
LogPakFile: Registered encryption key '00000000000000000000000000000000': 0 pak files mounted, 0 remain pending
LogPlatformFile: Not using cached read wrapper
LogTaskGraph: Started task graph with 5 named threads and 23 total threads with 3 sets of task threads.
LogStats: Stats thread started at 0.297864
LogD3D11RHI: Loaded GFSDK_Aftermath_Lib.x64.dll
LogICUInternationalization: ICU TimeZone Detection - Raw Offset: -5:00, Platform Override: ''
LogPluginManager: Mounting plugin Paper2D
LogPluginManager: Mounting plugin AdvancedSessions
LogPluginManager: Mounting plugin AdvancedSteamSessions
LogPluginManager: Mounting plugin AISupport
LogPluginManager: Mounting plugin LightPropagationVolume
LogPluginManager: Mounting plugin ActorLayerUtilities
LogPluginManager: Mounting plugin AnimationSharing
LogPluginManager: Mounting plugin CLionSourceCodeAccess
LogPluginManager: Mounting plugin CodeLiteSourceCodeAccess
LogPluginManager: Mounting plugin GitSourceControl
LogPluginManager: Mounting plugin KDevelopSourceCodeAccess
LogPluginManager: Mounting plugin NullSourceCodeAccess
LogPluginManager: Mounting plugin PerforceSourceControl
LogPluginManager: Mounting plugin SubversionSourceControl
LogPluginManager: Mounting plugin UObjectPlugin
LogPluginManager: Mounting plugin VisualStudioCodeSourceCodeAccess
LogPluginManager: Mounting plugin VisualStudioSourceCodeAccess
LogPluginManager: Mounting plugin XCodeSourceCodeAccess
LogPluginManager: Mounting plugin AssetManagerEditor
LogPluginManager: Mounting plugin CryptoKeys
LogPluginManager: Mounting plugin DataValidation
LogPluginManager: Mounting plugin FacialAnimation
LogPluginManager: Mounting plugin GameplayTagsEditor
LogPluginManager: Mounting plugin MacGraphicsSwitching
LogPluginManager: Mounting plugin MaterialAnalyzer
LogPluginManager: Mounting plugin MobileLauncherProfileWizard
LogPluginManager: Mounting plugin PluginBrowser
LogPluginManager: Mounting plugin SpeedTreeImporter
LogPluginManager: Mounting plugin DatasmithContent
LogPluginManager: Mounting plugin VariantManagerContent
LogPluginManager: Mounting plugin AlembicImporter
LogPluginManager: Mounting plugin AppleImageUtils
LogPluginManager: Mounting plugin AppleVision
LogPluginManager: Mounting plugin BackChannel
LogPluginManager: Mounting plugin CharacterAI
LogPluginManager: Mounting plugin GeometryCache
LogPluginManager: Mounting plugin HTML5Networking
LogPluginManager: Mounting plugin ProxyLODPlugin
LogPluginManager: Mounting plugin SkeletalReduction
LogPluginManager: Mounting plugin MagicLeap
LogPluginManager: Mounting plugin MagicLeapMedia
LogPluginManager: Mounting plugin AndroidMedia
LogPluginManager: Mounting plugin AvfMedia
LogPluginManager: Mounting plugin ImgMedia
LogPluginManager: Mounting plugin LinearTimecode
LogPluginManager: Mounting plugin MediaCompositing
LogPluginManager: Mounting plugin MediaPlayerEditor
LogPluginManager: Mounting plugin WebMMedia
LogPluginManager: Mounting plugin WmfMedia
LogPluginManager: Mounting plugin TcpMessaging
LogPluginManager: Mounting plugin UdpMessaging
LogPluginManager: Mounting plugin ActorSequence
LogPluginManager: Mounting plugin LevelSequenceEditor
LogPluginManager: Mounting plugin MatineeToLevelSequence
LogPluginManager: Mounting plugin NetcodeUnitTest
LogPluginManager: Mounting plugin NUTUnrealEngine4
LogPluginManager: Mounting plugin OnlineSubsystemGooglePlay
LogPluginManager: Mounting plugin OnlineSubsystemIOS
LogPluginManager: Mounting plugin OnlineSubsystem
LogPluginManager: Mounting plugin OnlineSubsystemNull
LogPluginManager: Mounting plugin OnlineSubsystemSteam
LogPluginManager: Mounting plugin OnlineSubsystemUtils
LogPluginManager: Mounting plugin LauncherChunkInstaller
LogPluginManager: Mounting plugin AndroidDeviceProfileSelector
LogPluginManager: Mounting plugin AndroidMoviePlayer
LogPluginManager: Mounting plugin AndroidPermission
LogPluginManager: Mounting plugin AppleMoviePlayer
LogPluginManager: Mounting plugin ArchVisCharacter
LogPluginManager: Mounting plugin AudioCapture
LogPluginManager: Mounting plugin CableComponent
LogPluginManager: Mounting plugin CustomMeshComponent
LogPluginManager: Mounting plugin EditableMesh
LogPluginManager: Mounting plugin ExampleDeviceProfileSelector
LogPluginManager: Mounting plugin Firebase
LogPluginManager: Mounting plugin GoogleCloudMessaging
LogPluginManager: Mounting plugin IOSDeviceProfileSelector
LogPluginManager: Mounting plugin LinuxDeviceProfileSelector
LogPluginManager: Mounting plugin LocationServicesBPLibrary
LogPluginManager: Mounting plugin MobilePatchingUtils
LogPluginManager: Mounting plugin OculusVR
LogPluginManager: Mounting plugin PhysXVehicles
LogPluginManager: Mounting plugin ProceduralMeshComponent
LogPluginManager: Mounting plugin RuntimePhysXCooking
LogPluginManager: Mounting plugin SignificanceManager
LogPluginManager: Mounting plugin SteamVR
LogPluginManager: Mounting plugin WebMMoviePlayer
LogPluginManager: Mounting plugin WindowsMoviePlayer
LogInit: Using libcurl 7.55.1-DEV
LogInit:  - built for x86_64-pc-win32
LogInit:  - supports SSL with OpenSSL/1.1.1
LogInit:  - supports HTTP deflate (compression) using libz 1.2.8
LogInit:  - other features:
LogInit:      CURL_VERSION_SSL
LogInit:      CURL_VERSION_LIBZ
LogInit:      CURL_VERSION_IPV6
LogInit:      CURL_VERSION_ASYNCHDNS
LogInit:      CURL_VERSION_LARGEFILE
LogInit:      CURL_VERSION_IDN
LogInit:  CurlRequestOptions (configurable via config and command line):
LogInit:  - bVerifyPeer = true  - Libcurl will verify peer certificate
LogInit:  - bUseHttpProxy = false  - Libcurl will NOT use HTTP proxy
LogInit:  - bDontReuseConnections = false  - Libcurl will reuse connections
LogInit:  - MaxHostConnections = 16  - Libcurl will limit the number of connections to a host
LogInit:  - LocalHostAddr = Default
LogInit:  - BufferSize = 65536
LogOnline: Display: STEAM: Loading Steam SDK 1.39
LogOnline: Display: STEAM: OnlineSubsystemSteam::Shutdown()
LogOnline: OSS: Unable to create OnlineSubsystem module Steam
LogInit: WinSock: version 1.1 (2.2), MaxSocks=32767, MaxUdp=65467
LogInit: Build: ++UE4+Release-4.22-CL-7053642
LogInit: Engine Version: 4.22.3-7053642+++UE4+Release-4.22
LogInit: Compatible Engine Version: 4.22.0-5660361+++UE4+Release-4.22
LogInit: Net CL: 5660361
LogInit: OS: Windows 10 (Release 1903) (), CPU: Intel(R) Core(TM) i7-4710HQ CPU @ 2.50GHz, GPU: Intel(R) HD Graphics 4600
LogInit: Compiled (64-bit): Jun 18 2019 03:09:11
LogInit: Compiled with Visual C++: 19.16.27025.01
LogInit: Build Configuration: Development
LogInit: Branch Name: ++UE4+Release-4.22
LogInit: Command Line: 
LogInit: Base Directory: C:/Program Files/Epic Games/UE_4.22/Engine/Binaries/Win64/
LogInit: Installed Engine Build: 1
LogDevObjectVersion: Number of dev versions registered: 23
LogDevObjectVersion:   Dev-Blueprints (B0D832E4-1F89-4F0D-ACCF-7EB736FD4AA2): 10
LogDevObjectVersion:   Dev-Build (E1C64328-A22C-4D53-A36C-8E866417BD8C): 0
LogDevObjectVersion:   Dev-Core (375EC13C-06E4-48FB-B500-84F0262A717E): 3
LogDevObjectVersion:   Dev-Editor (E4B068ED-F494-42E9-A231-DA0B2E46BB41): 30
LogDevObjectVersion:   Dev-Framework (CFFC743F-43B0-4480-9391-14DF171D2073): 35
LogDevObjectVersion:   Dev-Mobile (B02B49B5-BB20-44E9-A304-32B752E40360): 2
LogDevObjectVersion:   Dev-Networking (A4E4105C-59A1-49B5-A7C5-40C4547EDFEE): 0
LogDevObjectVersion:   Dev-Online (39C831C9-5AE6-47DC-9A44-9C173E1C8E7C): 0
LogDevObjectVersion:   Dev-Physics (78F01B33-EBEA-4F98-B9B4-84EACCB95AA2): 0
LogDevObjectVersion:   Dev-Platform (6631380F-2D4D-43E0-8009-CF276956A95A): 0
LogDevObjectVersion:   Dev-Rendering (12F88B9F-8875-4AFC-A67C-D90C383ABD29): 28
LogDevObjectVersion:   Dev-Sequencer (7B5AE74C-D270-4C10-A958-57980B212A5A): 11
LogDevObjectVersion:   Dev-VR (D7296918-1DD6-4BDD-9DE2-64A83CC13884): 2
LogDevObjectVersion:   Dev-LoadTimes (C2A15278-BFE7-4AFE-6C17-90FF531DF755): 1
LogDevObjectVersion:   Private-Geometry (6EACA3D4-40EC-4CC1-B786-8BED09428FC5): 3
LogDevObjectVersion:   Dev-AnimPhys (29E575DD-E0A3-4627-9D10-D276232CDCEA): 17
LogDevObjectVersion:   Dev-Anim (AF43A65D-7FD3-4947-9873-3E8ED9C1BB05): 2
LogDevObjectVersion:   Dev-ReflectionCapture (6B266CEC-1EC7-4B8F-A30B-E4D90942FC07): 1
LogDevObjectVersion:   Dev-Automation (0DF73D61-A23F-47EA-B727-89E90C41499A): 1
LogDevObjectVersion:   FortniteMain (601D1886-AC64-4F84-AA16-D3DE0DEAC7D6): 25
LogDevObjectVersion:   Dev-Enterprise (9DFFBCD6-494F-0158-E221-12823C92A888): 6
LogDevObjectVersion:   Dev-Niagara (F2AED0AC-9AFE-416F-8664-AA7FFA26D6FC): 1
LogDevObjectVersion:   Dev-Destruction (174F1F0B-B4C6-45A5-B13F-2EE8D0FB917D): 2
LogInit: Presizing for max 16777216 objects, including 0 objects not considered by GC, pre-allocating 0 bytes for permanent pool.
LogInit: Object subsystem initialized
LogConfig: Setting CVar [[con.DebugEarlyDefault:1]]
LogConfig: Setting CVar [[r.setres:1280x720]]
[2019.10.26-13.54.23:363][  0]LogConfig: Setting CVar [[r.VSync:0]]
[2019.10.26-13.54.23:364][  0]LogConfig: Setting CVar [[r.RHICmdBypass:0]]
[2019.10.26-13.54.23:364][  0]LogConfig: Applying CVar settings from Section [/Script/Engine.RendererSettings] File [C:/Users/maxim/OneDrive/Documents/Unreal Projects/TheRageRace/Saved/Config/Windows/Engine.ini]
[2019.10.26-13.54.23:364][  0]LogConfig: Setting CVar [[r.GPUCrashDebugging:0]]
[2019.10.26-13.54.23:364][  0]LogConfig: Applying CVar settings from Section [/Script/Engine.RendererOverrideSettings] File [C:/Users/maxim/OneDrive/Documents/Unreal Projects/TheRageRace/Saved/Config/Windows/Engine.ini]
[2019.10.26-13.54.23:364][  0]LogConfig: Applying CVar settings from Section [/Script/Engine.StreamingSettings] File [C:/Users/maxim/OneDrive/Documents/Unreal Projects/TheRageRace/Saved/Config/Windows/Engine.ini]
[2019.10.26-13.54.23:364][  0]LogConfig: Setting CVar [[s.MinBulkDataSizeForAsyncLoading:131072]]
[2019.10.26-13.54.23:364][  0]LogConfig: Setting CVar [[s.AsyncLoadingThreadEnabled:0]]
[2019.10.26-13.54.23:364][  0]LogConfig: Setting CVar [[s.EventDrivenLoaderEnabled:1]]
[2019.10.26-13.54.23:364][  0]LogConfig: Setting CVar [[s.WarnIfTimeLimitExceeded:0]]
[2019.10.26-13.54.23:364][  0]LogConfig: Setting CVar [[s.TimeLimitExceededMultiplier:1.5]]
[2019.10.26-13.54.23:364][  0]LogConfig: Setting CVar [[s.TimeLimitExceededMinTime:0.005]]
[2019.10.26-13.54.23:364][  0]LogConfig: Setting CVar [[s.UseBackgroundLevelStreaming:1]]
[2019.10.26-13.54.23:364][  0]LogConfig: Setting CVar [[s.PriorityAsyncLoadingExtraTime:15.0]]
[2019.10.26-13.54.23:364][  0]LogConfig: Setting CVar [[s.LevelStreamingActorsUpdateTimeLimit:5.0]]
[2019.10.26-13.54.23:364][  0]LogConfig: Setting CVar [[s.PriorityLevelStreamingActorsUpdateExtraTime:5.0]]
[2019.10.26-13.54.23:364][  0]LogConfig: Setting CVar [[s.LevelStreamingComponentsRegistrationGranularity:10]]
[2019.10.26-13.54.23:364][  0]LogConfig: Setting CVar [[s.UnregisterComponentsTimeLimit:1.0]]
[2019.10.26-13.54.23:364][  0]LogConfig: Setting CVar [[s.LevelStreamingComponentsUnregistrationGranularity:5]]
[2019.10.26-13.54.23:364][  0]LogConfig: Applying CVar settings from Section [/Script/Engine.GarbageCollectionSettings] File [C:/Users/maxim/OneDrive/Documents/Unreal Projects/TheRageRace/Saved/Config/Windows/Engine.ini]
[2019.10.26-13.54.23:364][  0]LogConfig: Setting CVar [[gc.MaxObjectsNotConsideredByGC:1]]
[2019.10.26-13.54.23:364][  0]LogConfig: Setting CVar [[gc.SizeOfPermanentObjectPool:0]]
[2019.10.26-13.54.23:364][  0]LogConfig: Setting CVar [[gc.FlushStreamingOnGC:0]]
[2019.10.26-13.54.23:364][  0]LogConfig: Setting CVar [[gc.NumRetriesBeforeForcingGC:10]]
[2019.10.26-13.54.23:364][  0]LogConfig: Setting CVar [[gc.AllowParallelGC:1]]
[2019.10.26-13.54.23:364][  0]LogConfig: Setting CVar [[gc.TimeBetweenPurgingPendingKillObjects:61.1]]
[2019.10.26-13.54.23:364][  0]LogConfig: Setting CVar [[gc.MaxObjectsInEditor:16777216]]
[2019.10.26-13.54.23:364][  0]LogConfig: Setting CVar [[gc.IncrementalBeginDestroyEnabled:1]]
[2019.10.26-13.54.23:364][  0]LogConfig: Setting CVar [[gc.CreateGCClusters:1]]
[2019.10.26-13.54.23:364][  0]LogConfig: Setting CVar [[gc.MinGCClusterSize:5]]
[2019.10.26-13.54.23:364][  0]LogConfig: Setting CVar [[gc.ActorClusteringEnabled:0]]
[2019.10.26-13.54.23:364][  0]LogConfig: Setting CVar [[gc.BlueprintClusteringEnabled:0]]
[2019.10.26-13.54.23:364][  0]LogConfig: Setting CVar [[gc.UseDisregardForGCOnDedicatedServers:0]]
[2019.10.26-13.54.23:364][  0]LogConfig: Applying CVar settings from Section [/Script/Engine.NetworkSettings] File [C:/Users/maxim/OneDrive/Documents/Unreal Projects/TheRageRace/Saved/Config/Windows/Engine.ini]
[2019.10.26-13.54.23:364][  0]LogConfig: Applying CVar settings from Section [/Script/UnrealEd.CookerSettings] File [C:/Users/maxim/OneDrive/Documents/Unreal Projects/TheRageRace/Saved/Config/Windows/Engine.ini]
[2019.10.26-13.54.23:374][  0]LogConfig: Applying CVar settings from Section [ViewDistanceQuality@3] File [C:/Users/maxim/OneDrive/Documents/Unreal Projects/TheRageRace/Saved/Config/Windows/Scalability.ini]
[2019.10.26-13.54.23:374][  0]LogConfig: Setting CVar [[r.SkeletalMeshLODBias:0]]
[2019.10.26-13.54.23:374][  0]LogConfig: Setting CVar [[r.ViewDistanceScale:1.0]]
[2019.10.26-13.54.23:374][  0]LogConfig: Applying CVar settings from Section [AntiAliasingQuality@3] File [C:/Users/maxim/OneDrive/Documents/Unreal Projects/TheRageRace/Saved/Config/Windows/Scalability.ini]
[2019.10.26-13.54.23:374][  0]LogConfig: Setting CVar [[r.PostProcessAAQuality:4]]
[2019.10.26-13.54.23:374][  0]LogConfig: Applying CVar settings from Section [ShadowQuality@3] File [C:/Users/maxim/OneDrive/Documents/Unreal Projects/TheRageRace/Saved/Config/Windows/Scalability.ini]
[2019.10.26-13.54.23:374][  0]LogConfig: Setting CVar [[r.LightFunctionQuality:1]]
[2019.10.26-13.54.23:374][  0]LogConfig: Setting CVar [[r.ShadowQuality:5]]
[2019.10.26-13.54.23:374][  0]LogConfig: Setting CVar [[r.Shadow.CSM.MaxCascades:10]]
[2019.10.26-13.54.23:374][  0]LogConfig: Setting CVar [[r.Shadow.MaxResolution:2048]]
[2019.10.26-13.54.23:374][  0]LogConfig: Setting CVar [[r.Shadow.MaxCSMResolution:2048]]
[2019.10.26-13.54.23:374][  0]LogConfig: Setting CVar [[r.Shadow.RadiusThreshold:0.01]]
[2019.10.26-13.54.23:374][  0]LogConfig: Setting CVar [[r.Shadow.DistanceScale:1.0]]
[2019.10.26-13.54.23:374][  0]LogConfig: Setting CVar [[r.Shadow.CSM.TransitionScale:1.0]]
[2019.10.26-13.54.23:374][  0]LogConfig: Setting CVar [[r.Shadow.PreShadowResolutionFactor:1.0]]
[2019.10.26-13.54.23:374][  0]LogConfig: Setting CVar [[r.DistanceFieldShadowing:1]]
[2019.10.26-13.54.23:374][  0]LogConfig: Setting CVar [[r.DistanceFieldAO:1]]
[2019.10.26-13.54.23:374][  0]LogConfig: Setting CVar [[r.AOQuality:2]]
[2019.10.26-13.54.23:374][  0]LogConfig: Setting CVar [[r.VolumetricFog:1]]
[2019.10.26-13.54.23:374][  0]LogConfig: Setting CVar [[r.VolumetricFog.GridPixelSize:8]]
[2019.10.26-13.54.23:374][  0]LogConfig: Setting CVar [[r.VolumetricFog.GridSizeZ:128]]
[2019.10.26-13.54.23:374][  0]LogConfig: Setting CVar [[r.VolumetricFog.HistoryMissSupersampleCount:4]]
[2019.10.26-13.54.23:374][  0]LogConfig: Setting CVar [[r.LightMaxDrawDistanceScale:1]]
[2019.10.26-13.54.23:374][  0]LogConfig: Setting CVar [[r.CapsuleShadows:1]]
[2019.10.26-13.54.23:374][  0]LogConfig: Applying CVar settings from Section [PostProcessQuality@3] File [C:/Users/maxim/OneDrive/Documents/Unreal Projects/TheRageRace/Saved/Config/Windows/Scalability.ini]
[2019.10.26-13.54.23:374][  0]LogConfig: Setting CVar [[r.MotionBlurQuality:4]]
[2019.10.26-13.54.23:374][  0]LogConfig: Setting CVar [[r.AmbientOcclusionMipLevelFactor:0.4]]
[2019.10.26-13.54.23:375][  0]LogConfig: Setting CVar [[r.AmbientOcclusionMaxQuality:100]]
[2019.10.26-13.54.23:375][  0]LogConfig: Setting CVar [[r.AmbientOcclusionLevels:-1]]
[2019.10.26-13.54.23:375][  0]LogConfig: Setting CVar [[r.AmbientOcclusionRadiusScale:1.0]]
[2019.10.26-13.54.23:375][  0]LogConfig: Setting CVar [[r.DepthOfFieldQuality:2]]
[2019.10.26-13.54.23:375][  0]LogConfig: Setting CVar [[r.RenderTargetPoolMin:400]]
[2019.10.26-13.54.23:375][  0]LogConfig: Setting CVar [[r.LensFlareQuality:2]]
[2019.10.26-13.54.23:375][  0]LogConfig: Setting CVar [[r.SceneColorFringeQuality:1]]
[2019.10.26-13.54.23:375][  0]LogConfig: Setting CVar [[r.EyeAdaptationQuality:2]]
[2019.10.26-13.54.23:375][  0]LogConfig: Setting CVar [[r.BloomQuality:5]]
[2019.10.26-13.54.23:375][  0]LogConfig: Setting CVar [[r.FastBlurThreshold:100]]
[2019.10.26-13.54.23:375][  0]LogConfig: Setting CVar [[r.Upscale.Quality:3]]
[2019.10.26-13.54.23:375][  0]LogConfig: Setting CVar [[r.Tonemapper.GrainQuantization:1]]
[2019.10.26-13.54.23:375][  0]LogConfig: Setting CVar [[r.LightShaftQuality:1]]
[2019.10.26-13.54.23:375][  0]LogConfig: Setting CVar [[r.Filter.SizeScale:1]]
[2019.10.26-13.54.23:375][  0]LogConfig: Setting CVar [[r.Tonemapper.Quality:5]]
[2019.10.26-13.54.23:375][  0]LogConfig: Setting CVar [[r.DOF.Gather.AccumulatorQuality:1        ; higher gathering accumulator quality]]
[2019.10.26-13.54.23:375][  0]LogConfig: Setting CVar [[r.DOF.Gather.PostfilterMethod:1          ; Median3x3 postfilering method]]
[2019.10.26-13.54.23:375][  0]LogConfig: Setting CVar [[r.DOF.Gather.EnableBokehSettings:0       ; no bokeh simulation when gathering]]
[2019.10.26-13.54.23:375][  0]LogConfig: Setting CVar [[r.DOF.Gather.RingCount:4                 ; medium number of samples when gathering]]
[2019.10.26-13.54.23:375][  0]LogConfig: Setting CVar [[r.DOF.Scatter.ForegroundCompositing:1    ; additive foreground scattering]]
[2019.10.26-13.54.23:375][  0]LogConfig: Setting CVar [[r.DOF.Scatter.BackgroundCompositing:2    ; additive background scattering]]
[2019.10.26-13.54.23:375][  0]LogConfig: Setting CVar [[r.DOF.Scatter.EnableBokehSettings:1      ; bokeh simulation when scattering]]
[2019.10.26-13.54.23:375][  0]LogConfig: Setting CVar [[r.DOF.Scatter.MaxSpriteRatio:0.1         ; only a maximum of 10% of scattered bokeh]]
[2019.10.26-13.54.23:375][  0]LogConfig: Setting CVar [[r.DOF.Recombine.Quality:1                ; cheap slight out of focus]]
[2019.10.26-13.54.23:375][  0]LogConfig: Setting CVar [[r.DOF.Recombine.EnableBokehSettings:0    ; no bokeh simulation on slight out of focus]]
[2019.10.26-13.54.23:375][  0]LogConfig: Setting CVar [[r.DOF.TemporalAAQuality:1                ; more stable temporal accumulation]]
[2019.10.26-13.54.23:375][  0]LogConfig: Setting CVar [[r.DOF.Kernel.MaxForegroundRadius:0.025]]
[2019.10.26-13.54.23:375][  0]LogConfig: Setting CVar [[r.DOF.Kernel.MaxBackgroundRadius:0.025]]
[2019.10.26-13.54.23:375][  0]LogConfig: Applying CVar settings from Section [TextureQuality@3] File [C:/Users/maxim/OneDrive/Documents/Unreal Projects/TheRageRace/Saved/Config/Windows/Scalability.ini]
[2019.10.26-13.54.23:375][  0]LogConfig: Setting CVar [[r.Streaming.MipBias:0]]
[2019.10.26-13.54.23:375][  0]LogConfig: Setting CVar [[r.Streaming.AmortizeCPUToGPUCopy:0]]
[2019.10.26-13.54.23:375][  0]LogConfig: Setting CVar [[r.Streaming.MaxNumTexturesToStreamPerFrame:0]]
[2019.10.26-13.54.23:375][  0]LogConfig: Setting CVar [[r.Streaming.Boost:1]]
[2019.10.26-13.54.23:375][  0]LogConfig: Setting CVar [[r.MaxAnisotropy:8]]
[2019.10.26-13.54.23:375][  0]LogConfig: Setting CVar [[r.Streaming.LimitPoolSizeToVRAM:0]]
[2019.10.26-13.54.23:375][  0]LogConfig: Setting CVar [[r.Streaming.PoolSize:1000]]
[2019.10.26-13.54.23:375][  0]LogConfig: Setting CVar [[r.Streaming.MaxEffectiveScreenSize:0]]
[2019.10.26-13.54.23:375][  0]LogConfig: Applying CVar settings from Section [EffectsQuality@3] File [C:/Users/maxim/OneDrive/Documents/Unreal Projects/TheRageRace/Saved/Config/Windows/Scalability.ini]
[2019.10.26-13.54.23:375][  0]LogConfig: Setting CVar [[r.TranslucencyLightingVolumeDim:64]]
[2019.10.26-13.54.23:375][  0]LogConfig: Setting CVar [[r.RefractionQuality:2]]
[2019.10.26-13.54.23:375][  0]LogConfig: Setting CVar [[r.SSR.Quality:3]]
[2019.10.26-13.54.23:375][  0]LogConfig: Setting CVar [[r.SceneColorFormat:4]]
[2019.10.26-13.54.23:375][  0]LogConfig: Setting CVar [[r.DetailMode:2]]
[2019.10.26-13.54.23:375][  0]LogConfig: Setting CVar [[r.TranslucencyVolumeBlur:1]]
[2019.10.26-13.54.23:375][  0]LogConfig: Setting CVar [[r.MaterialQualityLevel:1 ; High quality]]
[2019.10.26-13.54.23:375][  0]LogConfig: Setting CVar [[r.SSS.Scale:1]]
[2019.10.26-13.54.23:375][  0]LogConfig: Setting CVar [[r.SSS.SampleSet:2]]
[2019.10.26-13.54.23:375][  0]LogConfig: Setting CVar [[r.SSS.Quality:1]]
[2019.10.26-13.54.23:376][  0]LogConfig: Setting CVar [[r.SSS.HalfRes:1]]
[2019.10.26-13.54.23:376][  0]LogConfig: Setting CVar [[r.EmitterSpawnRateScale:1.0]]
[2019.10.26-13.54.23:376][  0]LogConfig: Setting CVar [[r.ParticleLightQuality:2]]
[2019.10.26-13.54.23:376][  0]LogConfig: Applying CVar settings from Section [FoliageQuality@3] File [C:/Users/maxim/OneDrive/Documents/Unreal Projects/TheRageRace/Saved/Config/Windows/Scalability.ini]
[2019.10.26-13.54.23:376][  0]LogConfig: Setting CVar [[foliage.DensityScale:1.0]]
[2019.10.26-13.54.23:376][  0]LogConfig: Setting CVar [[grass.DensityScale:1.0]]
[2019.10.26-13.54.23:376][  0]LogInit: Selected Device Profile: [Windows]
[2019.10.26-13.54.23:376][  0]LogInit: Applying CVar settings loaded from the selected device profile: [Windows]
[2019.10.26-13.54.23:431][  0]LogHAL: Display: Platform has ~ 8 GB [8467181568 / 8589934592 / 8], which maps to Default [LargestMinGB=32, LargerMinGB=12, DefaultMinGB=8, SmallerMinGB=6, SmallestMinGB=0)
[2019.10.26-13.54.23:431][  0]LogConfig: Setting CVar [[r.Vulkan.UseRealUBs:0		; Required until we fix HLR fall-out]]
[2019.10.26-13.54.23:431][  0]LogInit: Going up to parent DeviceProfile []
[2019.10.26-13.54.23:431][  0]LogConfig: Applying CVar settings from Section [ViewDistanceQuality@3] File [C:/Users/maxim/OneDrive/Documents/Unreal Projects/TheRageRace/Saved/Config/Windows/Scalability.ini]
[2019.10.26-13.54.23:431][  0]LogConfig: Setting CVar [[r.SkeletalMeshLODBias:0]]
[2019.10.26-13.54.23:431][  0]LogConfig: Setting CVar [[r.ViewDistanceScale:1.0]]
[2019.10.26-13.54.23:431][  0]LogConfig: Applying CVar settings from Section [AntiAliasingQuality@3] File [C:/Users/maxim/OneDrive/Documents/Unreal Projects/TheRageRace/Saved/Config/Windows/Scalability.ini]
[2019.10.26-13.54.23:431][  0]LogConfig: Setting CVar [[r.PostProcessAAQuality:4]]
[2019.10.26-13.54.23:431][  0]LogConfig: Applying CVar settings from Section [ShadowQuality@3] File [C:/Users/maxim/OneDrive/Documents/Unreal Projects/TheRageRace/Saved/Config/Windows/Scalability.ini]
[2019.10.26-13.54.23:431][  0]LogConfig: Setting CVar [[r.LightFunctionQuality:1]]
[2019.10.26-13.54.23:431][  0]LogConfig: Setting CVar [[r.ShadowQuality:5]]
[2019.10.26-13.54.23:431][  0]LogConfig: Setting CVar [[r.Shadow.CSM.MaxCascades:10]]
[2019.10.26-13.54.23:431][  0]LogConfig: Setting CVar [[r.Shadow.MaxResolution:2048]]
[2019.10.26-13.54.23:431][  0]LogConfig: Setting CVar [[r.Shadow.MaxCSMResolution:2048]]
[2019.10.26-13.54.23:431][  0]LogConfig: Setting CVar [[r.Shadow.RadiusThreshold:0.01]]
[2019.10.26-13.54.23:431][  0]LogConfig: Setting CVar [[r.Shadow.DistanceScale:1.0]]
[2019.10.26-13.54.23:432][  0]LogConfig: Setting CVar [[r.Shadow.CSM.TransitionScale:1.0]]
[2019.10.26-13.54.23:432][  0]LogConfig: Setting CVar [[r.Shadow.PreShadowResolutionFactor:1.0]]
[2019.10.26-13.54.23:432][  0]LogConfig: Setting CVar [[r.DistanceFieldShadowing:1]]
[2019.10.26-13.54.23:432][  0]LogConfig: Setting CVar [[r.DistanceFieldAO:1]]
[2019.10.26-13.54.23:432][  0]LogConfig: Setting CVar [[r.AOQuality:2]]
[2019.10.26-13.54.23:432][  0]LogConfig: Setting CVar [[r.VolumetricFog:1]]
[2019.10.26-13.54.23:432][  0]LogConfig: Setting CVar [[r.VolumetricFog.GridPixelSize:8]]
[2019.10.26-13.54.23:432][  0]LogConfig: Setting CVar [[r.VolumetricFog.GridSizeZ:128]]
[2019.10.26-13.54.23:432][  0]LogConfig: Setting CVar [[r.VolumetricFog.HistoryMissSupersampleCount:4]]
[2019.10.26-13.54.23:432][  0]LogConfig: Setting CVar [[r.LightMaxDrawDistanceScale:1]]
[2019.10.26-13.54.23:432][  0]LogConfig: Setting CVar [[r.CapsuleShadows:1]]
[2019.10.26-13.54.23:432][  0]LogConfig: Applying CVar settings from Section [PostProcessQuality@3] File [C:/Users/maxim/OneDrive/Documents/Unreal Projects/TheRageRace/Saved/Config/Windows/Scalability.ini]
[2019.10.26-13.54.23:432][  0]LogConfig: Setting CVar [[r.MotionBlurQuality:4]]
[2019.10.26-13.54.23:432][  0]LogConfig: Setting CVar [[r.AmbientOcclusionMipLevelFactor:0.4]]
[2019.10.26-13.54.23:432][  0]LogConfig: Setting CVar [[r.AmbientOcclusionMaxQuality:100]]
[2019.10.26-13.54.23:432][  0]LogConfig: Setting CVar [[r.AmbientOcclusionLevels:-1]]
[2019.10.26-13.54.23:432][  0]LogConfig: Setting CVar [[r.AmbientOcclusionRadiusScale:1.0]]
[2019.10.26-13.54.23:432][  0]LogConfig: Setting CVar [[r.DepthOfFieldQuality:2]]
[2019.10.26-13.54.23:432][  0]LogConfig: Setting CVar [[r.RenderTargetPoolMin:400]]
[2019.10.26-13.54.23:432][  0]LogConfig: Setting CVar [[r.LensFlareQuality:2]]
[2019.10.26-13.54.23:432][  0]LogConfig: Setting CVar [[r.SceneColorFringeQuality:1]]
[2019.10.26-13.54.23:432][  0]LogConfig: Setting CVar [[r.EyeAdaptationQuality:2]]
[2019.10.26-13.54.23:432][  0]LogConfig: Setting CVar [[r.BloomQuality:5]]
[2019.10.26-13.54.23:432][  0]LogConfig: Setting CVar [[r.FastBlurThreshold:100]]
[2019.10.26-13.54.23:432][  0]LogConfig: Setting CVar [[r.Upscale.Quality:3]]
[2019.10.26-13.54.23:432][  0]LogConfig: Setting CVar [[r.Tonemapper.GrainQuantization:1]]
[2019.10.26-13.54.23:432][  0]LogConfig: Setting CVar [[r.LightShaftQuality:1]]
[2019.10.26-13.54.23:432][  0]LogConfig: Setting CVar [[r.Filter.SizeScale:1]]
[2019.10.26-13.54.23:432][  0]LogConfig: Setting CVar [[r.Tonemapper.Quality:5]]
[2019.10.26-13.54.23:432][  0]LogConfig: Setting CVar [[r.DOF.Gather.AccumulatorQuality:1        ; higher gathering accumulator quality]]
[2019.10.26-13.54.23:432][  0]LogConfig: Setting CVar [[r.DOF.Gather.PostfilterMethod:1          ; Median3x3 postfilering method]]
[2019.10.26-13.54.23:432][  0]LogConfig: Setting CVar [[r.DOF.Gather.EnableBokehSettings:0       ; no bokeh simulation when gathering]]
[2019.10.26-13.54.23:432][  0]LogConfig: Setting CVar [[r.DOF.Gather.RingCount:4                 ; medium number of samples when gathering]]
[2019.10.26-13.54.23:432][  0]LogConfig: Setting CVar [[r.DOF.Scatter.ForegroundCompositing:1    ; additive foreground scattering]]
[2019.10.26-13.54.23:432][  0]LogConfig: Setting CVar [[r.DOF.Scatter.BackgroundCompositing:2    ; additive background scattering]]
[2019.10.26-13.54.23:432][  0]LogConfig: Setting CVar [[r.DOF.Scatter.EnableBokehSettings:1      ; bokeh simulation when scattering]]
[2019.10.26-13.54.23:432][  0]LogConfig: Setting CVar [[r.DOF.Scatter.MaxSpriteRatio:0.1         ; only a maximum of 10% of scattered bokeh]]
[2019.10.26-13.54.23:432][  0]LogConfig: Setting CVar [[r.DOF.Recombine.Quality:1                ; cheap slight out of focus]]
[2019.10.26-13.54.23:432][  0]LogConfig: Setting CVar [[r.DOF.Recombine.EnableBokehSettings:0    ; no bokeh simulation on slight out of focus]]
[2019.10.26-13.54.23:432][  0]LogConfig: Setting CVar [[r.DOF.TemporalAAQuality:1                ; more stable temporal accumulation]]
[2019.10.26-13.54.23:432][  0]LogConfig: Setting CVar [[r.DOF.Kernel.MaxForegroundRadius:0.025]]
[2019.10.26-13.54.23:432][  0]LogConfig: Setting CVar [[r.DOF.Kernel.MaxBackgroundRadius:0.025]]
[2019.10.26-13.54.23:432][  0]LogConfig: Applying CVar settings from Section [TextureQuality@3] File [C:/Users/maxim/OneDrive/Documents/Unreal Projects/TheRageRace/Saved/Config/Windows/Scalability.ini]
[2019.10.26-13.54.23:432][  0]LogConfig: Setting CVar [[r.Streaming.MipBias:0]]
[2019.10.26-13.54.23:432][  0]LogConfig: Setting CVar [[r.Streaming.AmortizeCPUToGPUCopy:0]]
[2019.10.26-13.54.23:432][  0]LogConfig: Setting CVar [[r.Streaming.MaxNumTexturesToStreamPerFrame:0]]
[2019.10.26-13.54.23:432][  0]LogConfig: Setting CVar [[r.Streaming.Boost:1]]
[2019.10.26-13.54.23:433][  0]LogConfig: Setting CVar [[r.MaxAnisotropy:8]]
[2019.10.26-13.54.23:433][  0]LogConfig: Setting CVar [[r.Streaming.LimitPoolSizeToVRAM:0]]
[2019.10.26-13.54.23:433][  0]LogConfig: Setting CVar [[r.Streaming.PoolSize:1000]]
[2019.10.26-13.54.23:433][  0]LogConfig: Setting CVar [[r.Streaming.MaxEffectiveScreenSize:0]]
[2019.10.26-13.54.23:433][  0]LogConfig: Applying CVar settings from Section [EffectsQuality@3] File [C:/Users/maxim/OneDrive/Documents/Unreal Projects/TheRageRace/Saved/Config/Windows/Scalability.ini]
[2019.10.26-13.54.23:433][  0]LogConfig: Setting CVar [[r.TranslucencyLightingVolumeDim:64]]
[2019.10.26-13.54.23:433][  0]LogConfig: Setting CVar [[r.RefractionQuality:2]]
[2019.10.26-13.54.23:433][  0]LogConfig: Setting CVar [[r.SSR.Quality:3]]
[2019.10.26-13.54.23:433][  0]LogConfig: Setting CVar [[r.SceneColorFormat:4]]
[2019.10.26-13.54.23:433][  0]LogConfig: Setting CVar [[r.DetailMode:2]]
[2019.10.26-13.54.23:433][  0]LogConfig: Setting CVar [[r.TranslucencyVolumeBlur:1]]
[2019.10.26-13.54.23:433][  0]LogConfig: Setting CVar [[r.MaterialQualityLevel:1 ; High quality]]
[2019.10.26-13.54.23:433][  0]LogConfig: Setting CVar [[r.SSS.Scale:1]]
[2019.10.26-13.54.23:433][  0]LogConfig: Setting CVar [[r.SSS.SampleSet:2]]
[2019.10.26-13.54.23:433][  0]LogConfig: Setting CVar [[r.SSS.Quality:1]]
[2019.10.26-13.54.23:433][  0]LogConfig: Setting CVar [[r.SSS.HalfRes:1]]
[2019.10.26-13.54.23:433][  0]LogConfig: Setting CVar [[r.EmitterSpawnRateScale:1.0]]
[2019.10.26-13.54.23:433][  0]LogConfig: Setting CVar [[r.ParticleLightQuality:2]]
[2019.10.26-13.54.23:433][  0]LogConfig: Applying CVar settings from Section [FoliageQuality@3] File [C:/Users/maxim/OneDrive/Documents/Unreal Projects/TheRageRace/Saved/Config/Windows/Scalability.ini]
[2019.10.26-13.54.23:433][  0]LogConfig: Setting CVar [[foliage.DensityScale:1.0]]
[2019.10.26-13.54.23:433][  0]LogConfig: Setting CVar [[grass.DensityScale:1.0]]
[2019.10.26-13.54.23:433][  0]LogConfig: Applying CVar settings from Section [Startup] File [../../../Engine/Config/ConsoleVariables.ini]
[2019.10.26-13.54.23:433][  0]LogConfig: Setting CVar [[net.UseAdaptiveNetUpdateFrequency:0]]
[2019.10.26-13.54.23:433][  0]LogConfig: Setting CVar [[p.chaos.AllowCreatePhysxBodies:1]]
[2019.10.26-13.54.23:433][  0]LogConfig: Applying CVar settings from Section [ConsoleVariables] File [C:/Users/maxim/OneDrive/Documents/Unreal Projects/TheRageRace/Saved/Config/Windows/Engine.ini]
[2019.10.26-13.54.23:434][  0]LogInit: Computer: MAXIMILIAM
[2019.10.26-13.54.23:434][  0]LogInit: User: maxim
[2019.10.26-13.54.23:434][  0]LogInit: CPU Page size=4096, Cores=4
[2019.10.26-13.54.23:434][  0]LogInit: High frequency timer resolution =10.000000 MHz
[2019.10.26-13.54.23:434][  0]LogMemory: Memory total: Physical=7.9GB (8GB approx)
[2019.10.26-13.54.23:434][  0]LogMemory: Platform Memory Stats for Windows
[2019.10.26-13.54.23:434][  0]LogMemory: Process Physical Memory: 98.81 MB used, 98.82 MB peak
[2019.10.26-13.54.23:434][  0]LogMemory: Process Virtual Memory: 89.20 MB used, 89.20 MB peak
[2019.10.26-13.54.23:434][  0]LogMemory: Physical Memory: 4906.48 MB used,  3168.45 MB free, 8074.93 MB total
[2019.10.26-13.54.23:434][  0]LogMemory: Virtual Memory: 4643.43 MB used,  134213088.00 MB free, 134217728.00 MB total
[2019.10.26-13.54.23:462][  0]LogInit: Overriding language with editor language configuration option (en).
[2019.10.26-13.54.23:462][  0]LogInit: Overriding locale with editor locale configuration option (en).
[2019.10.26-13.54.23:722][  0]LogInit: Setting process to per monitor DPI aware
[2019.10.26-13.54.23:761][  0]LogSlate: New Slate User Created.  User Index 0, Is Virtual User: 0
[2019.10.26-13.54.23:761][  0]LogSlate: Slate User Registered.  User Index 0, Is Virtual User: 0
[2019.10.26-13.54.23:992][  0]LogHMD: Failed to initialize OpenVR with code 110
[2019.10.26-13.54.23:992][  0]LogD3D11RHI: D3D11 adapters:
[2019.10.26-13.54.24:063][  0]LogD3D11RHI:    0. 'NVIDIA GeForce GTX 850M' (Feature Level 11_0)
[2019.10.26-13.54.24:063][  0]LogD3D11RHI:       4055/0/4037 MB DedicatedVideo/DedicatedSystem/SharedSystem, Outputs:2, VendorId:0x10de
[2019.10.26-13.54.24:071][  0]LogD3D11RHI:    1. 'Intel(R) HD Graphics 4600' (Feature Level 11_0)
[2019.10.26-13.54.24:071][  0]LogD3D11RHI:       112/0/2048 MB DedicatedVideo/DedicatedSystem/SharedSystem, Outputs:0, VendorId:0x8086
[2019.10.26-13.54.24:074][  0]LogD3D11RHI:    2. 'Microsoft Basic Render Driver' (Feature Level 11_0)
[2019.10.26-13.54.24:074][  0]LogD3D11RHI:       0/0/4037 MB DedicatedVideo/DedicatedSystem/SharedSystem, Outputs:0, VendorId:0x1414
[2019.10.26-13.54.24:074][  0]LogD3D11RHI: Chosen D3D11 Adapter: 0
[2019.10.26-13.54.24:095][  0]LogD3D11RHI: Creating new Direct3DDevice
[2019.10.26-13.54.24:095][  0]LogD3D11RHI:     GPU DeviceId: 0x1391 (for the marketing name, search the web for "GPU Device Id")
[2019.10.26-13.54.24:095][  0]LogWindows: EnumDisplayDevices:
[2019.10.26-13.54.24:095][  0]LogWindows:    0. 'Intel(R) HD Graphics 4600' (P:1 D:1)
[2019.10.26-13.54.24:096][  0]LogWindows:    1. 'Intel(R) HD Graphics 4600' (P:0 D:1)
[2019.10.26-13.54.24:096][  0]LogWindows:    2. 'Intel(R) HD Graphics 4600' (P:0 D:0)
[2019.10.26-13.54.24:096][  0]LogWindows: DebugString: PrimaryIsNotTheChoosenAdapter PrimaryIsNotTheChoosenAdapter PrimaryIsNotTheChoosenAdapter FoundDriverCount:0 
[2019.10.26-13.54.24:096][  0]LogD3D11RHI:     Adapter Name: NVIDIA GeForce GTX 850M
[2019.10.26-13.54.24:096][  0]LogD3D11RHI:   Driver Version: Unknown (internal:Unknown, unified:Unknown)
[2019.10.26-13.54.24:096][  0]LogD3D11RHI:      Driver Date: Unknown
[2019.10.26-13.54.24:096][  0]LogRHI: Texture pool is 2839 MB (70% of 4055 MB)
[2019.10.26-13.54.24:146][  0]LogD3D11RHI: Async texture creation enabled
[2019.10.26-13.54.24:150][  0]LogRendererCore: FGlobalReadBuffer::InitRHI
[2019.10.26-13.54.24:150][  0]LogRendererCore: FGlobalReadBuffer::InitRHI
[2019.10.26-13.54.24:150][  0]LogRendererCore: FGlobalReadBuffer::InitRHI
[2019.10.26-13.54.24:160][  0]LogD3D11RHI: GPU Timing Frequency: 1000.000000 (Debug: 2 1)
[2019.10.26-13.54.24:632][  0]LogTemp: Display: Module 'AllDesktopTargetPlatform' loaded TargetPlatform 'AllDesktop'
[2019.10.26-13.54.24:649][  0]LogTemp: Display: Module 'MacClientTargetPlatform' loaded TargetPlatform 'MacClient'
[2019.10.26-13.54.24:665][  0]LogTemp: Display: Module 'MacNoEditorTargetPlatform' loaded TargetPlatform 'MacNoEditor'
[2019.10.26-13.54.24:682][  0]LogTemp: Display: Module 'MacServerTargetPlatform' loaded TargetPlatform 'MacServer'
[2019.10.26-13.54.24:700][  0]LogTemp: Display: Module 'MacTargetPlatform' loaded TargetPlatform 'Mac'
[2019.10.26-13.54.24:717][  0]LogTemp: Display: Module 'WindowsClientTargetPlatform' loaded TargetPlatform 'WindowsClient'
[2019.10.26-13.54.24:734][  0]LogTemp: Display: Module 'WindowsNoEditorTargetPlatform' loaded TargetPlatform 'WindowsNoEditor'
[2019.10.26-13.54.24:751][  0]LogTemp: Display: Module 'WindowsServerTargetPlatform' loaded TargetPlatform 'WindowsServer'
[2019.10.26-13.54.24:760][  0]LogTemp: Display: Module 'WindowsTargetPlatform' loaded TargetPlatform 'Windows'
[2019.10.26-13.54.24:865][  0]LogTemp: Display: Module 'AndroidTargetPlatform' loaded TargetPlatform 'Android'
[2019.10.26-13.54.24:865][  0]LogTemp: Display: Module 'AndroidTargetPlatform' loaded TargetPlatform 'Android_ASTC'
[2019.10.26-13.54.24:865][  0]LogTemp: Display: Module 'AndroidTargetPlatform' loaded TargetPlatform 'Android_ATC'
[2019.10.26-13.54.24:865][  0]LogTemp: Display: Module 'AndroidTargetPlatform' loaded TargetPlatform 'Android_DXT'
[2019.10.26-13.54.24:865][  0]LogTemp: Display: Module 'AndroidTargetPlatform' loaded TargetPlatform 'Android_ETC1'
[2019.10.26-13.54.24:865][  0]LogTemp: Display: Module 'AndroidTargetPlatform' loaded TargetPlatform 'Android_ETC1a'
[2019.10.26-13.54.24:865][  0]LogTemp: Display: Module 'AndroidTargetPlatform' loaded TargetPlatform 'Android_ETC2'
[2019.10.26-13.54.24:865][  0]LogTemp: Display: Module 'AndroidTargetPlatform' loaded TargetPlatform 'Android_PVRTC'
[2019.10.26-13.54.24:865][  0]LogTemp: Display: Module 'AndroidTargetPlatform' loaded TargetPlatform 'AndroidClient'
[2019.10.26-13.54.24:865][  0]LogTemp: Display: Module 'AndroidTargetPlatform' loaded TargetPlatform 'Android_ASTCClient'
[2019.10.26-13.54.24:865][  0]LogTemp: Display: Module 'AndroidTargetPlatform' loaded TargetPlatform 'Android_ATCClient'
[2019.10.26-13.54.24:865][  0]LogTemp: Display: Module 'AndroidTargetPlatform' loaded TargetPlatform 'Android_DXTClient'
[2019.10.26-13.54.24:865][  0]LogTemp: Display: Module 'AndroidTargetPlatform' loaded TargetPlatform 'Android_ETC1Client'
[2019.10.26-13.54.24:865][  0]LogTemp: Display: Module 'AndroidTargetPlatform' loaded TargetPlatform 'Android_ETC1aClient'
[2019.10.26-13.54.24:865][  0]LogTemp: Display: Module 'AndroidTargetPlatform' loaded TargetPlatform 'Android_ETC2Client'
[2019.10.26-13.54.24:865][  0]LogTemp: Display: Module 'AndroidTargetPlatform' loaded TargetPlatform 'Android_PVRTCClient'
[2019.10.26-13.54.24:865][  0]LogTemp: Display: Module 'AndroidTargetPlatform' loaded TargetPlatform 'Android_Multi'
[2019.10.26-13.54.24:865][  0]LogTemp: Display: Module 'AndroidTargetPlatform' loaded TargetPlatform 'Android_MultiClient'
[2019.10.26-13.54.24:867][  0]LogTemp: Display: Module 'HTML5TargetPlatform' loaded TargetPlatform 'HTML5'
[2019.10.26-13.54.24:925][  0]LogTemp: Display: Module 'IOSTargetPlatform' loaded TargetPlatform 'IOSClient'
[2019.10.26-13.54.24:925][  0]LogTemp: Display: Module 'IOSTargetPlatform' loaded TargetPlatform 'IOS'
[2019.10.26-13.54.24:956][  0]LogTemp: Display: Module 'TVOSTargetPlatform' loaded TargetPlatform 'TVOSClient'
[2019.10.26-13.54.24:956][  0]LogTemp: Display: Module 'TVOSTargetPlatform' loaded TargetPlatform 'TVOS'
[2019.10.26-13.54.24:972][  0]LogTemp: Display: Module 'LinuxClientTargetPlatform' loaded TargetPlatform 'LinuxClient'
[2019.10.26-13.54.24:988][  0]LogTemp: Display: Module 'LinuxNoEditorTargetPlatform' loaded TargetPlatform 'LinuxNoEditor'
[2019.10.26-13.54.25:004][  0]LogTemp: Display: Module 'LinuxServerTargetPlatform' loaded TargetPlatform 'LinuxServer'
[2019.10.26-13.54.25:023][  0]LogTemp: Display: Module 'LinuxTargetPlatform' loaded TargetPlatform 'Linux'
[2019.10.26-13.54.25:088][  0]LogTemp: Display: Module 'LuminTargetPlatform' loaded TargetPlatform 'Lumin'
[2019.10.26-13.54.25:088][  0]LogTemp: Display: Module 'LuminTargetPlatform' loaded TargetPlatform 'LuminClient'
[2019.10.26-13.54.25:088][  0]LogTargetPlatformManager: Display: Building Assets For Windows
[2019.10.26-13.54.25:097][  0]LogAudioDebug: Display: Lib vorbis DLL was dynamically loaded.
[2019.10.26-13.54.25:160][  0]LogShaderCompilers: Guid format shader working directory is -30 characters bigger than the processId version (../../../../../../Users/maxim/OneDrive/Documents/Unreal Projects/TheRageRace/Intermediate/Shaders/WorkingDirectory/2184/).
[2019.10.26-13.54.25:160][  0]LogShaderCompilers: Cleaned the shader compiler working directory 'C:/Users/maxim/AppData/Local/Temp/UnrealShaderWorkingDir/C408FDB2493E64B134730391476077E4/'.
[2019.10.26-13.54.25:163][  0]LogXGEController: Cannot use XGE Controller as Incredibuild is not installed on this machine.
[2019.10.26-13.54.25:163][  0]LogShaderCompilers: Cannot use XGE Shader Compiler as Incredibuild is not installed on this machine.
[2019.10.26-13.54.25:163][  0]LogShaderCompilers: Display: Using Local Shader Compiler.
[2019.10.26-13.54.25:890][  0]LogDerivedDataCache: Display: Max Cache Size: 512 MB
[2019.10.26-13.54.25:988][  0]LogDerivedDataCache: Loaded boot cache 0.10s 71MB C:/Users/maxim/AppData/Local/UnrealEngine/4.22/DerivedDataCache/Boot.ddc.
[2019.10.26-13.54.25:988][  0]LogDerivedDataCache: Display: Loaded Boot cache: C:/Users/maxim/AppData/Local/UnrealEngine/4.22/DerivedDataCache/Boot.ddc
[2019.10.26-13.54.25:988][  0]LogDerivedDataCache: FDerivedDataBackendGraph:  Pak pak cache file ../../../../../../Users/maxim/OneDrive/Documents/Unreal Projects/TheRageRace/DerivedDataCache/DDC.ddp not found, will not use a pak cache.
[2019.10.26-13.54.25:988][  0]LogDerivedDataCache: Unable to find inner node Pak for hierarchical cache Hierarchy.
[2019.10.26-13.54.25:988][  0]LogDerivedDataCache: FDerivedDataBackendGraph:  CompressedPak pak cache file ../../../../../../Users/maxim/OneDrive/Documents/Unreal Projects/TheRageRace/DerivedDataCache/Compressed.ddp not found, will not use a pak cache.
[2019.10.26-13.54.25:988][  0]LogDerivedDataCache: Unable to find inner node CompressedPak for hierarchical cache Hierarchy.
[2019.10.26-13.54.26:003][  0]LogDerivedDataCache: Display: Pak cache opened for reading ../../../Engine/DerivedDataCache/Compressed.ddp.
[2019.10.26-13.54.26:003][  0]LogDerivedDataCache: FDerivedDataBackendGraph:  EnterprisePak pak cache file ../../../Enterprise/DerivedDataCache/Compressed.ddp not found, will not use a pak cache.
[2019.10.26-13.54.26:003][  0]LogDerivedDataCache: Unable to find inner node EnterprisePak for hierarchical cache Hierarchy.
[2019.10.26-13.54.26:016][  0]LogDerivedDataCache: Using Local data cache path C:/Users/maxim/AppData/Local/UnrealEngine/Common/DerivedDataCache: Writable
[2019.10.26-13.54.26:016][  0]LogDerivedDataCache: Shared data cache path not found in *engine.ini, will not use an Shared cache.
[2019.10.26-13.54.26:016][  0]LogDerivedDataCache: Unable to find inner node Shared for hierarchical cache Hierarchy.
[2019.10.26-13.54.26:046][  0]LogMaterial: Verifying Global Shaders for PCD3D_SM5
[2019.10.26-13.54.26:047][  0]LogSlate: Using FreeType 2.6.0
[2019.10.26-13.54.26:047][  0]LogSlate: SlateFontServices - WITH_FREETYPE: 1, WITH_HARFBUZZ: 1
[2019.10.26-13.54.26:148][  0]LogAssetRegistry: FAssetRegistry took 0.0369 seconds to start up
[2019.10.26-13.54.26:590][  0]LogInit: Selected Device Profile: [Windows]
[2019.10.26-13.54.26:660][  0]LogMeshReduction: Using QuadricMeshReduction for automatic static mesh reduction
[2019.10.26-13.54.26:660][  0]LogMeshReduction: Using SimplygonMeshReduction for automatic skeletal mesh reduction
[2019.10.26-13.54.26:660][  0]LogMeshReduction: Using ProxyLODMeshReduction for automatic mesh merging
[2019.10.26-13.54.26:660][  0]LogMeshReduction: No distributed automatic mesh merging module available
[2019.10.26-13.54.26:660][  0]LogMeshMerging: No distributed automatic mesh merging module available
[2019.10.26-13.54.26:774][  0]LogNetVersion: TheRageRace 1.0.0, NetCL: 5660361, EngineNetVer: 10, GameNetVer: 0 (Checksum: 3510824104)
[2019.10.26-13.54.27:315][  0]LogPackageLocalizationCache: Processed 10 localized package path(s) for 1 prioritized culture(s) in 0.090590 seconds
[2019.10.26-13.54.27:325][  0]LogUObjectArray: 42214 objects as part of root set at end of initial load.
[2019.10.26-13.54.27:325][  0]LogUObjectAllocator: 7335800 out of 0 bytes used by permanent object pool.
[2019.10.26-13.54.27:325][  0]LogUObjectArray: CloseDisregardForGC: 0/0 objects in disregard for GC pool
[2019.10.26-13.54.29:220][  0]LogTcpMessaging: Initializing TcpMessaging bridge
[2019.10.26-13.54.29:235][  0]LogUdpMessaging: Initializing bridge on interface 0.0.0.0:0 to multicast group 230.0.0.1:6666.
[2019.10.26-13.54.29:354][  0]SourceControl: Source control is disabled
[2019.10.26-13.54.29:354][  0]SourceControl: Source control is disabled
[2019.10.26-13.54.29:355][  0]SourceControl: Source control is disabled
[2019.10.26-13.54.29:356][  0]SourceControl: Source control is disabled
[2019.10.26-13.54.29:367][  0]LogVSAccessor: Display: Unable to create Visual Studio setup instance: 80040154
[2019.10.26-13.54.29:368][  0]LogVSAccessor: Display: Unable to create Visual Studio setup instance: 80040154
[2019.10.26-13.54.29:451][  0]LogAndroidPermission: UAndroidPermissionCallbackProxy::GetInstance
[2019.10.26-13.54.29:542][  0]LogOcInput: OculusInput pre-init called
[2019.10.26-13.54.30:285][  0]LogEngine: Initializing Engine...
[2019.10.26-13.54.30:286][  0]LogHMD: Failed to initialize OpenVR with code 110
[2019.10.26-13.54.30:287][  0]LogStats: UGameplayTagsManager::InitializeManager -  0.000 s
[2019.10.26-13.54.30:561][  0]LogInit: Initializing FReadOnlyCVARCache
[2019.10.26-13.54.30:585][  0]LogAIModule: Creating AISystem for world Untitled
[2019.10.26-13.54.30:611][  0]LogInit: XAudio2 using 'Altavoces (Realtek High Definition Audio)' : 2 channels at 48 kHz using 32 bits per sample (channel mask 0x3)
[2019.10.26-13.54.30:639][  0]LogInit: FAudioDevice initialized.
[2019.10.26-13.54.30:639][  0]LogNetVersion: Set ProjectVersion to 1.0.0.0. Version Checksum will be recalculated on next use.
[2019.10.26-13.54.32:116][  0]LogDerivedDataCache: Saved boot cache 1.48s 71MB C:/Users/maxim/AppData/Local/UnrealEngine/4.22/DerivedDataCache/Boot.ddc.
[2019.10.26-13.54.32:135][  0]LogInit: Texture streaming: Enabled
[2019.10.26-13.54.32:186][  0]LogEngineSessionManager: EngineSessionManager initialized
[2019.10.26-13.54.32:209][  0]LogInit: Transaction tracking system initialized
[2019.10.26-13.54.32:238][  0]BlueprintLog: New page: Editor Load
[2019.10.26-13.54.32:338][  0]LocalizationService: Localization service is disabled
[2019.10.26-13.54.32:492][  0]LogVSAccessor: Display: Unable to create Visual Studio setup instance: 80040154
[2019.10.26-13.54.32:493][  0]LogVSAccessor: Display: Unable to create Visual Studio setup instance: 80040154
[2019.10.26-13.54.33:103][  0]LogCook: Display: Max memory allowance for cook 16384mb min free memory 0mb
[2019.10.26-13.54.33:103][  0]LogCook: Display: Mobile HDR setting 1
[2019.10.26-13.54.33:338][  0]LogFileCache: Scanning file cache for directory 'C:/Users/maxim/OneDrive/Documents/Unreal Projects/TheRageRace/Content/' took 0.23s
[2019.10.26-13.54.33:338][  0]SourceControl: Source control is disabled
[2019.10.26-13.54.33:338][  0]Cmd: MAP LOAD FILE="../../../../../../Users/maxim/OneDrive/Documents/Unreal Projects/TheRageRace/Content/Maps/Menu.umap" TEMPLATE=0 SHOWPROGRESS=1 FEATURELEVEL=3
[2019.10.26-13.54.33:424][  0]LightingResults: New page: Lighting Build
[2019.10.26-13.54.33:428][  0]MapCheck: New page: Map Check
[2019.10.26-13.54.33:428][  0]LightingResults: New page: Lighting Build
[2019.10.26-13.54.33:458][  0]LogUObjectHash: Compacting FUObjectHashTables data took   1.86ms
[2019.10.26-13.54.37:083][  0]LogAIModule: Creating AISystem for world Menu
[2019.10.26-13.54.37:084][  0]LogEditorServer: Finished looking for orphan Actors (0.000 secs)
[2019.10.26-13.54.37:116][  0]LogUObjectHash: Compacting FUObjectHashTables data took   2.62ms
[2019.10.26-13.54.37:116][  0]Cmd: MAP CHECKDEP NOCLEARLOG
[2019.10.26-13.54.37:116][  0]MapCheck: Map check complete: 0 Error(s), 0 Warning(s), took 0.2ms to complete.
[2019.10.26-13.54.37:116][  0]LogFileHelpers: Loading map 'Menu' took 3.778
[2019.10.26-13.54.46:553][  0]LogTemp: IOS device listing is disabled (to many failed attempts)!
[2019.10.26-13.54.46:553][  0]LogSlate: Only BGRA pngs, bmps or icos are supported in by External Image Picker
[2019.10.26-13.54.48:247][  0]LogSlate: Updating window title bar state: overlay mode, drag disabled, window buttons hidden, title bar hidden
[2019.10.26-13.54.48:274][  0]LogSlate: Updating window title bar state: overlay mode, drag disabled, window buttons hidden, title bar hidden
[2019.10.26-13.54.48:284][  0]LogSlate: Updating window title bar state: overlay mode, drag disabled, window buttons hidden, title bar hidden
[2019.10.26-13.54.48:292][  0]LogSlate: Updating window title bar state: overlay mode, drag disabled, window buttons hidden, title bar hidden
[2019.10.26-13.54.48:473][  0]LogCollectionManager: Loaded 0 collections in 0.002616 seconds
[2019.10.26-13.54.48:854][  0]LogFileCache: Scanning file cache for directory 'C:/Users/maxim/OneDrive/Documents/Unreal Projects/TheRageRace/Saved/Collections/' took 0.01s
[2019.10.26-13.54.48:854][  0]LogFileCache: Scanning file cache for directory 'C:/Users/maxim/OneDrive/Documents/Unreal Projects/TheRageRace/Content/Developers/maxim/Collections/' took 0.00s
[2019.10.26-13.54.48:854][  0]LogFileCache: Scanning file cache for directory 'C:/Users/maxim/OneDrive/Documents/Unreal Projects/TheRageRace/Content/Collections/' took 0.00s
[2019.10.26-13.54.48:854][  0]LogCollectionManager: Rebuilt the GUID cache for 0 collections in 0.000000 seconds
[2019.10.26-13.54.48:924][  0]LogContentBrowser: Native class hierarchy populated in 0.0579 seconds. Added 2758 classes and 669 folders.
[2019.10.26-13.54.49:362][  0]LogContentBrowser: Native class hierarchy updated for 'WidgetCarousel' in 0.0004 seconds. Added 0 classes and 0 folders.
[2019.10.26-13.54.49:708][  0]LogPakFile: Registered encryption key '00000000000000000000000000000000': 0 pak files mounted, 0 remain pending
[2019.10.26-13.54.49:885][  0]LogPakFile: Registered encryption key '00000000000000000000000000000000': 0 pak files mounted, 0 remain pending
[2019.10.26-13.54.50:108][  0]LogPakFile: Registered encryption key '00000000000000000000000000000000': 0 pak files mounted, 0 remain pending
[2019.10.26-13.54.50:158][  0]LogPakFile: Registered encryption key '00000000000000000000000000000000': 0 pak files mounted, 0 remain pending
[2019.10.26-13.54.50:215][  0]LogPakFile: Registered encryption key '00000000000000000000000000000000': 0 pak files mounted, 0 remain pending
[2019.10.26-13.54.50:320][  0]LogPakFile: Registered encryption key '00000000000000000000000000000000': 0 pak files mounted, 0 remain pending
[2019.10.26-13.54.50:383][  0]LogPakFile: Registered encryption key '00000000000000000000000000000000': 0 pak files mounted, 0 remain pending
[2019.10.26-13.54.50:443][  0]LogPakFile: Registered encryption key '00000000000000000000000000000000': 0 pak files mounted, 0 remain pending
[2019.10.26-13.54.50:499][  0]LogPakFile: Registered encryption key '00000000000000000000000000000000': 0 pak files mounted, 0 remain pending
[2019.10.26-13.54.50:618][  0]LogPakFile: Registered encryption key '00000000000000000000000000000000': 0 pak files mounted, 0 remain pending
[2019.10.26-13.54.50:674][  0]LogPakFile: Registered encryption key '00000000000000000000000000000000': 0 pak files mounted, 0 remain pending
[2019.10.26-13.54.50:946][  0]LogPakFile: Registered encryption key '00000000000000000000000000000000': 0 pak files mounted, 0 remain pending
[2019.10.26-13.54.50:987][  0]LogPakFile: Registered encryption key '00000000000000000000000000000000': 0 pak files mounted, 0 remain pending
[2019.10.26-13.54.51:025][  0]LogPakFile: Registered encryption key '00000000000000000000000000000000': 0 pak files mounted, 0 remain pending
[2019.10.26-13.54.51:199][  0]LogPakFile: Registered encryption key '00000000000000000000000000000000': 0 pak files mounted, 0 remain pending
[2019.10.26-13.54.51:353][  0]LogPakFile: Registered encryption key '00000000000000000000000000000000': 0 pak files mounted, 0 remain pending
[2019.10.26-13.54.51:473][  0]LogPakFile: Registered encryption key '00000000000000000000000000000000': 0 pak files mounted, 0 remain pending
[2019.10.26-13.54.51:524][  0]LogPakFile: Registered encryption key '00000000000000000000000000000000': 0 pak files mounted, 0 remain pending
[2019.10.26-13.54.51:564][  0]LogPakFile: Registered encryption key '00000000000000000000000000000000': 0 pak files mounted, 0 remain pending
[2019.10.26-13.54.51:612][  0]LogPakFile: Registered encryption key '00000000000000000000000000000000': 0 pak files mounted, 0 remain pending
[2019.10.26-13.54.51:767][  0]LogPakFile: Registered encryption key '00000000000000000000000000000000': 0 pak files mounted, 0 remain pending
[2019.10.26-13.54.51:860][  0]LogPakFile: Registered encryption key '00000000000000000000000000000000': 0 pak files mounted, 0 remain pending
[2019.10.26-13.54.51:909][  0]LogPakFile: Registered encryption key '00000000000000000000000000000000': 0 pak files mounted, 0 remain pending
[2019.10.26-13.54.51:945][  0]LogPakFile: Registered encryption key '00000000000000000000000000000000': 0 pak files mounted, 0 remain pending
[2019.10.26-13.54.52:005][  0]LogPakFile: Registered encryption key '00000000000000000000000000000000': 0 pak files mounted, 0 remain pending
[2019.10.26-13.54.52:039][  0]LogPakFile: Registered encryption key '00000000000000000000000000000000': 0 pak files mounted, 0 remain pending
[2019.10.26-13.54.54:792][  0]LogContentBrowser: Native class hierarchy updated for 'AddContentDialog' in 0.0006 seconds. Added 0 classes and 0 folders.
[2019.10.26-13.54.54:908][  0]LogContentBrowser: Native class hierarchy updated for 'SceneOutliner' in 0.0006 seconds. Added 1 classes and 2 folders.
[2019.10.26-13.54.55:652][  0]LogSlate: Took 0.000324 seconds to synchronously load lazily loaded font '../../../Engine/Content/Slate/Fonts/Roboto-Regular.ttf' (155K)
[2019.10.26-13.54.55:657][  0]LogSlate: Took 0.000369 seconds to synchronously load lazily loaded font '../../../Engine/Content/Slate/Fonts/Roboto-Bold.ttf' (160K)
[2019.10.26-13.54.55:777][  0]LogSlate: Took 0.075352 seconds to synchronously load lazily loaded font '../../../Engine/Content/Editor/Slate/Fonts/FontAwesome.ttf' (139K)
[2019.10.26-13.54.56:802][  0]LogRenderer: Reallocating scene render targets to support 1208x572 Format 10 NumSamples 1 (Frame:1).
[2019.10.26-13.54.57:296][  0]LogContentBrowser: Native class hierarchy updated for 'HierarchicalLODOutliner' in 0.0007 seconds. Added 0 classes and 0 folders.
[2019.10.26-13.54.57:296][  0]LogLoad: (Engine Initialization) Total time: 38.00 seconds
[2019.10.26-13.54.57:296][  0]LogLoad: (Engine Initialization) Total Blueprint compile time: 0.00 seconds
[2019.10.26-13.54.57:629][  0]LogContentStreaming: Texture pool size now 1000 MB
[2019.10.26-13.54.57:902][  0]LogSlate: Took 0.104320 seconds to synchronously load lazily loaded font '../../../Engine/Content/Slate/Fonts/Roboto-Light.ttf' (167K)
[2019.10.26-13.54.58:060][  2]LogAssetRegistry: Asset discovery search completed in 31.9353 seconds
[2019.10.26-13.54.58:108][  2]LogCollectionManager: Rebuilt the object cache for 0 collections in 0.000001 seconds (found 0 objects)
[2019.10.26-13.54.58:108][  2]LogCollectionManager: Fixed up redirectors for 0 collections in 0.000075 seconds (updated 0 objects)
[2019.10.26-13.54.58:352][ 15]LogSlate: Took 0.000219 seconds to synchronously load lazily loaded font '../../../Engine/Content/Slate/Fonts/Roboto-Light.ttf' (167K)
[2019.10.26-13.55.03:067][395]LogSlate: FSceneViewport::OnFocusLost() reason 0
[2019.10.26-13.55.12:792][403]LogAssetEditorManager: Opening Asset editor for Blueprint /Game/Blueprints/Sedan/MainCar.MainCar
[2019.10.26-13.55.15:056][403]LogContentBrowser: Native class hierarchy updated for 'BlueprintGraph' in 0.0016 seconds. Added 121 classes and 0 folders.
[2019.10.26-13.55.18:361][403]LogAssetEditorManager: Opening Asset editor for Blueprint /Game/Blueprints/BP_GameMode.BP_GameMode
[2019.10.26-13.55.18:972][403]LogSlate: Took 0.029115 seconds to synchronously load lazily loaded font '../../../Engine/Content/Slate/Fonts/Roboto-BoldCondensed.ttf' (158K)
[2019.10.26-13.55.19:868][404]LogSlate: Took 0.079067 seconds to synchronously load lazily loaded font '../../../Engine/Content/Slate/Fonts/Roboto-Italic.ttf' (157K)
[2019.10.26-13.55.23:735][518]LogSlate: Window 'BP_GameMode' being destroyed
[2019.10.26-13.55.53:036][901]BlueprintLog: New page: Compile BP_GameMode
[2019.10.26-13.55.53:414][901]LogUObjectHash: Compacting FUObjectHashTables data took   7.88ms
[2019.10.26-13.55.54:099][919]Cmd: OBJ SAVEPACKAGE PACKAGE="/Game/Blueprints/BP_GameMode" FILE="../../../../../../Users/maxim/OneDrive/Documents/Unreal Projects/TheRageRace/Content/Blueprints/BP_GameMode.uasset" SILENT=true
[2019.10.26-13.55.54:418][919]LogSavePackage: Moving '../../../../../../Users/maxim/OneDrive/Documents/Unreal Projects/TheRageRace/Saved/BP_GameModeC2EE3F3242B05D90C50285A7FB4108CE.tmp' to '../../../../../../Users/maxim/OneDrive/Documents/Unreal Projects/TheRageRace/Content/Blueprints/BP_GameMode.uasset'
[2019.10.26-13.55.57:251][ 38]LogUObjectHash: Compacting FUObjectHashTables data took   4.27ms
[2019.10.26-13.58.14:906][645]BlueprintLog: New page: Compile MainCar
[2019.10.26-13.58.15:218][645]LogUObjectHash: Compacting FUObjectHashTables data took   4.52ms
[2019.10.26-13.58.16:341][684]Cmd: OBJ SAVEPACKAGE PACKAGE="/Game/Blueprints/Sedan/MainCar" FILE="../../../../../../Users/maxim/OneDrive/Documents/Unreal Projects/TheRageRace/Content/Blueprints/Sedan/MainCar.uasset" SILENT=true
[2019.10.26-13.58.16:697][684]LogSavePackage: Moving '../../../../../../Users/maxim/OneDrive/Documents/Unreal Projects/TheRageRace/Saved/MainCar5F5B87B545A9AA6EC39850B46AE80ADE.tmp' to '../../../../../../Users/maxim/OneDrive/Documents/Unreal Projects/TheRageRace/Content/Blueprints/Sedan/MainCar.uasset'
[2019.10.26-13.58.18:214][768]LogTemp: Repeating last play command: Standalone Game
[2019.10.26-13.58.18:294][768]LogUObjectHash: Compacting FUObjectHashTables data took   6.52ms
[2019.10.26-13.59.15:644][128]LogTemp: Repeating last play command: Standalone Game
[2019.10.26-13.59.15:723][128]LogUObjectHash: Compacting FUObjectHashTables data took   1.37ms
[2019.10.26-15.01.06:325][545]LogUObjectHash: Compacting FUObjectHashTables data took   6.54ms
[2019.10.26-15.01.07:132][545]LogActorComponent: UnregisterComponent: (/Engine/Transient.EditorFloorComp) Not registered. Aborting.
[2019.10.26-15.01.07:250][545]LogSlate: Window 'TheRageRace - Unreal Editor' being destroyed
[2019.10.26-15.01.07:846][546]Cmd: QUIT_EDITOR
[2019.10.26-15.01.07:869][546]LogWindowsTextInputMethodSystem: Display: IME system now deactivated.
[2019.10.26-15.01.07:892][546]LogExit: Preparing to exit.
[2019.10.26-15.01.08:561][546]LogExit: Editor shut down
[2019.10.26-15.01.08:562][546]LogExit: Transaction tracking system shut down
[2019.10.26-15.01.09:023][546]LogExit: Object subsystem successfully closed.
[2019.10.26-15.01.09:048][546]LogShaderCompilers: Display: Shaders left to compile 0
[2019.10.26-15.01.09:058][546]LogD3D11RHI: Shutdown
[2019.10.26-15.01.09:058][546]LogD3D11RHI: CleanupD3DDevice
[2019.10.26-15.01.09:060][546]LogRendererCore: FGlobalReadBuffer::ReleaseRHI
[2019.10.26-15.01.09:060][546]LogRendererCore: FGlobalDynamicReadBuffer::Cleanup()
[2019.10.26-15.01.09:060][546]LogRendererCore: FGlobalReadBuffer::ReleaseRHI
[2019.10.26-15.01.09:060][546]LogRendererCore: FGlobalDynamicReadBuffer::Cleanup()
[2019.10.26-15.01.09:060][546]LogRendererCore: FGlobalReadBuffer::ReleaseRHI
[2019.10.26-15.01.09:060][546]LogRendererCore: FGlobalDynamicReadBuffer::Cleanup()
[2019.10.26-15.01.09:193][546]LogD3D11RHI: ~FD3D11DynamicRHI
[2019.10.26-15.01.09:235][546]LogModuleManager: Shutting down and abandoning module BlueprintGraph (652)
[2019.10.26-15.01.09:235][546]LogModuleManager: Shutting down and abandoning module HierarchicalLODOutliner (650)
[2019.10.26-15.01.09:235][546]LogModuleManager: Shutting down and abandoning module SceneOutliner (648)
[2019.10.26-15.01.09:235][546]LogModuleManager: Shutting down and abandoning module AddContentDialog (646)
[2019.10.26-15.01.09:253][546]LogModuleManager: Shutting down and abandoning module WidgetCarousel (645)
[2019.10.26-15.01.09:253][546]LogModuleManager: Shutting down and abandoning module EditorWidgets (642)
[2019.10.26-15.01.09:253][546]LogModuleManager: Shutting down and abandoning module CollectionManager (640)
[2019.10.26-15.01.09:254][546]LogModuleManager: Shutting down and abandoning module ExternalImagePicker (638)
[2019.10.26-15.01.09:254][546]LogModuleManager: Shutting down and abandoning module StatsViewer (636)
[2019.10.26-15.01.09:254][546]LogModuleManager: Shutting down and abandoning module FoliageEdit (634)
[2019.10.26-15.01.09:254][546]LogModuleManager: Shutting down and abandoning module LandscapeEditor (632)
[2019.10.26-15.01.09:254][546]LogModuleManager: Shutting down and abandoning module MeshPaintMode (630)
[2019.10.26-15.01.09:254][546]LogModuleManager: Shutting down and abandoning module SceneDepthPickerMode (628)
[2019.10.26-15.01.09:254][546]LogModuleManager: Shutting down and abandoning module ActorPickerMode (626)
[2019.10.26-15.01.09:254][546]LogModuleManager: Shutting down and abandoning module GeometryMode (624)
[2019.10.26-15.01.09:254][546]LogModuleManager: Shutting down and abandoning module TextureAlignMode (622)
[2019.10.26-15.01.09:254][546]LogModuleManager: Shutting down and abandoning module BspMode (620)
[2019.10.26-15.01.09:254][546]LogModuleManager: Shutting down and abandoning module PIEPreviewDeviceProfileSelector (618)
[2019.10.26-15.01.09:254][546]LogModuleManager: Shutting down and abandoning module SequenceRecorderSections (616)
[2019.10.26-15.01.09:254][546]LogModuleManager: Shutting down and abandoning module AutomationWorker (614)
[2019.10.26-15.01.09:254][546]LogModuleManager: Shutting down and abandoning module OculusMR (612)
[2019.10.26-15.01.09:254][546]LogModuleManager: Shutting down and abandoning module AudioCaptureEditor (610)
[2019.10.26-15.01.09:254][546]LogModuleManager: Shutting down and abandoning module MatineeToLevelSequence (608)
[2019.10.26-15.01.09:254][546]LogModuleManager: Shutting down and abandoning module LevelSequenceEditor (606)
[2019.10.26-15.01.09:254][546]LogModuleManager: Shutting down and abandoning module PlacementMode (605)
[2019.10.26-15.01.09:254][546]LogModuleManager: Shutting down and abandoning module MaterialEditor (604)
[2019.10.26-15.01.09:254][546]LogModuleManager: Shutting down and abandoning module ActorSequenceEditor (600)
[2019.10.26-15.01.09:255][546]LogModuleManager: Shutting down and abandoning module WmfMediaFactory (598)
[2019.10.26-15.01.09:255][546]LogModuleManager: Shutting down and abandoning module WmfMediaEditor (596)
[2019.10.26-15.01.09:255][546]LogModuleManager: Shutting down and abandoning module WebMMediaFactory (594)
[2019.10.26-15.01.09:255][546]LogModuleManager: Shutting down and abandoning module WebMMediaEditor (592)
[2019.10.26-15.01.09:255][546]LogModuleManager: Shutting down and abandoning module WebMMedia (590)
[2019.10.26-15.01.09:255][546]LogModuleManager: Shutting down and abandoning module MediaPlayerEditor (588)
[2019.10.26-15.01.09:255][546]LogModuleManager: Shutting down and abandoning module MediaCompositingEditor (586)
[2019.10.26-15.01.09:255][546]LogModuleManager: Shutting down and abandoning module SequenceRecorder (585)
[2019.10.26-15.01.09:255][546]LogModuleManager: Shutting down and abandoning module OpenExrWrapper (582)
[2019.10.26-15.01.09:255][546]LogModuleManager: Shutting down and abandoning module ImgMediaFactory (580)
[2019.10.26-15.01.09:255][546]LogModuleManager: Shutting down and abandoning module ImgMediaEditor (578)
[2019.10.26-15.01.09:255][546]LogModuleManager: Shutting down and abandoning module AvfMediaFactory (576)
[2019.10.26-15.01.09:255][546]LogModuleManager: Shutting down and abandoning module AvfMediaEditor (574)
[2019.10.26-15.01.09:255][546]LogModuleManager: Shutting down and abandoning module AndroidMediaFactory (572)
[2019.10.26-15.01.09:255][546]LogModuleManager: Shutting down and abandoning module AndroidMediaEditor (570)
[2019.10.26-15.01.09:255][546]LogModuleManager: Shutting down and abandoning module MagicLeapCameraPreviewFactory (568)
[2019.10.26-15.01.09:255][546]LogModuleManager: Shutting down and abandoning module MagicLeapMediaCodecFactory (566)
[2019.10.26-15.01.09:255][546]LogModuleManager: Shutting down and abandoning module MagicLeapMediaFactory (564)
[2019.10.26-15.01.09:255][546]LogModuleManager: Shutting down and abandoning module MagicLeapMediaEditor (562)
[2019.10.26-15.01.09:255][546]LogModuleManager: Shutting down and abandoning module CharacterAI (560)
[2019.10.26-15.01.09:255][546]LogModuleManager: Shutting down and abandoning module SmartSnapping (558)
[2019.10.26-15.01.09:255][546]LogModuleManager: Shutting down and abandoning module SessionServices (556)
[2019.10.26-15.01.09:255][546]LogModuleManager: Shutting down and abandoning module MeshPaint (554)
[2019.10.26-15.01.09:255][546]LogModuleManager: Shutting down and abandoning module ViewportSnapping (552)
[2019.10.26-15.01.09:255][546]LogModuleManager: Shutting down and abandoning module ViewportInteraction (550)
[2019.10.26-15.01.09:255][546]LogModuleManager: Shutting down and abandoning module ClothPainter (548)
[2019.10.26-15.01.09:255][546]LogModuleManager: Shutting down and abandoning module SkeletalMeshEditor (547)
[2019.10.26-15.01.09:255][546]LogModuleManager: Shutting down and abandoning module LogVisualizer (544)
[2019.10.26-15.01.09:255][546]LogModuleManager: Shutting down and abandoning module IntroTutorials (542)
[2019.10.26-15.01.09:259][546]LogModuleManager: Shutting down and abandoning module GameProjectGeneration (541)
[2019.10.26-15.01.09:259][546]LogModuleManager: Shutting down and abandoning module LuminPlatformEditor (538)
[2019.10.26-15.01.09:259][546]LogModuleManager: Shutting down and abandoning module IOSPlatformEditor (536)
[2019.10.26-15.01.09:259][546]LogModuleManager: Shutting down and abandoning module HTML5PlatformEditor (534)
[2019.10.26-15.01.09:259][546]LogModuleManager: Shutting down and abandoning module AndroidPlatformEditor (532)
[2019.10.26-15.01.09:259][546]LogModuleManager: Shutting down and abandoning module AndroidDeviceDetection (531)
[2019.10.26-15.01.10:695][546]LogModuleManager: Shutting down and abandoning module WindowsPlatformEditor (528)
[2019.10.26-15.01.10:695][546]LogModuleManager: Shutting down and abandoning module LuminRuntimeSettings (526)
[2019.10.26-15.01.10:695][546]LogModuleManager: Shutting down and abandoning module IOSRuntimeSettings (524)
[2019.10.26-15.01.10:695][546]LogModuleManager: Shutting down and abandoning module AndroidRuntimeSettings (522)
[2019.10.26-15.01.10:695][546]LogModuleManager: Shutting down and abandoning module TimeManagementEditor (520)
[2019.10.26-15.01.10:695][546]LogModuleManager: Shutting down and abandoning module InputBindingEditor (518)
[2019.10.26-15.01.10:695][546]LogModuleManager: Shutting down and abandoning module MergeActors (516)
[2019.10.26-15.01.10:695][546]LogModuleManager: Shutting down and abandoning module LocalizationDashboard (514)
[2019.10.26-15.01.10:695][546]LogModuleManager: Shutting down and abandoning module LocalizationService (513)
[2019.10.26-15.01.10:695][546]LogModuleManager: Shutting down and abandoning module HardwareTargeting (510)
[2019.10.26-15.01.10:695][546]LogModuleManager: Shutting down and abandoning module DeviceProfileEditor (508)
[2019.10.26-15.01.10:695][546]LogModuleManager: Shutting down and abandoning module UndoHistory (506)
[2019.10.26-15.01.10:695][546]LogModuleManager: Shutting down and abandoning module XmlParser (504)
[2019.10.26-15.01.10:695][546]LogModuleManager: Shutting down and abandoning module Blutility (502)
[2019.10.26-15.01.10:695][546]LogModuleManager: Shutting down and abandoning module ProjectSettingsViewer (500)
[2019.10.26-15.01.10:695][546]LogModuleManager: Shutting down and abandoning module ProjectTargetPlatformEditor (499)
[2019.10.26-15.01.10:696][546]LogModuleManager: Shutting down and abandoning module EditorSettingsViewer (496)
[2019.10.26-15.01.10:696][546]LogModuleManager: Shutting down and abandoning module SettingsEditor (494)
[2019.10.26-15.01.10:717][546]LogModuleManager: Shutting down and abandoning module ProjectLauncher (492)
[2019.10.26-15.01.10:717][546]LogModuleManager: Shutting down and abandoning module SessionFrontend (490)
[2019.10.26-15.01.10:717][546]LogModuleManager: Shutting down and abandoning module ProfilerClient (488)
[2019.10.26-15.01.10:717][546]LogModuleManager: Shutting down and abandoning module DeviceManager (486)
[2019.10.26-15.01.10:717][546]LogModuleManager: Shutting down and abandoning module TargetDeviceServices (485)
[2019.10.26-15.01.10:760][546]LogModuleManager: Shutting down and abandoning module AutomationController (482)
[2019.10.26-15.01.10:760][546]LogModuleManager: Shutting down and abandoning module AutomationWindow (480)
[2019.10.26-15.01.10:760][546]LogModuleManager: Shutting down and abandoning module Layers (478)
[2019.10.26-15.01.10:760][546]LogModuleManager: Shutting down and abandoning module ComponentVisualizers (476)
[2019.10.26-15.01.10:760][546]LogModuleManager: Shutting down and abandoning module DetailCustomizations (474)
[2019.10.26-15.01.10:760][546]LogModuleManager: Shutting down and abandoning module PackagesDialog (472)
[2019.10.26-15.01.10:760][546]LogModuleManager: Shutting down and abandoning module AnimationBlueprintEditor (470)
[2019.10.26-15.01.10:760][546]LogModuleManager: Shutting down and abandoning module Persona (468)
[2019.10.26-15.01.10:760][546]LogModuleManager: Shutting down and abandoning module AdvancedPreviewScene (467)
[2019.10.26-15.01.10:760][546]LogModuleManager: Shutting down and abandoning module AnimGraph (465)
[2019.10.26-15.01.10:760][546]LogModuleManager: Shutting down and abandoning module Kismet (462)
[2019.10.26-15.01.10:768][546]LogModuleManager: Shutting down and abandoning module GraphEditor (460)
[2019.10.26-15.01.10:768][546]LogModuleManager: Shutting down and abandoning module ClassViewer (458)
[2019.10.26-15.01.10:768][546]LogModuleManager: Shutting down and abandoning module Toolbox (456)
[2019.10.26-15.01.10:768][546]LogModuleManager: Shutting down and abandoning module ModuleUI (454)
[2019.10.26-15.01.10:768][546]LogModuleManager: Shutting down and abandoning module MovieSceneTools (452)
[2019.10.26-15.01.10:768][546]LogModuleManager: Shutting down and abandoning module OutputLog (450)
[2019.10.26-15.01.10:768][546]LogModuleManager: Shutting down and abandoning module GammaUI (448)
[2019.10.26-15.01.10:768][546]LogModuleManager: Shutting down and abandoning module Documentation (446)
[2019.10.26-15.01.10:768][546]LogModuleManager: Shutting down and abandoning module LiveCoding (444)
[2019.10.26-15.01.10:768][546]LogModuleManager: Shutting down and abandoning module LevelSequence (442)
[2019.10.26-15.01.10:768][546]LogModuleManager: Shutting down and abandoning module MovieSceneTracks (440)
[2019.10.26-15.01.10:768][546]LogModuleManager: Shutting down and abandoning module MovieScene (438)
[2019.10.26-15.01.10:768][546]LogModuleManager: Shutting down and abandoning module StreamingPauseRendering (436)
[2019.10.26-15.01.10:768][546]LogModuleManager: Shutting down and abandoning module LauncherPlatform (434)
[2019.10.26-15.01.10:768][546]LogModuleManager: Shutting down and abandoning module AnalyticsET (432)
[2019.10.26-15.01.10:768][546]LogModuleManager: Shutting down and abandoning module PortalServices (430)
[2019.10.26-15.01.10:768][546]LogModuleManager: Shutting down and abandoning module PortalRpc (428)
[2019.10.26-15.01.10:768][546]LogModuleManager: Shutting down and abandoning module MessagingRpc (426)
[2019.10.26-15.01.10:768][546]LogModuleManager: Shutting down and abandoning module AIModule (424)
[2019.10.26-15.01.10:768][546]LogModuleManager: Shutting down and abandoning module GameplayDebugger (423)
[2019.10.26-15.01.10:768][546]LogModuleManager: Shutting down and abandoning module AITestSuite (421)
[2019.10.26-15.01.10:769][546]LogModuleManager: Shutting down and abandoning module NavigationSystem (419)
[2019.10.26-15.01.10:769][546]LogModuleManager: Shutting down and abandoning module DesktopPlatform (416)
[2019.10.26-15.01.10:769][546]LogModuleManager: Shutting down and abandoning module ImageWriteQueue (414)
[2019.10.26-15.01.10:773][546]LogModuleManager: Shutting down and abandoning module ProfilerService (412)
[2019.10.26-15.01.10:906][546]LogModuleManager: Shutting down and abandoning module TaskGraph (410)
[2019.10.26-15.01.10:906][546]LogModuleManager: Shutting down and abandoning module SteamVRController (408)
[2019.10.26-15.01.10:906][546]LogModuleManager: Shutting down and abandoning module ProceduralMeshComponentEditor (406)
[2019.10.26-15.01.10:906][546]LogModuleManager: Shutting down and abandoning module ProceduralMeshComponent (404)
[2019.10.26-15.01.10:906][546]LogModuleManager: Shutting down and abandoning module OculusEditor (402)
[2019.10.26-15.01.10:906][546]LogModuleManager: Shutting down and abandoning module OculusInput (400)
[2019.10.26-15.01.10:906][546]LogModuleManager: Shutting down and abandoning module MobilePatchingUtils (398)
[2019.10.26-15.01.10:906][546]LogModuleManager: Shutting down and abandoning module EditableMesh (396)
[2019.10.26-15.01.10:906][546]LogModuleManager: Shutting down and abandoning module CustomMeshComponent (394)
[2019.10.26-15.01.10:906][546]LogModuleManager: Shutting down and abandoning module CableComponent (392)
[2019.10.26-15.01.10:906][546]LogModuleManager: Shutting down and abandoning module AudioCapture (390)
[2019.10.26-15.01.10:906][546]LogModuleManager: Shutting down and abandoning module ArchVisCharacter (388)
[2019.10.26-15.01.10:906][546]LogModuleManager: Shutting down and abandoning module AndroidPermission (386)
[2019.10.26-15.01.10:906][546]LogModuleManager: Shutting down and abandoning module NUTUnrealEngine4 (384)
[2019.10.26-15.01.10:906][546]LogModuleManager: Shutting down and abandoning module NetcodeUnitTest (382)
[2019.10.26-15.01.10:906][546]LogModuleManager: Shutting down and abandoning module MediaCompositing (380)
[2019.10.26-15.01.10:906][546]LogModuleManager: Shutting down and abandoning module LinearTimecode (378)
[2019.10.26-15.01.10:906][546]LogModuleManager: Shutting down and abandoning module ImgMedia (376)
[2019.10.26-15.01.10:906][546]LogModuleManager: Shutting down and abandoning module MagicLeapHelperVulkan (374)
[2019.10.26-15.01.10:906][546]LogModuleManager: Shutting down and abandoning module MagicLeapHelperOpenGL (372)
[2019.10.26-15.01.10:906][546]LogModuleManager: Shutting down and abandoning module MagicLeapAudio (370)
[2019.10.26-15.01.10:906][546]LogModuleManager: Shutting down and abandoning module HTML5Networking (368)
[2019.10.26-15.01.10:906][546]LogModuleManager: Shutting down and abandoning module GeometryCacheTracks (366)
[2019.10.26-15.01.10:906][546]LogModuleManager: Shutting down and abandoning module GeometryCacheSequencer (364)
[2019.10.26-15.01.10:906][546]LogModuleManager: Shutting down and abandoning module BackChannel (362)
[2019.10.26-15.01.10:906][546]LogModuleManager: Shutting down and abandoning module AppleVision (360)
[2019.10.26-15.01.10:906][546]LogModuleManager: Shutting down and abandoning module AppleImageUtilsBlueprintSupport (358)
[2019.10.26-15.01.10:906][546]LogModuleManager: Shutting down and abandoning module AppleImageUtils (356)
[2019.10.26-15.01.10:906][546]LogModuleManager: Shutting down and abandoning module AlembicImporter (354)
[2019.10.26-15.01.10:906][546]LogModuleManager: Shutting down and abandoning module AlembicLibrary (353)
[2019.10.26-15.01.10:906][546]LogModuleManager: Shutting down and abandoning module GeometryCache (352)
[2019.10.26-15.01.10:906][546]LogModuleManager: Shutting down and abandoning module GeometryCacheEd (351)
[2019.10.26-15.01.10:906][546]LogModuleManager: Shutting down and abandoning module VariantManagerContent (346)
[2019.10.26-15.01.10:906][546]LogModuleManager: Shutting down and abandoning module DatasmithContentEditor (344)
[2019.10.26-15.01.10:906][546]LogModuleManager: Shutting down and abandoning module SpeedTreeImporter (342)
[2019.10.26-15.01.10:906][546]LogModuleManager: Shutting down and abandoning module PluginBrowser (340)
[2019.10.26-15.01.10:906][546]LogModuleManager: Shutting down and abandoning module MobileLauncherProfileWizard (338)
[2019.10.26-15.01.10:907][546]LogModuleManager: Shutting down and abandoning module MaterialAnalyzer (336)
[2019.10.26-15.01.10:907][546]LogModuleManager: Shutting down and abandoning module CryptoKeysOpenSSL (334)
[2019.10.26-15.01.10:907][546]LogModuleManager: Shutting down and abandoning module CryptoKeys (332)
[2019.10.26-15.01.10:907][546]LogModuleManager: Shutting down and abandoning module VisualStudioSourceCodeAccess (330)
[2019.10.26-15.01.10:907][546]LogModuleManager: Shutting down and abandoning module VisualStudioCodeSourceCodeAccess (328)
[2019.10.26-15.01.10:907][546]LogModuleManager: Shutting down and abandoning module UObjectPlugin (326)
[2019.10.26-15.01.10:907][546]LogModuleManager: Shutting down and abandoning module SubversionSourceControl (324)
[2019.10.26-15.01.10:907][546]LogModuleManager: Shutting down and abandoning module PerforceSourceControl (322)
[2019.10.26-15.01.10:907][546]LogModuleManager: Shutting down and abandoning module GitSourceControl (320)
[2019.10.26-15.01.10:907][546]LogModuleManager: Shutting down and abandoning module SourceControl (319)
[2019.10.26-15.01.10:907][546]LogModuleManager: Shutting down and abandoning module CLionSourceCodeAccess (316)
[2019.10.26-15.01.10:907][546]LogModuleManager: Shutting down and abandoning module AnimationSharingEd (314)
[2019.10.26-15.01.10:907][546]LogModuleManager: Shutting down and abandoning module ActorLayerUtilitiesEditor (312)
[2019.10.26-15.01.10:907][546]LogModuleManager: Shutting down and abandoning module ActorLayerUtilities (310)
[2019.10.26-15.01.10:907][546]LogModuleManager: Shutting down and abandoning module LightPropagationVolumeEditor (308)
[2019.10.26-15.01.10:907][546]LogModuleManager: Shutting down and abandoning module PaperTiledImporter (306)
[2019.10.26-15.01.10:907][546]LogModuleManager: Shutting down and abandoning module PaperSpriteSheetImporter (304)
[2019.10.26-15.01.10:907][546]LogModuleManager: Shutting down and abandoning module Paper2DEditor (302)
[2019.10.26-15.01.10:907][546]LogModuleManager: Shutting down and abandoning module SignificanceManager (300)
[2019.10.26-15.01.10:907][546]LogModuleManager: Shutting down and abandoning module RuntimePhysXCooking (298)
[2019.10.26-15.01.10:907][546]LogModuleManager: Shutting down and abandoning module PhysXVehiclesEditor (296)
[2019.10.26-15.01.10:907][546]LogModuleManager: Shutting down and abandoning module PhysXVehicles (294)
[2019.10.26-15.01.10:907][546]LogModuleManager: Shutting down and abandoning module LocationServicesBPLibrary (292)
[2019.10.26-15.01.10:907][546]LogModuleManager: Shutting down and abandoning module ActorSequence (290)
[2019.10.26-15.01.10:907][546]LogModuleManager: Shutting down and abandoning module UdpMessaging (288)
[2019.10.26-15.01.11:008][546]LogModuleManager: Shutting down and abandoning module TcpMessaging (286)
[2019.10.26-15.01.11:109][546]LogModuleManager: Shutting down and abandoning module MagicLeapIdentity (284)
[2019.10.26-15.01.11:109][546]LogModuleManager: Shutting down and abandoning module MagicLeapSecureStorage (282)
[2019.10.26-15.01.11:109][546]LogModuleManager: Shutting down and abandoning module MagicLeapHandTracking (280)
[2019.10.26-15.01.11:109][546]LogModuleManager: Shutting down and abandoning module MagicLeapEyeTracker (278)
[2019.10.26-15.01.11:109][546]LogModuleManager: Shutting down and abandoning module MagicLeapController (276)
[2019.10.26-15.01.11:109][546]LogSlate: Slate User Destroyed.  User Index 0, Is Virtual User: 0
[2019.10.26-15.01.11:109][546]LogModuleManager: Shutting down and abandoning module MagicLeapAR (274)
[2019.10.26-15.01.11:109][546]LogModuleManager: Shutting down and abandoning module AugmentedReality (273)
[2019.10.26-15.01.11:109][546]LogModuleManager: Shutting down and abandoning module GameplayTagsEditor (270)
[2019.10.26-15.01.11:109][546]LogModuleManager: Shutting down and abandoning module FacialAnimationEditor (268)
[2019.10.26-15.01.11:109][546]LogModuleManager: Shutting down and abandoning module FacialAnimation (266)
[2019.10.26-15.01.11:109][546]LogModuleManager: Shutting down and abandoning module DataValidation (264)
[2019.10.26-15.01.11:109][546]LogModuleManager: Shutting down and abandoning module AssetManagerEditor (262)
[2019.10.26-15.01.11:109][546]LogModuleManager: Shutting down and abandoning module LevelEditor (261)
[2019.10.26-15.01.11:111][546]LogModuleManager: Shutting down and abandoning module PixelInspectorModule (260)
[2019.10.26-15.01.11:112][546]LogModuleManager: Shutting down and abandoning module CommonMenuExtensions (258)
[2019.10.26-15.01.11:112][546]LogModuleManager: Shutting down and abandoning module MainFrame (256)
[2019.10.26-15.01.11:112][546]LogModuleManager: Shutting down and abandoning module HotReload (255)
[2019.10.26-15.01.11:112][546]LogModuleManager: Shutting down and abandoning module ContentBrowser (251)
[2019.10.26-15.01.11:115][546]LogModuleManager: Shutting down and abandoning module TreeMap (249)
[2019.10.26-15.01.11:115][546]LogModuleManager: Shutting down and abandoning module AnimationSharing (246)
[2019.10.26-15.01.11:115][546]LogModuleManager: Shutting down and abandoning module LightPropagationVolumeRuntime (244)
[2019.10.26-15.01.11:115][546]LogModuleManager: Shutting down and abandoning module AISupportModule (242)
[2019.10.26-15.01.11:115][546]LogModuleManager: Shutting down and abandoning module AdvancedSteamSessions (240)
[2019.10.26-15.01.11:115][546]LogModuleManager: Shutting down and abandoning module AdvancedSessions (238)
[2019.10.26-15.01.11:115][546]LogModuleManager: Shutting down and abandoning module Paper2D (236)
[2019.10.26-15.01.11:115][546]LogModuleManager: Shutting down and abandoning module WindowsMoviePlayer (234)
[2019.10.26-15.01.11:115][546]LogModuleManager: Shutting down and abandoning module WebMMoviePlayer (232)
[2019.10.26-15.01.11:115][546]LogModuleManager: Shutting down and abandoning module PacketHandler (230)
[2019.10.26-15.01.11:115][546]LogModuleManager: Shutting down and abandoning module ClothingSystemEditor (228)
[2019.10.26-15.01.11:115][546]LogModuleManager: Shutting down and abandoning module ClothingSystemRuntime (226)
[2019.10.26-15.01.11:116][546]LogModuleManager: Shutting down and abandoning module MediaAssets (224)
[2019.10.26-15.01.11:116][546]LogModuleManager: Shutting down and abandoning module Overlay (222)
[2019.10.26-15.01.11:116][546]LogModuleManager: Shutting down and abandoning module OverlayEditor (221)
[2019.10.26-15.01.11:116][546]LogModuleManager: Shutting down and abandoning module VREditor (218)
[2019.10.26-15.01.11:116][546]LogModuleManager: Shutting down and abandoning module StringTableEditor (216)
[2019.10.26-15.01.11:116][546]LogModuleManager: Shutting down and abandoning module GameplayTasksEditor (214)
[2019.10.26-15.01.11:116][546]LogModuleManager: Shutting down and abandoning module BehaviorTreeEditor (212)
[2019.10.26-15.01.11:116][546]LogModuleManager: Shutting down and abandoning module FunctionalTesting (210)
[2019.10.26-15.01.11:116][546]LogModuleManager: Shutting down and abandoning module CollisionAnalyzer (208)
[2019.10.26-15.01.11:116][546]LogModuleManager: Shutting down and abandoning module WorkspaceMenuStructure (207)
[2019.10.26-15.01.11:116][546]LogModuleManager: Shutting down and abandoning module UMG (204)
[2019.10.26-15.01.11:116][546]LogModuleManager: Shutting down and abandoning module UMGEditor (203)
[2019.10.26-15.01.11:116][546]LogModuleManager: Shutting down and abandoning module Sequencer (202)
[2019.10.26-15.01.11:116][546]LogModuleManager: Shutting down and abandoning module MessageLog (199)
[2019.10.26-15.01.11:116][546]LogModuleManager: Shutting down and abandoning module SlateReflector (194)
[2019.10.26-15.01.11:116][546]LogModuleManager: Shutting down and abandoning module Slate (192)
[2019.10.26-15.01.11:116][546]LogModuleManager: Shutting down and abandoning module EditorStyle (190)
[2019.10.26-15.01.11:120][546]LogModuleManager: Shutting down and abandoning module UnrealEd (188)
[2019.10.26-15.01.11:120][546]LogModuleManager: Shutting down and abandoning module MRMesh (186)
[2019.10.26-15.01.11:120][546]LogModuleManager: Shutting down and abandoning module SourceCodeAccess (184)
[2019.10.26-15.01.11:120][546]LogModuleManager: Shutting down and abandoning module HeadMountedDisplay (182)
[2019.10.26-15.01.11:120][546]LogModuleManager: Shutting down and abandoning module XAudio2 (180)
[2019.10.26-15.01.11:120][546]LogModuleManager: Shutting down and abandoning module Networking (178)
[2019.10.26-15.01.11:120][546]LogModuleManager: Shutting down and abandoning module Core (176)
[2019.10.26-15.01.11:120][546]LogModuleManager: Shutting down and abandoning module KismetCompiler (174)
[2019.10.26-15.01.11:120][546]LogModuleManager: Shutting down and abandoning module MeshUtilities (172)
[2019.10.26-15.01.11:120][546]LogModuleManager: Shutting down and abandoning module MeshMergeUtilities (171)
[2019.10.26-15.01.11:120][546]LogModuleManager: Shutting down and abandoning module MeshReductionInterface (170)
[2019.10.26-15.01.11:120][546]LogModuleManager: Shutting down and abandoning module SkeletalMeshReduction (169)
[2019.10.26-15.01.11:120][546]LogModuleManager: Shutting down and abandoning module ProxyLODMeshReduction (167)
[2019.10.26-15.01.11:120][546]LogModuleManager: Shutting down and abandoning module QuadricMeshReduction (165)
[2019.10.26-15.01.11:120][546]LogModuleManager: Shutting down and abandoning module MaterialBaking (161)
[2019.10.26-15.01.11:120][546]LogModuleManager: Shutting down and abandoning module DerivedDataCache (156)
[2019.10.26-15.01.11:146][546]LogDerivedDataCache: Shutdown
[2019.10.26-15.01.11:146][546]LogModuleManager: Shutting down and abandoning module XGEController (154)
[2019.10.26-15.01.11:146][546]LogModuleManager: Shutting down and abandoning module TargetPlatform (152)
[2019.10.26-15.01.11:146][546]LogModuleManager: Shutting down and abandoning module VulkanShaderFormat (151)
[2019.10.26-15.01.11:146][546]LogModuleManager: Shutting down and abandoning module ShaderFormatVectorVM (149)
[2019.10.26-15.01.11:146][546]LogModuleManager: Shutting down and abandoning module ShaderFormatOpenGL (147)
[2019.10.26-15.01.11:146][546]LogModuleManager: Shutting down and abandoning module ShaderFormatD3D (145)
[2019.10.26-15.01.11:146][546]LogModuleManager: Shutting down and abandoning module MetalShaderFormat (143)
[2019.10.26-15.01.11:146][546]LogModuleManager: Shutting down and abandoning module TextureFormatUncompressed (141)
[2019.10.26-15.01.11:146][546]LogModuleManager: Shutting down and abandoning module TextureFormatPVR (139)
[2019.10.26-15.01.11:146][546]LogModuleManager: Shutting down and abandoning module TextureFormatDXT (137)
[2019.10.26-15.01.11:146][546]LogModuleManager: Shutting down and abandoning module TextureFormatIntelISPCTexComp (135)
[2019.10.26-15.01.11:147][546]LogModuleManager: Shutting down and abandoning module TextureFormatASTC (133)
[2019.10.26-15.01.11:147][546]LogModuleManager: Shutting down and abandoning module ImageWrapper (132)
[2019.10.26-15.01.11:147][546]LogModuleManager: Shutting down and abandoning module TextureFormatAndroid (129)
[2019.10.26-15.01.11:147][546]LogModuleManager: Shutting down and abandoning module AudioFormatOpus (127)
[2019.10.26-15.01.11:147][546]LogModuleManager: Shutting down and abandoning module AudioFormatOgg (125)
[2019.10.26-15.01.11:147][546]LogModuleManager: Shutting down and abandoning module AudioFormatADPCM (123)
[2019.10.26-15.01.11:147][546]LogModuleManager: Shutting down and abandoning module LuminTargetPlatform (121)
[2019.10.26-15.01.11:156][546]LogModuleManager: Shutting down and abandoning module LinuxTargetPlatform (119)
[2019.10.26-15.01.11:156][546]LogModuleManager: Shutting down and abandoning module LinuxServerTargetPlatform (117)
[2019.10.26-15.01.11:156][546]LogModuleManager: Shutting down and abandoning module LinuxNoEditorTargetPlatform (115)
[2019.10.26-15.01.11:156][546]LogModuleManager: Shutting down and abandoning module LinuxClientTargetPlatform (113)
[2019.10.26-15.01.11:156][546]LogModuleManager: Shutting down and abandoning module TVOSTargetPlatform (111)
[2019.10.26-15.01.11:161][546]LogModuleManager: Shutting down and abandoning module Messaging (109)
[2019.10.26-15.01.11:161][546]LogModuleManager: Shutting down and abandoning module IOSTargetPlatform (107)
[2019.10.26-15.01.11:165][546]LogModuleManager: Shutting down and abandoning module HTML5TargetPlatform (105)
[2019.10.26-15.01.11:165][546]LogModuleManager: Shutting down and abandoning module AndroidTargetPlatform (103)
[2019.10.26-15.01.11:198][546]LogModuleManager: Shutting down and abandoning module WindowsTargetPlatform (101)
[2019.10.26-15.01.11:198][546]LogModuleManager: Shutting down and abandoning module WindowsServerTargetPlatform (99)
[2019.10.26-15.01.11:198][546]LogModuleManager: Shutting down and abandoning module WindowsNoEditorTargetPlatform (97)
[2019.10.26-15.01.11:198][546]LogModuleManager: Shutting down and abandoning module WindowsClientTargetPlatform (95)
[2019.10.26-15.01.11:198][546]LogModuleManager: Shutting down and abandoning module MacTargetPlatform (93)
[2019.10.26-15.01.11:198][546]LogModuleManager: Shutting down and abandoning module MacServerTargetPlatform (91)
[2019.10.26-15.01.11:198][546]LogModuleManager: Shutting down and abandoning module MacNoEditorTargetPlatform (89)
[2019.10.26-15.01.11:198][546]LogModuleManager: Shutting down and abandoning module MacClientTargetPlatform (87)
[2019.10.26-15.01.11:198][546]LogModuleManager: Shutting down and abandoning module AllDesktopTargetPlatform (85)
[2019.10.26-15.01.11:198][546]LogModuleManager: Shutting down and abandoning module InputCore (82)
[2019.10.26-15.01.11:199][546]LogModuleManager: Shutting down and abandoning module Settings (80)
[2019.10.26-15.01.11:199][546]LogModuleManager: Shutting down and abandoning module DirectoryWatcher (78)
[2019.10.26-15.01.11:200][546]LogModuleManager: Shutting down and abandoning module PhysXCooking (76)
[2019.10.26-15.01.11:200][546]LogModuleManager: Shutting down and abandoning module SteamVR (74)
[2019.10.26-15.01.11:200][546]LogHMD: Freeing OpenVRDLLHandle.
[2019.10.26-15.01.11:200][546]LogModuleManager: Shutting down and abandoning module OculusHMD (72)
[2019.10.26-15.01.11:200][546]LogModuleManager: Shutting down and abandoning module ExampleDeviceProfileSelector (70)
[2019.10.26-15.01.11:200][546]LogModuleManager: Shutting down and abandoning module LauncherChunkInstaller (68)
[2019.10.26-15.01.11:200][546]LogModuleManager: Shutting down and abandoning module OnlineBlueprintSupport (66)
[2019.10.26-15.01.11:200][546]LogModuleManager: Shutting down and abandoning module OnlineSubsystem (62)
[2019.10.26-15.01.11:201][546]LogModuleManager: Shutting down and abandoning module XMPP (55)
[2019.10.26-15.01.11:201][546]LogModuleManager: Shutting down and abandoning module WebSockets (54)
[2019.10.26-15.01.11:228][546]LogModuleManager: Shutting down and abandoning module HTTP (51)
[2019.10.26-15.01.11:228][546]LogHttp: Display: Http module shutting down, but needs to wait on 1 outstanding Http requests:
[2019.10.26-15.01.11:228][546]LogHttp: Display: 	verb=[POST] url=[https://datarouter.ol.epicgames.com/datarouter/api/v1/public/data?SessionID=%7B73535B7E-41A9-BFFA-89B7-69A2C3D02A43%7D&AppID=UEEditor.Rocket.Release&AppVersion=4.22.3-7053642%2B%2B%2BUE4%2BRelease-4.22&UserID=9545ad3e4f237fc631a7faa18228dec1%7C5f817df291d9468eb121bda29169e516%7C6220e989-7c78-4219-b595-3d3708e8d201&AppEnvironment=datacollector-binary&UploadType=eteventstream] status=Processing
[2019.10.26-15.01.11:258][546]LogModuleManager: Shutting down and abandoning module SSL (50)
[2019.10.26-15.01.11:262][546]LogModuleManager: Shutting down and abandoning module WmfMedia (46)
[2019.10.26-15.01.11:264][546]LogModuleManager: Shutting down and abandoning module Media (45)
[2019.10.26-15.01.11:270][546]LogModuleManager: Shutting down and abandoning module MagicLeap (42)
[2019.10.26-15.01.11:270][546]LogModuleManager: Shutting down and abandoning module DatasmithContent (40)
[2019.10.26-15.01.11:271][546]LogModuleManager: Shutting down and abandoning module AnimationModifiers (38)
[2019.10.26-15.01.11:271][546]LogModuleManager: Shutting down and abandoning module PropertyEditor (37)
[2019.10.26-15.01.11:271][546]LogModuleManager: Shutting down and abandoning module AudioEditor (34)
[2019.10.26-15.01.11:271][546]LogModuleManager: Shutting down and abandoning module TextureCompressor (32)
[2019.10.26-15.01.11:271][546]LogModuleManager: Shutting down and abandoning module RenderCore (30)
[2019.10.26-15.01.11:271][546]LogModuleManager: Shutting down and abandoning module Landscape (28)
[2019.10.26-15.01.11:271][546]LogModuleManager: Shutting down and abandoning module SlateRHIRenderer (26)
[2019.10.26-15.01.11:273][546]LogModuleManager: Shutting down and abandoning module OpenGLDrv (24)
[2019.10.26-15.01.11:273][546]LogModuleManager: Shutting down and abandoning module D3D11RHI (22)
[2019.10.26-15.01.11:273][546]LogModuleManager: Shutting down and abandoning module AnimGraphRuntime (20)
[2019.10.26-15.01.11:273][546]LogModuleManager: Shutting down and abandoning module Renderer (18)
[2019.10.26-15.01.11:273][546]LogModuleManager: Shutting down and abandoning module Engine (16)
[2019.10.26-15.01.11:273][546]LogModuleManager: Shutting down and abandoning module CoreUObject (14)
[2019.10.26-15.01.11:274][546]LogModuleManager: Shutting down and abandoning module NetworkFile (12)
[2019.10.26-15.01.11:274][546]LogModuleManager: Shutting down and abandoning module CookedIterativeFile (10)
[2019.10.26-15.01.11:274][546]LogModuleManager: Shutting down and abandoning module StreamingFile (8)
[2019.10.26-15.01.11:274][546]LogModuleManager: Shutting down and abandoning module SandboxFile (6)
[2019.10.26-15.01.11:274][546]LogModuleManager: Shutting down and abandoning module PakFile (4)
[2019.10.26-15.01.11:274][546]LogModuleManager: Shutting down and abandoning module RSA (3)
[2019.10.26-15.01.11:283][546]LogExit: Exiting.
[2019.10.26-15.01.11:328][546]Log file closed, 10/26/19 10:01:11
