Log file open, 10/26/19 08:55:59
LogWindows: Failed to load 'aqProf.dll' (GetLastError=126)
LogWindows: File 'aqProf.dll' does not exist
LogWindows: Failed to load 'VtuneApi.dll' (GetLastError=126)
LogWindows: File 'VtuneApi.dll' does not exist
LogWindows: Failed to load 'VtuneApi32e.dll' (GetLastError=126)
LogWindows: File 'VtuneApi32e.dll' does not exist
LogConsoleResponse: Display: Failed to find resolution value strings in scalability ini. Falling back to default.
LogInit: Display: Running engine for game: TheRageRace
LogPakFile: Registered encryption key '00000000000000000000000000000000': 0 pak files mounted, 0 remain pending
LogPlatformFile: Not using cached read wrapper
LogTaskGraph: Started task graph with 5 named threads and 23 total threads with 3 sets of task threads.
LogStats: Stats thread started at 0.372542
LogD3D11RHI: Loaded GFSDK_Aftermath_Lib.x64.dll
LogICUInternationalization: ICU TimeZone Detection - Raw Offset: -5:00, Platform Override: ''
LogPluginManager: Mounting plugin Paper2D
LogPluginManager: Mounting plugin AdvancedSessions
LogPluginManager: Mounting plugin AdvancedSteamSessions
LogPluginManager: Mounting plugin AISupport
LogPluginManager: Mounting plugin LightPropagationVolume
LogPluginManager: Mounting plugin ActorLayerUtilities
LogPluginManager: Mounting plugin AnimationSharing
LogPluginManager: Mounting plugin CLionSourceCodeAccess
LogPluginManager: Mounting plugin CodeLiteSourceCodeAccess
LogPluginManager: Mounting plugin GitSourceControl
LogPluginManager: Mounting plugin KDevelopSourceCodeAccess
LogPluginManager: Mounting plugin NullSourceCodeAccess
LogPluginManager: Mounting plugin PerforceSourceControl
LogPluginManager: Mounting plugin SubversionSourceControl
LogPluginManager: Mounting plugin UObjectPlugin
LogPluginManager: Mounting plugin VisualStudioCodeSourceCodeAccess
LogPluginManager: Mounting plugin VisualStudioSourceCodeAccess
LogPluginManager: Mounting plugin XCodeSourceCodeAccess
LogPluginManager: Mounting plugin AssetManagerEditor
LogPluginManager: Mounting plugin CryptoKeys
LogPluginManager: Mounting plugin DataValidation
LogPluginManager: Mounting plugin FacialAnimation
LogPluginManager: Mounting plugin GameplayTagsEditor
LogPluginManager: Mounting plugin MacGraphicsSwitching
LogPluginManager: Mounting plugin MaterialAnalyzer
LogPluginManager: Mounting plugin MobileLauncherProfileWizard
LogPluginManager: Mounting plugin PluginBrowser
LogPluginManager: Mounting plugin SpeedTreeImporter
LogPluginManager: Mounting plugin DatasmithContent
LogPluginManager: Mounting plugin VariantManagerContent
LogPluginManager: Mounting plugin AlembicImporter
LogPluginManager: Mounting plugin AppleImageUtils
LogPluginManager: Mounting plugin AppleVision
LogPluginManager: Mounting plugin BackChannel
LogPluginManager: Mounting plugin CharacterAI
LogPluginManager: Mounting plugin GeometryCache
LogPluginManager: Mounting plugin HTML5Networking
LogPluginManager: Mounting plugin ProxyLODPlugin
LogPluginManager: Mounting plugin SkeletalReduction
LogPluginManager: Mounting plugin MagicLeap
LogPluginManager: Mounting plugin MagicLeapMedia
LogPluginManager: Mounting plugin AndroidMedia
LogPluginManager: Mounting plugin AvfMedia
LogPluginManager: Mounting plugin ImgMedia
LogPluginManager: Mounting plugin LinearTimecode
LogPluginManager: Mounting plugin MediaCompositing
LogPluginManager: Mounting plugin MediaPlayerEditor
LogPluginManager: Mounting plugin WebMMedia
LogPluginManager: Mounting plugin WmfMedia
LogPluginManager: Mounting plugin TcpMessaging
LogPluginManager: Mounting plugin UdpMessaging
LogPluginManager: Mounting plugin ActorSequence
LogPluginManager: Mounting plugin LevelSequenceEditor
LogPluginManager: Mounting plugin MatineeToLevelSequence
LogPluginManager: Mounting plugin NetcodeUnitTest
LogPluginManager: Mounting plugin NUTUnrealEngine4
LogPluginManager: Mounting plugin OnlineSubsystemGooglePlay
LogPluginManager: Mounting plugin OnlineSubsystemIOS
LogPluginManager: Mounting plugin OnlineSubsystem
LogPluginManager: Mounting plugin OnlineSubsystemNull
LogPluginManager: Mounting plugin OnlineSubsystemSteam
LogPluginManager: Mounting plugin OnlineSubsystemUtils
LogPluginManager: Mounting plugin LauncherChunkInstaller
LogPluginManager: Mounting plugin AndroidDeviceProfileSelector
LogPluginManager: Mounting plugin AndroidMoviePlayer
LogPluginManager: Mounting plugin AndroidPermission
LogPluginManager: Mounting plugin AppleMoviePlayer
LogPluginManager: Mounting plugin ArchVisCharacter
LogPluginManager: Mounting plugin AudioCapture
LogPluginManager: Mounting plugin CableComponent
LogPluginManager: Mounting plugin CustomMeshComponent
LogPluginManager: Mounting plugin EditableMesh
LogPluginManager: Mounting plugin ExampleDeviceProfileSelector
LogPluginManager: Mounting plugin Firebase
LogPluginManager: Mounting plugin GoogleCloudMessaging
LogPluginManager: Mounting plugin IOSDeviceProfileSelector
LogPluginManager: Mounting plugin LinuxDeviceProfileSelector
LogPluginManager: Mounting plugin LocationServicesBPLibrary
LogPluginManager: Mounting plugin MobilePatchingUtils
LogPluginManager: Mounting plugin OculusVR
LogPluginManager: Mounting plugin PhysXVehicles
LogPluginManager: Mounting plugin ProceduralMeshComponent
LogPluginManager: Mounting plugin RuntimePhysXCooking
LogPluginManager: Mounting plugin SignificanceManager
LogPluginManager: Mounting plugin SteamVR
LogPluginManager: Mounting plugin WebMMoviePlayer
LogPluginManager: Mounting plugin WindowsMoviePlayer
LogInit: Using libcurl 7.55.1-DEV
LogInit:  - built for x86_64-pc-win32
LogInit:  - supports SSL with OpenSSL/1.1.1
LogInit:  - supports HTTP deflate (compression) using libz 1.2.8
LogInit:  - other features:
LogInit:      CURL_VERSION_SSL
LogInit:      CURL_VERSION_LIBZ
LogInit:      CURL_VERSION_IPV6
LogInit:      CURL_VERSION_ASYNCHDNS
LogInit:      CURL_VERSION_LARGEFILE
LogInit:      CURL_VERSION_IDN
LogInit:  CurlRequestOptions (configurable via config and command line):
LogInit:  - bVerifyPeer = true  - Libcurl will verify peer certificate
LogInit:  - bUseHttpProxy = false  - Libcurl will NOT use HTTP proxy
LogInit:  - bDontReuseConnections = false  - Libcurl will reuse connections
LogInit:  - MaxHostConnections = 16  - Libcurl will limit the number of connections to a host
LogInit:  - LocalHostAddr = Default
LogInit:  - BufferSize = 65536
LogOnline: Display: STEAM: Loading Steam SDK 1.39
LogOnline: STEAM: Steam User is subscribed 1
LogOnline: STEAM: [AppId: 480] Client API initialized 1
LogOnline: STEAM: [AppId: 480] Game Server API initialized 1
LogOnline: STEAM: Missing P2PCleanupTimeout key in OnlineSubsystemSteam of DefaultEngine.ini, using default
LogInit: WinSock: version 1.1 (2.2), MaxSocks=32767, MaxUdp=65467
LogInit: Build: ++UE4+Release-4.22-CL-7053642
LogInit: Engine Version: 4.22.3-7053642+++UE4+Release-4.22
LogInit: Compatible Engine Version: 4.22.0-5660361+++UE4+Release-4.22
LogInit: Net CL: 5660361
LogInit: OS: Windows 10 (Release 1903) (), CPU: Intel(R) Core(TM) i7-4710HQ CPU @ 2.50GHz, GPU: Intel(R) HD Graphics 4600
LogInit: Compiled (64-bit): Jun 18 2019 03:09:11
LogInit: Compiled with Visual C++: 19.16.27025.01
LogInit: Build Configuration: Development
LogInit: Branch Name: ++UE4+Release-4.22
LogInit: Command Line:  /Game/Maps/Menu -game -PIEVIACONSOLE -ResX=1280 -ResY=720 -Multiprocess -messaging -SessionName="Play in Standalone Game" -windowed
LogInit: Base Directory: C:/Program Files/Epic Games/UE_4.22/Engine/Binaries/Win64/
LogInit: Installed Engine Build: 1
LogDevObjectVersion: Number of dev versions registered: 23
LogDevObjectVersion:   Dev-Blueprints (B0D832E4-1F89-4F0D-ACCF-7EB736FD4AA2): 10
LogDevObjectVersion:   Dev-Build (E1C64328-A22C-4D53-A36C-8E866417BD8C): 0
LogDevObjectVersion:   Dev-Core (375EC13C-06E4-48FB-B500-84F0262A717E): 3
LogDevObjectVersion:   Dev-Editor (E4B068ED-F494-42E9-A231-DA0B2E46BB41): 30
LogDevObjectVersion:   Dev-Framework (CFFC743F-43B0-4480-9391-14DF171D2073): 35
LogDevObjectVersion:   Dev-Mobile (B02B49B5-BB20-44E9-A304-32B752E40360): 2
LogDevObjectVersion:   Dev-Networking (A4E4105C-59A1-49B5-A7C5-40C4547EDFEE): 0
LogDevObjectVersion:   Dev-Online (39C831C9-5AE6-47DC-9A44-9C173E1C8E7C): 0
LogDevObjectVersion:   Dev-Physics (78F01B33-EBEA-4F98-B9B4-84EACCB95AA2): 0
LogDevObjectVersion:   Dev-Platform (6631380F-2D4D-43E0-8009-CF276956A95A): 0
LogDevObjectVersion:   Dev-Rendering (12F88B9F-8875-4AFC-A67C-D90C383ABD29): 28
LogDevObjectVersion:   Dev-Sequencer (7B5AE74C-D270-4C10-A958-57980B212A5A): 11
LogDevObjectVersion:   Dev-VR (D7296918-1DD6-4BDD-9DE2-64A83CC13884): 2
LogDevObjectVersion:   Dev-LoadTimes (C2A15278-BFE7-4AFE-6C17-90FF531DF755): 1
LogDevObjectVersion:   Private-Geometry (6EACA3D4-40EC-4CC1-B786-8BED09428FC5): 3
LogDevObjectVersion:   Dev-AnimPhys (29E575DD-E0A3-4627-9D10-D276232CDCEA): 17
LogDevObjectVersion:   Dev-Anim (AF43A65D-7FD3-4947-9873-3E8ED9C1BB05): 2
LogDevObjectVersion:   Dev-ReflectionCapture (6B266CEC-1EC7-4B8F-A30B-E4D90942FC07): 1
LogDevObjectVersion:   Dev-Automation (0DF73D61-A23F-47EA-B727-89E90C41499A): 1
LogDevObjectVersion:   FortniteMain (601D1886-AC64-4F84-AA16-D3DE0DEAC7D6): 25
LogDevObjectVersion:   Dev-Enterprise (9DFFBCD6-494F-0158-E221-12823C92A888): 6
LogDevObjectVersion:   Dev-Niagara (F2AED0AC-9AFE-416F-8664-AA7FFA26D6FC): 1
LogDevObjectVersion:   Dev-Destruction (174F1F0B-B4C6-45A5-B13F-2EE8D0FB917D): 2
LogInit: Presizing for max 16777216 objects, including 0 objects not considered by GC, pre-allocating 0 bytes for permanent pool.
LogInit: Object subsystem initialized
LogConfig: Setting CVar [[con.DebugEarlyDefault:1]]
LogConfig: Setting CVar [[r.setres:1280x720]]
[2019.10.26-13.56.10:119][  0]LogConfig: Setting CVar [[con.DebugEarlyDefault:1]]
[2019.10.26-13.56.10:119][  0]LogConfig: Setting CVar [[r.setres:1280x720]]
[2019.10.26-13.56.10:119][  0]LogConfig: Applying CVar settings from Section [/Script/Engine.RendererSettings] File [C:/Users/maxim/OneDrive/Documents/Unreal Projects/TheRageRace/Saved/Config/Windows/Engine.ini]
[2019.10.26-13.56.10:119][  0]LogConfig: Setting CVar [[r.GPUCrashDebugging:0]]
[2019.10.26-13.56.10:119][  0]LogConfig: Applying CVar settings from Section [/Script/Engine.RendererOverrideSettings] File [C:/Users/maxim/OneDrive/Documents/Unreal Projects/TheRageRace/Saved/Config/Windows/Engine.ini]
[2019.10.26-13.56.10:119][  0]LogConfig: Applying CVar settings from Section [/Script/Engine.StreamingSettings] File [C:/Users/maxim/OneDrive/Documents/Unreal Projects/TheRageRace/Saved/Config/Windows/Engine.ini]
[2019.10.26-13.56.10:119][  0]LogConfig: Setting CVar [[s.MinBulkDataSizeForAsyncLoading:131072]]
[2019.10.26-13.56.10:119][  0]LogConfig: Setting CVar [[s.AsyncLoadingThreadEnabled:0]]
[2019.10.26-13.56.10:119][  0]LogConfig: Setting CVar [[s.EventDrivenLoaderEnabled:1]]
[2019.10.26-13.56.10:119][  0]LogConfig: Setting CVar [[s.WarnIfTimeLimitExceeded:0]]
[2019.10.26-13.56.10:119][  0]LogConfig: Setting CVar [[s.TimeLimitExceededMultiplier:1.5]]
[2019.10.26-13.56.10:119][  0]LogConfig: Setting CVar [[s.TimeLimitExceededMinTime:0.005]]
[2019.10.26-13.56.10:119][  0]LogConfig: Setting CVar [[s.UseBackgroundLevelStreaming:1]]
[2019.10.26-13.56.10:119][  0]LogConfig: Setting CVar [[s.PriorityAsyncLoadingExtraTime:15.0]]
[2019.10.26-13.56.10:120][  0]LogConfig: Setting CVar [[s.LevelStreamingActorsUpdateTimeLimit:5.0]]
[2019.10.26-13.56.10:120][  0]LogConfig: Setting CVar [[s.PriorityLevelStreamingActorsUpdateExtraTime:5.0]]
[2019.10.26-13.56.10:120][  0]LogConfig: Setting CVar [[s.LevelStreamingComponentsRegistrationGranularity:10]]
[2019.10.26-13.56.10:120][  0]LogConfig: Setting CVar [[s.UnregisterComponentsTimeLimit:1.0]]
[2019.10.26-13.56.10:120][  0]LogConfig: Setting CVar [[s.LevelStreamingComponentsUnregistrationGranularity:5]]
[2019.10.26-13.56.10:120][  0]LogConfig: Applying CVar settings from Section [/Script/Engine.GarbageCollectionSettings] File [C:/Users/maxim/OneDrive/Documents/Unreal Projects/TheRageRace/Saved/Config/Windows/Engine.ini]
[2019.10.26-13.56.10:120][  0]LogConfig: Setting CVar [[gc.MaxObjectsNotConsideredByGC:1]]
[2019.10.26-13.56.10:120][  0]LogConfig: Setting CVar [[gc.SizeOfPermanentObjectPool:0]]
[2019.10.26-13.56.10:120][  0]LogConfig: Setting CVar [[gc.FlushStreamingOnGC:0]]
[2019.10.26-13.56.10:120][  0]LogConfig: Setting CVar [[gc.NumRetriesBeforeForcingGC:10]]
[2019.10.26-13.56.10:120][  0]LogConfig: Setting CVar [[gc.AllowParallelGC:1]]
[2019.10.26-13.56.10:120][  0]LogConfig: Setting CVar [[gc.TimeBetweenPurgingPendingKillObjects:61.1]]
[2019.10.26-13.56.10:120][  0]LogConfig: Setting CVar [[gc.MaxObjectsInEditor:16777216]]
[2019.10.26-13.56.10:120][  0]LogConfig: Setting CVar [[gc.IncrementalBeginDestroyEnabled:1]]
[2019.10.26-13.56.10:120][  0]LogConfig: Setting CVar [[gc.CreateGCClusters:1]]
[2019.10.26-13.56.10:120][  0]LogConfig: Setting CVar [[gc.MinGCClusterSize:5]]
[2019.10.26-13.56.10:120][  0]LogConfig: Setting CVar [[gc.ActorClusteringEnabled:0]]
[2019.10.26-13.56.10:120][  0]LogConfig: Setting CVar [[gc.BlueprintClusteringEnabled:0]]
[2019.10.26-13.56.10:120][  0]LogConfig: Setting CVar [[gc.UseDisregardForGCOnDedicatedServers:0]]
[2019.10.26-13.56.10:120][  0]LogConfig: Applying CVar settings from Section [/Script/Engine.NetworkSettings] File [C:/Users/maxim/OneDrive/Documents/Unreal Projects/TheRageRace/Saved/Config/Windows/Engine.ini]
[2019.10.26-13.56.10:120][  0]LogConfig: Applying CVar settings from Section [/Script/UnrealEd.CookerSettings] File [C:/Users/maxim/OneDrive/Documents/Unreal Projects/TheRageRace/Saved/Config/Windows/Engine.ini]
[2019.10.26-13.56.10:128][  0]LogConfig: Applying CVar settings from Section [ViewDistanceQuality@3] File [C:/Users/maxim/OneDrive/Documents/Unreal Projects/TheRageRace/Saved/Config/Windows/Scalability.ini]
[2019.10.26-13.56.10:128][  0]LogConfig: Setting CVar [[r.SkeletalMeshLODBias:0]]
[2019.10.26-13.56.10:128][  0]LogConfig: Setting CVar [[r.ViewDistanceScale:1.0]]
[2019.10.26-13.56.10:128][  0]LogConfig: Applying CVar settings from Section [AntiAliasingQuality@3] File [C:/Users/maxim/OneDrive/Documents/Unreal Projects/TheRageRace/Saved/Config/Windows/Scalability.ini]
[2019.10.26-13.56.10:128][  0]LogConfig: Setting CVar [[r.PostProcessAAQuality:4]]
[2019.10.26-13.56.10:128][  0]LogConfig: Applying CVar settings from Section [ShadowQuality@3] File [C:/Users/maxim/OneDrive/Documents/Unreal Projects/TheRageRace/Saved/Config/Windows/Scalability.ini]
[2019.10.26-13.56.10:128][  0]LogConfig: Setting CVar [[r.LightFunctionQuality:1]]
[2019.10.26-13.56.10:128][  0]LogConfig: Setting CVar [[r.ShadowQuality:5]]
[2019.10.26-13.56.10:128][  0]LogConfig: Setting CVar [[r.Shadow.CSM.MaxCascades:10]]
[2019.10.26-13.56.10:128][  0]LogConfig: Setting CVar [[r.Shadow.MaxResolution:2048]]
[2019.10.26-13.56.10:128][  0]LogConfig: Setting CVar [[r.Shadow.MaxCSMResolution:2048]]
[2019.10.26-13.56.10:128][  0]LogConfig: Setting CVar [[r.Shadow.RadiusThreshold:0.01]]
[2019.10.26-13.56.10:128][  0]LogConfig: Setting CVar [[r.Shadow.DistanceScale:1.0]]
[2019.10.26-13.56.10:128][  0]LogConfig: Setting CVar [[r.Shadow.CSM.TransitionScale:1.0]]
[2019.10.26-13.56.10:128][  0]LogConfig: Setting CVar [[r.Shadow.PreShadowResolutionFactor:1.0]]
[2019.10.26-13.56.10:128][  0]LogConfig: Setting CVar [[r.DistanceFieldShadowing:1]]
[2019.10.26-13.56.10:128][  0]LogConfig: Setting CVar [[r.DistanceFieldAO:1]]
[2019.10.26-13.56.10:128][  0]LogConfig: Setting CVar [[r.AOQuality:2]]
[2019.10.26-13.56.10:128][  0]LogConfig: Setting CVar [[r.VolumetricFog:1]]
[2019.10.26-13.56.10:128][  0]LogConfig: Setting CVar [[r.VolumetricFog.GridPixelSize:8]]
[2019.10.26-13.56.10:128][  0]LogConfig: Setting CVar [[r.VolumetricFog.GridSizeZ:128]]
[2019.10.26-13.56.10:128][  0]LogConfig: Setting CVar [[r.VolumetricFog.HistoryMissSupersampleCount:4]]
[2019.10.26-13.56.10:128][  0]LogConfig: Setting CVar [[r.LightMaxDrawDistanceScale:1]]
[2019.10.26-13.56.10:128][  0]LogConfig: Setting CVar [[r.CapsuleShadows:1]]
[2019.10.26-13.56.10:128][  0]LogConfig: Applying CVar settings from Section [PostProcessQuality@3] File [C:/Users/maxim/OneDrive/Documents/Unreal Projects/TheRageRace/Saved/Config/Windows/Scalability.ini]
[2019.10.26-13.56.10:128][  0]LogConfig: Setting CVar [[r.MotionBlurQuality:4]]
[2019.10.26-13.56.10:128][  0]LogConfig: Setting CVar [[r.AmbientOcclusionMipLevelFactor:0.4]]
[2019.10.26-13.56.10:128][  0]LogConfig: Setting CVar [[r.AmbientOcclusionMaxQuality:100]]
[2019.10.26-13.56.10:128][  0]LogConfig: Setting CVar [[r.AmbientOcclusionLevels:-1]]
[2019.10.26-13.56.10:128][  0]LogConfig: Setting CVar [[r.AmbientOcclusionRadiusScale:1.0]]
[2019.10.26-13.56.10:129][  0]LogConfig: Setting CVar [[r.DepthOfFieldQuality:2]]
[2019.10.26-13.56.10:129][  0]LogConfig: Setting CVar [[r.RenderTargetPoolMin:400]]
[2019.10.26-13.56.10:129][  0]LogConfig: Setting CVar [[r.LensFlareQuality:2]]
[2019.10.26-13.56.10:129][  0]LogConfig: Setting CVar [[r.SceneColorFringeQuality:1]]
[2019.10.26-13.56.10:129][  0]LogConfig: Setting CVar [[r.EyeAdaptationQuality:2]]
[2019.10.26-13.56.10:129][  0]LogConfig: Setting CVar [[r.BloomQuality:5]]
[2019.10.26-13.56.10:129][  0]LogConfig: Setting CVar [[r.FastBlurThreshold:100]]
[2019.10.26-13.56.10:129][  0]LogConfig: Setting CVar [[r.Upscale.Quality:3]]
[2019.10.26-13.56.10:129][  0]LogConfig: Setting CVar [[r.Tonemapper.GrainQuantization:1]]
[2019.10.26-13.56.10:129][  0]LogConfig: Setting CVar [[r.LightShaftQuality:1]]
[2019.10.26-13.56.10:129][  0]LogConfig: Setting CVar [[r.Filter.SizeScale:1]]
[2019.10.26-13.56.10:129][  0]LogConfig: Setting CVar [[r.Tonemapper.Quality:5]]
[2019.10.26-13.56.10:129][  0]LogConfig: Setting CVar [[r.DOF.Gather.AccumulatorQuality:1        ; higher gathering accumulator quality]]
[2019.10.26-13.56.10:129][  0]LogConfig: Setting CVar [[r.DOF.Gather.PostfilterMethod:1          ; Median3x3 postfilering method]]
[2019.10.26-13.56.10:129][  0]LogConfig: Setting CVar [[r.DOF.Gather.EnableBokehSettings:0       ; no bokeh simulation when gathering]]
[2019.10.26-13.56.10:129][  0]LogConfig: Setting CVar [[r.DOF.Gather.RingCount:4                 ; medium number of samples when gathering]]
[2019.10.26-13.56.10:129][  0]LogConfig: Setting CVar [[r.DOF.Scatter.ForegroundCompositing:1    ; additive foreground scattering]]
[2019.10.26-13.56.10:129][  0]LogConfig: Setting CVar [[r.DOF.Scatter.BackgroundCompositing:2    ; additive background scattering]]
[2019.10.26-13.56.10:129][  0]LogConfig: Setting CVar [[r.DOF.Scatter.EnableBokehSettings:1      ; bokeh simulation when scattering]]
[2019.10.26-13.56.10:129][  0]LogConfig: Setting CVar [[r.DOF.Scatter.MaxSpriteRatio:0.1         ; only a maximum of 10% of scattered bokeh]]
[2019.10.26-13.56.10:129][  0]LogConfig: Setting CVar [[r.DOF.Recombine.Quality:1                ; cheap slight out of focus]]
[2019.10.26-13.56.10:129][  0]LogConfig: Setting CVar [[r.DOF.Recombine.EnableBokehSettings:0    ; no bokeh simulation on slight out of focus]]
[2019.10.26-13.56.10:129][  0]LogConfig: Setting CVar [[r.DOF.TemporalAAQuality:1                ; more stable temporal accumulation]]
[2019.10.26-13.56.10:129][  0]LogConfig: Setting CVar [[r.DOF.Kernel.MaxForegroundRadius:0.025]]
[2019.10.26-13.56.10:129][  0]LogConfig: Setting CVar [[r.DOF.Kernel.MaxBackgroundRadius:0.025]]
[2019.10.26-13.56.10:129][  0]LogConfig: Applying CVar settings from Section [TextureQuality@3] File [C:/Users/maxim/OneDrive/Documents/Unreal Projects/TheRageRace/Saved/Config/Windows/Scalability.ini]
[2019.10.26-13.56.10:129][  0]LogConfig: Setting CVar [[r.Streaming.MipBias:0]]
[2019.10.26-13.56.10:129][  0]LogConfig: Setting CVar [[r.Streaming.AmortizeCPUToGPUCopy:0]]
[2019.10.26-13.56.10:129][  0]LogConfig: Setting CVar [[r.Streaming.MaxNumTexturesToStreamPerFrame:0]]
[2019.10.26-13.56.10:129][  0]LogConfig: Setting CVar [[r.Streaming.Boost:1]]
[2019.10.26-13.56.10:129][  0]LogConfig: Setting CVar [[r.MaxAnisotropy:8]]
[2019.10.26-13.56.10:129][  0]LogConfig: Setting CVar [[r.Streaming.LimitPoolSizeToVRAM:0]]
[2019.10.26-13.56.10:129][  0]LogConfig: Setting CVar [[r.Streaming.PoolSize:1000]]
[2019.10.26-13.56.10:129][  0]LogConfig: Setting CVar [[r.Streaming.MaxEffectiveScreenSize:0]]
[2019.10.26-13.56.10:129][  0]LogConfig: Applying CVar settings from Section [EffectsQuality@3] File [C:/Users/maxim/OneDrive/Documents/Unreal Projects/TheRageRace/Saved/Config/Windows/Scalability.ini]
[2019.10.26-13.56.10:129][  0]LogConfig: Setting CVar [[r.TranslucencyLightingVolumeDim:64]]
[2019.10.26-13.56.10:130][  0]LogConfig: Setting CVar [[r.RefractionQuality:2]]
[2019.10.26-13.56.10:130][  0]LogConfig: Setting CVar [[r.SSR.Quality:3]]
[2019.10.26-13.56.10:130][  0]LogConfig: Setting CVar [[r.SceneColorFormat:4]]
[2019.10.26-13.56.10:130][  0]LogConfig: Setting CVar [[r.DetailMode:2]]
[2019.10.26-13.56.10:130][  0]LogConfig: Setting CVar [[r.TranslucencyVolumeBlur:1]]
[2019.10.26-13.56.10:130][  0]LogConfig: Setting CVar [[r.MaterialQualityLevel:1 ; High quality]]
[2019.10.26-13.56.10:130][  0]LogConfig: Setting CVar [[r.SSS.Scale:1]]
[2019.10.26-13.56.10:130][  0]LogConfig: Setting CVar [[r.SSS.SampleSet:2]]
[2019.10.26-13.56.10:130][  0]LogConfig: Setting CVar [[r.SSS.Quality:1]]
[2019.10.26-13.56.10:130][  0]LogConfig: Setting CVar [[r.SSS.HalfRes:1]]
[2019.10.26-13.56.10:130][  0]LogConfig: Setting CVar [[r.EmitterSpawnRateScale:1.0]]
[2019.10.26-13.56.10:130][  0]LogConfig: Setting CVar [[r.ParticleLightQuality:2]]
[2019.10.26-13.56.10:130][  0]LogConfig: Applying CVar settings from Section [FoliageQuality@3] File [C:/Users/maxim/OneDrive/Documents/Unreal Projects/TheRageRace/Saved/Config/Windows/Scalability.ini]
[2019.10.26-13.56.10:130][  0]LogConfig: Setting CVar [[foliage.DensityScale:1.0]]
[2019.10.26-13.56.10:130][  0]LogConfig: Setting CVar [[grass.DensityScale:1.0]]
[2019.10.26-13.56.10:130][  0]LogInit: Selected Device Profile: [Windows]
[2019.10.26-13.56.10:130][  0]LogInit: Applying CVar settings loaded from the selected device profile: [Windows]
[2019.10.26-13.56.10:139][  0]LogHAL: Display: Platform has ~ 8 GB [8467181568 / 8589934592 / 8], which maps to Default [LargestMinGB=32, LargerMinGB=12, DefaultMinGB=8, SmallerMinGB=6, SmallestMinGB=0)
[2019.10.26-13.56.10:139][  0]LogConfig: Setting CVar [[r.Vulkan.UseRealUBs:0		; Required until we fix HLR fall-out]]
[2019.10.26-13.56.10:139][  0]LogInit: Going up to parent DeviceProfile []
[2019.10.26-13.56.10:139][  0]LogConfig: Applying CVar settings from Section [ViewDistanceQuality@3] File [C:/Users/maxim/OneDrive/Documents/Unreal Projects/TheRageRace/Saved/Config/Windows/Scalability.ini]
[2019.10.26-13.56.10:139][  0]LogConfig: Setting CVar [[r.SkeletalMeshLODBias:0]]
[2019.10.26-13.56.10:139][  0]LogConfig: Setting CVar [[r.ViewDistanceScale:1.0]]
[2019.10.26-13.56.10:139][  0]LogConfig: Applying CVar settings from Section [AntiAliasingQuality@3] File [C:/Users/maxim/OneDrive/Documents/Unreal Projects/TheRageRace/Saved/Config/Windows/Scalability.ini]
[2019.10.26-13.56.10:139][  0]LogConfig: Setting CVar [[r.PostProcessAAQuality:4]]
[2019.10.26-13.56.10:139][  0]LogConfig: Applying CVar settings from Section [ShadowQuality@3] File [C:/Users/maxim/OneDrive/Documents/Unreal Projects/TheRageRace/Saved/Config/Windows/Scalability.ini]
[2019.10.26-13.56.10:139][  0]LogConfig: Setting CVar [[r.LightFunctionQuality:1]]
[2019.10.26-13.56.10:139][  0]LogConfig: Setting CVar [[r.ShadowQuality:5]]
[2019.10.26-13.56.10:139][  0]LogConfig: Setting CVar [[r.Shadow.CSM.MaxCascades:10]]
[2019.10.26-13.56.10:139][  0]LogConfig: Setting CVar [[r.Shadow.MaxResolution:2048]]
[2019.10.26-13.56.10:139][  0]LogConfig: Setting CVar [[r.Shadow.MaxCSMResolution:2048]]
[2019.10.26-13.56.10:139][  0]LogConfig: Setting CVar [[r.Shadow.RadiusThreshold:0.01]]
[2019.10.26-13.56.10:139][  0]LogConfig: Setting CVar [[r.Shadow.DistanceScale:1.0]]
[2019.10.26-13.56.10:139][  0]LogConfig: Setting CVar [[r.Shadow.CSM.TransitionScale:1.0]]
[2019.10.26-13.56.10:139][  0]LogConfig: Setting CVar [[r.Shadow.PreShadowResolutionFactor:1.0]]
[2019.10.26-13.56.10:139][  0]LogConfig: Setting CVar [[r.DistanceFieldShadowing:1]]
[2019.10.26-13.56.10:139][  0]LogConfig: Setting CVar [[r.DistanceFieldAO:1]]
[2019.10.26-13.56.10:140][  0]LogConfig: Setting CVar [[r.AOQuality:2]]
[2019.10.26-13.56.10:140][  0]LogConfig: Setting CVar [[r.VolumetricFog:1]]
[2019.10.26-13.56.10:140][  0]LogConfig: Setting CVar [[r.VolumetricFog.GridPixelSize:8]]
[2019.10.26-13.56.10:140][  0]LogConfig: Setting CVar [[r.VolumetricFog.GridSizeZ:128]]
[2019.10.26-13.56.10:140][  0]LogConfig: Setting CVar [[r.VolumetricFog.HistoryMissSupersampleCount:4]]
[2019.10.26-13.56.10:140][  0]LogConfig: Setting CVar [[r.LightMaxDrawDistanceScale:1]]
[2019.10.26-13.56.10:140][  0]LogConfig: Setting CVar [[r.CapsuleShadows:1]]
[2019.10.26-13.56.10:140][  0]LogConfig: Applying CVar settings from Section [PostProcessQuality@3] File [C:/Users/maxim/OneDrive/Documents/Unreal Projects/TheRageRace/Saved/Config/Windows/Scalability.ini]
[2019.10.26-13.56.10:140][  0]LogConfig: Setting CVar [[r.MotionBlurQuality:4]]
[2019.10.26-13.56.10:140][  0]LogConfig: Setting CVar [[r.AmbientOcclusionMipLevelFactor:0.4]]
[2019.10.26-13.56.10:140][  0]LogConfig: Setting CVar [[r.AmbientOcclusionMaxQuality:100]]
[2019.10.26-13.56.10:140][  0]LogConfig: Setting CVar [[r.AmbientOcclusionLevels:-1]]
[2019.10.26-13.56.10:140][  0]LogConfig: Setting CVar [[r.AmbientOcclusionRadiusScale:1.0]]
[2019.10.26-13.56.10:140][  0]LogConfig: Setting CVar [[r.DepthOfFieldQuality:2]]
[2019.10.26-13.56.10:140][  0]LogConfig: Setting CVar [[r.RenderTargetPoolMin:400]]
[2019.10.26-13.56.10:140][  0]LogConfig: Setting CVar [[r.LensFlareQuality:2]]
[2019.10.26-13.56.10:140][  0]LogConfig: Setting CVar [[r.SceneColorFringeQuality:1]]
[2019.10.26-13.56.10:140][  0]LogConfig: Setting CVar [[r.EyeAdaptationQuality:2]]
[2019.10.26-13.56.10:140][  0]LogConfig: Setting CVar [[r.BloomQuality:5]]
[2019.10.26-13.56.10:140][  0]LogConfig: Setting CVar [[r.FastBlurThreshold:100]]
[2019.10.26-13.56.10:140][  0]LogConfig: Setting CVar [[r.Upscale.Quality:3]]
[2019.10.26-13.56.10:140][  0]LogConfig: Setting CVar [[r.Tonemapper.GrainQuantization:1]]
[2019.10.26-13.56.10:140][  0]LogConfig: Setting CVar [[r.LightShaftQuality:1]]
[2019.10.26-13.56.10:140][  0]LogConfig: Setting CVar [[r.Filter.SizeScale:1]]
[2019.10.26-13.56.10:140][  0]LogConfig: Setting CVar [[r.Tonemapper.Quality:5]]
[2019.10.26-13.56.10:140][  0]LogConfig: Setting CVar [[r.DOF.Gather.AccumulatorQuality:1        ; higher gathering accumulator quality]]
[2019.10.26-13.56.10:140][  0]LogConfig: Setting CVar [[r.DOF.Gather.PostfilterMethod:1          ; Median3x3 postfilering method]]
[2019.10.26-13.56.10:140][  0]LogConfig: Setting CVar [[r.DOF.Gather.EnableBokehSettings:0       ; no bokeh simulation when gathering]]
[2019.10.26-13.56.10:140][  0]LogConfig: Setting CVar [[r.DOF.Gather.RingCount:4                 ; medium number of samples when gathering]]
[2019.10.26-13.56.10:140][  0]LogConfig: Setting CVar [[r.DOF.Scatter.ForegroundCompositing:1    ; additive foreground scattering]]
[2019.10.26-13.56.10:140][  0]LogConfig: Setting CVar [[r.DOF.Scatter.BackgroundCompositing:2    ; additive background scattering]]
[2019.10.26-13.56.10:140][  0]LogConfig: Setting CVar [[r.DOF.Scatter.EnableBokehSettings:1      ; bokeh simulation when scattering]]
[2019.10.26-13.56.10:140][  0]LogConfig: Setting CVar [[r.DOF.Scatter.MaxSpriteRatio:0.1         ; only a maximum of 10% of scattered bokeh]]
[2019.10.26-13.56.10:140][  0]LogConfig: Setting CVar [[r.DOF.Recombine.Quality:1                ; cheap slight out of focus]]
[2019.10.26-13.56.10:140][  0]LogConfig: Setting CVar [[r.DOF.Recombine.EnableBokehSettings:0    ; no bokeh simulation on slight out of focus]]
[2019.10.26-13.56.10:140][  0]LogConfig: Setting CVar [[r.DOF.TemporalAAQuality:1                ; more stable temporal accumulation]]
[2019.10.26-13.56.10:140][  0]LogConfig: Setting CVar [[r.DOF.Kernel.MaxForegroundRadius:0.025]]
[2019.10.26-13.56.10:140][  0]LogConfig: Setting CVar [[r.DOF.Kernel.MaxBackgroundRadius:0.025]]
[2019.10.26-13.56.10:140][  0]LogConfig: Applying CVar settings from Section [TextureQuality@3] File [C:/Users/maxim/OneDrive/Documents/Unreal Projects/TheRageRace/Saved/Config/Windows/Scalability.ini]
[2019.10.26-13.56.10:140][  0]LogConfig: Setting CVar [[r.Streaming.MipBias:0]]
[2019.10.26-13.56.10:140][  0]LogConfig: Setting CVar [[r.Streaming.AmortizeCPUToGPUCopy:0]]
[2019.10.26-13.56.10:140][  0]LogConfig: Setting CVar [[r.Streaming.MaxNumTexturesToStreamPerFrame:0]]
[2019.10.26-13.56.10:140][  0]LogConfig: Setting CVar [[r.Streaming.Boost:1]]
[2019.10.26-13.56.10:140][  0]LogConfig: Setting CVar [[r.MaxAnisotropy:8]]
[2019.10.26-13.56.10:140][  0]LogConfig: Setting CVar [[r.Streaming.LimitPoolSizeToVRAM:0]]
[2019.10.26-13.56.10:140][  0]LogConfig: Setting CVar [[r.Streaming.PoolSize:1000]]
[2019.10.26-13.56.10:141][  0]LogConfig: Setting CVar [[r.Streaming.MaxEffectiveScreenSize:0]]
[2019.10.26-13.56.10:141][  0]LogConfig: Applying CVar settings from Section [EffectsQuality@3] File [C:/Users/maxim/OneDrive/Documents/Unreal Projects/TheRageRace/Saved/Config/Windows/Scalability.ini]
[2019.10.26-13.56.10:141][  0]LogConfig: Setting CVar [[r.TranslucencyLightingVolumeDim:64]]
[2019.10.26-13.56.10:141][  0]LogConfig: Setting CVar [[r.RefractionQuality:2]]
[2019.10.26-13.56.10:141][  0]LogConfig: Setting CVar [[r.SSR.Quality:3]]
[2019.10.26-13.56.10:141][  0]LogConfig: Setting CVar [[r.SceneColorFormat:4]]
[2019.10.26-13.56.10:141][  0]LogConfig: Setting CVar [[r.DetailMode:2]]
[2019.10.26-13.56.10:141][  0]LogConfig: Setting CVar [[r.TranslucencyVolumeBlur:1]]
[2019.10.26-13.56.10:141][  0]LogConfig: Setting CVar [[r.MaterialQualityLevel:1 ; High quality]]
[2019.10.26-13.56.10:141][  0]LogConfig: Setting CVar [[r.SSS.Scale:1]]
[2019.10.26-13.56.10:141][  0]LogConfig: Setting CVar [[r.SSS.SampleSet:2]]
[2019.10.26-13.56.10:141][  0]LogConfig: Setting CVar [[r.SSS.Quality:1]]
[2019.10.26-13.56.10:141][  0]LogConfig: Setting CVar [[r.SSS.HalfRes:1]]
[2019.10.26-13.56.10:141][  0]LogConfig: Setting CVar [[r.EmitterSpawnRateScale:1.0]]
[2019.10.26-13.56.10:141][  0]LogConfig: Setting CVar [[r.ParticleLightQuality:2]]
[2019.10.26-13.56.10:141][  0]LogConfig: Applying CVar settings from Section [FoliageQuality@3] File [C:/Users/maxim/OneDrive/Documents/Unreal Projects/TheRageRace/Saved/Config/Windows/Scalability.ini]
[2019.10.26-13.56.10:141][  0]LogConfig: Setting CVar [[foliage.DensityScale:1.0]]
[2019.10.26-13.56.10:141][  0]LogConfig: Setting CVar [[grass.DensityScale:1.0]]
[2019.10.26-13.56.10:141][  0]LogConfig: Applying CVar settings from Section [Startup] File [../../../Engine/Config/ConsoleVariables.ini]
[2019.10.26-13.56.10:141][  0]LogConfig: Setting CVar [[net.UseAdaptiveNetUpdateFrequency:0]]
[2019.10.26-13.56.10:141][  0]LogConfig: Setting CVar [[p.chaos.AllowCreatePhysxBodies:1]]
[2019.10.26-13.56.10:141][  0]LogConfig: Applying CVar settings from Section [ConsoleVariables] File [C:/Users/maxim/OneDrive/Documents/Unreal Projects/TheRageRace/Saved/Config/Windows/Engine.ini]
[2019.10.26-13.56.10:141][  0]LogInit: Computer: MAXIMILIAM
[2019.10.26-13.56.10:141][  0]LogInit: User: maxim
[2019.10.26-13.56.10:141][  0]LogInit: CPU Page size=4096, Cores=4
[2019.10.26-13.56.10:142][  0]LogInit: High frequency timer resolution =10.000000 MHz
[2019.10.26-13.56.10:142][  0]LogMemory: Memory total: Physical=7.9GB (8GB approx)
[2019.10.26-13.56.10:142][  0]LogMemory: Platform Memory Stats for Windows
[2019.10.26-13.56.10:142][  0]LogMemory: Process Physical Memory: 128.58 MB used, 128.58 MB peak
[2019.10.26-13.56.10:142][  0]LogMemory: Process Virtual Memory: 99.47 MB used, 99.47 MB peak
[2019.10.26-13.56.10:142][  0]LogMemory: Physical Memory: 5454.42 MB used,  2620.51 MB free, 8074.93 MB total
[2019.10.26-13.56.10:142][  0]LogMemory: Virtual Memory: 4767.99 MB used,  134212960.00 MB free, 134217728.00 MB total
[2019.10.26-13.56.10:208][  0]LogInit: Using OS detected language (es-ES).
[2019.10.26-13.56.10:208][  0]LogInit: Using OS detected locale (es-CO).
[2019.10.26-13.56.10:208][  0]LogTextLocalizationManager: No specific localization for 'es-ES' exists, so the 'es' localization will be used.
[2019.10.26-13.56.12:736][  0]LogSlate: New Slate User Created.  User Index 0, Is Virtual User: 0
[2019.10.26-13.56.12:736][  0]LogSlate: Slate User Registered.  User Index 0, Is Virtual User: 0
[2019.10.26-13.56.12:858][  0]LogHMD: Failed to initialize OpenVR with code 110
[2019.10.26-13.56.12:858][  0]LogD3D11RHI: D3D11 adapters:
[2019.10.26-13.56.12:978][  0]LogD3D11RHI:    0. 'NVIDIA GeForce GTX 850M' (Feature Level 11_0)
[2019.10.26-13.56.12:978][  0]LogD3D11RHI:       4055/0/4037 MB DedicatedVideo/DedicatedSystem/SharedSystem, Outputs:2, VendorId:0x10de
[2019.10.26-13.56.12:989][  0]LogD3D11RHI:    1. 'Intel(R) HD Graphics 4600' (Feature Level 11_0)
[2019.10.26-13.56.12:989][  0]LogD3D11RHI:       112/0/2048 MB DedicatedVideo/DedicatedSystem/SharedSystem, Outputs:0, VendorId:0x8086
[2019.10.26-13.56.12:997][  0]LogD3D11RHI:    2. 'Microsoft Basic Render Driver' (Feature Level 11_0)
[2019.10.26-13.56.12:997][  0]LogD3D11RHI:       0/0/4037 MB DedicatedVideo/DedicatedSystem/SharedSystem, Outputs:0, VendorId:0x1414
[2019.10.26-13.56.12:997][  0]LogD3D11RHI: Chosen D3D11 Adapter: 0
[2019.10.26-13.56.13:028][  0]LogD3D11RHI: Creating new Direct3DDevice
[2019.10.26-13.56.13:029][  0]LogD3D11RHI:     GPU DeviceId: 0x1391 (for the marketing name, search the web for "GPU Device Id")
[2019.10.26-13.56.13:029][  0]LogWindows: EnumDisplayDevices:
[2019.10.26-13.56.13:029][  0]LogWindows:    0. 'Intel(R) HD Graphics 4600' (P:1 D:1)
[2019.10.26-13.56.13:029][  0]LogWindows:    1. 'Intel(R) HD Graphics 4600' (P:0 D:1)
[2019.10.26-13.56.13:029][  0]LogWindows:    2. 'Intel(R) HD Graphics 4600' (P:0 D:0)
[2019.10.26-13.56.13:030][  0]LogWindows: DebugString: PrimaryIsNotTheChoosenAdapter PrimaryIsNotTheChoosenAdapter PrimaryIsNotTheChoosenAdapter FoundDriverCount:0 
[2019.10.26-13.56.13:030][  0]LogD3D11RHI:     Adapter Name: NVIDIA GeForce GTX 850M
[2019.10.26-13.56.13:030][  0]LogD3D11RHI:   Driver Version: Unknown (internal:Unknown, unified:Unknown)
[2019.10.26-13.56.13:030][  0]LogD3D11RHI:      Driver Date: Unknown
[2019.10.26-13.56.13:030][  0]LogRHI: Texture pool is 2839 MB (70% of 4055 MB)
[2019.10.26-13.56.13:105][  0]LogD3D11RHI: Async texture creation enabled
[2019.10.26-13.56.13:112][  0]LogRendererCore: FGlobalReadBuffer::InitRHI
[2019.10.26-13.56.13:112][  0]LogRendererCore: FGlobalReadBuffer::InitRHI
[2019.10.26-13.56.13:112][  0]LogRendererCore: FGlobalReadBuffer::InitRHI
[2019.10.26-13.56.13:121][  0]LogD3D11RHI: GPU Timing Frequency: 1000.000000 (Debug: 2 1)
[2019.10.26-13.56.14:166][  0]LogTemp: Display: Module 'WindowsClientTargetPlatform' loaded TargetPlatform 'WindowsClient'
[2019.10.26-13.56.14:189][  0]LogTemp: Display: Module 'WindowsNoEditorTargetPlatform' loaded TargetPlatform 'WindowsNoEditor'
[2019.10.26-13.56.14:213][  0]LogTemp: Display: Module 'WindowsServerTargetPlatform' loaded TargetPlatform 'WindowsServer'
[2019.10.26-13.56.14:222][  0]LogTemp: Display: Module 'WindowsTargetPlatform' loaded TargetPlatform 'Windows'
[2019.10.26-13.56.14:222][  0]LogTargetPlatformManager: Display: Building Assets For Windows
[2019.10.26-13.56.14:235][  0]LogAudioDebug: Display: Lib vorbis DLL was dynamically loaded.
[2019.10.26-13.56.14:326][  0]LogShaderCompilers: Guid format shader working directory is -30 characters bigger than the processId version (../../../../../../Users/maxim/OneDrive/Documents/Unreal Projects/TheRageRace/Intermediate/Shaders/WorkingDirectory/9748/).
[2019.10.26-13.56.14:327][  0]LogShaderCompilers: Cleaned the shader compiler working directory 'C:/Users/maxim/AppData/Local/Temp/UnrealShaderWorkingDir/67E854684A6486F47EA81BA40841C2FC/'.
[2019.10.26-13.56.14:330][  0]LogXGEController: Cannot use XGE Controller as Incredibuild is not installed on this machine.
[2019.10.26-13.56.14:330][  0]LogShaderCompilers: Cannot use XGE Shader Compiler as Incredibuild is not installed on this machine.
[2019.10.26-13.56.14:330][  0]LogShaderCompilers: Display: Using Local Shader Compiler.
[2019.10.26-13.56.15:086][  0]LogDerivedDataCache: Display: Max Cache Size: 512 MB
[2019.10.26-13.56.15:186][  0]LogDerivedDataCache: Loaded boot cache 0.10s 71MB C:/Users/maxim/AppData/Local/UnrealEngine/4.22/DerivedDataCache/Boot.ddc.
[2019.10.26-13.56.15:186][  0]LogDerivedDataCache: Display: Loaded Boot cache: C:/Users/maxim/AppData/Local/UnrealEngine/4.22/DerivedDataCache/Boot.ddc
[2019.10.26-13.56.15:186][  0]LogDerivedDataCache: FDerivedDataBackendGraph:  Pak pak cache file ../../../../../../Users/maxim/OneDrive/Documents/Unreal Projects/TheRageRace/DerivedDataCache/DDC.ddp not found, will not use a pak cache.
[2019.10.26-13.56.15:186][  0]LogDerivedDataCache: Unable to find inner node Pak for hierarchical cache Hierarchy.
[2019.10.26-13.56.15:186][  0]LogDerivedDataCache: FDerivedDataBackendGraph:  CompressedPak pak cache file ../../../../../../Users/maxim/OneDrive/Documents/Unreal Projects/TheRageRace/DerivedDataCache/Compressed.ddp not found, will not use a pak cache.
[2019.10.26-13.56.15:186][  0]LogDerivedDataCache: Unable to find inner node CompressedPak for hierarchical cache Hierarchy.
[2019.10.26-13.56.15:202][  0]LogDerivedDataCache: Display: Pak cache opened for reading ../../../Engine/DerivedDataCache/Compressed.ddp.
[2019.10.26-13.56.15:202][  0]LogDerivedDataCache: FDerivedDataBackendGraph:  EnterprisePak pak cache file ../../../Enterprise/DerivedDataCache/Compressed.ddp not found, will not use a pak cache.
[2019.10.26-13.56.15:202][  0]LogDerivedDataCache: Unable to find inner node EnterprisePak for hierarchical cache Hierarchy.
[2019.10.26-13.56.15:215][  0]LogDerivedDataCache: Using Local data cache path C:/Users/maxim/AppData/Local/UnrealEngine/Common/DerivedDataCache: Writable
[2019.10.26-13.56.15:215][  0]LogDerivedDataCache: Shared data cache path not found in *engine.ini, will not use an Shared cache.
[2019.10.26-13.56.15:215][  0]LogDerivedDataCache: Unable to find inner node Shared for hierarchical cache Hierarchy.
[2019.10.26-13.56.15:249][  0]LogMaterial: Verifying Global Shaders for PCD3D_SM5
[2019.10.26-13.56.15:316][  0]LogSlate: Using FreeType 2.6.0
[2019.10.26-13.56.15:316][  0]LogSlate: SlateFontServices - WITH_FREETYPE: 1, WITH_HARFBUZZ: 1
[2019.10.26-13.56.15:899][  0]LogInit: Using OS detected language (es-ES).
[2019.10.26-13.56.15:899][  0]LogInit: Using OS detected locale (es-CO).
[2019.10.26-13.56.15:899][  0]LogTextLocalizationManager: No localization for 'es-ES' exists, so 'en' will be used for the language.
[2019.10.26-13.56.15:899][  0]LogTextLocalizationManager: No localization for 'es-CO' exists, so 'en' will be used for the locale.
[2019.10.26-13.56.15:899][  0]LogSlate: FontCache flush requested. Reason: Culture for localization was changed
[2019.10.26-13.56.15:899][  0]LogSlate: FontCache flush requested. Reason: Culture for localization was changed
[2019.10.26-13.56.15:909][  0]LogTextLocalizationManager: Compacting localization data took   0.01ms
[2019.10.26-13.56.15:918][  0]LogAssetRegistry: FAssetRegistry took 0.0045 seconds to start up
[2019.10.26-13.56.16:184][  0]LogPackageLocalizationCache: Processed 10 localized package path(s) for 1 prioritized culture(s) in 0.000691 seconds
[2019.10.26-13.56.16:372][  0]LogInit: Selected Device Profile: [Windows]
[2019.10.26-13.56.16:442][  0]LogMeshReduction: Using QuadricMeshReduction for automatic static mesh reduction
[2019.10.26-13.56.16:442][  0]LogMeshReduction: Using SimplygonMeshReduction for automatic skeletal mesh reduction
[2019.10.26-13.56.16:442][  0]LogMeshReduction: Using ProxyLODMeshReduction for automatic mesh merging
[2019.10.26-13.56.16:442][  0]LogMeshReduction: No distributed automatic mesh merging module available
[2019.10.26-13.56.16:442][  0]LogMeshMerging: No distributed automatic mesh merging module available
[2019.10.26-13.56.16:551][  0]LogNetVersion: TheRageRace 1.0.0, NetCL: 5660361, EngineNetVer: 10, GameNetVer: 0 (Checksum: 3510824104)
[2019.10.26-13.56.17:222][  0]LogMoviePlayer: Initializing movie player
[2019.10.26-13.56.17:408][  0]LogTcpMessaging: Initializing TcpMessaging bridge
[2019.10.26-13.56.17:424][  0]LogUdpMessaging: Initializing bridge on interface 0.0.0.0:0 to multicast group 230.0.0.1:6666.
[2019.10.26-13.56.17:567][  0]SourceControl: El control de código fuente está desactivado
[2019.10.26-13.56.17:567][  0]SourceControl: El control de código fuente está desactivado
[2019.10.26-13.56.17:568][  0]SourceControl: El control de código fuente está desactivado
[2019.10.26-13.56.17:591][  0]LogVSAccessor: Display: Unable to create Visual Studio setup instance: 80040154
[2019.10.26-13.56.17:592][  0]LogVSAccessor: Display: Unable to create Visual Studio setup instance: 80040154
[2019.10.26-13.56.17:676][  0]LogAndroidPermission: UAndroidPermissionCallbackProxy::GetInstance
[2019.10.26-13.56.17:810][  0]LogOcInput: OculusInput pre-init called
[2019.10.26-13.56.17:848][  0]LogUObjectArray: 47126 objects as part of root set at end of initial load.
[2019.10.26-13.56.17:848][  0]LogUObjectAllocator: 8283160 out of 0 bytes used by permanent object pool.
[2019.10.26-13.56.17:848][  0]LogUObjectArray: CloseDisregardForGC: 0/0 objects in disregard for GC pool
[2019.10.26-13.56.18:049][  0]LogEngine: Initializing Engine...
[2019.10.26-13.56.18:050][  0]LogHMD: Failed to initialize OpenVR with code 110
[2019.10.26-13.56.18:063][  0]LogStats: UGameplayTagsManager::InitializeManager -  0.000 s
[2019.10.26-13.56.18:312][  0]LogInit: Initializing FReadOnlyCVARCache
[2019.10.26-13.56.18:347][  0]LogInit: XAudio2 using 'Altavoces (Realtek High Definition Audio)' : 2 channels at 48 kHz using 32 bits per sample (channel mask 0x3)
[2019.10.26-13.56.18:374][  0]LogInit: FAudioDevice initialized.
[2019.10.26-13.56.18:386][  0]LogNetVersion: Set ProjectVersion to 1.0.0.0. Version Checksum will be recalculated on next use.
[2019.10.26-13.56.18:395][  0]LogInit: Texture streaming: Enabled
[2019.10.26-13.56.19:420][  0]LogSlate: Updating window title bar state: overlay mode, drag disabled, window buttons hidden, title bar hidden
[2019.10.26-13.56.19:420][  0]LogInit: Display: Game Engine Initialized.
[2019.10.26-13.56.19:511][  0]LogInit: Display: Starting Game.
[2019.10.26-13.56.19:528][  0]LogNet: Browse: /Game/Maps/Menu?Name=Player
[2019.10.26-13.56.19:558][  0]LogLoad: LoadMap: /Game/Maps/Menu?Name=Player
[2019.10.26-13.56.19:690][  0]LogUObjectHash: Compacting FUObjectHashTables data took   2.57ms
[2019.10.26-13.56.20:006][  0]LogAIModule: Creating AISystem for world Menu
[2019.10.26-13.56.23:993][  0]LogLoad: Game class is 'ThirdPersonGameMode_C'
[2019.10.26-13.56.24:023][  0]LogWorld: Bringing World /Game/Maps/Menu.Menu up for play (max tick rate 0) at 2019.10.26-08.56.24
[2019.10.26-13.56.24:023][  0]LogWorld: Bringing up level for play took: 0.000675
[2019.10.26-13.56.24:095][  0]LogGameMode: FindPlayerStart: PATHS NOT DEFINED or NO PLAYERSTART with positive rating
[2019.10.26-13.56.26:347][  0]LogLoad: Took 6.789378 seconds to LoadMap(/Game/Maps/Menu)
[2019.10.26-13.56.26:419][  0]LogRenderer: Reallocating scene render targets to support 1280x720 Format 10 NumSamples 1 (Frame:1).
[2019.10.26-13.56.26:419][  0]LogLoad: (Engine Initialization) Total time: 29.07 seconds
[2019.10.26-13.56.26:419][  0]LogLoad: (Engine Initialization) Total Blueprint compile time: 0.00 seconds
[2019.10.26-13.56.26:884][  0]LogContentStreaming: Texture pool size now 1000 MB
[2019.10.26-13.56.28:520][ 45]LogSlate: FSceneViewport::OnFocusLost() reason 0
[2019.10.26-13.56.30:398][161]LogSlate: Took 0.000299 seconds to synchronously load lazily loaded font '../../../Engine/Content/Slate/Fonts/Roboto-Regular.ttf' (155K)
[2019.10.26-13.56.33:555][314]LogOnlineSession: Warning: STEAM: Empty session setting NAME  : OnlineService of type String
[2019.10.26-13.56.33:560][314]LogOnlineSession: Warning: STEAM: Empty session setting PASSWORD  : OnlineService of type String
[2019.10.26-13.56.33:583][314]LogOnlineSession: Verbose: OSS: dumping NamedSession: 
[2019.10.26-13.56.33:583][314]LogOnlineSession: Verbose: OSS: 	SessionName: GameSession
[2019.10.26-13.56.33:583][314]LogOnlineSession: Verbose: OSS: 	HostingPlayerNum: 0
[2019.10.26-13.56.33:583][314]LogOnlineSession: Verbose: OSS: 	SessionState: Pending
[2019.10.26-13.56.33:583][314]LogOnlineSession: Verbose: OSS: 	RegisteredPlayers: 
[2019.10.26-13.56.33:583][314]LogOnlineSession: Verbose: OSS: 	    0 registered players
[2019.10.26-13.56.33:583][314]LogOnlineSession: Verbose: OSS: dumping Session: 
[2019.10.26-13.56.33:583][314]LogOnlineSession: Verbose: OSS: 	OwningPlayerName: Maxilord
[2019.10.26-13.56.33:584][314]LogOnlineSession: Verbose: OSS: 	OwningPlayerId: Maxilord [0x17A34DE4280]
[2019.10.26-13.56.33:584][314]LogOnlineSession: Verbose: OSS: 	NumOpenPrivateConnections: 0
[2019.10.26-13.56.33:584][314]LogOnlineSession: Verbose: OSS: 	NumOpenPublicConnections: 1
[2019.10.26-13.56.33:584][314]LogOnlineSession: Verbose: OSS: 	SessionInfo: HostIP: INVALID SteamP2P: 76561198047348027:7777 Type: Lobby session SessionId: Lobby[0x18600000BF44E3E]
[2019.10.26-13.56.33:584][314]LogOnlineSession: Verbose: OSS: dumping SessionSettings: 
[2019.10.26-13.56.33:584][314]LogOnlineSession: Verbose: OSS: 	NumPublicConnections: 2
[2019.10.26-13.56.33:584][314]LogOnlineSession: Verbose: OSS: 	NumPrivateConnections: 0
[2019.10.26-13.56.33:584][314]LogOnlineSession: Verbose: OSS: 	bIsLanMatch: false
[2019.10.26-13.56.33:584][314]LogOnlineSession: Verbose: OSS: 	bIsDedicated: false
[2019.10.26-13.56.33:584][314]LogOnlineSession: Verbose: OSS: 	bUsesStats: false
[2019.10.26-13.56.33:584][314]LogOnlineSession: Verbose: OSS: 	bShouldAdvertise: true
[2019.10.26-13.56.33:584][314]LogOnlineSession: Verbose: OSS: 	bAllowJoinInProgress: true
[2019.10.26-13.56.33:584][314]LogOnlineSession: Verbose: OSS: 	bAllowInvites: true
[2019.10.26-13.56.33:584][314]LogOnlineSession: Verbose: OSS: 	bUsesPresence: true
[2019.10.26-13.56.33:584][314]LogOnlineSession: Verbose: OSS: 	bAllowJoinViaPresence: true
[2019.10.26-13.56.33:584][314]LogOnlineSession: Verbose: OSS: 	bAllowJoinViaPresenceFriendsOnly: false
[2019.10.26-13.56.33:584][314]LogOnlineSession: Verbose: OSS: 	BuildUniqueId: 0x00565ec9
[2019.10.26-13.56.33:584][314]LogOnlineSession: Verbose: OSS: 	Settings:
[2019.10.26-13.56.33:584][314]LogOnlineSession: Verbose: OSS: 		NAME= : OnlineService
[2019.10.26-13.56.33:584][314]LogOnlineSession: Verbose: OSS: 		MAP=Cars : OnlineService
[2019.10.26-13.56.33:584][314]LogOnlineSession: Verbose: OSS: 		MODE=Mode1 : OnlineService
[2019.10.26-13.56.33:584][314]LogOnlineSession: Verbose: OSS: 		LAN=false : OnlineService
[2019.10.26-13.56.33:584][314]LogOnlineSession: Verbose: OSS: 		HASPASSWORD=false : OnlineService
[2019.10.26-13.56.33:584][314]LogOnlineSession: Verbose: OSS: 		PASSWORD= : OnlineService
[2019.10.26-13.56.33:812][314]LogPackageName: SearchForPackageOnDisk took   0.124s to resolve Lobby.umap.
[2019.10.26-13.56.33:943][314]LogPackageName: SearchForPackageOnDisk took   0.130s to resolve Lobby.umap.
[2019.10.26-13.56.33:943][314]LogNet: Browse: /Game/Maps/Lobby?listen
[2019.10.26-13.56.33:944][314]LogLoad: LoadMap: /Game/Maps/Lobby?listen
[2019.10.26-13.56.34:213][314]LogUObjectHash: Compacting FUObjectHashTables data took   2.62ms
[2019.10.26-13.56.35:507][314]LogAIModule: Creating AISystem for world Lobby
[2019.10.26-13.56.35:508][314]LogLoad: Game class is 'BP_GameMode_C'
[2019.10.26-13.56.35:668][314]LogTemp: Display: ParseSettings for GameNetDriver
[2019.10.26-13.56.35:687][314]LogTemp: Display: ParseSettings for SteamNetDriver_0
[2019.10.26-13.56.35:688][314]LogTemp: Display: ParseSettings for GameNetDriver
[2019.10.26-13.56.35:754][314]LogNet: ReplicationDriverClass is null! Not using ReplicationDriver.
[2019.10.26-13.56.35:754][314]PacketHandlerLog: DDoS detection status: detection enabled: 0 analytics enabled: 0
[2019.10.26-13.56.35:756][314]LogNet: Display: SteamNetDriver_0 bound to port 7777
[2019.10.26-13.56.35:835][314]PacketHandlerLog: Loaded PacketHandler component: Engine.EngineHandlerComponentFactory (StatelessConnectHandlerComponent)
[2019.10.26-13.56.35:877][314]LogNet: GameNetDriver SteamNetDriver_0 IpNetDriver listening on port 7777
[2019.10.26-13.56.35:882][314]LogWorld: Bringing World /Game/Maps/Lobby.Lobby up for play (max tick rate 0) at 2019.10.26-08.56.35
[2019.10.26-13.56.35:882][314]LogWorld: Bringing up level for play took: 0.003869
[2019.10.26-13.56.36:100][314]LogScript: Warning: Accessed None trying to read property LobbyBPW
	BP_PlayerController_C /Game/Maps/Lobby.Lobby:PersistentLevel.BP_PlayerController_C_0
	Function /Game/Blueprints/BP_PlayerController.BP_PlayerController_C:ExecuteUbergraph_BP_PlayerController:0DB0
[2019.10.26-13.56.36:100][314]LogScript: Warning: Script call stack:
	Function /Game/Blueprints/BP_GameMode.BP_GameMode_C:K2_PostLogin
	Function /Game/Blueprints/BP_GameMode.BP_GameMode_C:ExecuteUbergraph_BP_GameMode
	Function /Game/Blueprints/BP_PlayerController.BP_PlayerController_C:PlayerDataSetup
	Function /Game/Blueprints/BP_PlayerController.BP_PlayerController_C:ExecuteUbergraph_BP_PlayerController
	Function /Game/Blueprints/BP_PlayerController.BP_PlayerController_C:PlayerDataSetupOnServer
	Function /Game/Blueprints/BP_PlayerController.BP_PlayerController_C:ExecuteUbergraph_BP_PlayerController
	Function /Game/Blueprints/BP_GameMode.BP_GameMode_C:UpdateServer
	Function /Game/Blueprints/BP_GameMode.BP_GameMode_C:ExecuteUbergraph_BP_GameMode
	Function /Game/Blueprints/BP_PlayerController.BP_PlayerController_C:ClearPlayerList
	Function /Game/Blueprints/BP_PlayerController.BP_PlayerController_C:ExecuteUbergraph_BP_PlayerController

[2019.10.26-13.56.36:100][314]LogScript: Warning: Accessed None trying to read property LobbyBPW
	BP_PlayerController_C /Game/Maps/Lobby.Lobby:PersistentLevel.BP_PlayerController_C_0
	Function /Game/Blueprints/BP_PlayerController.BP_PlayerController_C:ExecuteUbergraph_BP_PlayerController:0D79
[2019.10.26-13.56.36:100][314]LogScript: Warning: Script call stack:
	Function /Game/Blueprints/BP_GameMode.BP_GameMode_C:K2_PostLogin
	Function /Game/Blueprints/BP_GameMode.BP_GameMode_C:ExecuteUbergraph_BP_GameMode
	Function /Game/Blueprints/BP_PlayerController.BP_PlayerController_C:PlayerDataSetup
	Function /Game/Blueprints/BP_PlayerController.BP_PlayerController_C:ExecuteUbergraph_BP_PlayerController
	Function /Game/Blueprints/BP_PlayerController.BP_PlayerController_C:PlayerDataSetupOnServer
	Function /Game/Blueprints/BP_PlayerController.BP_PlayerController_C:ExecuteUbergraph_BP_PlayerController
	Function /Game/Blueprints/BP_GameMode.BP_GameMode_C:UpdateServer
	Function /Game/Blueprints/BP_GameMode.BP_GameMode_C:ExecuteUbergraph_BP_GameMode
	Function /Game/Blueprints/BP_PlayerController.BP_PlayerController_C:AddPlayer
	Function /Game/Blueprints/BP_PlayerController.BP_PlayerController_C:ExecuteUbergraph_BP_PlayerController

[2019.10.26-13.56.36:100][314]LogScript: Warning: Accessed None trying to read property LobbyBPW
	BP_PlayerController_C /Game/Maps/Lobby.Lobby:PersistentLevel.BP_PlayerController_C_0
	Function /Game/Blueprints/BP_PlayerController.BP_PlayerController_C:ExecuteUbergraph_BP_PlayerController:0F1D
[2019.10.26-13.56.36:100][314]LogScript: Warning: Script call stack:
	Function /Game/Blueprints/BP_GameMode.BP_GameMode_C:K2_PostLogin
	Function /Game/Blueprints/BP_GameMode.BP_GameMode_C:ExecuteUbergraph_BP_GameMode
	Function /Game/Blueprints/BP_PlayerController.BP_PlayerController_C:PlayerDataSetup
	Function /Game/Blueprints/BP_PlayerController.BP_PlayerController_C:ExecuteUbergraph_BP_PlayerController
	Function /Game/Blueprints/BP_PlayerController.BP_PlayerController_C:PlayerDataSetupOnServer
	Function /Game/Blueprints/BP_PlayerController.BP_PlayerController_C:ExecuteUbergraph_BP_PlayerController
	Function /Game/Blueprints/BP_GameMode.BP_GameMode_C:UpdateServer
	Function /Game/Blueprints/BP_GameMode.BP_GameMode_C:ExecuteUbergraph_BP_GameMode
	Function /Game/Blueprints/BP_PlayerController.BP_PlayerController_C:UpdateNumberOfPlayers
	Function /Game/Blueprints/BP_PlayerController.BP_PlayerController_C:ExecuteUbergraph_BP_PlayerController

[2019.10.26-13.56.36:165][314]LogScript: Warning: Attempted to assign to None
	BP_PlayerController_C /Game/Maps/Lobby.Lobby:PersistentLevel.BP_PlayerController_C_0
	Function /Game/Blueprints/BP_PlayerController.BP_PlayerController_C:ExecuteUbergraph_BP_PlayerController:0F32
[2019.10.26-13.56.36:165][314]LogScript: Warning: Script call stack:
	Function /Game/Blueprints/BP_GameMode.BP_GameMode_C:K2_PostLogin
	Function /Game/Blueprints/BP_GameMode.BP_GameMode_C:ExecuteUbergraph_BP_GameMode
	Function /Game/Blueprints/BP_PlayerController.BP_PlayerController_C:PlayerDataSetup
	Function /Game/Blueprints/BP_PlayerController.BP_PlayerController_C:ExecuteUbergraph_BP_PlayerController
	Function /Game/Blueprints/BP_PlayerController.BP_PlayerController_C:PlayerDataSetupOnServer
	Function /Game/Blueprints/BP_PlayerController.BP_PlayerController_C:ExecuteUbergraph_BP_PlayerController
	Function /Game/Blueprints/BP_GameMode.BP_GameMode_C:UpdateServer
	Function /Game/Blueprints/BP_GameMode.BP_GameMode_C:ExecuteUbergraph_BP_GameMode
	Function /Game/Blueprints/BP_PlayerController.BP_PlayerController_C:UpdateNumberOfPlayers
	Function /Game/Blueprints/BP_PlayerController.BP_PlayerController_C:ExecuteUbergraph_BP_PlayerController

[2019.10.26-13.56.36:165][314]LogScript: Warning: Accessed None trying to read property LobbyBPW
	BP_PlayerController_C /Game/Maps/Lobby.Lobby:PersistentLevel.BP_PlayerController_C_0
	Function /Game/Blueprints/BP_PlayerController.BP_PlayerController_C:ExecuteUbergraph_BP_PlayerController:0FF2
[2019.10.26-13.56.36:165][314]LogScript: Warning: Script call stack:
	Function /Game/Blueprints/BP_GameMode.BP_GameMode_C:K2_PostLogin
	Function /Game/Blueprints/BP_GameMode.BP_GameMode_C:ExecuteUbergraph_BP_GameMode
	Function /Game/Blueprints/BP_PlayerController.BP_PlayerController_C:PlayerDataSetup
	Function /Game/Blueprints/BP_PlayerController.BP_PlayerController_C:ExecuteUbergraph_BP_PlayerController
	Function /Game/Blueprints/BP_PlayerController.BP_PlayerController_C:PlayerDataSetupOnServer
	Function /Game/Blueprints/BP_PlayerController.BP_PlayerController_C:ExecuteUbergraph_BP_PlayerController
	Function /Game/Blueprints/BP_PlayerController.BP_PlayerController_C:SetUpFinished
	Function /Game/Blueprints/BP_PlayerController.BP_PlayerController_C:ExecuteUbergraph_BP_PlayerController
	Function /Game/Blueprints/BP_GameMode.BP_GameMode_C:Continue
	Function /Game/Blueprints/BP_GameMode.BP_GameMode_C:ExecuteUbergraph_BP_GameMode
	Function /Game/Blueprints/BP_GameMode.BP_GameMode_C:SendServerMessage
	Function /Game/Blueprints/BP_GameMode.BP_GameMode_C:ExecuteUbergraph_BP_GameMode
	Function /Game/Blueprints/BP_PlayerController.BP_PlayerController_C:AddMessageFromServerToEachPlayer
	Function /Game/Blueprints/BP_PlayerController.BP_PlayerController_C:ExecuteUbergraph_BP_PlayerController
	Function /Game/Blueprints/BP_PlayerController.BP_PlayerController_C:AddMessageToChat
	Function /Game/Blueprints/BP_PlayerController.BP_PlayerController_C:ExecuteUbergraph_BP_PlayerController

[2019.10.26-13.56.36:165][314]LogScript: Warning: Accessed None
	BP_PlayerController_C /Game/Maps/Lobby.Lobby:PersistentLevel.BP_PlayerController_C_0
	Function /Game/Blueprints/BP_PlayerController.BP_PlayerController_C:ExecuteUbergraph_BP_PlayerController:1007
[2019.10.26-13.56.36:165][314]LogScript: Warning: Script call stack:
	Function /Game/Blueprints/BP_GameMode.BP_GameMode_C:K2_PostLogin
	Function /Game/Blueprints/BP_GameMode.BP_GameMode_C:ExecuteUbergraph_BP_GameMode
	Function /Game/Blueprints/BP_PlayerController.BP_PlayerController_C:PlayerDataSetup
	Function /Game/Blueprints/BP_PlayerController.BP_PlayerController_C:ExecuteUbergraph_BP_PlayerController
	Function /Game/Blueprints/BP_PlayerController.BP_PlayerController_C:PlayerDataSetupOnServer
	Function /Game/Blueprints/BP_PlayerController.BP_PlayerController_C:ExecuteUbergraph_BP_PlayerController
	Function /Game/Blueprints/BP_PlayerController.BP_PlayerController_C:SetUpFinished
	Function /Game/Blueprints/BP_PlayerController.BP_PlayerController_C:ExecuteUbergraph_BP_PlayerController
	Function /Game/Blueprints/BP_GameMode.BP_GameMode_C:Continue
	Function /Game/Blueprints/BP_GameMode.BP_GameMode_C:ExecuteUbergraph_BP_GameMode
	Function /Game/Blueprints/BP_GameMode.BP_GameMode_C:SendServerMessage
	Function /Game/Blueprints/BP_GameMode.BP_GameMode_C:ExecuteUbergraph_BP_GameMode
	Function /Game/Blueprints/BP_PlayerController.BP_PlayerController_C:AddMessageFromServerToEachPlayer
	Function /Game/Blueprints/BP_PlayerController.BP_PlayerController_C:ExecuteUbergraph_BP_PlayerController
	Function /Game/Blueprints/BP_PlayerController.BP_PlayerController_C:AddMessageToChat
	Function /Game/Blueprints/BP_PlayerController.BP_PlayerController_C:ExecuteUbergraph_BP_PlayerController

[2019.10.26-13.56.36:899][314]LogLoad: Took 2.955232 seconds to LoadMap(/Game/Maps/Lobby)
[2019.10.26-13.56.39:713][400]LogGameMode: ProcessServerTravel: /Game/Maps/Cars
[2019.10.26-13.56.39:780][400]LogWorld: SeamlessTravel to: /Game/Maps/Cars
[2019.10.26-13.56.40:182][400]LogUObjectHash: Compacting FUObjectHashTables data took   5.19ms
[2019.10.26-13.56.40:183][400]LogStats:     SeamlessTravel FlushLevelStreaming  -  0.001 s
[2019.10.26-13.56.40:183][400]LogAIModule: Creating AISystem for world Untitled
[2019.10.26-13.56.40:186][400]LogWorld: Bringing World /Temp/Untitled_1.Untitled up for play (max tick rate 0) at 2019.10.26-08.56.40
[2019.10.26-13.56.40:186][400]LogWorld: Bringing up level for play took: 0.000941
[2019.10.26-13.56.40:187][400]LogWorld: Sending NotifyLoadedWorld for LP: LocalPlayer_0 PC: BP_PlayerController_C_0
[2019.10.26-13.56.40:187][400]LogNet: Verbose: NotifyLoadedWorld Begin
[2019.10.26-13.56.40:187][400]LogNet: VeryVerbose: GetFunctionCallspace Server calling Server function: ServerNotifyLoadedWorld Local
[2019.10.26-13.56.40:187][400]LogNet: Verbose: NotifyLoadedWorld End
[2019.10.26-13.56.40:187][400]LogWorld: StartLoadingDestination to: /Game/Maps/Cars
[2019.10.26-13.56.42:476][406]LogOnline: STEAM: AUTH: Revoking all tickets.
[2019.10.26-13.56.44:689][415]LogUObjectHash: Compacting FUObjectHashTables data took   2.43ms
[2019.10.26-13.56.44:690][415]LogAIModule: Creating AISystem for world Cars
[2019.10.26-13.56.44:691][415]LogLoad: Game class is 'BP_GameMode_C'
[2019.10.26-13.56.44:692][415]LogStats:     SeamlessTravel FlushLevelStreaming  -  0.001 s
[2019.10.26-13.56.44:695][415]LogWorld: Bringing World /Game/Maps/Cars.Cars up for play (max tick rate 0) at 2019.10.26-08.56.44
[2019.10.26-13.56.44:716][415]LogOnlineIdentity: STEAM: Obtained steam authticket
[2019.10.26-13.56.44:817][415]LogWorld: Bringing up level for play took: 0.125128
[2019.10.26-13.56.44:817][415]LogWorld: Sending NotifyLoadedWorld for LP: LocalPlayer_0 PC: BP_PlayerController_C_0
[2019.10.26-13.56.44:817][415]LogNet: Verbose: NotifyLoadedWorld Begin
[2019.10.26-13.56.44:817][415]LogNet: VeryVerbose: GetFunctionCallspace Server calling Server function: ServerNotifyLoadedWorld Local
[2019.10.26-13.56.44:817][415]LogNet: Verbose: NotifyLoadedWorld End
[2019.10.26-13.56.44:817][415]LogWorld: ----SeamlessTravel finished in 5.04 seconds ------
[2019.10.26-13.57.05:687][661]LogWindowsDesktop: Alt-F4 pressed!
[2019.10.26-13.57.05:715][661]LogSlate: Window 'TheRageRace (64-bit Development PCD3D_SM5) ' being destroyed
[2019.10.26-13.57.05:717][661]LogWindowsTextInputMethodSystem: Display: IME system now deactivated.
[2019.10.26-13.57.05:722][661]LogWindowsTextInputMethodSystem: Display: IME system now deactivated.
[2019.10.26-13.57.05:724][661]LogOnlineSession: Warning: STEAM: No game present to leave for session (GameSession)
[2019.10.26-13.57.05:724][661]LogSlate: Updating window title bar state: overlay mode, drag disabled, window buttons hidden, title bar hidden
[2019.10.26-13.57.05:724][661]LogEngine: All Windows Closed
[2019.10.26-13.57.05:724][661]LogWindows: FPlatformMisc::RequestExit(0)
[2019.10.26-13.57.05:758][662]LogNet: World NetDriver shutdown SteamNetDriver_0 [GameNetDriver]
[2019.10.26-13.57.05:758][662]LogNet: DestroyNamedNetDriver SteamNetDriver_0 [GameNetDriver]
[2019.10.26-13.57.05:758][662]LogExit: GameNetDriver SteamNetDriver_0 shut down
[2019.10.26-13.57.06:077][662]LogExit: Preparing to exit.
[2019.10.26-13.57.06:077][662]LogMoviePlayer: Shutting down movie player
[2019.10.26-13.57.06:474][662]LogSlate: Updating window title bar state: overlay mode, drag disabled, window buttons hidden, title bar hidden
[2019.10.26-13.57.06:488][662]LogExit: Game engine shut down
[2019.10.26-13.57.06:574][662]LogExit: Object subsystem successfully closed.
[2019.10.26-13.57.06:589][662]LogShaderCompilers: Display: Shaders left to compile 0
[2019.10.26-13.57.06:593][662]LogD3D11RHI: Shutdown
[2019.10.26-13.57.06:593][662]LogD3D11RHI: CleanupD3DDevice
[2019.10.26-13.57.06:593][662]LogRendererCore: FGlobalReadBuffer::ReleaseRHI
[2019.10.26-13.57.06:593][662]LogRendererCore: FGlobalDynamicReadBuffer::Cleanup()
[2019.10.26-13.57.06:593][662]LogRendererCore: FGlobalReadBuffer::ReleaseRHI
[2019.10.26-13.57.06:593][662]LogRendererCore: FGlobalDynamicReadBuffer::Cleanup()
[2019.10.26-13.57.06:593][662]LogRendererCore: FGlobalReadBuffer::ReleaseRHI
[2019.10.26-13.57.06:593][662]LogRendererCore: FGlobalDynamicReadBuffer::Cleanup()
[2019.10.26-13.57.06:658][662]LogD3D11RHI: ~FD3D11DynamicRHI
[2019.10.26-13.57.06:676][662]LogModuleManager: Shutting down and abandoning module SequenceRecorderSections (404)
[2019.10.26-13.57.06:676][662]LogModuleManager: Shutting down and abandoning module SequenceRecorder (402)
[2019.10.26-13.57.06:676][662]LogModuleManager: Shutting down and abandoning module AutomationController (400)
[2019.10.26-13.57.06:676][662]LogModuleManager: Shutting down and abandoning module AutomationWorker (398)
[2019.10.26-13.57.06:676][662]LogModuleManager: Shutting down and abandoning module Voice (396)
[2019.10.26-13.57.06:676][662]LogModuleManager: Shutting down and abandoning module AIModule (394)
[2019.10.26-13.57.06:676][662]LogModuleManager: Shutting down and abandoning module GameplayDebugger (393)
[2019.10.26-13.57.06:676][662]LogModuleManager: Shutting down and abandoning module AITestSuite (391)
[2019.10.26-13.57.06:676][662]LogModuleManager: Shutting down and abandoning module NavigationSystem (389)
[2019.10.26-13.57.06:676][662]LogModuleManager: Shutting down and abandoning module OculusMR (386)
[2019.10.26-13.57.06:676][662]LogModuleManager: Shutting down and abandoning module WmfMediaFactory (384)
[2019.10.26-13.57.06:676][662]LogModuleManager: Shutting down and abandoning module WebMMediaFactory (382)
[2019.10.26-13.57.06:676][662]LogModuleManager: Shutting down and abandoning module WebMMedia (380)
[2019.10.26-13.57.06:676][662]LogModuleManager: Shutting down and abandoning module OpenExrWrapper (378)
[2019.10.26-13.57.06:676][662]LogModuleManager: Shutting down and abandoning module ImgMediaFactory (376)
[2019.10.26-13.57.06:676][662]LogModuleManager: Shutting down and abandoning module AvfMediaFactory (374)
[2019.10.26-13.57.06:676][662]LogModuleManager: Shutting down and abandoning module MagicLeapCameraPreviewFactory (372)
[2019.10.26-13.57.06:676][662]LogModuleManager: Shutting down and abandoning module MagicLeapMediaCodecFactory (370)
[2019.10.26-13.57.06:676][662]LogModuleManager: Shutting down and abandoning module MagicLeapMediaFactory (368)
[2019.10.26-13.57.06:676][662]LogModuleManager: Shutting down and abandoning module CharacterAI (366)
[2019.10.26-13.57.06:676][662]LogModuleManager: Shutting down and abandoning module SessionServices (364)
[2019.10.26-13.57.06:676][662]LogModuleManager: Shutting down and abandoning module MovieSceneCapture (362)
[2019.10.26-13.57.06:676][662]LogModuleManager: Shutting down and abandoning module LiveCoding (360)
[2019.10.26-13.57.06:676][662]LogModuleManager: Shutting down and abandoning module LevelSequence (358)
[2019.10.26-13.57.06:676][662]LogModuleManager: Shutting down and abandoning module MovieSceneTracks (356)
[2019.10.26-13.57.06:676][662]LogModuleManager: Shutting down and abandoning module MovieScene (354)
[2019.10.26-13.57.06:676][662]LogModuleManager: Shutting down and abandoning module StreamingPauseRendering (352)
[2019.10.26-13.57.06:676][662]LogModuleManager: Shutting down and abandoning module PortalServices (350)
[2019.10.26-13.57.06:676][662]LogModuleManager: Shutting down and abandoning module PortalRpc (348)
[2019.10.26-13.57.06:676][662]LogModuleManager: Shutting down and abandoning module MessagingRpc (346)
[2019.10.26-13.57.06:676][662]LogModuleManager: Shutting down and abandoning module ImageWriteQueue (344)
[2019.10.26-13.57.06:682][662]LogModuleManager: Shutting down and abandoning module ProfilerService (342)
[2019.10.26-13.57.06:752][662]LogModuleManager: Shutting down and abandoning module TaskGraph (340)
[2019.10.26-13.57.06:752][662]LogModuleManager: Shutting down and abandoning module SteamVRController (338)
[2019.10.26-13.57.06:752][662]LogModuleManager: Shutting down and abandoning module ProceduralMeshComponent (336)
[2019.10.26-13.57.06:752][662]LogModuleManager: Shutting down and abandoning module OculusInput (334)
[2019.10.26-13.57.06:752][662]LogModuleManager: Shutting down and abandoning module MobilePatchingUtils (332)
[2019.10.26-13.57.06:752][662]LogModuleManager: Shutting down and abandoning module EditableMesh (330)
[2019.10.26-13.57.06:753][662]LogModuleManager: Shutting down and abandoning module CustomMeshComponent (328)
[2019.10.26-13.57.06:753][662]LogModuleManager: Shutting down and abandoning module CableComponent (326)
[2019.10.26-13.57.06:753][662]LogModuleManager: Shutting down and abandoning module AudioCapture (324)
[2019.10.26-13.57.06:753][662]LogModuleManager: Shutting down and abandoning module ArchVisCharacter (322)
[2019.10.26-13.57.06:753][662]LogModuleManager: Shutting down and abandoning module AndroidPermission (320)
[2019.10.26-13.57.06:753][662]LogModuleManager: Shutting down and abandoning module NUTUnrealEngine4 (316)
[2019.10.26-13.57.06:753][662]LogModuleManager: Shutting down and abandoning module NetcodeUnitTest (314)
[2019.10.26-13.57.06:753][662]LogModuleManager: Shutting down and abandoning module MediaCompositing (312)
[2019.10.26-13.57.06:753][662]LogModuleManager: Shutting down and abandoning module LinearTimecode (310)
[2019.10.26-13.57.06:753][662]LogModuleManager: Shutting down and abandoning module ImgMedia (308)
[2019.10.26-13.57.06:753][662]LogModuleManager: Shutting down and abandoning module MagicLeapHelperVulkan (306)
[2019.10.26-13.57.06:753][662]LogModuleManager: Shutting down and abandoning module MagicLeapHelperOpenGL (304)
[2019.10.26-13.57.06:753][662]LogModuleManager: Shutting down and abandoning module MagicLeapAudio (302)
[2019.10.26-13.57.06:753][662]LogModuleManager: Shutting down and abandoning module HTML5Networking (300)
[2019.10.26-13.57.06:753][662]LogModuleManager: Shutting down and abandoning module GeometryCacheTracks (298)
[2019.10.26-13.57.06:753][662]LogModuleManager: Shutting down and abandoning module GeometryCacheSequencer (297)
[2019.10.26-13.57.06:753][662]LogModuleManager: Shutting down and abandoning module GeometryCache (294)
[2019.10.26-13.57.06:753][662]LogModuleManager: Shutting down and abandoning module GeometryCacheEd (293)
[2019.10.26-13.57.06:753][662]LogModuleManager: Shutting down and abandoning module BackChannel (290)
[2019.10.26-13.57.06:753][662]LogModuleManager: Shutting down and abandoning module AppleVision (288)
[2019.10.26-13.57.06:753][662]LogModuleManager: Shutting down and abandoning module AppleImageUtilsBlueprintSupport (286)
[2019.10.26-13.57.06:753][662]LogModuleManager: Shutting down and abandoning module AppleImageUtils (284)
[2019.10.26-13.57.06:753][662]LogModuleManager: Shutting down and abandoning module VariantManagerContent (282)
[2019.10.26-13.57.06:753][662]LogModuleManager: Shutting down and abandoning module CryptoKeysOpenSSL (280)
[2019.10.26-13.57.06:753][662]LogModuleManager: Shutting down and abandoning module CryptoKeys (278)
[2019.10.26-13.57.06:753][662]LogModuleManager: Shutting down and abandoning module VisualStudioSourceCodeAccess (276)
[2019.10.26-13.57.06:753][662]LogModuleManager: Shutting down and abandoning module HotReload (275)
[2019.10.26-13.57.06:753][662]LogModuleManager: Shutting down and abandoning module DirectoryWatcher (274)
[2019.10.26-13.57.06:753][662]LogModuleManager: Shutting down and abandoning module VisualStudioCodeSourceCodeAccess (270)
[2019.10.26-13.57.06:753][662]LogModuleManager: Shutting down and abandoning module UObjectPlugin (268)
[2019.10.26-13.57.06:753][662]LogModuleManager: Shutting down and abandoning module SubversionSourceControl (266)
[2019.10.26-13.57.06:753][662]LogModuleManager: Shutting down and abandoning module PerforceSourceControl (264)
[2019.10.26-13.57.06:753][662]LogModuleManager: Shutting down and abandoning module SourceControl (263)
[2019.10.26-13.57.06:753][662]LogModuleManager: Shutting down and abandoning module CLionSourceCodeAccess (260)
[2019.10.26-13.57.06:753][662]LogModuleManager: Shutting down and abandoning module ActorLayerUtilities (258)
[2019.10.26-13.57.06:753][662]LogModuleManager: Shutting down and abandoning module SignificanceManager (256)
[2019.10.26-13.57.06:753][662]LogModuleManager: Shutting down and abandoning module RuntimePhysXCooking (254)
[2019.10.26-13.57.06:753][662]LogModuleManager: Shutting down and abandoning module PhysXVehiclesEditor (252)
[2019.10.26-13.57.06:753][662]LogModuleManager: Shutting down and abandoning module PhysXVehicles (250)
[2019.10.26-13.57.06:753][662]LogModuleManager: Shutting down and abandoning module LocationServicesBPLibrary (248)
[2019.10.26-13.57.06:753][662]LogModuleManager: Shutting down and abandoning module ActorSequence (246)
[2019.10.26-13.57.06:753][662]LogModuleManager: Shutting down and abandoning module UdpMessaging (244)
[2019.10.26-13.57.06:854][662]LogModuleManager: Shutting down and abandoning module TcpMessaging (242)
[2019.10.26-13.57.07:437][662]LogModuleManager: Shutting down and abandoning module MagicLeapIdentity (240)
[2019.10.26-13.57.07:437][662]LogModuleManager: Shutting down and abandoning module MagicLeapSecureStorage (238)
[2019.10.26-13.57.07:437][662]LogModuleManager: Shutting down and abandoning module MagicLeapHandTracking (236)
[2019.10.26-13.57.07:437][662]LogModuleManager: Shutting down and abandoning module MagicLeapEyeTracker (234)
[2019.10.26-13.57.07:437][662]LogModuleManager: Shutting down and abandoning module MagicLeapController (232)
[2019.10.26-13.57.07:438][662]LogSlate: Slate User Destroyed.  User Index 0, Is Virtual User: 0
[2019.10.26-13.57.07:438][662]LogModuleManager: Shutting down and abandoning module MagicLeapAR (230)
[2019.10.26-13.57.07:438][662]LogModuleManager: Shutting down and abandoning module AugmentedReality (229)
[2019.10.26-13.57.07:438][662]LogModuleManager: Shutting down and abandoning module GameplayTagsEditor (226)
[2019.10.26-13.57.07:438][662]LogModuleManager: Shutting down and abandoning module FacialAnimation (224)
[2019.10.26-13.57.07:438][662]LogModuleManager: Shutting down and abandoning module DataValidation (222)
[2019.10.26-13.57.07:438][662]LogModuleManager: Shutting down and abandoning module AssetManagerEditor (220)
[2019.10.26-13.57.07:438][662]LogModuleManager: Shutting down and abandoning module TreeMap (219)
[2019.10.26-13.57.07:438][662]LogModuleManager: Shutting down and abandoning module AnimationSharing (216)
[2019.10.26-13.57.07:438][662]LogModuleManager: Shutting down and abandoning module LightPropagationVolumeRuntime (214)
[2019.10.26-13.57.07:438][662]LogModuleManager: Shutting down and abandoning module AISupportModule (212)
[2019.10.26-13.57.07:438][662]LogModuleManager: Shutting down and abandoning module AdvancedSteamSessions (210)
[2019.10.26-13.57.07:438][662]LogModuleManager: Shutting down and abandoning module AdvancedSessions (208)
[2019.10.26-13.57.07:438][662]LogModuleManager: Shutting down and abandoning module Paper2D (206)
[2019.10.26-13.57.07:438][662]LogModuleManager: Shutting down and abandoning module WindowsMoviePlayer (204)
[2019.10.26-13.57.07:438][662]LogModuleManager: Shutting down and abandoning module WebMMoviePlayer (202)
[2019.10.26-13.57.07:438][662]LogModuleManager: Shutting down and abandoning module PacketHandler (200)
[2019.10.26-13.57.07:438][662]LogModuleManager: Shutting down and abandoning module ClothingSystemEditor (198)
[2019.10.26-13.57.07:438][662]LogModuleManager: Shutting down and abandoning module ClothingSystemRuntime (196)
[2019.10.26-13.57.07:438][662]LogModuleManager: Shutting down and abandoning module MediaAssets (194)
[2019.10.26-13.57.07:438][662]LogModuleManager: Shutting down and abandoning module Overlay (192)
[2019.10.26-13.57.07:438][662]LogModuleManager: Shutting down and abandoning module OverlayEditor (191)
[2019.10.26-13.57.07:438][662]LogModuleManager: Shutting down and abandoning module VREditor (188)
[2019.10.26-13.57.07:438][662]LogModuleManager: Shutting down and abandoning module StringTableEditor (186)
[2019.10.26-13.57.07:438][662]LogModuleManager: Shutting down and abandoning module GameplayTasksEditor (184)
[2019.10.26-13.57.07:438][662]LogModuleManager: Shutting down and abandoning module BehaviorTreeEditor (182)
[2019.10.26-13.57.07:438][662]LogModuleManager: Shutting down and abandoning module FunctionalTesting (180)
[2019.10.26-13.57.07:438][662]LogModuleManager: Shutting down and abandoning module CollisionAnalyzer (178)
[2019.10.26-13.57.07:438][662]LogModuleManager: Shutting down and abandoning module WorkspaceMenuStructure (177)
[2019.10.26-13.57.07:438][662]LogModuleManager: Shutting down and abandoning module UMG (174)
[2019.10.26-13.57.07:438][662]LogModuleManager: Shutting down and abandoning module UMGEditor (173)
[2019.10.26-13.57.07:438][662]LogModuleManager: Shutting down and abandoning module Sequencer (172)
[2019.10.26-13.57.07:438][662]LogModuleManager: Shutting down and abandoning module MessageLog (169)
[2019.10.26-13.57.07:438][662]LogModuleManager: Shutting down and abandoning module SlateReflector (164)
[2019.10.26-13.57.07:438][662]LogModuleManager: Shutting down and abandoning module Slate (162)
[2019.10.26-13.57.07:438][662]LogModuleManager: Shutting down and abandoning module EditorStyle (160)
[2019.10.26-13.57.07:440][662]LogModuleManager: Shutting down and abandoning module UnrealEd (158)
[2019.10.26-13.57.07:440][662]LogModuleManager: Shutting down and abandoning module MRMesh (156)
[2019.10.26-13.57.07:440][662]LogModuleManager: Shutting down and abandoning module Messaging (154)
[2019.10.26-13.57.07:440][662]LogModuleManager: Shutting down and abandoning module SourceCodeAccess (152)
[2019.10.26-13.57.07:440][662]LogModuleManager: Shutting down and abandoning module HeadMountedDisplay (150)
[2019.10.26-13.57.07:440][662]LogModuleManager: Shutting down and abandoning module XAudio2 (148)
[2019.10.26-13.57.07:440][662]LogModuleManager: Shutting down and abandoning module Networking (146)
[2019.10.26-13.57.07:440][662]LogModuleManager: Shutting down and abandoning module Core (144)
[2019.10.26-13.57.07:440][662]LogModuleManager: Shutting down and abandoning module KismetCompiler (142)
[2019.10.26-13.57.07:440][662]LogModuleManager: Shutting down and abandoning module MeshUtilities (140)
[2019.10.26-13.57.07:440][662]LogModuleManager: Shutting down and abandoning module MeshMergeUtilities (139)
[2019.10.26-13.57.07:440][662]LogModuleManager: Shutting down and abandoning module MeshReductionInterface (138)
[2019.10.26-13.57.07:440][662]LogModuleManager: Shutting down and abandoning module SkeletalMeshReduction (137)
[2019.10.26-13.57.07:440][662]LogModuleManager: Shutting down and abandoning module ProxyLODMeshReduction (135)
[2019.10.26-13.57.07:440][662]LogModuleManager: Shutting down and abandoning module QuadricMeshReduction (133)
[2019.10.26-13.57.07:440][662]LogModuleManager: Shutting down and abandoning module MaterialBaking (129)
[2019.10.26-13.57.07:440][662]LogModuleManager: Shutting down and abandoning module PIEPreviewDeviceProfileSelector (124)
[2019.10.26-13.57.07:440][662]LogModuleManager: Shutting down and abandoning module DerivedDataCache (122)
[2019.10.26-13.57.07:770][662]LogDerivedDataCache: Shutdown
[2019.10.26-13.57.07:770][662]LogModuleManager: Shutting down and abandoning module XGEController (120)
[2019.10.26-13.57.07:770][662]LogModuleManager: Shutting down and abandoning module TargetPlatform (118)
[2019.10.26-13.57.07:770][662]LogModuleManager: Shutting down and abandoning module VulkanShaderFormat (117)
[2019.10.26-13.57.07:770][662]LogModuleManager: Shutting down and abandoning module ShaderFormatVectorVM (115)
[2019.10.26-13.57.07:770][662]LogModuleManager: Shutting down and abandoning module ShaderFormatOpenGL (113)
[2019.10.26-13.57.07:770][662]LogModuleManager: Shutting down and abandoning module ShaderFormatD3D (111)
[2019.10.26-13.57.07:770][662]LogModuleManager: Shutting down and abandoning module MetalShaderFormat (109)
[2019.10.26-13.57.07:770][662]LogModuleManager: Shutting down and abandoning module TextureFormatUncompressed (107)
[2019.10.26-13.57.07:770][662]LogModuleManager: Shutting down and abandoning module TextureFormatPVR (105)
[2019.10.26-13.57.07:770][662]LogModuleManager: Shutting down and abandoning module TextureFormatDXT (103)
[2019.10.26-13.57.07:770][662]LogModuleManager: Shutting down and abandoning module TextureFormatIntelISPCTexComp (101)
[2019.10.26-13.57.07:770][662]LogModuleManager: Shutting down and abandoning module TextureFormatASTC (99)
[2019.10.26-13.57.07:770][662]LogModuleManager: Shutting down and abandoning module ImageWrapper (98)
[2019.10.26-13.57.07:770][662]LogModuleManager: Shutting down and abandoning module TextureFormatAndroid (95)
[2019.10.26-13.57.07:770][662]LogModuleManager: Shutting down and abandoning module AudioFormatOpus (93)
[2019.10.26-13.57.07:770][662]LogModuleManager: Shutting down and abandoning module AudioFormatOgg (91)
[2019.10.26-13.57.07:770][662]LogModuleManager: Shutting down and abandoning module AudioFormatADPCM (89)
[2019.10.26-13.57.07:770][662]LogModuleManager: Shutting down and abandoning module WindowsTargetPlatform (87)
[2019.10.26-13.57.07:770][662]LogModuleManager: Shutting down and abandoning module WindowsServerTargetPlatform (85)
[2019.10.26-13.57.07:770][662]LogModuleManager: Shutting down and abandoning module WindowsNoEditorTargetPlatform (83)
[2019.10.26-13.57.07:770][662]LogModuleManager: Shutting down and abandoning module WindowsClientTargetPlatform (81)
[2019.10.26-13.57.07:770][662]LogModuleManager: Shutting down and abandoning module InputCore (78)
[2019.10.26-13.57.07:770][662]LogModuleManager: Shutting down and abandoning module Settings (76)
[2019.10.26-13.57.07:770][662]LogModuleManager: Shutting down and abandoning module PhysXCooking (74)
[2019.10.26-13.57.07:770][662]LogModuleManager: Shutting down and abandoning module SteamVR (72)
[2019.10.26-13.57.07:770][662]LogHMD: Freeing OpenVRDLLHandle.
[2019.10.26-13.57.07:770][662]LogModuleManager: Shutting down and abandoning module OculusHMD (70)
[2019.10.26-13.57.07:770][662]LogModuleManager: Shutting down and abandoning module ExampleDeviceProfileSelector (68)
[2019.10.26-13.57.07:770][662]LogModuleManager: Shutting down and abandoning module LauncherChunkInstaller (66)
[2019.10.26-13.57.07:770][662]LogModuleManager: Shutting down and abandoning module OnlineBlueprintSupport (64)
[2019.10.26-13.57.07:770][662]LogModuleManager: Shutting down and abandoning module OnlineSubsystem (60)
[2019.10.26-13.57.07:770][662]LogOnline: Display: STEAM: OnlineSubsystemSteam::Shutdown()
[2019.10.26-13.57.07:771][662]LogOnline: STEAM: AUTH: Revoking all tickets.
[2019.10.26-13.57.08:374][662]LogOnline: Display: STEAM: OnlineSubsystemSteam::Shutdown()
[2019.10.26-13.57.08:374][662]LogModuleManager: Shutting down and abandoning module XMPP (55)
[2019.10.26-13.57.08:374][662]LogModuleManager: Shutting down and abandoning module WebSockets (54)
[2019.10.26-13.57.08:385][662]LogModuleManager: Shutting down and abandoning module HTTP (51)
[2019.10.26-13.57.08:403][662]LogModuleManager: Shutting down and abandoning module SSL (50)
[2019.10.26-13.57.08:405][662]LogModuleManager: Shutting down and abandoning module WmfMedia (46)
[2019.10.26-13.57.08:406][662]LogModuleManager: Shutting down and abandoning module Media (45)
[2019.10.26-13.57.08:412][662]LogModuleManager: Shutting down and abandoning module MagicLeap (42)
[2019.10.26-13.57.08:412][662]LogModuleManager: Shutting down and abandoning module DatasmithContent (40)
[2019.10.26-13.57.08:413][662]LogModuleManager: Shutting down and abandoning module AnimationModifiers (38)
[2019.10.26-13.57.08:413][662]LogModuleManager: Shutting down and abandoning module PropertyEditor (37)
[2019.10.26-13.57.08:413][662]LogModuleManager: Shutting down and abandoning module AudioEditor (34)
[2019.10.26-13.57.08:413][662]LogModuleManager: Shutting down and abandoning module TextureCompressor (32)
[2019.10.26-13.57.08:413][662]LogModuleManager: Shutting down and abandoning module RenderCore (30)
[2019.10.26-13.57.08:413][662]LogModuleManager: Shutting down and abandoning module Landscape (28)
[2019.10.26-13.57.08:413][662]LogModuleManager: Shutting down and abandoning module SlateRHIRenderer (26)
[2019.10.26-13.57.08:413][662]LogModuleManager: Shutting down and abandoning module OpenGLDrv (24)
[2019.10.26-13.57.08:414][662]LogModuleManager: Shutting down and abandoning module D3D11RHI (22)
[2019.10.26-13.57.08:414][662]LogModuleManager: Shutting down and abandoning module AnimGraphRuntime (20)
[2019.10.26-13.57.08:414][662]LogModuleManager: Shutting down and abandoning module Renderer (18)
[2019.10.26-13.57.08:414][662]LogModuleManager: Shutting down and abandoning module Engine (16)
[2019.10.26-13.57.08:414][662]LogModuleManager: Shutting down and abandoning module CoreUObject (14)
[2019.10.26-13.57.08:414][662]LogModuleManager: Shutting down and abandoning module NetworkFile (12)
[2019.10.26-13.57.08:414][662]LogModuleManager: Shutting down and abandoning module CookedIterativeFile (10)
[2019.10.26-13.57.08:414][662]LogModuleManager: Shutting down and abandoning module StreamingFile (8)
[2019.10.26-13.57.08:414][662]LogModuleManager: Shutting down and abandoning module SandboxFile (6)
[2019.10.26-13.57.08:414][662]LogModuleManager: Shutting down and abandoning module PakFile (4)
[2019.10.26-13.57.08:414][662]LogModuleManager: Shutting down and abandoning module RSA (3)
[2019.10.26-13.57.08:419][662]LogExit: Exiting.
[2019.10.26-13.57.08:432][662]Log file closed, 10/26/19 08:57:08
